Thu 07 Mar 2024 22:11:03 INFO  [Config Info]	Model: CompGCN,	Task: link_prediction,	Dataset: NDFRT_DDA
Thu 07 Mar 2024 22:11:03 INFO  [Init Task] The task: link prediction, the dataset: NDFRT_DDA, the evaluation metric is roc_auc, the score function: distmult 
Thu 07 Mar 2024 22:11:05 INFO  [Feature Transformation] Assign embedding as features, because hg.ndata is empty.
Thu 07 Mar 2024 22:11:06 INFO  [Train Info] Epoch: 000, train loss: 0.7159. [Evaluation metric]	Mode:valid, roc_auc: 0.5339; loss: 0.7218; pr_auc: 0.5099; acc: 0.5124; f1: 0.4123; 
Thu 07 Mar 2024 22:11:06 INFO  [Train Info] Epoch: 001, train loss: 0.6793. [Evaluation metric]	Mode:valid, roc_auc: 0.5747; loss: 0.7213; pr_auc: 0.5438; acc: 0.5488; f1: 0.5362; 
Thu 07 Mar 2024 22:11:06 INFO  [Train Info] Epoch: 002, train loss: 0.6570. [Evaluation metric]	Mode:valid, roc_auc: 0.6014; loss: 0.7191; pr_auc: 0.5785; acc: 0.5628; f1: 0.5568; 
Thu 07 Mar 2024 22:11:06 INFO  [Train Info] Epoch: 003, train loss: 0.6377. [Evaluation metric]	Mode:valid, roc_auc: 0.6242; loss: 0.7132; pr_auc: 0.5985; acc: 0.5664; f1: 0.4750; 
Thu 07 Mar 2024 22:11:06 INFO  [Train Info] Epoch: 004, train loss: 0.6190. [Evaluation metric]	Mode:valid, roc_auc: 0.6385; loss: 0.7131; pr_auc: 0.6131; acc: 0.5972; f1: 0.5872; 
Thu 07 Mar 2024 22:11:06 INFO  [Train Info] Epoch: 005, train loss: 0.5961. [Evaluation metric]	Mode:valid, roc_auc: 0.6583; loss: 0.7134; pr_auc: 0.6356; acc: 0.6128; f1: 0.6611; 
Thu 07 Mar 2024 22:11:07 INFO  [Train Info] Epoch: 006, train loss: 0.5697. [Evaluation metric]	Mode:valid, roc_auc: 0.6754; loss: 0.7077; pr_auc: 0.6572; acc: 0.6263; f1: 0.6628; 
Thu 07 Mar 2024 22:11:07 INFO  [Train Info] Epoch: 007, train loss: 0.5469. [Evaluation metric]	Mode:valid, roc_auc: 0.6884; loss: 0.6949; pr_auc: 0.6689; acc: 0.6287; f1: 0.5965; 
Thu 07 Mar 2024 22:11:07 INFO  [Train Info] Epoch: 008, train loss: 0.5230. [Evaluation metric]	Mode:valid, roc_auc: 0.7052; loss: 0.6891; pr_auc: 0.6831; acc: 0.6416; f1: 0.6122; 
Thu 07 Mar 2024 22:11:07 INFO  [Train Info] Epoch: 009, train loss: 0.5069. [Evaluation metric]	Mode:valid, roc_auc: 0.7155; loss: 0.6869; pr_auc: 0.6910; acc: 0.6572; f1: 0.6533; 
Thu 07 Mar 2024 22:11:07 INFO  [Train Info] Epoch: 010, train loss: 0.4810. [Evaluation metric]	Mode:valid, roc_auc: 0.7345; loss: 0.6823; pr_auc: 0.7143; acc: 0.6735; f1: 0.6818; 
Thu 07 Mar 2024 22:11:07 INFO  [Train Info] Epoch: 011, train loss: 0.4589. [Evaluation metric]	Mode:valid, roc_auc: 0.7463; loss: 0.6798; pr_auc: 0.7293; acc: 0.6762; f1: 0.6977; 
Thu 07 Mar 2024 22:11:07 INFO  [Train Info] Epoch: 012, train loss: 0.4439. [Evaluation metric]	Mode:valid, roc_auc: 0.7549; loss: 0.6900; pr_auc: 0.7450; acc: 0.6591; f1: 0.7133; 
Thu 07 Mar 2024 22:11:07 INFO  [Train Info] Epoch: 013, train loss: 0.4369. [Evaluation metric]	Mode:valid, roc_auc: 0.7705; loss: 0.6763; pr_auc: 0.7588; acc: 0.6839; f1: 0.7198; 
Thu 07 Mar 2024 22:11:07 INFO  [Train Info] Epoch: 014, train loss: 0.4227. [Evaluation metric]	Mode:valid, roc_auc: 0.7746; loss: 0.6573; pr_auc: 0.7618; acc: 0.6974; f1: 0.6715; 
Thu 07 Mar 2024 22:11:07 INFO  [Train Info] Epoch: 015, train loss: 0.4509. [Evaluation metric]	Mode:valid, roc_auc: 0.7804; loss: 0.6595; pr_auc: 0.7618; acc: 0.7083; f1: 0.7063; 
Thu 07 Mar 2024 22:11:07 INFO  [Train Info] Epoch: 016, train loss: 0.3748. [Evaluation metric]	Mode:valid, roc_auc: 0.7908; loss: 0.6620; pr_auc: 0.7776; acc: 0.7131; f1: 0.7319; 
Thu 07 Mar 2024 22:11:07 INFO  [Train Info] Epoch: 017, train loss: 0.3577. [Evaluation metric]	Mode:valid, roc_auc: 0.7966; loss: 0.6646; pr_auc: 0.7867; acc: 0.7080; f1: 0.7363; 
Thu 07 Mar 2024 22:11:07 INFO  [Train Info] Epoch: 018, train loss: 0.3685. [Evaluation metric]	Mode:valid, roc_auc: 0.8193; loss: 0.6496; pr_auc: 0.8056; acc: 0.7377; f1: 0.7493; 
Thu 07 Mar 2024 22:11:07 INFO  [Train Info] Epoch: 019, train loss: 0.3358. [Evaluation metric]	Mode:valid, roc_auc: 0.8218; loss: 0.6483; pr_auc: 0.8123; acc: 0.7395; f1: 0.7504; 
Thu 07 Mar 2024 22:11:07 INFO  [Train Info] Epoch: 020, train loss: 0.3322. [Evaluation metric]	Mode:valid, roc_auc: 0.8292; loss: 0.6416; pr_auc: 0.8218; acc: 0.7467; f1: 0.7487; 
Thu 07 Mar 2024 22:11:07 INFO  [Train Info] Epoch: 021, train loss: 0.3160. [Evaluation metric]	Mode:valid, roc_auc: 0.8323; loss: 0.6419; pr_auc: 0.8260; acc: 0.7492; f1: 0.7554; 
Thu 07 Mar 2024 22:11:07 INFO  [Train Info] Epoch: 022, train loss: 0.3110. [Evaluation metric]	Mode:valid, roc_auc: 0.8313; loss: 0.6384; pr_auc: 0.8195; acc: 0.7502; f1: 0.7491; 
Thu 07 Mar 2024 22:11:07 INFO  [Train Info] Epoch: 023, train loss: 0.2901. [Evaluation metric]	Mode:valid, roc_auc: 0.8340; loss: 0.6348; pr_auc: 0.8254; acc: 0.7538; f1: 0.7459; 
Thu 07 Mar 2024 22:11:08 INFO  [Train Info] Epoch: 024, train loss: 0.2847. [Evaluation metric]	Mode:valid, roc_auc: 0.8306; loss: 0.6355; pr_auc: 0.8194; acc: 0.7492; f1: 0.7441; 
Thu 07 Mar 2024 22:11:08 INFO  [Train Info] Epoch: 025, train loss: 0.2733. [Evaluation metric]	Mode:valid, roc_auc: 0.8401; loss: 0.6294; pr_auc: 0.8244; acc: 0.7589; f1: 0.7479; 
Thu 07 Mar 2024 22:11:08 INFO  [Train Info] Epoch: 026, train loss: 0.2651. [Evaluation metric]	Mode:valid, roc_auc: 0.8467; loss: 0.6251; pr_auc: 0.8367; acc: 0.7634; f1: 0.7482; 
Thu 07 Mar 2024 22:11:08 INFO  [Train Info] Epoch: 027, train loss: 0.2604. [Evaluation metric]	Mode:valid, roc_auc: 0.8514; loss: 0.6211; pr_auc: 0.8398; acc: 0.7638; f1: 0.7417; 
Thu 07 Mar 2024 22:11:08 INFO  [Train Info] Epoch: 028, train loss: 0.2468. [Evaluation metric]	Mode:valid, roc_auc: 0.8529; loss: 0.6201; pr_auc: 0.8465; acc: 0.7684; f1: 0.7483; 
Thu 07 Mar 2024 22:11:08 INFO  [Train Info] Epoch: 029, train loss: 0.2401. [Evaluation metric]	Mode:valid, roc_auc: 0.8617; loss: 0.6164; pr_auc: 0.8601; acc: 0.7768; f1: 0.7616; 
Thu 07 Mar 2024 22:11:08 INFO  [Train Info] Epoch: 030, train loss: 0.2336. [Evaluation metric]	Mode:valid, roc_auc: 0.8598; loss: 0.6168; pr_auc: 0.8522; acc: 0.7801; f1: 0.7694; 
Thu 07 Mar 2024 22:11:08 INFO  [Train Info] Epoch: 031, train loss: 0.2353. [Evaluation metric]	Mode:valid, roc_auc: 0.8652; loss: 0.6121; pr_auc: 0.8584; acc: 0.7755; f1: 0.7548; 
Thu 07 Mar 2024 22:11:08 INFO  [Train Info] Epoch: 032, train loss: 0.2164. [Evaluation metric]	Mode:valid, roc_auc: 0.8698; loss: 0.6094; pr_auc: 0.8629; acc: 0.7680; f1: 0.7329; 
Thu 07 Mar 2024 22:11:08 INFO  [Train Info] Epoch: 033, train loss: 0.2316. [Evaluation metric]	Mode:valid, roc_auc: 0.8685; loss: 0.6096; pr_auc: 0.8623; acc: 0.7800; f1: 0.7577; 
Thu 07 Mar 2024 22:11:08 INFO  [Train Info] Epoch: 034, train loss: 0.2063. [Evaluation metric]	Mode:valid, roc_auc: 0.8718; loss: 0.6093; pr_auc: 0.8639; acc: 0.7878; f1: 0.7768; 
Thu 07 Mar 2024 22:11:08 INFO  [Train Info] Epoch: 035, train loss: 0.2117. [Evaluation metric]	Mode:valid, roc_auc: 0.8807; loss: 0.6042; pr_auc: 0.8761; acc: 0.7963; f1: 0.7822; 
Thu 07 Mar 2024 22:11:08 INFO  [Train Info] Epoch: 036, train loss: 0.2035. [Evaluation metric]	Mode:valid, roc_auc: 0.8848; loss: 0.6014; pr_auc: 0.8822; acc: 0.7955; f1: 0.7711; 
Thu 07 Mar 2024 22:11:08 INFO  [Train Info] Epoch: 037, train loss: 0.1972. [Evaluation metric]	Mode:valid, roc_auc: 0.8862; loss: 0.6009; pr_auc: 0.8860; acc: 0.7890; f1: 0.7590; 
Thu 07 Mar 2024 22:11:08 INFO  [Train Info] Epoch: 038, train loss: 0.2021. [Evaluation metric]	Mode:valid, roc_auc: 0.8812; loss: 0.6024; pr_auc: 0.8760; acc: 0.7940; f1: 0.7755; 
Thu 07 Mar 2024 22:11:08 INFO  [Train Info] Epoch: 039, train loss: 0.1884. [Evaluation metric]	Mode:valid, roc_auc: 0.8817; loss: 0.6021; pr_auc: 0.8780; acc: 0.7975; f1: 0.7809; 
Thu 07 Mar 2024 22:11:08 INFO  [Train Info] Epoch: 040, train loss: 0.1900. [Evaluation metric]	Mode:valid, roc_auc: 0.8863; loss: 0.5997; pr_auc: 0.8823; acc: 0.7933; f1: 0.7675; 
Thu 07 Mar 2024 22:11:09 INFO  [Train Info] Epoch: 041, train loss: 0.1737. [Evaluation metric]	Mode:valid, roc_auc: 0.8835; loss: 0.6017; pr_auc: 0.8774; acc: 0.7807; f1: 0.7440; 
Thu 07 Mar 2024 22:11:09 INFO  [Train Info] Epoch: 042, train loss: 0.1788. [Evaluation metric]	Mode:valid, roc_auc: 0.8862; loss: 0.6005; pr_auc: 0.8819; acc: 0.7853; f1: 0.7527; 
Thu 07 Mar 2024 22:11:09 INFO  [Train Info] Epoch: 043, train loss: 0.1787. [Evaluation metric]	Mode:valid, roc_auc: 0.8915; loss: 0.5965; pr_auc: 0.8903; acc: 0.8049; f1: 0.7861; 
Thu 07 Mar 2024 22:11:09 INFO  [Train Info] Epoch: 044, train loss: 0.1706. [Evaluation metric]	Mode:valid, roc_auc: 0.8939; loss: 0.5957; pr_auc: 0.8937; acc: 0.8121; f1: 0.7985; 
Thu 07 Mar 2024 22:11:09 INFO  [Train Info] Epoch: 045, train loss: 0.1745. [Evaluation metric]	Mode:valid, roc_auc: 0.8945; loss: 0.5948; pr_auc: 0.8907; acc: 0.8084; f1: 0.7914; 
Thu 07 Mar 2024 22:11:09 INFO  [Train Info] Epoch: 046, train loss: 0.1649. [Evaluation metric]	Mode:valid, roc_auc: 0.8975; loss: 0.5942; pr_auc: 0.8944; acc: 0.7978; f1: 0.7672; 
Thu 07 Mar 2024 22:11:09 INFO  [Train Info] Epoch: 047, train loss: 0.1675. [Evaluation metric]	Mode:valid, roc_auc: 0.8929; loss: 0.5963; pr_auc: 0.8888; acc: 0.7939; f1: 0.7645; 
Thu 07 Mar 2024 22:11:09 INFO  [Train Info] Epoch: 048, train loss: 0.1554. [Evaluation metric]	Mode:valid, roc_auc: 0.8970; loss: 0.5939; pr_auc: 0.8932; acc: 0.8012; f1: 0.7753; 
Thu 07 Mar 2024 22:11:09 INFO  [Train Info] Epoch: 049, train loss: 0.1526. [Evaluation metric]	Mode:valid, roc_auc: 0.9013; loss: 0.5912; pr_auc: 0.8980; acc: 0.8100; f1: 0.7872; 
Thu 07 Mar 2024 22:11:09 INFO  [Train Info] Epoch: 050, train loss: 0.1525. [Evaluation metric]	Mode:valid, roc_auc: 0.8970; loss: 0.5934; pr_auc: 0.8925; acc: 0.8053; f1: 0.7829; 
Thu 07 Mar 2024 22:11:09 INFO  [Train Info] Epoch: 051, train loss: 0.1467. [Evaluation metric]	Mode:valid, roc_auc: 0.8997; loss: 0.5916; pr_auc: 0.8955; acc: 0.8110; f1: 0.7902; 
Thu 07 Mar 2024 22:11:09 INFO  [Train Info] Epoch: 052, train loss: 0.1432. [Evaluation metric]	Mode:valid, roc_auc: 0.9016; loss: 0.5907; pr_auc: 0.8987; acc: 0.8107; f1: 0.7873; 
Thu 07 Mar 2024 22:11:09 INFO  [Train Info] Epoch: 053, train loss: 0.1430. [Evaluation metric]	Mode:valid, roc_auc: 0.8999; loss: 0.5916; pr_auc: 0.8965; acc: 0.8069; f1: 0.7829; 
Thu 07 Mar 2024 22:11:09 INFO  [Train Info] Epoch: 054, train loss: 0.1335. [Evaluation metric]	Mode:valid, roc_auc: 0.9006; loss: 0.5918; pr_auc: 0.8987; acc: 0.8038; f1: 0.7772; 
Thu 07 Mar 2024 22:11:09 INFO  [Train Info] Epoch: 055, train loss: 0.1344. [Evaluation metric]	Mode:valid, roc_auc: 0.9006; loss: 0.5909; pr_auc: 0.8949; acc: 0.8080; f1: 0.7833; 
Thu 07 Mar 2024 22:11:09 INFO  [Train Info] Epoch: 056, train loss: 0.1352. [Evaluation metric]	Mode:valid, roc_auc: 0.9064; loss: 0.5877; pr_auc: 0.9063; acc: 0.8171; f1: 0.7984; 
Thu 07 Mar 2024 22:11:09 INFO  [Train Info] Epoch: 057, train loss: 0.1340. [Evaluation metric]	Mode:valid, roc_auc: 0.9087; loss: 0.5863; pr_auc: 0.9078; acc: 0.8236; f1: 0.8049; 
Thu 07 Mar 2024 22:11:09 INFO  [Train Info] Epoch: 058, train loss: 0.1284. [Evaluation metric]	Mode:valid, roc_auc: 0.9060; loss: 0.5880; pr_auc: 0.9023; acc: 0.8182; f1: 0.7982; 
Thu 07 Mar 2024 22:11:09 INFO  [Train Info] Epoch: 059, train loss: 0.1278. [Evaluation metric]	Mode:valid, roc_auc: 0.9115; loss: 0.5861; pr_auc: 0.9111; acc: 0.8155; f1: 0.7908; 
Thu 07 Mar 2024 22:11:10 INFO  [Train Info] Epoch: 060, train loss: 0.1236. [Evaluation metric]	Mode:valid, roc_auc: 0.9061; loss: 0.5893; pr_auc: 0.9064; acc: 0.8055; f1: 0.7780; 
Thu 07 Mar 2024 22:11:10 INFO  [Train Info] Epoch: 061, train loss: 0.1246. [Evaluation metric]	Mode:valid, roc_auc: 0.9081; loss: 0.5878; pr_auc: 0.9066; acc: 0.8125; f1: 0.7885; 
Thu 07 Mar 2024 22:11:10 INFO  [Train Info] Epoch: 062, train loss: 0.1194. [Evaluation metric]	Mode:valid, roc_auc: 0.9038; loss: 0.5891; pr_auc: 0.8950; acc: 0.8113; f1: 0.7885; 
Thu 07 Mar 2024 22:11:10 INFO  [Train Info] Epoch: 063, train loss: 0.1215. [Evaluation metric]	Mode:valid, roc_auc: 0.9045; loss: 0.5887; pr_auc: 0.9031; acc: 0.8096; f1: 0.7843; 
Thu 07 Mar 2024 22:11:10 INFO  [Train Info] Epoch: 064, train loss: 0.1192. [Evaluation metric]	Mode:valid, roc_auc: 0.9037; loss: 0.5902; pr_auc: 0.8986; acc: 0.8018; f1: 0.7730; 
Thu 07 Mar 2024 22:11:10 INFO  [Train Info] Epoch: 065, train loss: 0.1165. [Evaluation metric]	Mode:valid, roc_auc: 0.9093; loss: 0.5882; pr_auc: 0.9068; acc: 0.8045; f1: 0.7729; 
Thu 07 Mar 2024 22:11:10 INFO  [Train Info] Epoch: 066, train loss: 0.1186. [Evaluation metric]	Mode:valid, roc_auc: 0.9099; loss: 0.5872; pr_auc: 0.9089; acc: 0.8093; f1: 0.7804; 
Thu 07 Mar 2024 22:11:10 INFO  [Train Info] Epoch: 067, train loss: 0.1166. [Evaluation metric]	Mode:valid, roc_auc: 0.9097; loss: 0.5856; pr_auc: 0.9082; acc: 0.8175; f1: 0.7968; 
Thu 07 Mar 2024 22:11:10 INFO  [Train Info] Epoch: 068, train loss: 0.1135. [Evaluation metric]	Mode:valid, roc_auc: 0.9117; loss: 0.5840; pr_auc: 0.9055; acc: 0.8240; f1: 0.8046; 
Thu 07 Mar 2024 22:11:10 INFO  [Train Info] Epoch: 069, train loss: 0.1192. [Evaluation metric]	Mode:valid, roc_auc: 0.9098; loss: 0.5871; pr_auc: 0.9082; acc: 0.8099; f1: 0.7849; 
Thu 07 Mar 2024 22:11:10 INFO  [Train Info] Epoch: 070, train loss: 0.1094. [Evaluation metric]	Mode:valid, roc_auc: 0.9101; loss: 0.5898; pr_auc: 0.9065; acc: 0.7978; f1: 0.7623; 
Thu 07 Mar 2024 22:11:10 INFO  [Train Info] Epoch: 071, train loss: 0.1087. [Evaluation metric]	Mode:valid, roc_auc: 0.9134; loss: 0.5889; pr_auc: 0.9117; acc: 0.7953; f1: 0.7569; 
Thu 07 Mar 2024 22:11:10 INFO  [Train Info] Epoch: 072, train loss: 0.1138. [Evaluation metric]	Mode:valid, roc_auc: 0.9159; loss: 0.5827; pr_auc: 0.9172; acc: 0.8230; f1: 0.7999; 
Thu 07 Mar 2024 22:11:10 INFO  [Train Info] Epoch: 073, train loss: 0.1049. [Evaluation metric]	Mode:valid, roc_auc: 0.9127; loss: 0.5832; pr_auc: 0.9128; acc: 0.8286; f1: 0.8127; 
Thu 07 Mar 2024 22:11:10 INFO  [Train Info] Epoch: 074, train loss: 0.1141. [Evaluation metric]	Mode:valid, roc_auc: 0.9111; loss: 0.5834; pr_auc: 0.9091; acc: 0.8257; f1: 0.8087; 
Thu 07 Mar 2024 22:11:10 INFO  [Train Info] Epoch: 075, train loss: 0.1094. [Evaluation metric]	Mode:valid, roc_auc: 0.9155; loss: 0.5832; pr_auc: 0.9153; acc: 0.8168; f1: 0.7906; 
Thu 07 Mar 2024 22:11:10 INFO  [Train Info] Epoch: 076, train loss: 0.1028. [Evaluation metric]	Mode:valid, roc_auc: 0.9109; loss: 0.5895; pr_auc: 0.9090; acc: 0.7945; f1: 0.7564; 
Thu 07 Mar 2024 22:11:10 INFO  [Train Info] Epoch: 077, train loss: 0.1108. [Evaluation metric]	Mode:valid, roc_auc: 0.9108; loss: 0.5872; pr_auc: 0.9109; acc: 0.8039; f1: 0.7719; 
Thu 07 Mar 2024 22:11:10 INFO  [Train Info] Epoch: 078, train loss: 0.0996. [Evaluation metric]	Mode:valid, roc_auc: 0.9098; loss: 0.5861; pr_auc: 0.9096; acc: 0.8142; f1: 0.7908; 
Thu 07 Mar 2024 22:11:10 INFO  [Train Info] Epoch: 079, train loss: 0.1005. [Evaluation metric]	Mode:valid, roc_auc: 0.9137; loss: 0.5836; pr_auc: 0.9113; acc: 0.8207; f1: 0.7995; 
Thu 07 Mar 2024 22:11:11 INFO  [Train Info] Epoch: 080, train loss: 0.1014. [Evaluation metric]	Mode:valid, roc_auc: 0.9148; loss: 0.5839; pr_auc: 0.9116; acc: 0.8168; f1: 0.7914; 
Thu 07 Mar 2024 22:11:11 INFO  [Train Info] Epoch: 081, train loss: 0.0977. [Evaluation metric]	Mode:valid, roc_auc: 0.9188; loss: 0.5845; pr_auc: 0.9193; acc: 0.8084; f1: 0.7769; 
Thu 07 Mar 2024 22:11:11 INFO  [Train Info] Epoch: 082, train loss: 0.0991. [Evaluation metric]	Mode:valid, roc_auc: 0.9188; loss: 0.5838; pr_auc: 0.9200; acc: 0.8106; f1: 0.7796; 
Thu 07 Mar 2024 22:11:11 INFO  [Train Info] Epoch: 083, train loss: 0.0973. [Evaluation metric]	Mode:valid, roc_auc: 0.9167; loss: 0.5835; pr_auc: 0.9142; acc: 0.8136; f1: 0.7860; 
Thu 07 Mar 2024 22:11:11 INFO  [Train Info] Epoch: 084, train loss: 0.0906. [Evaluation metric]	Mode:valid, roc_auc: 0.9152; loss: 0.5829; pr_auc: 0.9140; acc: 0.8180; f1: 0.7929; 
Thu 07 Mar 2024 22:11:11 INFO  [Train Info] Epoch: 085, train loss: 0.0933. [Evaluation metric]	Mode:valid, roc_auc: 0.9127; loss: 0.5844; pr_auc: 0.9101; acc: 0.8137; f1: 0.7877; 
Thu 07 Mar 2024 22:11:11 INFO  [Train Info] Epoch: 086, train loss: 0.0940. [Evaluation metric]	Mode:valid, roc_auc: 0.9166; loss: 0.5837; pr_auc: 0.9170; acc: 0.8107; f1: 0.7793; 
Thu 07 Mar 2024 22:11:11 INFO  [Train Info] Epoch: 087, train loss: 0.0895. [Evaluation metric]	Mode:valid, roc_auc: 0.9173; loss: 0.5836; pr_auc: 0.9179; acc: 0.8108; f1: 0.7800; 
Thu 07 Mar 2024 22:11:11 INFO  [Train Info] Epoch: 088, train loss: 0.0897. [Evaluation metric]	Mode:valid, roc_auc: 0.9180; loss: 0.5834; pr_auc: 0.9178; acc: 0.8120; f1: 0.7825; 
Thu 07 Mar 2024 22:11:11 INFO  [Train Info] Epoch: 089, train loss: 0.0918. [Evaluation metric]	Mode:valid, roc_auc: 0.9186; loss: 0.5827; pr_auc: 0.9187; acc: 0.8138; f1: 0.7843; 
Thu 07 Mar 2024 22:11:11 INFO  [Train Info] Epoch: 090, train loss: 0.0854. [Evaluation metric]	Mode:valid, roc_auc: 0.9221; loss: 0.5822; pr_auc: 0.9235; acc: 0.8134; f1: 0.7822; 
Thu 07 Mar 2024 22:11:11 INFO  [Train Info] Epoch: 091, train loss: 0.0863. [Evaluation metric]	Mode:valid, roc_auc: 0.9195; loss: 0.5839; pr_auc: 0.9203; acc: 0.8084; f1: 0.7746; 
Thu 07 Mar 2024 22:11:11 INFO  [Train Info] Epoch: 092, train loss: 0.0854. [Evaluation metric]	Mode:valid, roc_auc: 0.9206; loss: 0.5844; pr_auc: 0.9204; acc: 0.8057; f1: 0.7719; 
Thu 07 Mar 2024 22:11:11 INFO  [Train Info] Epoch: 093, train loss: 0.0855. [Evaluation metric]	Mode:valid, roc_auc: 0.9183; loss: 0.5825; pr_auc: 0.9183; acc: 0.8153; f1: 0.7855; 
Thu 07 Mar 2024 22:11:11 INFO  [Train Info] Epoch: 094, train loss: 0.0849. [Evaluation metric]	Mode:valid, roc_auc: 0.9208; loss: 0.5810; pr_auc: 0.9207; acc: 0.8184; f1: 0.7909; 
Thu 07 Mar 2024 22:11:11 INFO  [Train Info] Epoch: 095, train loss: 0.0862. [Evaluation metric]	Mode:valid, roc_auc: 0.9218; loss: 0.5808; pr_auc: 0.9234; acc: 0.8160; f1: 0.7860; 
Thu 07 Mar 2024 22:11:11 INFO  [Train Info] Epoch: 096, train loss: 0.0845. [Evaluation metric]	Mode:valid, roc_auc: 0.9147; loss: 0.5845; pr_auc: 0.9166; acc: 0.8087; f1: 0.7780; 
Thu 07 Mar 2024 22:11:11 INFO  [Train Info] Epoch: 097, train loss: 0.0820. [Evaluation metric]	Mode:valid, roc_auc: 0.9158; loss: 0.5850; pr_auc: 0.9162; acc: 0.8056; f1: 0.7728; 
Thu 07 Mar 2024 22:11:11 INFO  [Train Info] Epoch: 098, train loss: 0.0841. [Evaluation metric]	Mode:valid, roc_auc: 0.9207; loss: 0.5809; pr_auc: 0.9211; acc: 0.8161; f1: 0.7878; 
Thu 07 Mar 2024 22:11:12 INFO  [Train Info] Epoch: 099, train loss: 0.0783. [Evaluation metric]	Mode:valid, roc_auc: 0.9232; loss: 0.5799; pr_auc: 0.9214; acc: 0.8189; f1: 0.7913; 
Thu 07 Mar 2024 22:11:12 INFO  [Train Info] Epoch: 100, train loss: 0.0767. [Evaluation metric]	Mode:valid, roc_auc: 0.9227; loss: 0.5812; pr_auc: 0.9196; acc: 0.8146; f1: 0.7846; 
Thu 07 Mar 2024 22:11:12 INFO  [Train Info] Epoch: 101, train loss: 0.0809. [Evaluation metric]	Mode:valid, roc_auc: 0.9234; loss: 0.5818; pr_auc: 0.9198; acc: 0.8114; f1: 0.7786; 
Thu 07 Mar 2024 22:11:12 INFO  [Train Info] Epoch: 102, train loss: 0.0784. [Evaluation metric]	Mode:valid, roc_auc: 0.9209; loss: 0.5834; pr_auc: 0.9170; acc: 0.8091; f1: 0.7764; 
Thu 07 Mar 2024 22:11:12 INFO  [Train Info] Epoch: 103, train loss: 0.0743. [Evaluation metric]	Mode:valid, roc_auc: 0.9211; loss: 0.5819; pr_auc: 0.9178; acc: 0.8145; f1: 0.7842; 
Thu 07 Mar 2024 22:11:12 INFO  [Train Info] Epoch: 104, train loss: 0.0762. [Evaluation metric]	Mode:valid, roc_auc: 0.9198; loss: 0.5820; pr_auc: 0.9195; acc: 0.8148; f1: 0.7859; 
Thu 07 Mar 2024 22:11:12 INFO  [Train Info] Epoch: 105, train loss: 0.0737. [Evaluation metric]	Mode:valid, roc_auc: 0.9246; loss: 0.5797; pr_auc: 0.9257; acc: 0.8176; f1: 0.7877; 
Thu 07 Mar 2024 22:11:12 INFO  [Train Info] Epoch: 106, train loss: 0.0736. [Evaluation metric]	Mode:valid, roc_auc: 0.9202; loss: 0.5820; pr_auc: 0.9166; acc: 0.8146; f1: 0.7848; 
Thu 07 Mar 2024 22:11:12 INFO  [Train Info] Epoch: 107, train loss: 0.0737. [Evaluation metric]	Mode:valid, roc_auc: 0.9237; loss: 0.5804; pr_auc: 0.9246; acc: 0.8164; f1: 0.7861; 
Thu 07 Mar 2024 22:11:12 INFO  [Train Info] Epoch: 108, train loss: 0.0759. [Evaluation metric]	Mode:valid, roc_auc: 0.9201; loss: 0.5815; pr_auc: 0.9204; acc: 0.8147; f1: 0.7840; 
Thu 07 Mar 2024 22:11:12 INFO  [Train Info] Epoch: 109, train loss: 0.0756. [Evaluation metric]	Mode:valid, roc_auc: 0.9237; loss: 0.5807; pr_auc: 0.9247; acc: 0.8150; f1: 0.7844; 
Thu 07 Mar 2024 22:11:12 INFO  [Train Info] Epoch: 110, train loss: 0.0722. [Evaluation metric]	Mode:valid, roc_auc: 0.9264; loss: 0.5781; pr_auc: 0.9315; acc: 0.8221; f1: 0.7929; 
Thu 07 Mar 2024 22:11:12 INFO  [Train Info] Epoch: 111, train loss: 0.0735. [Evaluation metric]	Mode:valid, roc_auc: 0.9244; loss: 0.5788; pr_auc: 0.9204; acc: 0.8220; f1: 0.7949; 
Thu 07 Mar 2024 22:11:12 INFO  [Train Info] Epoch: 112, train loss: 0.0727. [Evaluation metric]	Mode:valid, roc_auc: 0.9201; loss: 0.5816; pr_auc: 0.9163; acc: 0.8143; f1: 0.7849; 
Thu 07 Mar 2024 22:11:12 INFO  [Train Info] Epoch: 113, train loss: 0.0726. [Evaluation metric]	Mode:valid, roc_auc: 0.9214; loss: 0.5813; pr_auc: 0.9248; acc: 0.8152; f1: 0.7842; 
Thu 07 Mar 2024 22:11:12 INFO  [Train Info] Epoch: 114, train loss: 0.0711. [Evaluation metric]	Mode:valid, roc_auc: 0.9203; loss: 0.5836; pr_auc: 0.9221; acc: 0.8059; f1: 0.7713; 
Thu 07 Mar 2024 22:11:12 INFO  [Train Info] Epoch: 115, train loss: 0.0718. [Evaluation metric]	Mode:valid, roc_auc: 0.9192; loss: 0.5829; pr_auc: 0.9170; acc: 0.8098; f1: 0.7775; 
Thu 07 Mar 2024 22:11:12 INFO  [Train Info] Epoch: 116, train loss: 0.0709. [Evaluation metric]	Mode:valid, roc_auc: 0.9243; loss: 0.5807; pr_auc: 0.9231; acc: 0.8138; f1: 0.7816; 
Thu 07 Mar 2024 22:11:13 INFO  [Train Info] Epoch: 117, train loss: 0.0664. [Evaluation metric]	Mode:valid, roc_auc: 0.9233; loss: 0.5809; pr_auc: 0.9235; acc: 0.8148; f1: 0.7834; 
Thu 07 Mar 2024 22:11:13 INFO  [Train Info] Epoch: 118, train loss: 0.0695. [Evaluation metric]	Mode:valid, roc_auc: 0.9247; loss: 0.5801; pr_auc: 0.9260; acc: 0.8152; f1: 0.7838; 
Thu 07 Mar 2024 22:11:13 INFO  [Train Info] Epoch: 119, train loss: 0.0683. [Evaluation metric]	Mode:valid, roc_auc: 0.9238; loss: 0.5816; pr_auc: 0.9227; acc: 0.8118; f1: 0.7795; 
Thu 07 Mar 2024 22:11:13 INFO  [Train Info] Epoch: 120, train loss: 0.0663. [Evaluation metric]	Mode:valid, roc_auc: 0.9232; loss: 0.5818; pr_auc: 0.9228; acc: 0.8099; f1: 0.7773; 
Thu 07 Mar 2024 22:11:13 INFO  [Train Info] Epoch: 121, train loss: 0.0672. [Evaluation metric]	Mode:valid, roc_auc: 0.9222; loss: 0.5814; pr_auc: 0.9203; acc: 0.8114; f1: 0.7792; 
Thu 07 Mar 2024 22:11:13 INFO  [Train Info] Epoch: 122, train loss: 0.0657. [Evaluation metric]	Mode:valid, roc_auc: 0.9223; loss: 0.5811; pr_auc: 0.9198; acc: 0.8122; f1: 0.7810; 
Thu 07 Mar 2024 22:11:13 INFO  [Train Info] Epoch: 123, train loss: 0.0673. [Evaluation metric]	Mode:valid, roc_auc: 0.9206; loss: 0.5837; pr_auc: 0.9203; acc: 0.8030; f1: 0.7669; 
Thu 07 Mar 2024 22:11:13 INFO  [Train Info] Epoch: 124, train loss: 0.0675. [Evaluation metric]	Mode:valid, roc_auc: 0.9213; loss: 0.5827; pr_auc: 0.9225; acc: 0.8080; f1: 0.7731; 
Thu 07 Mar 2024 22:11:13 INFO  [Train Info] Epoch: 125, train loss: 0.0669. [Evaluation metric]	Mode:valid, roc_auc: 0.9229; loss: 0.5807; pr_auc: 0.9243; acc: 0.8144; f1: 0.7845; 
Thu 07 Mar 2024 22:11:13 INFO  [Train Info] Epoch: 126, train loss: 0.0645. [Evaluation metric]	Mode:valid, roc_auc: 0.9216; loss: 0.5798; pr_auc: 0.9216; acc: 0.8194; f1: 0.7929; 
Thu 07 Mar 2024 22:11:13 INFO  [Train Info] Epoch: 127, train loss: 0.0657. [Evaluation metric]	Mode:valid, roc_auc: 0.9224; loss: 0.5790; pr_auc: 0.9243; acc: 0.8192; f1: 0.7920; 
Thu 07 Mar 2024 22:11:13 INFO  [Train Info] Epoch: 128, train loss: 0.0623. [Evaluation metric]	Mode:valid, roc_auc: 0.9226; loss: 0.5797; pr_auc: 0.9211; acc: 0.8158; f1: 0.7862; 
Thu 07 Mar 2024 22:11:13 INFO  [Train Info] Epoch: 129, train loss: 0.0651. [Evaluation metric]	Mode:valid, roc_auc: 0.9215; loss: 0.5807; pr_auc: 0.9193; acc: 0.8145; f1: 0.7838; 
Thu 07 Mar 2024 22:11:13 INFO  [Train Info] Epoch: 130, train loss: 0.0662. [Evaluation metric]	Mode:valid, roc_auc: 0.9246; loss: 0.5780; pr_auc: 0.9246; acc: 0.8213; f1: 0.7927; 
Thu 07 Mar 2024 22:11:13 INFO  [Train Info] Epoch: 131, train loss: 0.0651. [Evaluation metric]	Mode:valid, roc_auc: 0.9219; loss: 0.5792; pr_auc: 0.9202; acc: 0.8206; f1: 0.7930; 
Thu 07 Mar 2024 22:11:13 INFO  [Train Info] Epoch: 132, train loss: 0.0634. [Evaluation metric]	Mode:valid, roc_auc: 0.9220; loss: 0.5804; pr_auc: 0.9224; acc: 0.8154; f1: 0.7852; 
Thu 07 Mar 2024 22:11:13 INFO  [Train Info] Epoch: 133, train loss: 0.0649. [Evaluation metric]	Mode:valid, roc_auc: 0.9248; loss: 0.5809; pr_auc: 0.9265; acc: 0.8084; f1: 0.7731; 
Thu 07 Mar 2024 22:11:13 INFO  [Train Info] Epoch: 134, train loss: 0.0629. [Evaluation metric]	Mode:valid, roc_auc: 0.9227; loss: 0.5808; pr_auc: 0.9236; acc: 0.8130; f1: 0.7812; 
Thu 07 Mar 2024 22:11:13 INFO  [Train Info] Epoch: 135, train loss: 0.0613. [Evaluation metric]	Mode:valid, roc_auc: 0.9216; loss: 0.5791; pr_auc: 0.9198; acc: 0.8220; f1: 0.7950; 
Thu 07 Mar 2024 22:11:14 INFO  [Train Info] Epoch: 136, train loss: 0.0621. [Evaluation metric]	Mode:valid, roc_auc: 0.9245; loss: 0.5765; pr_auc: 0.9226; acc: 0.8274; f1: 0.8037; 
Thu 07 Mar 2024 22:11:14 INFO  [Train Info] Epoch: 137, train loss: 0.0591. [Evaluation metric]	Mode:valid, roc_auc: 0.9242; loss: 0.5780; pr_auc: 0.9224; acc: 0.8225; f1: 0.7963; 
Thu 07 Mar 2024 22:11:14 INFO  [Train Info] Epoch: 138, train loss: 0.0604. [Evaluation metric]	Mode:valid, roc_auc: 0.9204; loss: 0.5831; pr_auc: 0.9190; acc: 0.8063; f1: 0.7721; 
Thu 07 Mar 2024 22:11:14 INFO  [Train Info] Epoch: 139, train loss: 0.0620. [Evaluation metric]	Mode:valid, roc_auc: 0.9230; loss: 0.5819; pr_auc: 0.9218; acc: 0.8087; f1: 0.7752; 
Thu 07 Mar 2024 22:11:14 INFO  [Train Info] Epoch: 140, train loss: 0.0595. [Evaluation metric]	Mode:valid, roc_auc: 0.9262; loss: 0.5792; pr_auc: 0.9229; acc: 0.8177; f1: 0.7889; 
Thu 07 Mar 2024 22:11:14 INFO  [Train Info] Epoch: 141, train loss: 0.0593. [Evaluation metric]	Mode:valid, roc_auc: 0.9291; loss: 0.5776; pr_auc: 0.9291; acc: 0.8214; f1: 0.7935; 
Thu 07 Mar 2024 22:11:14 INFO  [Train Info] Epoch: 142, train loss: 0.0611. [Evaluation metric]	Mode:valid, roc_auc: 0.9301; loss: 0.5777; pr_auc: 0.9320; acc: 0.8203; f1: 0.7906; 
Thu 07 Mar 2024 22:11:14 INFO  [Train Info] Epoch: 143, train loss: 0.0599. [Evaluation metric]	Mode:valid, roc_auc: 0.9272; loss: 0.5784; pr_auc: 0.9275; acc: 0.8184; f1: 0.7881; 
Thu 07 Mar 2024 22:11:14 INFO  [Train Info] Epoch: 144, train loss: 0.0583. [Evaluation metric]	Mode:valid, roc_auc: 0.9215; loss: 0.5787; pr_auc: 0.9201; acc: 0.8208; f1: 0.7950; 
Thu 07 Mar 2024 22:11:14 INFO  [Train Info] Epoch: 145, train loss: 0.0624. [Evaluation metric]	Mode:valid, roc_auc: 0.9216; loss: 0.5796; pr_auc: 0.9191; acc: 0.8182; f1: 0.7910; 
Thu 07 Mar 2024 22:11:14 INFO  [Train Info] Epoch: 146, train loss: 0.0598. [Evaluation metric]	Mode:valid, roc_auc: 0.9254; loss: 0.5791; pr_auc: 0.9263; acc: 0.8162; f1: 0.7849; 
Thu 07 Mar 2024 22:11:14 INFO  [Train Info] Epoch: 147, train loss: 0.0559. [Evaluation metric]	Mode:valid, roc_auc: 0.9260; loss: 0.5793; pr_auc: 0.9253; acc: 0.8166; f1: 0.7850; 
Thu 07 Mar 2024 22:11:14 INFO  [Train Info] Epoch: 148, train loss: 0.0584. [Evaluation metric]	Mode:valid, roc_auc: 0.9237; loss: 0.5799; pr_auc: 0.9244; acc: 0.8145; f1: 0.7820; 
Thu 07 Mar 2024 22:11:14 INFO  [Train Info] Epoch: 149, train loss: 0.0584. [Evaluation metric]	Mode:valid, roc_auc: 0.9227; loss: 0.5799; pr_auc: 0.9218; acc: 0.8147; f1: 0.7839; 
Thu 07 Mar 2024 22:11:14 INFO  [Train Info] Epoch: 150, train loss: 0.0571. [Evaluation metric]	Mode:valid, roc_auc: 0.9224; loss: 0.5804; pr_auc: 0.9176; acc: 0.8131; f1: 0.7821; 
Thu 07 Mar 2024 22:11:14 INFO  [Train Info] Epoch: 151, train loss: 0.0580. [Evaluation metric]	Mode:valid, roc_auc: 0.9260; loss: 0.5801; pr_auc: 0.9249; acc: 0.8118; f1: 0.7803; 
Thu 07 Mar 2024 22:11:14 INFO  [Train Info] Epoch: 152, train loss: 0.0567. [Evaluation metric]	Mode:valid, roc_auc: 0.9298; loss: 0.5795; pr_auc: 0.9287; acc: 0.8123; f1: 0.7783; 
Thu 07 Mar 2024 22:11:14 INFO  [Train Info] Epoch: 153, train loss: 0.0562. [Evaluation metric]	Mode:valid, roc_auc: 0.9346; loss: 0.5774; pr_auc: 0.9346; acc: 0.8185; f1: 0.7860; 
Thu 07 Mar 2024 22:11:14 INFO  [Train Info] Epoch: 154, train loss: 0.0578. [Evaluation metric]	Mode:valid, roc_auc: 0.9297; loss: 0.5772; pr_auc: 0.9272; acc: 0.8207; f1: 0.7913; 
Thu 07 Mar 2024 22:11:14 INFO  [Train Info] Epoch: 155, train loss: 0.0584. [Evaluation metric]	Mode:valid, roc_auc: 0.9288; loss: 0.5771; pr_auc: 0.9313; acc: 0.8213; f1: 0.7924; 
Thu 07 Mar 2024 22:11:14 INFO  [Train Info] Epoch: 156, train loss: 0.0569. [Evaluation metric]	Mode:valid, roc_auc: 0.9275; loss: 0.5781; pr_auc: 0.9272; acc: 0.8189; f1: 0.7889; 
Thu 07 Mar 2024 22:11:15 INFO  [Train Info] Epoch: 157, train loss: 0.0567. [Evaluation metric]	Mode:valid, roc_auc: 0.9274; loss: 0.5792; pr_auc: 0.9249; acc: 0.8154; f1: 0.7829; 
Thu 07 Mar 2024 22:11:15 INFO  [Train Info] Epoch: 158, train loss: 0.0555. [Evaluation metric]	Mode:valid, roc_auc: 0.9298; loss: 0.5775; pr_auc: 0.9303; acc: 0.8214; f1: 0.7914; 
Thu 07 Mar 2024 22:11:15 INFO  [Train Info] Epoch: 159, train loss: 0.0570. [Evaluation metric]	Mode:valid, roc_auc: 0.9339; loss: 0.5756; pr_auc: 0.9343; acc: 0.8253; f1: 0.7971; 
Thu 07 Mar 2024 22:11:15 INFO  [Train Info] Epoch: 160, train loss: 0.0572. [Evaluation metric]	Mode:valid, roc_auc: 0.9330; loss: 0.5764; pr_auc: 0.9331; acc: 0.8243; f1: 0.7958; 
Thu 07 Mar 2024 22:11:15 INFO  [Train Info] Epoch: 161, train loss: 0.0597. [Evaluation metric]	Mode:valid, roc_auc: 0.9321; loss: 0.5774; pr_auc: 0.9307; acc: 0.8199; f1: 0.7892; 
Thu 07 Mar 2024 22:11:15 INFO  [Train Info] Epoch: 162, train loss: 0.0543. [Evaluation metric]	Mode:valid, roc_auc: 0.9303; loss: 0.5797; pr_auc: 0.9304; acc: 0.8127; f1: 0.7784; 
Thu 07 Mar 2024 22:11:15 INFO  [Train Info] Epoch: 163, train loss: 0.0560. [Evaluation metric]	Mode:valid, roc_auc: 0.9293; loss: 0.5807; pr_auc: 0.9245; acc: 0.8095; f1: 0.7741; 
Thu 07 Mar 2024 22:11:15 INFO  [Train Info] Epoch: 164, train loss: 0.0546. [Evaluation metric]	Mode:valid, roc_auc: 0.9320; loss: 0.5745; pr_auc: 0.9333; acc: 0.8277; f1: 0.8013; 
Thu 07 Mar 2024 22:11:15 INFO  [Train Info] Epoch: 165, train loss: 0.0560. [Evaluation metric]	Mode:valid, roc_auc: 0.9329; loss: 0.5737; pr_auc: 0.9309; acc: 0.8307; f1: 0.8059; 
Thu 07 Mar 2024 22:11:15 INFO  [Train Info] Epoch: 166, train loss: 0.0552. [Evaluation metric]	Mode:valid, roc_auc: 0.9353; loss: 0.5752; pr_auc: 0.9366; acc: 0.8244; f1: 0.7953; 
Thu 07 Mar 2024 22:11:15 INFO  [Train Info] Epoch: 167, train loss: 0.0557. [Evaluation metric]	Mode:valid, roc_auc: 0.9362; loss: 0.5777; pr_auc: 0.9388; acc: 0.8153; f1: 0.7805; 
Thu 07 Mar 2024 22:11:15 INFO  [Train Info] Epoch: 168, train loss: 0.0550. [Evaluation metric]	Mode:valid, roc_auc: 0.9343; loss: 0.5782; pr_auc: 0.9347; acc: 0.8146; f1: 0.7801; 
Thu 07 Mar 2024 22:11:15 INFO  [Train Info] Epoch: 169, train loss: 0.0520. [Evaluation metric]	Mode:valid, roc_auc: 0.9313; loss: 0.5754; pr_auc: 0.9320; acc: 0.8276; f1: 0.8025; 
Thu 07 Mar 2024 22:11:15 INFO  [Train Info] Epoch: 170, train loss: 0.0529. [Evaluation metric]	Mode:valid, roc_auc: 0.9337; loss: 0.5720; pr_auc: 0.9345; acc: 0.8397; f1: 0.8194; 
Thu 07 Mar 2024 22:11:15 INFO  [Train Info] Epoch: 171, train loss: 0.0579. [Evaluation metric]	Mode:valid, roc_auc: 0.9320; loss: 0.5754; pr_auc: 0.9312; acc: 0.8269; f1: 0.8009; 
Thu 07 Mar 2024 22:11:15 INFO  [Train Info] Epoch: 172, train loss: 0.0537. [Evaluation metric]	Mode:valid, roc_auc: 0.9300; loss: 0.5802; pr_auc: 0.9273; acc: 0.8123; f1: 0.7777; 
Thu 07 Mar 2024 22:11:15 INFO  [Train Info] Epoch: 173, train loss: 0.0531. [Evaluation metric]	Mode:valid, roc_auc: 0.9341; loss: 0.5755; pr_auc: 0.9345; acc: 0.8254; f1: 0.7972; 
Thu 07 Mar 2024 22:11:15 INFO  [Train Info] Epoch: 174, train loss: 0.0548. [Evaluation metric]	Mode:valid, roc_auc: 0.9324; loss: 0.5744; pr_auc: 0.9344; acc: 0.8300; f1: 0.8054; 
Thu 07 Mar 2024 22:11:15 INFO  [Train Info] Epoch: 175, train loss: 0.0543. [Evaluation metric]	Mode:valid, roc_auc: 0.9306; loss: 0.5752; pr_auc: 0.9256; acc: 0.8294; f1: 0.8045; 
Thu 07 Mar 2024 22:11:16 INFO  [Train Info] Epoch: 176, train loss: 0.0544. [Evaluation metric]	Mode:valid, roc_auc: 0.9321; loss: 0.5768; pr_auc: 0.9324; acc: 0.8230; f1: 0.7943; 
Thu 07 Mar 2024 22:11:16 INFO  [Train Info] Epoch: 177, train loss: 0.0548. [Evaluation metric]	Mode:valid, roc_auc: 0.9313; loss: 0.5778; pr_auc: 0.9333; acc: 0.8196; f1: 0.7897; 
Thu 07 Mar 2024 22:11:16 INFO  [Train Info] Epoch: 178, train loss: 0.0516. [Evaluation metric]	Mode:valid, roc_auc: 0.9296; loss: 0.5753; pr_auc: 0.9283; acc: 0.8284; f1: 0.8030; 
Thu 07 Mar 2024 22:11:16 INFO  [Train Info] Epoch: 179, train loss: 0.0501. [Evaluation metric]	Mode:valid, roc_auc: 0.9325; loss: 0.5731; pr_auc: 0.9314; acc: 0.8319; f1: 0.8079; 
Thu 07 Mar 2024 22:11:16 INFO  [Train Info] Epoch: 180, train loss: 0.0513. [Evaluation metric]	Mode:valid, roc_auc: 0.9343; loss: 0.5737; pr_auc: 0.9345; acc: 0.8310; f1: 0.8055; 
Thu 07 Mar 2024 22:11:16 INFO  [Train Info] Epoch: 181, train loss: 0.0496. [Evaluation metric]	Mode:valid, roc_auc: 0.9385; loss: 0.5736; pr_auc: 0.9376; acc: 0.8300; f1: 0.8023; 
Thu 07 Mar 2024 22:11:16 INFO  [Train Info] Epoch: 182, train loss: 0.0532. [Evaluation metric]	Mode:valid, roc_auc: 0.9386; loss: 0.5754; pr_auc: 0.9406; acc: 0.8237; f1: 0.7937; 
Thu 07 Mar 2024 22:11:16 INFO  [Train Info] Epoch: 183, train loss: 0.0502. [Evaluation metric]	Mode:valid, roc_auc: 0.9393; loss: 0.5713; pr_auc: 0.9399; acc: 0.8369; f1: 0.8123; 
Thu 07 Mar 2024 22:11:16 INFO  [Train Info] Epoch: 184, train loss: 0.0491. [Evaluation metric]	Mode:valid, roc_auc: 0.9360; loss: 0.5726; pr_auc: 0.9364; acc: 0.8356; f1: 0.8121; 
Thu 07 Mar 2024 22:11:16 INFO  [Train Info] Epoch: 185, train loss: 0.0503. [Evaluation metric]	Mode:valid, roc_auc: 0.9345; loss: 0.5747; pr_auc: 0.9316; acc: 0.8291; f1: 0.8017; 
Thu 07 Mar 2024 22:11:16 INFO  [Train Info] Epoch: 186, train loss: 0.0508. [Evaluation metric]	Mode:valid, roc_auc: 0.9313; loss: 0.5767; pr_auc: 0.9311; acc: 0.8224; f1: 0.7938; 
Thu 07 Mar 2024 22:11:16 INFO  [Train Info] Epoch: 187, train loss: 0.0521. [Evaluation metric]	Mode:valid, roc_auc: 0.9302; loss: 0.5768; pr_auc: 0.9306; acc: 0.8237; f1: 0.7955; 
Thu 07 Mar 2024 22:11:16 INFO  [Train Info] Epoch: 188, train loss: 0.0497. [Evaluation metric]	Mode:valid, roc_auc: 0.9335; loss: 0.5740; pr_auc: 0.9301; acc: 0.8316; f1: 0.8063; 
Thu 07 Mar 2024 22:11:16 INFO  [Train Info] Epoch: 189, train loss: 0.0490. [Evaluation metric]	Mode:valid, roc_auc: 0.9363; loss: 0.5734; pr_auc: 0.9374; acc: 0.8320; f1: 0.8064; 
Thu 07 Mar 2024 22:11:16 INFO  [Train Info] Epoch: 190, train loss: 0.0527. [Evaluation metric]	Mode:valid, roc_auc: 0.9361; loss: 0.5746; pr_auc: 0.9346; acc: 0.8283; f1: 0.8008; 
Thu 07 Mar 2024 22:11:16 INFO  [Train Info] Epoch: 191, train loss: 0.0492. [Evaluation metric]	Mode:valid, roc_auc: 0.9370; loss: 0.5740; pr_auc: 0.9373; acc: 0.8297; f1: 0.8022; 
Thu 07 Mar 2024 22:11:16 INFO  [Train Info] Epoch: 192, train loss: 0.0488. [Evaluation metric]	Mode:valid, roc_auc: 0.9359; loss: 0.5762; pr_auc: 0.9371; acc: 0.8230; f1: 0.7928; 
Thu 07 Mar 2024 22:11:16 INFO  [Train Info] Epoch: 193, train loss: 0.0493. [Evaluation metric]	Mode:valid, roc_auc: 0.9379; loss: 0.5754; pr_auc: 0.9377; acc: 0.8239; f1: 0.7939; 
Thu 07 Mar 2024 22:11:16 INFO  [Train Info] Epoch: 194, train loss: 0.0525. [Evaluation metric]	Mode:valid, roc_auc: 0.9395; loss: 0.5749; pr_auc: 0.9408; acc: 0.8261; f1: 0.7966; 
Thu 07 Mar 2024 22:11:16 INFO  [Train Info] Epoch: 195, train loss: 0.0489. [Evaluation metric]	Mode:valid, roc_auc: 0.9388; loss: 0.5713; pr_auc: 0.9410; acc: 0.8387; f1: 0.8152; 
Thu 07 Mar 2024 22:11:17 INFO  [Train Info] Epoch: 196, train loss: 0.0497. [Evaluation metric]	Mode:valid, roc_auc: 0.9407; loss: 0.5695; pr_auc: 0.9423; acc: 0.8429; f1: 0.8209; 
Thu 07 Mar 2024 22:11:17 INFO  [Train Info] Epoch: 197, train loss: 0.0504. [Evaluation metric]	Mode:valid, roc_auc: 0.9436; loss: 0.5718; pr_auc: 0.9448; acc: 0.8323; f1: 0.8047; 
Thu 07 Mar 2024 22:11:17 INFO  [Train Info] Epoch: 198, train loss: 0.0500. [Evaluation metric]	Mode:valid, roc_auc: 0.9401; loss: 0.5763; pr_auc: 0.9383; acc: 0.8217; f1: 0.7898; 
Thu 07 Mar 2024 22:11:17 INFO  [Train Info] Epoch: 199, train loss: 0.0503. [Evaluation metric]	Mode:valid, roc_auc: 0.9402; loss: 0.5733; pr_auc: 0.9394; acc: 0.8308; f1: 0.8035; 
Thu 07 Mar 2024 22:11:17 INFO  [Train Info] Epoch: 200, train loss: 0.0453. [Evaluation metric]	Mode:valid, roc_auc: 0.9414; loss: 0.5701; pr_auc: 0.9417; acc: 0.8398; f1: 0.8165; 
Thu 07 Mar 2024 22:11:17 INFO  [Train Info] Epoch: 201, train loss: 0.0479. [Evaluation metric]	Mode:valid, roc_auc: 0.9384; loss: 0.5719; pr_auc: 0.9381; acc: 0.8349; f1: 0.8106; 
Thu 07 Mar 2024 22:11:17 INFO  [Train Info] Epoch: 202, train loss: 0.0504. [Evaluation metric]	Mode:valid, roc_auc: 0.9373; loss: 0.5738; pr_auc: 0.9356; acc: 0.8307; f1: 0.8045; 
Thu 07 Mar 2024 22:11:17 INFO  [Train Info] Epoch: 203, train loss: 0.0478. [Evaluation metric]	Mode:valid, roc_auc: 0.9429; loss: 0.5707; pr_auc: 0.9458; acc: 0.8376; f1: 0.8129; 
Thu 07 Mar 2024 22:11:17 INFO  [Train Info] Epoch: 204, train loss: 0.0470. [Evaluation metric]	Mode:valid, roc_auc: 0.9432; loss: 0.5696; pr_auc: 0.9425; acc: 0.8428; f1: 0.8197; 
Thu 07 Mar 2024 22:11:17 INFO  [Train Info] Epoch: 205, train loss: 0.0479. [Evaluation metric]	Mode:valid, roc_auc: 0.9420; loss: 0.5717; pr_auc: 0.9398; acc: 0.8342; f1: 0.8074; 
Thu 07 Mar 2024 22:11:17 INFO  [Train Info] Epoch: 206, train loss: 0.0487. [Evaluation metric]	Mode:valid, roc_auc: 0.9436; loss: 0.5718; pr_auc: 0.9420; acc: 0.8332; f1: 0.8057; 
Thu 07 Mar 2024 22:11:17 INFO  [Train Info] Epoch: 207, train loss: 0.0470. [Evaluation metric]	Mode:valid, roc_auc: 0.9449; loss: 0.5709; pr_auc: 0.9451; acc: 0.8372; f1: 0.8115; 
Thu 07 Mar 2024 22:11:17 INFO  [Train Info] Epoch: 208, train loss: 0.0472. [Evaluation metric]	Mode:valid, roc_auc: 0.9448; loss: 0.5698; pr_auc: 0.9430; acc: 0.8378; f1: 0.8127; 
Thu 07 Mar 2024 22:11:17 INFO  [Train Info] Epoch: 209, train loss: 0.0461. [Evaluation metric]	Mode:valid, roc_auc: 0.9436; loss: 0.5714; pr_auc: 0.9429; acc: 0.8335; f1: 0.8080; 
Thu 07 Mar 2024 22:11:17 INFO  [Train Info] Epoch: 210, train loss: 0.0492. [Evaluation metric]	Mode:valid, roc_auc: 0.9430; loss: 0.5724; pr_auc: 0.9429; acc: 0.8313; f1: 0.8039; 
Thu 07 Mar 2024 22:11:17 INFO  [Train Info] Epoch: 211, train loss: 0.0470. [Evaluation metric]	Mode:valid, roc_auc: 0.9459; loss: 0.5693; pr_auc: 0.9431; acc: 0.8405; f1: 0.8155; 
Thu 07 Mar 2024 22:11:17 INFO  [Train Info] Epoch: 212, train loss: 0.0474. [Evaluation metric]	Mode:valid, roc_auc: 0.9450; loss: 0.5702; pr_auc: 0.9448; acc: 0.8363; f1: 0.8106; 
Thu 07 Mar 2024 22:11:17 INFO  [Train Info] Epoch: 213, train loss: 0.0466. [Evaluation metric]	Mode:valid, roc_auc: 0.9436; loss: 0.5730; pr_auc: 0.9415; acc: 0.8284; f1: 0.8006; 
Thu 07 Mar 2024 22:11:17 INFO  [Train Info] Epoch: 214, train loss: 0.0486. [Evaluation metric]	Mode:valid, roc_auc: 0.9470; loss: 0.5743; pr_auc: 0.9461; acc: 0.8205; f1: 0.7872; 
Thu 07 Mar 2024 22:11:17 INFO  [Train Info] Epoch: 215, train loss: 0.0475. [Evaluation metric]	Mode:valid, roc_auc: 0.9460; loss: 0.5714; pr_auc: 0.9429; acc: 0.8353; f1: 0.8085; 
Thu 07 Mar 2024 22:11:18 INFO  [Train Info] Epoch: 216, train loss: 0.0470. [Evaluation metric]	Mode:valid, roc_auc: 0.9429; loss: 0.5682; pr_auc: 0.9398; acc: 0.8470; f1: 0.8272; 
Thu 07 Mar 2024 22:11:18 INFO  [Train Info] Epoch: 217, train loss: 0.0482. [Evaluation metric]	Mode:valid, roc_auc: 0.9463; loss: 0.5686; pr_auc: 0.9451; acc: 0.8453; f1: 0.8236; 
Thu 07 Mar 2024 22:11:18 INFO  [Train Info] Epoch: 218, train loss: 0.0459. [Evaluation metric]	Mode:valid, roc_auc: 0.9466; loss: 0.5693; pr_auc: 0.9416; acc: 0.8414; f1: 0.8176; 
Thu 07 Mar 2024 22:11:18 INFO  [Train Info] Epoch: 219, train loss: 0.0473. [Evaluation metric]	Mode:valid, roc_auc: 0.9449; loss: 0.5674; pr_auc: 0.9437; acc: 0.8482; f1: 0.8279; 
Thu 07 Mar 2024 22:11:18 INFO  [Train Info] Epoch: 220, train loss: 0.0466. [Evaluation metric]	Mode:valid, roc_auc: 0.9467; loss: 0.5662; pr_auc: 0.9462; acc: 0.8513; f1: 0.8320; 
Thu 07 Mar 2024 22:11:18 INFO  [Train Info] Epoch: 221, train loss: 0.0449. [Evaluation metric]	Mode:valid, roc_auc: 0.9476; loss: 0.5668; pr_auc: 0.9465; acc: 0.8510; f1: 0.8315; 
Thu 07 Mar 2024 22:11:18 INFO  [Train Info] Epoch: 222, train loss: 0.0468. [Evaluation metric]	Mode:valid, roc_auc: 0.9476; loss: 0.5672; pr_auc: 0.9477; acc: 0.8501; f1: 0.8294; 
Thu 07 Mar 2024 22:11:18 INFO  [Train Info] Epoch: 223, train loss: 0.0462. [Evaluation metric]	Mode:valid, roc_auc: 0.9485; loss: 0.5684; pr_auc: 0.9495; acc: 0.8443; f1: 0.8212; 
Thu 07 Mar 2024 22:11:18 INFO  [Train Info] Epoch: 224, train loss: 0.0463. [Evaluation metric]	Mode:valid, roc_auc: 0.9491; loss: 0.5672; pr_auc: 0.9481; acc: 0.8461; f1: 0.8245; 
Thu 07 Mar 2024 22:11:18 INFO  [Train Info] Epoch: 225, train loss: 0.0470. [Evaluation metric]	Mode:valid, roc_auc: 0.9476; loss: 0.5668; pr_auc: 0.9452; acc: 0.8484; f1: 0.8281; 
Thu 07 Mar 2024 22:11:18 INFO  [Train Info] Epoch: 226, train loss: 0.0487. [Evaluation metric]	Mode:valid, roc_auc: 0.9510; loss: 0.5642; pr_auc: 0.9510; acc: 0.8575; f1: 0.8390; 
Thu 07 Mar 2024 22:11:18 INFO  [Train Info] Epoch: 227, train loss: 0.0450. [Evaluation metric]	Mode:valid, roc_auc: 0.9474; loss: 0.5649; pr_auc: 0.9442; acc: 0.8592; f1: 0.8431; 
Thu 07 Mar 2024 22:11:18 INFO  [Train Info] Epoch: 228, train loss: 0.0439. [Evaluation metric]	Mode:valid, roc_auc: 0.9473; loss: 0.5643; pr_auc: 0.9450; acc: 0.8601; f1: 0.8438; 
Thu 07 Mar 2024 22:11:18 INFO  [Train Info] Epoch: 229, train loss: 0.0443. [Evaluation metric]	Mode:valid, roc_auc: 0.9520; loss: 0.5648; pr_auc: 0.9530; acc: 0.8537; f1: 0.8341; 
Thu 07 Mar 2024 22:11:18 INFO  [Train Info] Epoch: 230, train loss: 0.0481. [Evaluation metric]	Mode:valid, roc_auc: 0.9482; loss: 0.5704; pr_auc: 0.9451; acc: 0.8376; f1: 0.8120; 
Thu 07 Mar 2024 22:11:18 INFO  [Train Info] Epoch: 231, train loss: 0.0477. [Evaluation metric]	Mode:valid, roc_auc: 0.9504; loss: 0.5656; pr_auc: 0.9512; acc: 0.8514; f1: 0.8318; 
Thu 07 Mar 2024 22:11:18 INFO  [Train Info] Epoch: 232, train loss: 0.0456. [Evaluation metric]	Mode:valid, roc_auc: 0.9518; loss: 0.5596; pr_auc: 0.9518; acc: 0.8742; f1: 0.8615; 
Thu 07 Mar 2024 22:11:18 INFO  [Train Info] Epoch: 233, train loss: 0.0473. [Evaluation metric]	Mode:valid, roc_auc: 0.9506; loss: 0.5608; pr_auc: 0.9485; acc: 0.8682; f1: 0.8545; 
Thu 07 Mar 2024 22:11:18 INFO  [Train Info] Epoch: 234, train loss: 0.0490. [Evaluation metric]	Mode:valid, roc_auc: 0.9509; loss: 0.5658; pr_auc: 0.9517; acc: 0.8494; f1: 0.8280; 
Thu 07 Mar 2024 22:11:19 INFO  [Train Info] Epoch: 235, train loss: 0.0471. [Evaluation metric]	Mode:valid, roc_auc: 0.9477; loss: 0.5668; pr_auc: 0.9479; acc: 0.8492; f1: 0.8287; 
Thu 07 Mar 2024 22:11:19 INFO  [Train Info] Epoch: 236, train loss: 0.0445. [Evaluation metric]	Mode:valid, roc_auc: 0.9500; loss: 0.5644; pr_auc: 0.9500; acc: 0.8556; f1: 0.8364; 
Thu 07 Mar 2024 22:11:19 INFO  [Train Info] Epoch: 237, train loss: 0.0452. [Evaluation metric]	Mode:valid, roc_auc: 0.9463; loss: 0.5667; pr_auc: 0.9454; acc: 0.8497; f1: 0.8302; 
Thu 07 Mar 2024 22:11:19 INFO  [Train Info] Epoch: 238, train loss: 0.0459. [Evaluation metric]	Mode:valid, roc_auc: 0.9481; loss: 0.5648; pr_auc: 0.9470; acc: 0.8554; f1: 0.8371; 
Thu 07 Mar 2024 22:11:19 INFO  [Train Info] Epoch: 239, train loss: 0.0471. [Evaluation metric]	Mode:valid, roc_auc: 0.9496; loss: 0.5630; pr_auc: 0.9503; acc: 0.8614; f1: 0.8459; 
Thu 07 Mar 2024 22:11:19 INFO  [Train Info] Epoch: 240, train loss: 0.0464. [Evaluation metric]	Mode:valid, roc_auc: 0.9467; loss: 0.5626; pr_auc: 0.9436; acc: 0.8654; f1: 0.8514; 
Thu 07 Mar 2024 22:11:19 INFO  [Train Info] Epoch: 241, train loss: 0.0470. [Evaluation metric]	Mode:valid, roc_auc: 0.9466; loss: 0.5623; pr_auc: 0.9429; acc: 0.8654; f1: 0.8517; 
Thu 07 Mar 2024 22:11:19 INFO  [Train Info] Epoch: 242, train loss: 0.0453. [Evaluation metric]	Mode:valid, roc_auc: 0.9490; loss: 0.5614; pr_auc: 0.9479; acc: 0.8662; f1: 0.8522; 
Thu 07 Mar 2024 22:11:19 INFO  [Train Info] Epoch: 243, train loss: 0.0454. [Evaluation metric]	Mode:valid, roc_auc: 0.9510; loss: 0.5621; pr_auc: 0.9510; acc: 0.8625; f1: 0.8463; 
Thu 07 Mar 2024 22:11:19 INFO  [Train Info] Epoch: 244, train loss: 0.0445. [Evaluation metric]	Mode:valid, roc_auc: 0.9511; loss: 0.5638; pr_auc: 0.9507; acc: 0.8582; f1: 0.8400; 
Thu 07 Mar 2024 22:11:19 INFO  [Train Info] Epoch: 245, train loss: 0.0443. [Evaluation metric]	Mode:valid, roc_auc: 0.9509; loss: 0.5636; pr_auc: 0.9526; acc: 0.8593; f1: 0.8419; 
Thu 07 Mar 2024 22:11:19 INFO  [Train Info] Epoch: 246, train loss: 0.0446. [Evaluation metric]	Mode:valid, roc_auc: 0.9510; loss: 0.5612; pr_auc: 0.9490; acc: 0.8659; f1: 0.8515; 
Thu 07 Mar 2024 22:11:19 INFO  [Train Info] Epoch: 247, train loss: 0.0449. [Evaluation metric]	Mode:valid, roc_auc: 0.9503; loss: 0.5630; pr_auc: 0.9476; acc: 0.8621; f1: 0.8459; 
Thu 07 Mar 2024 22:11:19 INFO  [Train Info] Epoch: 248, train loss: 0.0416. [Evaluation metric]	Mode:valid, roc_auc: 0.9463; loss: 0.5697; pr_auc: 0.9426; acc: 0.8414; f1: 0.8186; 
Thu 07 Mar 2024 22:11:19 INFO  [Train Info] Epoch: 249, train loss: 0.0433. [Evaluation metric]	Mode:valid, roc_auc: 0.9493; loss: 0.5717; pr_auc: 0.9486; acc: 0.8314; f1: 0.8031; 
Thu 07 Mar 2024 22:11:19 INFO  [Train Info] Epoch: 250, train loss: 0.0456. [Evaluation metric]	Mode:valid, roc_auc: 0.9483; loss: 0.5653; pr_auc: 0.9477; acc: 0.8549; f1: 0.8368; 
Thu 07 Mar 2024 22:11:19 INFO  [Train Info] Epoch: 251, train loss: 0.0433. [Evaluation metric]	Mode:valid, roc_auc: 0.9508; loss: 0.5614; pr_auc: 0.9489; acc: 0.8662; f1: 0.8518; 
Thu 07 Mar 2024 22:11:19 INFO  [Train Info] Epoch: 252, train loss: 0.0445. [Evaluation metric]	Mode:valid, roc_auc: 0.9528; loss: 0.5626; pr_auc: 0.9529; acc: 0.8602; f1: 0.8433; 
Thu 07 Mar 2024 22:11:19 INFO  [Train Info] Epoch: 253, train loss: 0.0425. [Evaluation metric]	Mode:valid, roc_auc: 0.9525; loss: 0.5679; pr_auc: 0.9526; acc: 0.8425; f1: 0.8181; 
Thu 07 Mar 2024 22:11:19 INFO  [Train Info] Epoch: 254, train loss: 0.0422. [Evaluation metric]	Mode:valid, roc_auc: 0.9519; loss: 0.5711; pr_auc: 0.9489; acc: 0.8299; f1: 0.8001; 
Thu 07 Mar 2024 22:11:20 INFO  [Train Info] Epoch: 255, train loss: 0.0459. [Evaluation metric]	Mode:valid, roc_auc: 0.9528; loss: 0.5675; pr_auc: 0.9519; acc: 0.8435; f1: 0.8199; 
Thu 07 Mar 2024 22:11:20 INFO  [Train Info] Epoch: 256, train loss: 0.0442. [Evaluation metric]	Mode:valid, roc_auc: 0.9552; loss: 0.5627; pr_auc: 0.9536; acc: 0.8584; f1: 0.8402; 
Thu 07 Mar 2024 22:11:20 INFO  [Train Info] Epoch: 257, train loss: 0.0442. [Evaluation metric]	Mode:valid, roc_auc: 0.9577; loss: 0.5644; pr_auc: 0.9548; acc: 0.8537; f1: 0.8325; 
Thu 07 Mar 2024 22:11:20 INFO  [Train Info] Epoch: 258, train loss: 0.0465. [Evaluation metric]	Mode:valid, roc_auc: 0.9552; loss: 0.5746; pr_auc: 0.9533; acc: 0.8242; f1: 0.7913; 
Thu 07 Mar 2024 22:11:20 INFO  [Train Info] Epoch: 259, train loss: 0.0438. [Evaluation metric]	Mode:valid, roc_auc: 0.9535; loss: 0.5741; pr_auc: 0.9511; acc: 0.8262; f1: 0.7940; 
Thu 07 Mar 2024 22:11:20 INFO  [Train Info] Epoch: 260, train loss: 0.0440. [Evaluation metric]	Mode:valid, roc_auc: 0.9541; loss: 0.5675; pr_auc: 0.9496; acc: 0.8456; f1: 0.8226; 
Thu 07 Mar 2024 22:11:20 INFO  [Train Info] Epoch: 261, train loss: 0.0427. [Evaluation metric]	Mode:valid, roc_auc: 0.9565; loss: 0.5646; pr_auc: 0.9558; acc: 0.8546; f1: 0.8343; 
Thu 07 Mar 2024 22:11:20 INFO  [Train Info] Epoch: 262, train loss: 0.0459. [Evaluation metric]	Mode:valid, roc_auc: 0.9556; loss: 0.5720; pr_auc: 0.9525; acc: 0.8331; f1: 0.8040; 
Thu 07 Mar 2024 22:11:20 INFO  [Train Info] Epoch: 263, train loss: 0.0452. [Evaluation metric]	Mode:valid, roc_auc: 0.9555; loss: 0.5724; pr_auc: 0.9565; acc: 0.8299; f1: 0.7983; 
Thu 07 Mar 2024 22:11:20 INFO  [Train Info] Epoch: 264, train loss: 0.0424. [Evaluation metric]	Mode:valid, roc_auc: 0.9536; loss: 0.5675; pr_auc: 0.9517; acc: 0.8451; f1: 0.8215; 
Thu 07 Mar 2024 22:11:20 INFO  [Train Info] Epoch: 265, train loss: 0.0430. [Evaluation metric]	Mode:valid, roc_auc: 0.9528; loss: 0.5671; pr_auc: 0.9492; acc: 0.8465; f1: 0.8247; 
Thu 07 Mar 2024 22:11:20 INFO  [Train Info] Epoch: 266, train loss: 0.0427. [Evaluation metric]	Mode:valid, roc_auc: 0.9549; loss: 0.5663; pr_auc: 0.9509; acc: 0.8491; f1: 0.8269; 
Thu 07 Mar 2024 22:11:20 INFO  [Train Info] Epoch: 267, train loss: 0.0457. [Evaluation metric]	Mode:valid, roc_auc: 0.9568; loss: 0.5661; pr_auc: 0.9540; acc: 0.8489; f1: 0.8257; 
Thu 07 Mar 2024 22:11:20 INFO  [Train Info] Epoch: 268, train loss: 0.0419. [Evaluation metric]	Mode:valid, roc_auc: 0.9558; loss: 0.5659; pr_auc: 0.9526; acc: 0.8506; f1: 0.8287; 
Thu 07 Mar 2024 22:11:20 INFO  [Train Info] Epoch: 269, train loss: 0.0454. [Evaluation metric]	Mode:valid, roc_auc: 0.9566; loss: 0.5637; pr_auc: 0.9551; acc: 0.8551; f1: 0.8345; 
Thu 07 Mar 2024 22:11:20 INFO  [Train Info] Epoch: 270, train loss: 0.0432. [Evaluation metric]	Mode:valid, roc_auc: 0.9531; loss: 0.5653; pr_auc: 0.9473; acc: 0.8523; f1: 0.8316; 
Thu 07 Mar 2024 22:11:20 INFO  [Train Info] Epoch: 271, train loss: 0.0424. [Evaluation metric]	Mode:valid, roc_auc: 0.9531; loss: 0.5687; pr_auc: 0.9510; acc: 0.8406; f1: 0.8157; 
Thu 07 Mar 2024 22:11:20 INFO  [Train Info] Epoch: 272, train loss: 0.0442. [Evaluation metric]	Mode:valid, roc_auc: 0.9530; loss: 0.5689; pr_auc: 0.9510; acc: 0.8408; f1: 0.8157; 
Thu 07 Mar 2024 22:11:20 INFO  [Train Info] Epoch: 273, train loss: 0.0420. [Evaluation metric]	Mode:valid, roc_auc: 0.9533; loss: 0.5661; pr_auc: 0.9506; acc: 0.8496; f1: 0.8278; 
Thu 07 Mar 2024 22:11:20 INFO  [Train Info] Epoch: 274, train loss: 0.0409. [Evaluation metric]	Mode:valid, roc_auc: 0.9561; loss: 0.5614; pr_auc: 0.9560; acc: 0.8637; f1: 0.8470; 
Thu 07 Mar 2024 22:11:21 INFO  [Train Info] Epoch: 275, train loss: 0.0425. [Evaluation metric]	Mode:valid, roc_auc: 0.9570; loss: 0.5609; pr_auc: 0.9557; acc: 0.8666; f1: 0.8504; 
Thu 07 Mar 2024 22:11:21 INFO  [Train Info] Epoch: 276, train loss: 0.0394. [Evaluation metric]	Mode:valid, roc_auc: 0.9562; loss: 0.5649; pr_auc: 0.9555; acc: 0.8521; f1: 0.8308; 
Thu 07 Mar 2024 22:11:21 INFO  [Train Info] Epoch: 277, train loss: 0.0422. [Evaluation metric]	Mode:valid, roc_auc: 0.9545; loss: 0.5678; pr_auc: 0.9511; acc: 0.8424; f1: 0.8177; 
Thu 07 Mar 2024 22:11:21 INFO  [Train Info] Epoch: 278, train loss: 0.0473. [Evaluation metric]	Mode:valid, roc_auc: 0.9532; loss: 0.5628; pr_auc: 0.9505; acc: 0.8621; f1: 0.8456; 
Thu 07 Mar 2024 22:11:21 INFO  [Train Info] Epoch: 279, train loss: 0.0407. [Evaluation metric]	Mode:valid, roc_auc: 0.9546; loss: 0.5618; pr_auc: 0.9543; acc: 0.8629; f1: 0.8464; 
Thu 07 Mar 2024 22:11:21 INFO  [Train Info] Epoch: 280, train loss: 0.0428. [Evaluation metric]	Mode:valid, roc_auc: 0.9556; loss: 0.5656; pr_auc: 0.9555; acc: 0.8487; f1: 0.8260; 
Thu 07 Mar 2024 22:11:21 INFO  [Train Info] Epoch: 281, train loss: 0.0440. [Evaluation metric]	Mode:valid, roc_auc: 0.9546; loss: 0.5663; pr_auc: 0.9508; acc: 0.8478; f1: 0.8250; 
Thu 07 Mar 2024 22:11:21 INFO  [Train Info] Epoch: 282, train loss: 0.0431. [Evaluation metric]	Mode:valid, roc_auc: 0.9531; loss: 0.5667; pr_auc: 0.9522; acc: 0.8482; f1: 0.8263; 
Thu 07 Mar 2024 22:11:21 INFO  [Train Info] Epoch: 283, train loss: 0.0432. [Evaluation metric]	Mode:valid, roc_auc: 0.9540; loss: 0.5664; pr_auc: 0.9535; acc: 0.8484; f1: 0.8264; 
Thu 07 Mar 2024 22:11:21 INFO  [Train Info] Epoch: 284, train loss: 0.0451. [Evaluation metric]	Mode:valid, roc_auc: 0.9546; loss: 0.5674; pr_auc: 0.9552; acc: 0.8424; f1: 0.8176; 
Thu 07 Mar 2024 22:11:21 INFO  [Train Info] Epoch: 285, train loss: 0.0430. [Evaluation metric]	Mode:valid, roc_auc: 0.9523; loss: 0.5724; pr_auc: 0.9481; acc: 0.8298; f1: 0.8001; 
Thu 07 Mar 2024 22:11:21 INFO  [Train Info] Epoch: 286, train loss: 0.0456. [Evaluation metric]	Mode:valid, roc_auc: 0.9533; loss: 0.5697; pr_auc: 0.9485; acc: 0.8383; f1: 0.8119; 
Thu 07 Mar 2024 22:11:21 INFO  [Train Info] Epoch: 287, train loss: 0.0422. [Evaluation metric]	Mode:valid, roc_auc: 0.9569; loss: 0.5622; pr_auc: 0.9552; acc: 0.8583; f1: 0.8394; 
Thu 07 Mar 2024 22:11:21 INFO  [Train Info] Epoch: 288, train loss: 0.0431. [Evaluation metric]	Mode:valid, roc_auc: 0.9558; loss: 0.5626; pr_auc: 0.9560; acc: 0.8603; f1: 0.8426; 
Thu 07 Mar 2024 22:11:21 INFO  [Train Info] Epoch: 289, train loss: 0.0446. [Evaluation metric]	Mode:valid, roc_auc: 0.9564; loss: 0.5685; pr_auc: 0.9566; acc: 0.8385; f1: 0.8121; 
Thu 07 Mar 2024 22:11:21 INFO  [Train Info] Epoch: 290, train loss: 0.0417. [Evaluation metric]	Mode:valid, roc_auc: 0.9547; loss: 0.5763; pr_auc: 0.9541; acc: 0.8155; f1: 0.7778; 
Thu 07 Mar 2024 22:11:21 INFO  [Train Info] Epoch: 291, train loss: 0.0419. [Evaluation metric]	Mode:valid, roc_auc: 0.9512; loss: 0.5735; pr_auc: 0.9480; acc: 0.8265; f1: 0.7955; 
Thu 07 Mar 2024 22:11:21 INFO  [Train Info] Epoch: 292, train loss: 0.0395. [Evaluation metric]	Mode:valid, roc_auc: 0.9546; loss: 0.5620; pr_auc: 0.9528; acc: 0.8616; f1: 0.8448; 
Thu 07 Mar 2024 22:11:21 INFO  [Train Info] Epoch: 293, train loss: 0.0416. [Evaluation metric]	Mode:valid, roc_auc: 0.9550; loss: 0.5628; pr_auc: 0.9532; acc: 0.8596; f1: 0.8420; 
Thu 07 Mar 2024 22:11:21 INFO  [Train Info] Epoch: 294, train loss: 0.0439. [Evaluation metric]	Mode:valid, roc_auc: 0.9522; loss: 0.5766; pr_auc: 0.9486; acc: 0.8149; f1: 0.7775; 
Thu 07 Mar 2024 22:11:21 INFO  [Train Info] Epoch: 295, train loss: 0.0426. [Evaluation metric]	Mode:valid, roc_auc: 0.9568; loss: 0.5800; pr_auc: 0.9571; acc: 0.8021; f1: 0.7571; 
Thu 07 Mar 2024 22:11:21 INFO  [Train Info] Epoch: 296, train loss: 0.0456. [Evaluation metric]	Mode:valid, roc_auc: 0.9565; loss: 0.5671; pr_auc: 0.9544; acc: 0.8435; f1: 0.8187; 
Thu 07 Mar 2024 22:11:22 INFO  [Train Info] Epoch: 297, train loss: 0.0411. [Evaluation metric]	Mode:valid, roc_auc: 0.9571; loss: 0.5664; pr_auc: 0.9538; acc: 0.8461; f1: 0.8231; 
Thu 07 Mar 2024 22:11:22 INFO  [Train Info] Epoch: 298, train loss: 0.0429. [Evaluation metric]	Mode:valid, roc_auc: 0.9588; loss: 0.5789; pr_auc: 0.9566; acc: 0.8055; f1: 0.7623; 
Thu 07 Mar 2024 22:11:22 INFO  [Train Info] Epoch: 299, train loss: 0.0427. [Evaluation metric]	Mode:valid, roc_auc: 0.9562; loss: 0.5963; pr_auc: 0.9556; acc: 0.7488; f1: 0.6679; 
Thu 07 Mar 2024 22:11:22 INFO  [Train Info] Epoch: 300, train loss: 0.0460. [Evaluation metric]	Mode:valid, roc_auc: 0.9578; loss: 0.5723; pr_auc: 0.9557; acc: 0.8283; f1: 0.7969; 
Thu 07 Mar 2024 22:11:22 INFO  [Train Info] Epoch: 301, train loss: 0.0412. [Evaluation metric]	Mode:valid, roc_auc: 0.9589; loss: 0.5645; pr_auc: 0.9551; acc: 0.8491; f1: 0.8265; 
Thu 07 Mar 2024 22:11:22 INFO  [Train Info] Epoch: 302, train loss: 0.0470. [Evaluation metric]	Mode:valid, roc_auc: 0.9563; loss: 0.5753; pr_auc: 0.9514; acc: 0.8190; f1: 0.7834; 
Thu 07 Mar 2024 22:11:22 INFO  [Train Info] Epoch: 303, train loss: 0.0426. [Evaluation metric]	Mode:valid, roc_auc: 0.9539; loss: 0.5939; pr_auc: 0.9527; acc: 0.7586; f1: 0.6857; 
Thu 07 Mar 2024 22:11:22 INFO  [Train Info] Epoch: 304, train loss: 0.0466. [Evaluation metric]	Mode:valid, roc_auc: 0.9563; loss: 0.5758; pr_auc: 0.9538; acc: 0.8166; f1: 0.7798; 
Thu 07 Mar 2024 22:11:22 INFO  [Train Info] Epoch: 305, train loss: 0.0424. [Evaluation metric]	Mode:valid, roc_auc: 0.9569; loss: 0.5619; pr_auc: 0.9533; acc: 0.8626; f1: 0.8457; 
Thu 07 Mar 2024 22:11:22 INFO  [Train Info] Epoch: 306, train loss: 0.0404. [Evaluation metric]	Mode:valid, roc_auc: 0.9583; loss: 0.5599; pr_auc: 0.9577; acc: 0.8674; f1: 0.8517; 
Thu 07 Mar 2024 22:11:22 INFO  [Train Info] Epoch: 307, train loss: 0.0457. [Evaluation metric]	Mode:valid, roc_auc: 0.9590; loss: 0.5678; pr_auc: 0.9588; acc: 0.8429; f1: 0.8171; 
Thu 07 Mar 2024 22:11:22 INFO  [Train Info] Epoch: 308, train loss: 0.0403. [Evaluation metric]	Mode:valid, roc_auc: 0.9584; loss: 0.5744; pr_auc: 0.9581; acc: 0.8223; f1: 0.7877; 
Thu 07 Mar 2024 22:11:22 INFO  [Train Info] Epoch: 309, train loss: 0.0441. [Evaluation metric]	Mode:valid, roc_auc: 0.9595; loss: 0.5612; pr_auc: 0.9592; acc: 0.8639; f1: 0.8467; 
Thu 07 Mar 2024 22:11:22 INFO  [Train Info] Epoch: 310, train loss: 0.0396. [Evaluation metric]	Mode:valid, roc_auc: 0.9578; loss: 0.5591; pr_auc: 0.9557; acc: 0.8707; f1: 0.8569; 
Thu 07 Mar 2024 22:11:22 INFO  [Train Info] Epoch: 311, train loss: 0.0456. [Evaluation metric]	Mode:valid, roc_auc: 0.9606; loss: 0.5628; pr_auc: 0.9594; acc: 0.8553; f1: 0.8349; 
Thu 07 Mar 2024 22:11:22 INFO  [Train Info] Epoch: 312, train loss: 0.0431. [Evaluation metric]	Mode:valid, roc_auc: 0.9580; loss: 0.5759; pr_auc: 0.9517; acc: 0.8161; f1: 0.7787; 
Thu 07 Mar 2024 22:11:22 INFO  [Train Info] Epoch: 313, train loss: 0.0401. [Evaluation metric]	Mode:valid, roc_auc: 0.9607; loss: 0.5754; pr_auc: 0.9594; acc: 0.8152; f1: 0.7770; 
Thu 07 Mar 2024 22:11:22 INFO  [Train Info] Epoch: 314, train loss: 0.0429. [Evaluation metric]	Mode:valid, roc_auc: 0.9601; loss: 0.5654; pr_auc: 0.9588; acc: 0.8501; f1: 0.8278; 
Thu 07 Mar 2024 22:11:22 INFO  [Train Info] Epoch: 315, train loss: 0.0401. [Evaluation metric]	Mode:valid, roc_auc: 0.9597; loss: 0.5607; pr_auc: 0.9563; acc: 0.8653; f1: 0.8488; 
Thu 07 Mar 2024 22:11:22 INFO  [Train Info] Epoch: 316, train loss: 0.0427. [Evaluation metric]	Mode:valid, roc_auc: 0.9575; loss: 0.5662; pr_auc: 0.9545; acc: 0.8495; f1: 0.8276; 
Thu 07 Mar 2024 22:11:23 INFO  [Train Info] Epoch: 317, train loss: 0.0412. [Evaluation metric]	Mode:valid, roc_auc: 0.9570; loss: 0.5810; pr_auc: 0.9550; acc: 0.8008; f1: 0.7558; 
Thu 07 Mar 2024 22:11:23 INFO  [Train Info] Epoch: 318, train loss: 0.0448. [Evaluation metric]	Mode:valid, roc_auc: 0.9576; loss: 0.5728; pr_auc: 0.9564; acc: 0.8263; f1: 0.7941; 
Thu 07 Mar 2024 22:11:23 INFO  [Train Info] Epoch: 319, train loss: 0.0419. [Evaluation metric]	Mode:valid, roc_auc: 0.9598; loss: 0.5672; pr_auc: 0.9586; acc: 0.8418; f1: 0.8160; 
Thu 07 Mar 2024 22:11:23 INFO  [Train Info] Epoch: 320, train loss: 0.0398. [Evaluation metric]	Mode:valid, roc_auc: 0.9590; loss: 0.5668; pr_auc: 0.9581; acc: 0.8440; f1: 0.8190; 
Thu 07 Mar 2024 22:11:23 INFO  [Train Info] Epoch: 321, train loss: 0.0398. [Evaluation metric]	Mode:valid, roc_auc: 0.9564; loss: 0.5720; pr_auc: 0.9548; acc: 0.8285; f1: 0.7976; 
Thu 07 Mar 2024 22:11:23 INFO  [Train Info] Epoch: 322, train loss: 0.0411. [Evaluation metric]	Mode:valid, roc_auc: 0.9571; loss: 0.5702; pr_auc: 0.9548; acc: 0.8329; f1: 0.8039; 
Thu 07 Mar 2024 22:11:23 INFO  [Train Info] Epoch: 323, train loss: 0.0393. [Evaluation metric]	Mode:valid, roc_auc: 0.9583; loss: 0.5677; pr_auc: 0.9581; acc: 0.8408; f1: 0.8146; 
Thu 07 Mar 2024 22:11:23 INFO  [Train Info] Epoch: 324, train loss: 0.0429. [Evaluation metric]	Mode:valid, roc_auc: 0.9595; loss: 0.5679; pr_auc: 0.9578; acc: 0.8399; f1: 0.8128; 
Thu 07 Mar 2024 22:11:23 INFO  [Train Info] Epoch: 325, train loss: 0.0395. [Evaluation metric]	Mode:valid, roc_auc: 0.9550; loss: 0.5739; pr_auc: 0.9532; acc: 0.8242; f1: 0.7912; 
Thu 07 Mar 2024 22:11:23 INFO  [Train Info] Epoch: 326, train loss: 0.0379. [Evaluation metric]	Mode:valid, roc_auc: 0.9573; loss: 0.5769; pr_auc: 0.9544; acc: 0.8141; f1: 0.7755; 
Thu 07 Mar 2024 22:11:23 INFO  [Train Info] Epoch: 327, train loss: 0.0422. [Evaluation metric]	Mode:valid, roc_auc: 0.9571; loss: 0.5751; pr_auc: 0.9557; acc: 0.8190; f1: 0.7831; 
Thu 07 Mar 2024 22:11:23 INFO  [Train Info] Epoch: 328, train loss: 0.0406. [Evaluation metric]	Mode:valid, roc_auc: 0.9553; loss: 0.5744; pr_auc: 0.9518; acc: 0.8207; f1: 0.7861; 
Thu 07 Mar 2024 22:11:23 INFO  [Train Info] Epoch: 329, train loss: 0.0430. [Evaluation metric]	Mode:valid, roc_auc: 0.9554; loss: 0.5734; pr_auc: 0.9536; acc: 0.8226; f1: 0.7891; 
Thu 07 Mar 2024 22:11:23 INFO  [Train Info] Epoch: 330, train loss: 0.0404. [Evaluation metric]	Mode:valid, roc_auc: 0.9566; loss: 0.5796; pr_auc: 0.9575; acc: 0.8023; f1: 0.7578; 
Thu 07 Mar 2024 22:11:23 INFO  [Train Info] Epoch: 331, train loss: 0.0418. [Evaluation metric]	Mode:valid, roc_auc: 0.9575; loss: 0.5906; pr_auc: 0.9564; acc: 0.7671; f1: 0.6998; 
Thu 07 Mar 2024 22:11:23 INFO  [Train Info] Epoch: 332, train loss: 0.0421. [Evaluation metric]	Mode:valid, roc_auc: 0.9567; loss: 0.5895; pr_auc: 0.9530; acc: 0.7721; f1: 0.7095; 
Thu 07 Mar 2024 22:11:23 INFO  [Train Info] Epoch: 333, train loss: 0.0388. [Evaluation metric]	Mode:valid, roc_auc: 0.9556; loss: 0.5823; pr_auc: 0.9510; acc: 0.7963; f1: 0.7489; 
Thu 07 Mar 2024 22:11:23 INFO  [Train Info] Epoch: 334, train loss: 0.0439. [Evaluation metric]	Mode:valid, roc_auc: 0.9565; loss: 0.5787; pr_auc: 0.9547; acc: 0.8048; f1: 0.7620; 
Thu 07 Mar 2024 22:11:23 INFO  [Train Info] Epoch: 335, train loss: 0.0390. [Evaluation metric]	Mode:valid, roc_auc: 0.9580; loss: 0.5775; pr_auc: 0.9559; acc: 0.8058; f1: 0.7630; 
Thu 07 Mar 2024 22:11:24 INFO  [Train Info] Epoch: 336, train loss: 0.0417. [Evaluation metric]	Mode:valid, roc_auc: 0.9544; loss: 0.5748; pr_auc: 0.9491; acc: 0.8191; f1: 0.7851; 
Thu 07 Mar 2024 22:11:24 INFO  [Train Info] Epoch: 337, train loss: 0.0393. [Evaluation metric]	Mode:valid, roc_auc: 0.9575; loss: 0.5719; pr_auc: 0.9564; acc: 0.8259; f1: 0.7934; 
Thu 07 Mar 2024 22:11:24 INFO  [Train Info] Epoch: 338, train loss: 0.0392. [Evaluation metric]	Mode:valid, roc_auc: 0.9580; loss: 0.5766; pr_auc: 0.9565; acc: 0.8111; f1: 0.7710; 
Thu 07 Mar 2024 22:11:24 INFO  [Train Info] Epoch: 339, train loss: 0.0375. [Evaluation metric]	Mode:valid, roc_auc: 0.9579; loss: 0.5821; pr_auc: 0.9551; acc: 0.7956; f1: 0.7468; 
Thu 07 Mar 2024 22:11:24 INFO  [Train Info] Epoch: 340, train loss: 0.0381. [Evaluation metric]	Mode:valid, roc_auc: 0.9588; loss: 0.5850; pr_auc: 0.9589; acc: 0.7876; f1: 0.7332; 
Thu 07 Mar 2024 22:11:24 INFO  [Train Info] Epoch: 341, train loss: 0.0391. [Evaluation metric]	Mode:valid, roc_auc: 0.9552; loss: 0.5852; pr_auc: 0.9533; acc: 0.7863; f1: 0.7326; 
Thu 07 Mar 2024 22:11:24 INFO  [Train Info] Epoch: 342, train loss: 0.0385. [Evaluation metric]	Mode:valid, roc_auc: 0.9539; loss: 0.5831; pr_auc: 0.9489; acc: 0.7933; f1: 0.7440; 
Thu 07 Mar 2024 22:11:24 INFO  [Train Info] Epoch: 343, train loss: 0.0410. [Evaluation metric]	Mode:valid, roc_auc: 0.9551; loss: 0.5887; pr_auc: 0.9540; acc: 0.7739; f1: 0.7124; 
Thu 07 Mar 2024 22:11:24 INFO  [Train Info] Epoch: 344, train loss: 0.0396. [Evaluation metric]	Mode:valid, roc_auc: 0.9524; loss: 0.5921; pr_auc: 0.9481; acc: 0.7632; f1: 0.6947; 
Thu 07 Mar 2024 22:11:24 INFO  [Train Info] Epoch: 345, train loss: 0.0397. [Evaluation metric]	Mode:valid, roc_auc: 0.9559; loss: 0.5856; pr_auc: 0.9535; acc: 0.7847; f1: 0.7296; 
Thu 07 Mar 2024 22:11:24 INFO  [Train Info] Epoch: 346, train loss: 0.0396. [Evaluation metric]	Mode:valid, roc_auc: 0.9562; loss: 0.5841; pr_auc: 0.9549; acc: 0.7858; f1: 0.7311; 
Thu 07 Mar 2024 22:11:24 INFO  [Train Info] Epoch: 347, train loss: 0.0378. [Evaluation metric]	Mode:valid, roc_auc: 0.9555; loss: 0.5900; pr_auc: 0.9522; acc: 0.7688; f1: 0.7031; 
Thu 07 Mar 2024 22:11:24 INFO  [Train Info] Epoch: 348, train loss: 0.0403. [Evaluation metric]	Mode:valid, roc_auc: 0.9544; loss: 0.5970; pr_auc: 0.9505; acc: 0.7484; f1: 0.6679; 
Thu 07 Mar 2024 22:11:24 INFO  [Train Info] Epoch: 349, train loss: 0.0411. [Evaluation metric]	Mode:valid, roc_auc: 0.9550; loss: 0.5932; pr_auc: 0.9498; acc: 0.7583; f1: 0.6863; 
Thu 07 Mar 2024 22:11:24 INFO  [Train Info] Epoch: 350, train loss: 0.0375. [Evaluation metric]	Mode:valid, roc_auc: 0.9577; loss: 0.5807; pr_auc: 0.9551; acc: 0.7994; f1: 0.7533; 
Thu 07 Mar 2024 22:11:24 INFO  [Train Info] Epoch: 351, train loss: 0.0375. [Evaluation metric]	Mode:valid, roc_auc: 0.9568; loss: 0.5816; pr_auc: 0.9519; acc: 0.7950; f1: 0.7463; 
Thu 07 Mar 2024 22:11:24 INFO  [Train Info] Epoch: 352, train loss: 0.0408. [Evaluation metric]	Mode:valid, roc_auc: 0.9534; loss: 0.5949; pr_auc: 0.9465; acc: 0.7557; f1: 0.6814; 
Thu 07 Mar 2024 22:11:24 INFO  [Train Info] Epoch: 353, train loss: 0.0403. [Evaluation metric]	Mode:valid, roc_auc: 0.9494; loss: 0.6017; pr_auc: 0.9439; acc: 0.7345; f1: 0.6441; 
Thu 07 Mar 2024 22:11:24 INFO  [Train Info] Epoch: 354, train loss: 0.0392. [Evaluation metric]	Mode:valid, roc_auc: 0.9503; loss: 0.5975; pr_auc: 0.9465; acc: 0.7483; f1: 0.6678; 
Thu 07 Mar 2024 22:11:24 INFO  [Train Info] Epoch: 355, train loss: 0.0381. [Evaluation metric]	Mode:valid, roc_auc: 0.9522; loss: 0.5866; pr_auc: 0.9492; acc: 0.7806; f1: 0.7246; 
Thu 07 Mar 2024 22:11:24 INFO  [Train Info] Epoch: 356, train loss: 0.0380. [Evaluation metric]	Mode:valid, roc_auc: 0.9556; loss: 0.5800; pr_auc: 0.9520; acc: 0.8033; f1: 0.7593; 
Thu 07 Mar 2024 22:11:25 INFO  [Train Info] Epoch: 357, train loss: 0.0389. [Evaluation metric]	Mode:valid, roc_auc: 0.9552; loss: 0.5836; pr_auc: 0.9519; acc: 0.7911; f1: 0.7407; 
Thu 07 Mar 2024 22:11:25 INFO  [Train Info] Epoch: 358, train loss: 0.0396. [Evaluation metric]	Mode:valid, roc_auc: 0.9518; loss: 0.5905; pr_auc: 0.9487; acc: 0.7693; f1: 0.7045; 
Thu 07 Mar 2024 22:11:25 INFO  [Train Info] Epoch: 359, train loss: 0.0400. [Evaluation metric]	Mode:valid, roc_auc: 0.9467; loss: 0.6027; pr_auc: 0.9391; acc: 0.7315; f1: 0.6378; 
Thu 07 Mar 2024 22:11:25 INFO  [Train Info] Epoch: 360, train loss: 0.0417. [Evaluation metric]	Mode:valid, roc_auc: 0.9510; loss: 0.5910; pr_auc: 0.9473; acc: 0.7655; f1: 0.6987; 
Thu 07 Mar 2024 22:11:25 INFO  [Train Info] Epoch: 361, train loss: 0.0393. [Evaluation metric]	Mode:valid, roc_auc: 0.9545; loss: 0.5789; pr_auc: 0.9509; acc: 0.8060; f1: 0.7642; 
Thu 07 Mar 2024 22:11:25 INFO  [Train Info] Epoch: 362, train loss: 0.0388. [Evaluation metric]	Mode:valid, roc_auc: 0.9542; loss: 0.5800; pr_auc: 0.9522; acc: 0.8032; f1: 0.7598; 
Thu 07 Mar 2024 22:11:25 INFO  [Train Info] Epoch: 363, train loss: 0.0386. [Evaluation metric]	Mode:valid, roc_auc: 0.9539; loss: 0.5805; pr_auc: 0.9505; acc: 0.7990; f1: 0.7535; 
Thu 07 Mar 2024 22:11:25 INFO  [Train Info] Epoch: 364, train loss: 0.0400. [Evaluation metric]	Mode:valid, roc_auc: 0.9535; loss: 0.5804; pr_auc: 0.9504; acc: 0.7994; f1: 0.7543; 
Thu 07 Mar 2024 22:11:25 INFO  [Train Info] Epoch: 365, train loss: 0.0375. [Evaluation metric]	Mode:valid, roc_auc: 0.9527; loss: 0.5751; pr_auc: 0.9480; acc: 0.8184; f1: 0.7835; 
Thu 07 Mar 2024 22:11:25 INFO  [Train Info] Epoch: 366, train loss: 0.0389. [Evaluation metric]	Mode:valid, roc_auc: 0.9553; loss: 0.5729; pr_auc: 0.9517; acc: 0.8237; f1: 0.7904; 
Thu 07 Mar 2024 22:11:25 INFO  [Train Info] Epoch: 367, train loss: 0.0378. [Evaluation metric]	Mode:valid, roc_auc: 0.9531; loss: 0.5747; pr_auc: 0.9505; acc: 0.8214; f1: 0.7878; 
Thu 07 Mar 2024 22:11:25 INFO  [Train Info] Epoch: 368, train loss: 0.0391. [Evaluation metric]	Mode:valid, roc_auc: 0.9542; loss: 0.5789; pr_auc: 0.9518; acc: 0.8083; f1: 0.7669; 
Thu 07 Mar 2024 22:11:25 INFO  [Train Info] Epoch: 369, train loss: 0.0397. [Evaluation metric]	Mode:valid, roc_auc: 0.9538; loss: 0.5822; pr_auc: 0.9530; acc: 0.7960; f1: 0.7474; 
Thu 07 Mar 2024 22:11:25 INFO  [Train Info] Epoch: 370, train loss: 0.0392. [Evaluation metric]	Mode:valid, roc_auc: 0.9529; loss: 0.5839; pr_auc: 0.9492; acc: 0.7893; f1: 0.7382; 
Thu 07 Mar 2024 22:11:25 INFO  [Train Info] Epoch: 371, train loss: 0.0393. [Evaluation metric]	Mode:valid, roc_auc: 0.9526; loss: 0.5875; pr_auc: 0.9499; acc: 0.7757; f1: 0.7156; 
Thu 07 Mar 2024 22:11:25 INFO  [Train Info] Epoch: 372, train loss: 0.0375. [Evaluation metric]	Mode:valid, roc_auc: 0.9533; loss: 0.5900; pr_auc: 0.9496; acc: 0.7674; f1: 0.7015; 
Thu 07 Mar 2024 22:11:25 INFO  [Train Info] Epoch: 373, train loss: 0.0375. [Evaluation metric]	Mode:valid, roc_auc: 0.9536; loss: 0.5903; pr_auc: 0.9521; acc: 0.7693; f1: 0.7038; 
Thu 07 Mar 2024 22:11:25 INFO  [Train Info] Epoch: 374, train loss: 0.0374. [Evaluation metric]	Mode:valid, roc_auc: 0.9527; loss: 0.5900; pr_auc: 0.9490; acc: 0.7717; f1: 0.7090; 
Thu 07 Mar 2024 22:11:25 INFO  [Train Info] Epoch: 375, train loss: 0.0382. [Evaluation metric]	Mode:valid, roc_auc: 0.9485; loss: 0.5986; pr_auc: 0.9424; acc: 0.7423; f1: 0.6582; 
Thu 07 Mar 2024 22:11:25 INFO  [Train Info] Epoch: 376, train loss: 0.0376. [Evaluation metric]	Mode:valid, roc_auc: 0.9506; loss: 0.6022; pr_auc: 0.9473; acc: 0.7275; f1: 0.6293; 
Thu 07 Mar 2024 22:11:26 INFO  [Train Info] Epoch: 377, train loss: 0.0362. [Evaluation metric]	Mode:valid, roc_auc: 0.9494; loss: 0.5981; pr_auc: 0.9438; acc: 0.7433; f1: 0.6595; 
Thu 07 Mar 2024 22:11:26 INFO  [Train Info] Epoch: 378, train loss: 0.0372. [Evaluation metric]	Mode:valid, roc_auc: 0.9528; loss: 0.5868; pr_auc: 0.9496; acc: 0.7813; f1: 0.7237; 
Thu 07 Mar 2024 22:11:26 INFO  [Train Info] Epoch: 379, train loss: 0.0378. [Evaluation metric]	Mode:valid, roc_auc: 0.9513; loss: 0.5884; pr_auc: 0.9491; acc: 0.7763; f1: 0.7160; 
Thu 07 Mar 2024 22:11:26 INFO  [Train Info] Epoch: 380, train loss: 0.0407. [Evaluation metric]	Mode:valid, roc_auc: 0.9426; loss: 0.5961; pr_auc: 0.9378; acc: 0.7526; f1: 0.6771; 
Thu 07 Mar 2024 22:11:26 INFO  [Train Info] Epoch: 381, train loss: 0.0399. [Evaluation metric]	Mode:valid, roc_auc: 0.9477; loss: 0.5825; pr_auc: 0.9418; acc: 0.7985; f1: 0.7540; 
Thu 07 Mar 2024 22:11:26 INFO  [Train Info] Epoch: 382, train loss: 0.0349. [Evaluation metric]	Mode:valid, roc_auc: 0.9499; loss: 0.5769; pr_auc: 0.9454; acc: 0.8161; f1: 0.7806; 
Thu 07 Mar 2024 22:11:26 INFO  [Train Info] Epoch: 383, train loss: 0.0381. [Evaluation metric]	Mode:valid, roc_auc: 0.9500; loss: 0.5810; pr_auc: 0.9475; acc: 0.8040; f1: 0.7618; 
Thu 07 Mar 2024 22:11:26 INFO  [Train Info] Epoch: 384, train loss: 0.0395. [Evaluation metric]	Mode:valid, roc_auc: 0.9477; loss: 0.5933; pr_auc: 0.9447; acc: 0.7631; f1: 0.6935; 
Thu 07 Mar 2024 22:11:26 INFO  [Train Info] Epoch: 385, train loss: 0.0384. [Evaluation metric]	Mode:valid, roc_auc: 0.9452; loss: 0.5929; pr_auc: 0.9396; acc: 0.7661; f1: 0.7001; 
Thu 07 Mar 2024 22:11:26 INFO  [Train Info] Epoch: 386, train loss: 0.0372. [Evaluation metric]	Mode:valid, roc_auc: 0.9512; loss: 0.5760; pr_auc: 0.9464; acc: 0.8165; f1: 0.7811; 
Thu 07 Mar 2024 22:11:26 INFO  [Train Info] Epoch: 387, train loss: 0.0348. [Evaluation metric]	Mode:valid, roc_auc: 0.9558; loss: 0.5704; pr_auc: 0.9544; acc: 0.8309; f1: 0.8010; 
Thu 07 Mar 2024 22:11:26 INFO  [Train Info] Epoch: 388, train loss: 0.0385. [Evaluation metric]	Mode:valid, roc_auc: 0.9473; loss: 0.5851; pr_auc: 0.9428; acc: 0.7874; f1: 0.7351; 
Thu 07 Mar 2024 22:11:26 INFO  [Train Info] Epoch: 389, train loss: 0.0383. [Evaluation metric]	Mode:valid, roc_auc: 0.9458; loss: 0.5903; pr_auc: 0.9432; acc: 0.7730; f1: 0.7109; 
Thu 07 Mar 2024 22:11:26 INFO  [Train Info] Epoch: 390, train loss: 0.0390. [Evaluation metric]	Mode:valid, roc_auc: 0.9483; loss: 0.5812; pr_auc: 0.9454; acc: 0.8029; f1: 0.7600; 
Thu 07 Mar 2024 22:11:26 INFO  [Train Info] Epoch: 391, train loss: 0.0393. [Evaluation metric]	Mode:valid, roc_auc: 0.9483; loss: 0.5808; pr_auc: 0.9456; acc: 0.8041; f1: 0.7620; 
Thu 07 Mar 2024 22:11:26 INFO  [Train Info] Epoch: 392, train loss: 0.0365. [Evaluation metric]	Mode:valid, roc_auc: 0.9467; loss: 0.5890; pr_auc: 0.9442; acc: 0.7754; f1: 0.7154; 
Thu 07 Mar 2024 22:11:26 INFO  [Train Info] Epoch: 393, train loss: 0.0357. [Evaluation metric]	Mode:valid, roc_auc: 0.9443; loss: 0.5905; pr_auc: 0.9408; acc: 0.7735; f1: 0.7124; 
Thu 07 Mar 2024 22:11:26 INFO  [Train Info] Epoch: 394, train loss: 0.0387. [Evaluation metric]	Mode:valid, roc_auc: 0.9444; loss: 0.5910; pr_auc: 0.9408; acc: 0.7706; f1: 0.7072; 
Thu 07 Mar 2024 22:11:26 INFO  [Train Info] Epoch: 395, train loss: 0.0401. [Evaluation metric]	Mode:valid, roc_auc: 0.9451; loss: 0.5909; pr_auc: 0.9419; acc: 0.7711; f1: 0.7085; 
Thu 07 Mar 2024 22:11:26 INFO  [Train Info] Epoch: 396, train loss: 0.0392. [Evaluation metric]	Mode:valid, roc_auc: 0.9453; loss: 0.5915; pr_auc: 0.9408; acc: 0.7711; f1: 0.7086; 
Thu 07 Mar 2024 22:11:26 INFO  [Train Info] Epoch: 397, train loss: 0.0376. [Evaluation metric]	Mode:valid, roc_auc: 0.9468; loss: 0.5884; pr_auc: 0.9412; acc: 0.7797; f1: 0.7222; 
Thu 07 Mar 2024 22:11:27 INFO  [Train Info] Epoch: 398, train loss: 0.0401. [Evaluation metric]	Mode:valid, roc_auc: 0.9420; loss: 0.5938; pr_auc: 0.9345; acc: 0.7667; f1: 0.7017; 
Thu 07 Mar 2024 22:11:27 INFO  [Train Info] Epoch: 399, train loss: 0.0372. [Evaluation metric]	Mode:valid, roc_auc: 0.9427; loss: 0.5908; pr_auc: 0.9394; acc: 0.7745; f1: 0.7145; 
Thu 07 Mar 2024 22:11:27 INFO  [Train Info] Epoch: 400, train loss: 0.0384. [Evaluation metric]	Mode:valid, roc_auc: 0.9450; loss: 0.5861; pr_auc: 0.9417; acc: 0.7877; f1: 0.7359; 
Thu 07 Mar 2024 22:11:27 INFO  [Train Info] Epoch: 401, train loss: 0.0400. [Evaluation metric]	Mode:valid, roc_auc: 0.9438; loss: 0.5891; pr_auc: 0.9424; acc: 0.7780; f1: 0.7193; 
Thu 07 Mar 2024 22:11:27 INFO  [Train Info] Epoch: 402, train loss: 0.0382. [Evaluation metric]	Mode:valid, roc_auc: 0.9433; loss: 0.5924; pr_auc: 0.9393; acc: 0.7678; f1: 0.7030; 
Thu 07 Mar 2024 22:11:27 INFO  [Train Info] Epoch: 403, train loss: 0.0369. [Evaluation metric]	Mode:valid, roc_auc: 0.9464; loss: 0.5916; pr_auc: 0.9432; acc: 0.7739; f1: 0.7122; 
Thu 07 Mar 2024 22:11:27 INFO  [Train Info] Epoch: 404, train loss: 0.0369. [Evaluation metric]	Mode:valid, roc_auc: 0.9434; loss: 0.5958; pr_auc: 0.9369; acc: 0.7576; f1: 0.6867; 
Thu 07 Mar 2024 22:11:27 INFO  [Train Info] Epoch: 405, train loss: 0.0367. [Evaluation metric]	Mode:valid, roc_auc: 0.9468; loss: 0.5974; pr_auc: 0.9427; acc: 0.7531; f1: 0.6766; 
Thu 07 Mar 2024 22:11:27 INFO  [Train Info] Epoch: 406, train loss: 0.0381. [Evaluation metric]	Mode:valid, roc_auc: 0.9364; loss: 0.6065; pr_auc: 0.9258; acc: 0.7247; f1: 0.6276; 
Thu 07 Mar 2024 22:11:27 INFO  [Train Info] Epoch: 407, train loss: 0.0355. [Evaluation metric]	Mode:valid, roc_auc: 0.9400; loss: 0.5994; pr_auc: 0.9324; acc: 0.7413; f1: 0.6570; 
Thu 07 Mar 2024 22:11:27 INFO  [Train Info] Epoch: 408, train loss: 0.0406. [Evaluation metric]	Mode:valid, roc_auc: 0.9453; loss: 0.5905; pr_auc: 0.9393; acc: 0.7725; f1: 0.7112; 
Thu 07 Mar 2024 22:11:27 INFO  [Train Info] Epoch: 409, train loss: 0.0382. [Evaluation metric]	Mode:valid, roc_auc: 0.9401; loss: 0.6066; pr_auc: 0.9325; acc: 0.7191; f1: 0.6158; 
Thu 07 Mar 2024 22:11:27 INFO  [Train Info] Epoch: 410, train loss: 0.0379. [Evaluation metric]	Mode:valid, roc_auc: 0.9289; loss: 0.6295; pr_auc: 0.9185; acc: 0.6450; f1: 0.4541; 
Thu 07 Mar 2024 22:11:27 INFO  [Train Info] Early Stop!	Epoch:410.
Thu 07 Mar 2024 22:11:27 INFO  [Train Info] [Evaluation metric]	Mode:test, roc_auc: 0.9570; loss: 0.5591; pr_auc: 0.9536; acc: 0.8706; f1: 0.8568; 
