Thu 07 Mar 2024 22:24:49 INFO  [Config Info]	Model: SimpleHGN,	Task: link_prediction,	Dataset: NDFRT_DDA
Thu 07 Mar 2024 22:24:50 INFO  [Init Task] The task: link prediction, the dataset: NDFRT_DDA, the evaluation metric is roc_auc, the score function: distmult 
Thu 07 Mar 2024 22:24:51 INFO  [Feature Transformation] Assign embedding as features, because hg.ndata is empty.
Thu 07 Mar 2024 22:24:53 INFO  [Train Info] Epoch: 000, train loss: 0.7857. [Evaluation metric]	Mode:valid, roc_auc: 0.6034; loss: 0.7184; pr_auc: 0.5577; acc: 0.5848; f1: 0.6271; 
Thu 07 Mar 2024 22:24:53 INFO  [Train Info] Epoch: 001, train loss: 0.6945. [Evaluation metric]	Mode:valid, roc_auc: 0.6923; loss: 0.7093; pr_auc: 0.6396; acc: 0.6492; f1: 0.6904; 
Thu 07 Mar 2024 22:24:53 INFO  [Train Info] Epoch: 002, train loss: 0.6307. [Evaluation metric]	Mode:valid, roc_auc: 0.7535; loss: 0.7006; pr_auc: 0.7129; acc: 0.6869; f1: 0.7186; 
Thu 07 Mar 2024 22:24:53 INFO  [Train Info] Epoch: 003, train loss: 0.5728. [Evaluation metric]	Mode:valid, roc_auc: 0.8036; loss: 0.6898; pr_auc: 0.7793; acc: 0.7261; f1: 0.7436; 
Thu 07 Mar 2024 22:24:53 INFO  [Train Info] Epoch: 004, train loss: 0.5230. [Evaluation metric]	Mode:valid, roc_auc: 0.8365; loss: 0.6801; pr_auc: 0.8245; acc: 0.7543; f1: 0.7629; 
Thu 07 Mar 2024 22:24:54 INFO  [Train Info] Epoch: 005, train loss: 0.4720. [Evaluation metric]	Mode:valid, roc_auc: 0.8497; loss: 0.6730; pr_auc: 0.8489; acc: 0.7652; f1: 0.7703; 
Thu 07 Mar 2024 22:24:54 INFO  [Train Info] Epoch: 006, train loss: 0.4333. [Evaluation metric]	Mode:valid, roc_auc: 0.8625; loss: 0.6648; pr_auc: 0.8655; acc: 0.7778; f1: 0.7803; 
Thu 07 Mar 2024 22:24:54 INFO  [Train Info] Epoch: 007, train loss: 0.3967. [Evaluation metric]	Mode:valid, roc_auc: 0.8749; loss: 0.6556; pr_auc: 0.8801; acc: 0.7870; f1: 0.7864; 
Thu 07 Mar 2024 22:24:54 INFO  [Train Info] Epoch: 008, train loss: 0.3735. [Evaluation metric]	Mode:valid, roc_auc: 0.8822; loss: 0.6484; pr_auc: 0.8871; acc: 0.7969; f1: 0.7950; 
Thu 07 Mar 2024 22:24:54 INFO  [Train Info] Epoch: 009, train loss: 0.3342. [Evaluation metric]	Mode:valid, roc_auc: 0.8850; loss: 0.6422; pr_auc: 0.8868; acc: 0.8012; f1: 0.7989; 
Thu 07 Mar 2024 22:24:54 INFO  [Train Info] Epoch: 010, train loss: 0.3089. [Evaluation metric]	Mode:valid, roc_auc: 0.8944; loss: 0.6346; pr_auc: 0.8990; acc: 0.8056; f1: 0.8026; 
Thu 07 Mar 2024 22:24:55 INFO  [Train Info] Epoch: 011, train loss: 0.2929. [Evaluation metric]	Mode:valid, roc_auc: 0.9000; loss: 0.6293; pr_auc: 0.9022; acc: 0.8185; f1: 0.8132; 
Thu 07 Mar 2024 22:24:55 INFO  [Train Info] Epoch: 012, train loss: 0.2684. [Evaluation metric]	Mode:valid, roc_auc: 0.9039; loss: 0.6238; pr_auc: 0.9057; acc: 0.8218; f1: 0.8158; 
Thu 07 Mar 2024 22:24:55 INFO  [Train Info] Epoch: 013, train loss: 0.2516. [Evaluation metric]	Mode:valid, roc_auc: 0.9106; loss: 0.6178; pr_auc: 0.9121; acc: 0.8274; f1: 0.8186; 
Thu 07 Mar 2024 22:24:55 INFO  [Train Info] Epoch: 014, train loss: 0.2386. [Evaluation metric]	Mode:valid, roc_auc: 0.9129; loss: 0.6141; pr_auc: 0.9120; acc: 0.8308; f1: 0.8219; 
Thu 07 Mar 2024 22:24:55 INFO  [Train Info] Epoch: 015, train loss: 0.2222. [Evaluation metric]	Mode:valid, roc_auc: 0.9174; loss: 0.6105; pr_auc: 0.9155; acc: 0.8380; f1: 0.8298; 
Thu 07 Mar 2024 22:24:56 INFO  [Train Info] Epoch: 016, train loss: 0.2098. [Evaluation metric]	Mode:valid, roc_auc: 0.9215; loss: 0.6072; pr_auc: 0.9209; acc: 0.8427; f1: 0.8345; 
Thu 07 Mar 2024 22:24:56 INFO  [Train Info] Epoch: 017, train loss: 0.1990. [Evaluation metric]	Mode:valid, roc_auc: 0.9255; loss: 0.6039; pr_auc: 0.9235; acc: 0.8467; f1: 0.8387; 
Thu 07 Mar 2024 22:24:56 INFO  [Train Info] Epoch: 018, train loss: 0.1912. [Evaluation metric]	Mode:valid, roc_auc: 0.9322; loss: 0.5989; pr_auc: 0.9292; acc: 0.8560; f1: 0.8477; 
Thu 07 Mar 2024 22:24:56 INFO  [Train Info] Epoch: 019, train loss: 0.1828. [Evaluation metric]	Mode:valid, roc_auc: 0.9311; loss: 0.5985; pr_auc: 0.9290; acc: 0.8547; f1: 0.8466; 
Thu 07 Mar 2024 22:24:56 INFO  [Train Info] Epoch: 020, train loss: 0.1730. [Evaluation metric]	Mode:valid, roc_auc: 0.9351; loss: 0.5949; pr_auc: 0.9335; acc: 0.8583; f1: 0.8497; 
Thu 07 Mar 2024 22:24:56 INFO  [Train Info] Epoch: 021, train loss: 0.1694. [Evaluation metric]	Mode:valid, roc_auc: 0.9361; loss: 0.5937; pr_auc: 0.9357; acc: 0.8604; f1: 0.8513; 
Thu 07 Mar 2024 22:24:57 INFO  [Train Info] Epoch: 022, train loss: 0.1622. [Evaluation metric]	Mode:valid, roc_auc: 0.9372; loss: 0.5925; pr_auc: 0.9342; acc: 0.8618; f1: 0.8538; 
Thu 07 Mar 2024 22:24:57 INFO  [Train Info] Epoch: 023, train loss: 0.1539. [Evaluation metric]	Mode:valid, roc_auc: 0.9362; loss: 0.5928; pr_auc: 0.9312; acc: 0.8591; f1: 0.8528; 
Thu 07 Mar 2024 22:24:57 INFO  [Train Info] Epoch: 024, train loss: 0.1514. [Evaluation metric]	Mode:valid, roc_auc: 0.9375; loss: 0.5916; pr_auc: 0.9340; acc: 0.8609; f1: 0.8544; 
Thu 07 Mar 2024 22:24:57 INFO  [Train Info] Epoch: 025, train loss: 0.1431. [Evaluation metric]	Mode:valid, roc_auc: 0.9415; loss: 0.5877; pr_auc: 0.9384; acc: 0.8648; f1: 0.8564; 
Thu 07 Mar 2024 22:24:57 INFO  [Train Info] Epoch: 026, train loss: 0.1372. [Evaluation metric]	Mode:valid, roc_auc: 0.9452; loss: 0.5839; pr_auc: 0.9425; acc: 0.8680; f1: 0.8584; 
Thu 07 Mar 2024 22:24:57 INFO  [Train Info] Epoch: 027, train loss: 0.1358. [Evaluation metric]	Mode:valid, roc_auc: 0.9438; loss: 0.5848; pr_auc: 0.9405; acc: 0.8657; f1: 0.8574; 
Thu 07 Mar 2024 22:24:57 INFO  [Train Info] Epoch: 028, train loss: 0.1301. [Evaluation metric]	Mode:valid, roc_auc: 0.9445; loss: 0.5826; pr_auc: 0.9376; acc: 0.8698; f1: 0.8620; 
Thu 07 Mar 2024 22:24:58 INFO  [Train Info] Epoch: 029, train loss: 0.1258. [Evaluation metric]	Mode:valid, roc_auc: 0.9453; loss: 0.5819; pr_auc: 0.9402; acc: 0.8690; f1: 0.8604; 
Thu 07 Mar 2024 22:24:58 INFO  [Train Info] Epoch: 030, train loss: 0.1246. [Evaluation metric]	Mode:valid, roc_auc: 0.9477; loss: 0.5798; pr_auc: 0.9458; acc: 0.8729; f1: 0.8648; 
Thu 07 Mar 2024 22:24:58 INFO  [Train Info] Epoch: 031, train loss: 0.1204. [Evaluation metric]	Mode:valid, roc_auc: 0.9439; loss: 0.5813; pr_auc: 0.9388; acc: 0.8677; f1: 0.8592; 
Thu 07 Mar 2024 22:24:58 INFO  [Train Info] Epoch: 032, train loss: 0.1173. [Evaluation metric]	Mode:valid, roc_auc: 0.9494; loss: 0.5775; pr_auc: 0.9482; acc: 0.8714; f1: 0.8617; 
Thu 07 Mar 2024 22:24:58 INFO  [Train Info] Epoch: 033, train loss: 0.1174. [Evaluation metric]	Mode:valid, roc_auc: 0.9472; loss: 0.5778; pr_auc: 0.9430; acc: 0.8679; f1: 0.8570; 
Thu 07 Mar 2024 22:24:58 INFO  [Train Info] Epoch: 034, train loss: 0.1163. [Evaluation metric]	Mode:valid, roc_auc: 0.9493; loss: 0.5760; pr_auc: 0.9465; acc: 0.8698; f1: 0.8592; 
Thu 07 Mar 2024 22:24:58 INFO  [Train Info] Epoch: 035, train loss: 0.1107. [Evaluation metric]	Mode:valid, roc_auc: 0.9494; loss: 0.5775; pr_auc: 0.9484; acc: 0.8727; f1: 0.8645; 
Thu 07 Mar 2024 22:24:59 INFO  [Train Info] Epoch: 036, train loss: 0.1089. [Evaluation metric]	Mode:valid, roc_auc: 0.9512; loss: 0.5763; pr_auc: 0.9516; acc: 0.8741; f1: 0.8659; 
Thu 07 Mar 2024 22:24:59 INFO  [Train Info] Epoch: 037, train loss: 0.1082. [Evaluation metric]	Mode:valid, roc_auc: 0.9510; loss: 0.5757; pr_auc: 0.9491; acc: 0.8737; f1: 0.8641; 
Thu 07 Mar 2024 22:24:59 INFO  [Train Info] Epoch: 038, train loss: 0.1057. [Evaluation metric]	Mode:valid, roc_auc: 0.9511; loss: 0.5753; pr_auc: 0.9502; acc: 0.8717; f1: 0.8615; 
Thu 07 Mar 2024 22:24:59 INFO  [Train Info] Epoch: 039, train loss: 0.1042. [Evaluation metric]	Mode:valid, roc_auc: 0.9531; loss: 0.5739; pr_auc: 0.9505; acc: 0.8766; f1: 0.8675; 
Thu 07 Mar 2024 22:24:59 INFO  [Train Info] Epoch: 040, train loss: 0.0989. [Evaluation metric]	Mode:valid, roc_auc: 0.9534; loss: 0.5739; pr_auc: 0.9531; acc: 0.8800; f1: 0.8721; 
Thu 07 Mar 2024 22:24:59 INFO  [Train Info] Epoch: 041, train loss: 0.0967. [Evaluation metric]	Mode:valid, roc_auc: 0.9531; loss: 0.5739; pr_auc: 0.9494; acc: 0.8805; f1: 0.8727; 
Thu 07 Mar 2024 22:25:00 INFO  [Train Info] Epoch: 042, train loss: 0.0981. [Evaluation metric]	Mode:valid, roc_auc: 0.9528; loss: 0.5734; pr_auc: 0.9536; acc: 0.8751; f1: 0.8659; 
Thu 07 Mar 2024 22:25:00 INFO  [Train Info] Epoch: 043, train loss: 0.0977. [Evaluation metric]	Mode:valid, roc_auc: 0.9516; loss: 0.5729; pr_auc: 0.9486; acc: 0.8737; f1: 0.8627; 
Thu 07 Mar 2024 22:25:00 INFO  [Train Info] Epoch: 044, train loss: 0.0932. [Evaluation metric]	Mode:valid, roc_auc: 0.9536; loss: 0.5719; pr_auc: 0.9531; acc: 0.8730; f1: 0.8612; 
Thu 07 Mar 2024 22:25:00 INFO  [Train Info] Epoch: 045, train loss: 0.0965. [Evaluation metric]	Mode:valid, roc_auc: 0.9534; loss: 0.5718; pr_auc: 0.9504; acc: 0.8745; f1: 0.8639; 
Thu 07 Mar 2024 22:25:00 INFO  [Train Info] Epoch: 046, train loss: 0.0936. [Evaluation metric]	Mode:valid, roc_auc: 0.9510; loss: 0.5740; pr_auc: 0.9483; acc: 0.8772; f1: 0.8691; 
Thu 07 Mar 2024 22:25:00 INFO  [Train Info] Epoch: 047, train loss: 0.0911. [Evaluation metric]	Mode:valid, roc_auc: 0.9543; loss: 0.5726; pr_auc: 0.9540; acc: 0.8797; f1: 0.8720; 
Thu 07 Mar 2024 22:25:00 INFO  [Train Info] Epoch: 048, train loss: 0.0937. [Evaluation metric]	Mode:valid, roc_auc: 0.9549; loss: 0.5714; pr_auc: 0.9526; acc: 0.8810; f1: 0.8722; 
Thu 07 Mar 2024 22:25:01 INFO  [Train Info] Epoch: 049, train loss: 0.0933. [Evaluation metric]	Mode:valid, roc_auc: 0.9547; loss: 0.5706; pr_auc: 0.9516; acc: 0.8775; f1: 0.8669; 
Thu 07 Mar 2024 22:25:01 INFO  [Train Info] Epoch: 050, train loss: 0.0902. [Evaluation metric]	Mode:valid, roc_auc: 0.9541; loss: 0.5712; pr_auc: 0.9527; acc: 0.8761; f1: 0.8655; 
Thu 07 Mar 2024 22:25:01 INFO  [Train Info] Epoch: 051, train loss: 0.0896. [Evaluation metric]	Mode:valid, roc_auc: 0.9542; loss: 0.5713; pr_auc: 0.9521; acc: 0.8783; f1: 0.8688; 
Thu 07 Mar 2024 22:25:01 INFO  [Train Info] Epoch: 052, train loss: 0.0853. [Evaluation metric]	Mode:valid, roc_auc: 0.9550; loss: 0.5710; pr_auc: 0.9499; acc: 0.8809; f1: 0.8729; 
Thu 07 Mar 2024 22:25:01 INFO  [Train Info] Epoch: 053, train loss: 0.0859. [Evaluation metric]	Mode:valid, roc_auc: 0.9561; loss: 0.5703; pr_auc: 0.9525; acc: 0.8826; f1: 0.8752; 
Thu 07 Mar 2024 22:25:01 INFO  [Train Info] Epoch: 054, train loss: 0.0872. [Evaluation metric]	Mode:valid, roc_auc: 0.9562; loss: 0.5701; pr_auc: 0.9539; acc: 0.8830; f1: 0.8746; 
Thu 07 Mar 2024 22:25:01 INFO  [Train Info] Epoch: 055, train loss: 0.0813. [Evaluation metric]	Mode:valid, roc_auc: 0.9535; loss: 0.5709; pr_auc: 0.9508; acc: 0.8766; f1: 0.8666; 
Thu 07 Mar 2024 22:25:01 INFO  [Train Info] Epoch: 056, train loss: 0.0821. [Evaluation metric]	Mode:valid, roc_auc: 0.9544; loss: 0.5697; pr_auc: 0.9497; acc: 0.8742; f1: 0.8623; 
Thu 07 Mar 2024 22:25:02 INFO  [Train Info] Epoch: 057, train loss: 0.0864. [Evaluation metric]	Mode:valid, roc_auc: 0.9533; loss: 0.5705; pr_auc: 0.9484; acc: 0.8752; f1: 0.8632; 
Thu 07 Mar 2024 22:25:02 INFO  [Train Info] Epoch: 058, train loss: 0.0854. [Evaluation metric]	Mode:valid, roc_auc: 0.9566; loss: 0.5693; pr_auc: 0.9549; acc: 0.8798; f1: 0.8700; 
Thu 07 Mar 2024 22:25:02 INFO  [Train Info] Epoch: 059, train loss: 0.0810. [Evaluation metric]	Mode:valid, roc_auc: 0.9552; loss: 0.5705; pr_auc: 0.9520; acc: 0.8832; f1: 0.8754; 
Thu 07 Mar 2024 22:25:02 INFO  [Train Info] Epoch: 060, train loss: 0.0793. [Evaluation metric]	Mode:valid, roc_auc: 0.9559; loss: 0.5706; pr_auc: 0.9534; acc: 0.8832; f1: 0.8759; 
Thu 07 Mar 2024 22:25:02 INFO  [Train Info] Epoch: 061, train loss: 0.0840. [Evaluation metric]	Mode:valid, roc_auc: 0.9568; loss: 0.5689; pr_auc: 0.9540; acc: 0.8845; f1: 0.8763; 
Thu 07 Mar 2024 22:25:02 INFO  [Train Info] Epoch: 062, train loss: 0.0784. [Evaluation metric]	Mode:valid, roc_auc: 0.9571; loss: 0.5688; pr_auc: 0.9560; acc: 0.8806; f1: 0.8709; 
Thu 07 Mar 2024 22:25:03 INFO  [Train Info] Epoch: 063, train loss: 0.0805. [Evaluation metric]	Mode:valid, roc_auc: 0.9579; loss: 0.5679; pr_auc: 0.9576; acc: 0.8799; f1: 0.8695; 
Thu 07 Mar 2024 22:25:03 INFO  [Train Info] Epoch: 064, train loss: 0.0838. [Evaluation metric]	Mode:valid, roc_auc: 0.9564; loss: 0.5690; pr_auc: 0.9555; acc: 0.8796; f1: 0.8695; 
Thu 07 Mar 2024 22:25:03 INFO  [Train Info] Epoch: 065, train loss: 0.0794. [Evaluation metric]	Mode:valid, roc_auc: 0.9558; loss: 0.5691; pr_auc: 0.9517; acc: 0.8829; f1: 0.8744; 
Thu 07 Mar 2024 22:25:03 INFO  [Train Info] Epoch: 066, train loss: 0.0805. [Evaluation metric]	Mode:valid, roc_auc: 0.9576; loss: 0.5683; pr_auc: 0.9579; acc: 0.8839; f1: 0.8759; 
Thu 07 Mar 2024 22:25:03 INFO  [Train Info] Epoch: 067, train loss: 0.0765. [Evaluation metric]	Mode:valid, roc_auc: 0.9551; loss: 0.5699; pr_auc: 0.9533; acc: 0.8827; f1: 0.8743; 
Thu 07 Mar 2024 22:25:03 INFO  [Train Info] Epoch: 068, train loss: 0.0743. [Evaluation metric]	Mode:valid, roc_auc: 0.9566; loss: 0.5683; pr_auc: 0.9555; acc: 0.8810; f1: 0.8710; 
Thu 07 Mar 2024 22:25:03 INFO  [Train Info] Epoch: 069, train loss: 0.0730. [Evaluation metric]	Mode:valid, roc_auc: 0.9538; loss: 0.5694; pr_auc: 0.9533; acc: 0.8749; f1: 0.8638; 
Thu 07 Mar 2024 22:25:04 INFO  [Train Info] Epoch: 070, train loss: 0.0751. [Evaluation metric]	Mode:valid, roc_auc: 0.9557; loss: 0.5684; pr_auc: 0.9553; acc: 0.8762; f1: 0.8649; 
Thu 07 Mar 2024 22:25:04 INFO  [Train Info] Epoch: 071, train loss: 0.0770. [Evaluation metric]	Mode:valid, roc_auc: 0.9566; loss: 0.5679; pr_auc: 0.9562; acc: 0.8798; f1: 0.8697; 
Thu 07 Mar 2024 22:25:04 INFO  [Train Info] Epoch: 072, train loss: 0.0751. [Evaluation metric]	Mode:valid, roc_auc: 0.9562; loss: 0.5680; pr_auc: 0.9542; acc: 0.8822; f1: 0.8729; 
Thu 07 Mar 2024 22:25:04 INFO  [Train Info] Epoch: 073, train loss: 0.0763. [Evaluation metric]	Mode:valid, roc_auc: 0.9574; loss: 0.5673; pr_auc: 0.9550; acc: 0.8832; f1: 0.8743; 
Thu 07 Mar 2024 22:25:04 INFO  [Train Info] Epoch: 074, train loss: 0.0791. [Evaluation metric]	Mode:valid, roc_auc: 0.9601; loss: 0.5658; pr_auc: 0.9592; acc: 0.8865; f1: 0.8770; 
Thu 07 Mar 2024 22:25:04 INFO  [Train Info] Epoch: 075, train loss: 0.0739. [Evaluation metric]	Mode:valid, roc_auc: 0.9567; loss: 0.5681; pr_auc: 0.9543; acc: 0.8797; f1: 0.8694; 
Thu 07 Mar 2024 22:25:04 INFO  [Train Info] Epoch: 076, train loss: 0.0741. [Evaluation metric]	Mode:valid, roc_auc: 0.9578; loss: 0.5670; pr_auc: 0.9558; acc: 0.8806; f1: 0.8699; 
Thu 07 Mar 2024 22:25:04 INFO  [Train Info] Epoch: 077, train loss: 0.0729. [Evaluation metric]	Mode:valid, roc_auc: 0.9578; loss: 0.5668; pr_auc: 0.9559; acc: 0.8812; f1: 0.8710; 
Thu 07 Mar 2024 22:25:05 INFO  [Train Info] Epoch: 078, train loss: 0.0725. [Evaluation metric]	Mode:valid, roc_auc: 0.9579; loss: 0.5660; pr_auc: 0.9543; acc: 0.8836; f1: 0.8741; 
Thu 07 Mar 2024 22:25:05 INFO  [Train Info] Epoch: 079, train loss: 0.0693. [Evaluation metric]	Mode:valid, roc_auc: 0.9572; loss: 0.5666; pr_auc: 0.9531; acc: 0.8843; f1: 0.8751; 
Thu 07 Mar 2024 22:25:05 INFO  [Train Info] Epoch: 080, train loss: 0.0707. [Evaluation metric]	Mode:valid, roc_auc: 0.9585; loss: 0.5659; pr_auc: 0.9551; acc: 0.8840; f1: 0.8748; 
Thu 07 Mar 2024 22:25:05 INFO  [Train Info] Epoch: 081, train loss: 0.0735. [Evaluation metric]	Mode:valid, roc_auc: 0.9586; loss: 0.5661; pr_auc: 0.9577; acc: 0.8811; f1: 0.8712; 
Thu 07 Mar 2024 22:25:05 INFO  [Train Info] Epoch: 082, train loss: 0.0692. [Evaluation metric]	Mode:valid, roc_auc: 0.9564; loss: 0.5665; pr_auc: 0.9492; acc: 0.8777; f1: 0.8664; 
Thu 07 Mar 2024 22:25:05 INFO  [Train Info] Epoch: 083, train loss: 0.0734. [Evaluation metric]	Mode:valid, roc_auc: 0.9556; loss: 0.5676; pr_auc: 0.9528; acc: 0.8781; f1: 0.8676; 
Thu 07 Mar 2024 22:25:05 INFO  [Train Info] Epoch: 084, train loss: 0.0712. [Evaluation metric]	Mode:valid, roc_auc: 0.9588; loss: 0.5652; pr_auc: 0.9568; acc: 0.8818; f1: 0.8713; 
Thu 07 Mar 2024 22:25:06 INFO  [Train Info] Epoch: 085, train loss: 0.0712. [Evaluation metric]	Mode:valid, roc_auc: 0.9593; loss: 0.5653; pr_auc: 0.9582; acc: 0.8828; f1: 0.8729; 
Thu 07 Mar 2024 22:25:06 INFO  [Train Info] Epoch: 086, train loss: 0.0675. [Evaluation metric]	Mode:valid, roc_auc: 0.9606; loss: 0.5641; pr_auc: 0.9562; acc: 0.8868; f1: 0.8775; 
Thu 07 Mar 2024 22:25:06 INFO  [Train Info] Epoch: 087, train loss: 0.0689. [Evaluation metric]	Mode:valid, roc_auc: 0.9594; loss: 0.5656; pr_auc: 0.9577; acc: 0.8829; f1: 0.8732; 
Thu 07 Mar 2024 22:25:06 INFO  [Train Info] Epoch: 088, train loss: 0.0670. [Evaluation metric]	Mode:valid, roc_auc: 0.9599; loss: 0.5651; pr_auc: 0.9570; acc: 0.8816; f1: 0.8708; 
Thu 07 Mar 2024 22:25:06 INFO  [Train Info] Epoch: 089, train loss: 0.0687. [Evaluation metric]	Mode:valid, roc_auc: 0.9595; loss: 0.5656; pr_auc: 0.9573; acc: 0.8812; f1: 0.8699; 
Thu 07 Mar 2024 22:25:06 INFO  [Train Info] Epoch: 090, train loss: 0.0750. [Evaluation metric]	Mode:valid, roc_auc: 0.9592; loss: 0.5653; pr_auc: 0.9553; acc: 0.8858; f1: 0.8771; 
Thu 07 Mar 2024 22:25:06 INFO  [Train Info] Epoch: 091, train loss: 0.0677. [Evaluation metric]	Mode:valid, roc_auc: 0.9589; loss: 0.5659; pr_auc: 0.9553; acc: 0.8872; f1: 0.8795; 
Thu 07 Mar 2024 22:25:07 INFO  [Train Info] Epoch: 092, train loss: 0.0740. [Evaluation metric]	Mode:valid, roc_auc: 0.9572; loss: 0.5667; pr_auc: 0.9518; acc: 0.8849; f1: 0.8771; 
Thu 07 Mar 2024 22:25:07 INFO  [Train Info] Epoch: 093, train loss: 0.0699. [Evaluation metric]	Mode:valid, roc_auc: 0.9579; loss: 0.5655; pr_auc: 0.9556; acc: 0.8818; f1: 0.8720; 
Thu 07 Mar 2024 22:25:07 INFO  [Train Info] Epoch: 094, train loss: 0.0657. [Evaluation metric]	Mode:valid, roc_auc: 0.9579; loss: 0.5657; pr_auc: 0.9561; acc: 0.8785; f1: 0.8668; 
Thu 07 Mar 2024 22:25:07 INFO  [Train Info] Epoch: 095, train loss: 0.0650. [Evaluation metric]	Mode:valid, roc_auc: 0.9552; loss: 0.5670; pr_auc: 0.9502; acc: 0.8750; f1: 0.8628; 
Thu 07 Mar 2024 22:25:07 INFO  [Train Info] Epoch: 096, train loss: 0.0681. [Evaluation metric]	Mode:valid, roc_auc: 0.9572; loss: 0.5661; pr_auc: 0.9548; acc: 0.8788; f1: 0.8679; 
Thu 07 Mar 2024 22:25:07 INFO  [Train Info] Epoch: 097, train loss: 0.0671. [Evaluation metric]	Mode:valid, roc_auc: 0.9605; loss: 0.5641; pr_auc: 0.9589; acc: 0.8836; f1: 0.8735; 
Thu 07 Mar 2024 22:25:07 INFO  [Train Info] Epoch: 098, train loss: 0.0681. [Evaluation metric]	Mode:valid, roc_auc: 0.9585; loss: 0.5650; pr_auc: 0.9551; acc: 0.8825; f1: 0.8726; 
Thu 07 Mar 2024 22:25:07 INFO  [Train Info] Epoch: 099, train loss: 0.0652. [Evaluation metric]	Mode:valid, roc_auc: 0.9600; loss: 0.5643; pr_auc: 0.9568; acc: 0.8826; f1: 0.8726; 
Thu 07 Mar 2024 22:25:08 INFO  [Train Info] Epoch: 100, train loss: 0.0669. [Evaluation metric]	Mode:valid, roc_auc: 0.9589; loss: 0.5652; pr_auc: 0.9571; acc: 0.8817; f1: 0.8712; 
Thu 07 Mar 2024 22:25:08 INFO  [Train Info] Epoch: 101, train loss: 0.0647. [Evaluation metric]	Mode:valid, roc_auc: 0.9607; loss: 0.5639; pr_auc: 0.9581; acc: 0.8847; f1: 0.8740; 
Thu 07 Mar 2024 22:25:08 INFO  [Train Info] Epoch: 102, train loss: 0.0671. [Evaluation metric]	Mode:valid, roc_auc: 0.9580; loss: 0.5653; pr_auc: 0.9537; acc: 0.8825; f1: 0.8730; 
Thu 07 Mar 2024 22:25:08 INFO  [Train Info] Epoch: 103, train loss: 0.0654. [Evaluation metric]	Mode:valid, roc_auc: 0.9602; loss: 0.5647; pr_auc: 0.9599; acc: 0.8850; f1: 0.8761; 
Thu 07 Mar 2024 22:25:08 INFO  [Train Info] Epoch: 104, train loss: 0.0606. [Evaluation metric]	Mode:valid, roc_auc: 0.9597; loss: 0.5639; pr_auc: 0.9536; acc: 0.8884; f1: 0.8796; 
Thu 07 Mar 2024 22:25:08 INFO  [Train Info] Epoch: 105, train loss: 0.0623. [Evaluation metric]	Mode:valid, roc_auc: 0.9599; loss: 0.5646; pr_auc: 0.9573; acc: 0.8848; f1: 0.8754; 
Thu 07 Mar 2024 22:25:08 INFO  [Train Info] Epoch: 106, train loss: 0.0632. [Evaluation metric]	Mode:valid, roc_auc: 0.9586; loss: 0.5648; pr_auc: 0.9546; acc: 0.8822; f1: 0.8718; 
Thu 07 Mar 2024 22:25:09 INFO  [Train Info] Epoch: 107, train loss: 0.0627. [Evaluation metric]	Mode:valid, roc_auc: 0.9592; loss: 0.5646; pr_auc: 0.9558; acc: 0.8790; f1: 0.8667; 
Thu 07 Mar 2024 22:25:09 INFO  [Train Info] Epoch: 108, train loss: 0.0703. [Evaluation metric]	Mode:valid, roc_auc: 0.9582; loss: 0.5647; pr_auc: 0.9537; acc: 0.8813; f1: 0.8704; 
Thu 07 Mar 2024 22:25:09 INFO  [Train Info] Epoch: 109, train loss: 0.0609. [Evaluation metric]	Mode:valid, roc_auc: 0.9590; loss: 0.5645; pr_auc: 0.9568; acc: 0.8824; f1: 0.8725; 
Thu 07 Mar 2024 22:25:09 INFO  [Train Info] Epoch: 110, train loss: 0.0629. [Evaluation metric]	Mode:valid, roc_auc: 0.9611; loss: 0.5638; pr_auc: 0.9606; acc: 0.8852; f1: 0.8757; 
Thu 07 Mar 2024 22:25:09 INFO  [Train Info] Epoch: 111, train loss: 0.0622. [Evaluation metric]	Mode:valid, roc_auc: 0.9606; loss: 0.5634; pr_auc: 0.9577; acc: 0.8862; f1: 0.8768; 
Thu 07 Mar 2024 22:25:09 INFO  [Train Info] Epoch: 112, train loss: 0.0650. [Evaluation metric]	Mode:valid, roc_auc: 0.9611; loss: 0.5631; pr_auc: 0.9574; acc: 0.8882; f1: 0.8796; 
Thu 07 Mar 2024 22:25:10 INFO  [Train Info] Epoch: 113, train loss: 0.0653. [Evaluation metric]	Mode:valid, roc_auc: 0.9615; loss: 0.5631; pr_auc: 0.9601; acc: 0.8863; f1: 0.8770; 
Thu 07 Mar 2024 22:25:10 INFO  [Train Info] Epoch: 114, train loss: 0.0627. [Evaluation metric]	Mode:valid, roc_auc: 0.9593; loss: 0.5641; pr_auc: 0.9542; acc: 0.8833; f1: 0.8730; 
Thu 07 Mar 2024 22:25:10 INFO  [Train Info] Epoch: 115, train loss: 0.0631. [Evaluation metric]	Mode:valid, roc_auc: 0.9589; loss: 0.5643; pr_auc: 0.9546; acc: 0.8802; f1: 0.8688; 
Thu 07 Mar 2024 22:25:10 INFO  [Train Info] Epoch: 116, train loss: 0.0639. [Evaluation metric]	Mode:valid, roc_auc: 0.9614; loss: 0.5633; pr_auc: 0.9589; acc: 0.8833; f1: 0.8723; 
Thu 07 Mar 2024 22:25:10 INFO  [Train Info] Epoch: 117, train loss: 0.0614. [Evaluation metric]	Mode:valid, roc_auc: 0.9600; loss: 0.5635; pr_auc: 0.9565; acc: 0.8850; f1: 0.8750; 
Thu 07 Mar 2024 22:25:10 INFO  [Train Info] Epoch: 118, train loss: 0.0624. [Evaluation metric]	Mode:valid, roc_auc: 0.9612; loss: 0.5633; pr_auc: 0.9597; acc: 0.8875; f1: 0.8782; 
Thu 07 Mar 2024 22:25:10 INFO  [Train Info] Epoch: 119, train loss: 0.0618. [Evaluation metric]	Mode:valid, roc_auc: 0.9604; loss: 0.5636; pr_auc: 0.9566; acc: 0.8869; f1: 0.8775; 
Thu 07 Mar 2024 22:25:11 INFO  [Train Info] Epoch: 120, train loss: 0.0636. [Evaluation metric]	Mode:valid, roc_auc: 0.9601; loss: 0.5635; pr_auc: 0.9562; acc: 0.8859; f1: 0.8762; 
Thu 07 Mar 2024 22:25:11 INFO  [Train Info] Epoch: 121, train loss: 0.0614. [Evaluation metric]	Mode:valid, roc_auc: 0.9598; loss: 0.5638; pr_auc: 0.9564; acc: 0.8838; f1: 0.8738; 
Thu 07 Mar 2024 22:25:11 INFO  [Train Info] Epoch: 122, train loss: 0.0650. [Evaluation metric]	Mode:valid, roc_auc: 0.9613; loss: 0.5629; pr_auc: 0.9575; acc: 0.8856; f1: 0.8756; 
Thu 07 Mar 2024 22:25:11 INFO  [Train Info] Epoch: 123, train loss: 0.0608. [Evaluation metric]	Mode:valid, roc_auc: 0.9607; loss: 0.5631; pr_auc: 0.9570; acc: 0.8859; f1: 0.8759; 
Thu 07 Mar 2024 22:25:11 INFO  [Train Info] Epoch: 124, train loss: 0.0593. [Evaluation metric]	Mode:valid, roc_auc: 0.9618; loss: 0.5625; pr_auc: 0.9608; acc: 0.8836; f1: 0.8728; 
Thu 07 Mar 2024 22:25:11 INFO  [Train Info] Epoch: 125, train loss: 0.0597. [Evaluation metric]	Mode:valid, roc_auc: 0.9596; loss: 0.5636; pr_auc: 0.9549; acc: 0.8823; f1: 0.8717; 
Thu 07 Mar 2024 22:25:11 INFO  [Train Info] Epoch: 126, train loss: 0.0604. [Evaluation metric]	Mode:valid, roc_auc: 0.9619; loss: 0.5622; pr_auc: 0.9587; acc: 0.8864; f1: 0.8758; 
Thu 07 Mar 2024 22:25:12 INFO  [Train Info] Epoch: 127, train loss: 0.0594. [Evaluation metric]	Mode:valid, roc_auc: 0.9597; loss: 0.5635; pr_auc: 0.9569; acc: 0.8836; f1: 0.8728; 
Thu 07 Mar 2024 22:25:12 INFO  [Train Info] Epoch: 128, train loss: 0.0594. [Evaluation metric]	Mode:valid, roc_auc: 0.9592; loss: 0.5636; pr_auc: 0.9554; acc: 0.8830; f1: 0.8729; 
Thu 07 Mar 2024 22:25:12 INFO  [Train Info] Epoch: 129, train loss: 0.0565. [Evaluation metric]	Mode:valid, roc_auc: 0.9603; loss: 0.5635; pr_auc: 0.9583; acc: 0.8857; f1: 0.8758; 
Thu 07 Mar 2024 22:25:12 INFO  [Train Info] Epoch: 130, train loss: 0.0616. [Evaluation metric]	Mode:valid, roc_auc: 0.9591; loss: 0.5639; pr_auc: 0.9550; acc: 0.8843; f1: 0.8738; 
Thu 07 Mar 2024 22:25:12 INFO  [Train Info] Epoch: 131, train loss: 0.0621. [Evaluation metric]	Mode:valid, roc_auc: 0.9601; loss: 0.5629; pr_auc: 0.9544; acc: 0.8852; f1: 0.8752; 
Thu 07 Mar 2024 22:25:12 INFO  [Train Info] Epoch: 132, train loss: 0.0592. [Evaluation metric]	Mode:valid, roc_auc: 0.9608; loss: 0.5631; pr_auc: 0.9595; acc: 0.8853; f1: 0.8753; 
Thu 07 Mar 2024 22:25:12 INFO  [Train Info] Epoch: 133, train loss: 0.0597. [Evaluation metric]	Mode:valid, roc_auc: 0.9606; loss: 0.5626; pr_auc: 0.9553; acc: 0.8858; f1: 0.8754; 
Thu 07 Mar 2024 22:25:13 INFO  [Train Info] Epoch: 134, train loss: 0.0601. [Evaluation metric]	Mode:valid, roc_auc: 0.9602; loss: 0.5632; pr_auc: 0.9566; acc: 0.8827; f1: 0.8717; 
Thu 07 Mar 2024 22:25:13 INFO  [Train Info] Epoch: 135, train loss: 0.0634. [Evaluation metric]	Mode:valid, roc_auc: 0.9588; loss: 0.5638; pr_auc: 0.9563; acc: 0.8813; f1: 0.8706; 
Thu 07 Mar 2024 22:25:13 INFO  [Train Info] Epoch: 136, train loss: 0.0568. [Evaluation metric]	Mode:valid, roc_auc: 0.9611; loss: 0.5630; pr_auc: 0.9589; acc: 0.8827; f1: 0.8717; 
Thu 07 Mar 2024 22:25:13 INFO  [Train Info] Epoch: 137, train loss: 0.0557. [Evaluation metric]	Mode:valid, roc_auc: 0.9631; loss: 0.5622; pr_auc: 0.9638; acc: 0.8838; f1: 0.8724; 
Thu 07 Mar 2024 22:25:13 INFO  [Train Info] Epoch: 138, train loss: 0.0627. [Evaluation metric]	Mode:valid, roc_auc: 0.9606; loss: 0.5628; pr_auc: 0.9578; acc: 0.8859; f1: 0.8756; 
Thu 07 Mar 2024 22:25:13 INFO  [Train Info] Epoch: 139, train loss: 0.0603. [Evaluation metric]	Mode:valid, roc_auc: 0.9630; loss: 0.5615; pr_auc: 0.9603; acc: 0.8879; f1: 0.8780; 
Thu 07 Mar 2024 22:25:13 INFO  [Train Info] Epoch: 140, train loss: 0.0587. [Evaluation metric]	Mode:valid, roc_auc: 0.9600; loss: 0.5633; pr_auc: 0.9558; acc: 0.8840; f1: 0.8745; 
Thu 07 Mar 2024 22:25:13 INFO  [Train Info] Epoch: 141, train loss: 0.0566. [Evaluation metric]	Mode:valid, roc_auc: 0.9632; loss: 0.5617; pr_auc: 0.9623; acc: 0.8882; f1: 0.8784; 
Thu 07 Mar 2024 22:25:14 INFO  [Train Info] Epoch: 142, train loss: 0.0594. [Evaluation metric]	Mode:valid, roc_auc: 0.9620; loss: 0.5622; pr_auc: 0.9585; acc: 0.8867; f1: 0.8764; 
Thu 07 Mar 2024 22:25:14 INFO  [Train Info] Epoch: 143, train loss: 0.0634. [Evaluation metric]	Mode:valid, roc_auc: 0.9610; loss: 0.5626; pr_auc: 0.9572; acc: 0.8858; f1: 0.8759; 
Thu 07 Mar 2024 22:25:14 INFO  [Train Info] Epoch: 144, train loss: 0.0572. [Evaluation metric]	Mode:valid, roc_auc: 0.9612; loss: 0.5626; pr_auc: 0.9596; acc: 0.8833; f1: 0.8730; 
Thu 07 Mar 2024 22:25:14 INFO  [Train Info] Epoch: 145, train loss: 0.0580. [Evaluation metric]	Mode:valid, roc_auc: 0.9600; loss: 0.5639; pr_auc: 0.9584; acc: 0.8809; f1: 0.8692; 
Thu 07 Mar 2024 22:25:14 INFO  [Train Info] Epoch: 146, train loss: 0.0583. [Evaluation metric]	Mode:valid, roc_auc: 0.9591; loss: 0.5646; pr_auc: 0.9550; acc: 0.8752; f1: 0.8617; 
Thu 07 Mar 2024 22:25:14 INFO  [Train Info] Epoch: 147, train loss: 0.0618. [Evaluation metric]	Mode:valid, roc_auc: 0.9594; loss: 0.5640; pr_auc: 0.9584; acc: 0.8814; f1: 0.8702; 
Thu 07 Mar 2024 22:25:14 INFO  [Train Info] Epoch: 148, train loss: 0.0627. [Evaluation metric]	Mode:valid, roc_auc: 0.9604; loss: 0.5629; pr_auc: 0.9565; acc: 0.8858; f1: 0.8758; 
Thu 07 Mar 2024 22:25:14 INFO  [Train Info] Epoch: 149, train loss: 0.0556. [Evaluation metric]	Mode:valid, roc_auc: 0.9609; loss: 0.5632; pr_auc: 0.9593; acc: 0.8852; f1: 0.8757; 
Thu 07 Mar 2024 22:25:14 INFO  [Train Info] Epoch: 150, train loss: 0.0586. [Evaluation metric]	Mode:valid, roc_auc: 0.9611; loss: 0.5624; pr_auc: 0.9574; acc: 0.8854; f1: 0.8748; 
Thu 07 Mar 2024 22:25:15 INFO  [Train Info] Epoch: 151, train loss: 0.0604. [Evaluation metric]	Mode:valid, roc_auc: 0.9605; loss: 0.5633; pr_auc: 0.9572; acc: 0.8835; f1: 0.8725; 
Thu 07 Mar 2024 22:25:15 INFO  [Train Info] Epoch: 152, train loss: 0.0653. [Evaluation metric]	Mode:valid, roc_auc: 0.9613; loss: 0.5622; pr_auc: 0.9556; acc: 0.8880; f1: 0.8783; 
Thu 07 Mar 2024 22:25:15 INFO  [Train Info] Epoch: 153, train loss: 0.0602. [Evaluation metric]	Mode:valid, roc_auc: 0.9616; loss: 0.5625; pr_auc: 0.9594; acc: 0.8882; f1: 0.8787; 
Thu 07 Mar 2024 22:25:15 INFO  [Train Info] Epoch: 154, train loss: 0.0582. [Evaluation metric]	Mode:valid, roc_auc: 0.9618; loss: 0.5625; pr_auc: 0.9569; acc: 0.8848; f1: 0.8739; 
Thu 07 Mar 2024 22:25:15 INFO  [Train Info] Epoch: 155, train loss: 0.0555. [Evaluation metric]	Mode:valid, roc_auc: 0.9630; loss: 0.5625; pr_auc: 0.9613; acc: 0.8803; f1: 0.8677; 
Thu 07 Mar 2024 22:25:15 INFO  [Train Info] Epoch: 156, train loss: 0.0582. [Evaluation metric]	Mode:valid, roc_auc: 0.9614; loss: 0.5630; pr_auc: 0.9592; acc: 0.8814; f1: 0.8695; 
Thu 07 Mar 2024 22:25:15 INFO  [Train Info] Epoch: 157, train loss: 0.0537. [Evaluation metric]	Mode:valid, roc_auc: 0.9622; loss: 0.5620; pr_auc: 0.9594; acc: 0.8844; f1: 0.8737; 
Thu 07 Mar 2024 22:25:15 INFO  [Train Info] Epoch: 158, train loss: 0.0579. [Evaluation metric]	Mode:valid, roc_auc: 0.9593; loss: 0.5633; pr_auc: 0.9516; acc: 0.8826; f1: 0.8720; 
Thu 07 Mar 2024 22:25:15 INFO  [Train Info] Epoch: 159, train loss: 0.0548. [Evaluation metric]	Mode:valid, roc_auc: 0.9615; loss: 0.5621; pr_auc: 0.9548; acc: 0.8849; f1: 0.8739; 
Thu 07 Mar 2024 22:25:16 INFO  [Train Info] Epoch: 160, train loss: 0.0578. [Evaluation metric]	Mode:valid, roc_auc: 0.9629; loss: 0.5618; pr_auc: 0.9612; acc: 0.8827; f1: 0.8709; 
Thu 07 Mar 2024 22:25:16 INFO  [Train Info] Epoch: 161, train loss: 0.0563. [Evaluation metric]	Mode:valid, roc_auc: 0.9612; loss: 0.5625; pr_auc: 0.9568; acc: 0.8806; f1: 0.8685; 
Thu 07 Mar 2024 22:25:16 INFO  [Train Info] Epoch: 162, train loss: 0.0567. [Evaluation metric]	Mode:valid, roc_auc: 0.9642; loss: 0.5613; pr_auc: 0.9622; acc: 0.8817; f1: 0.8691; 
Thu 07 Mar 2024 22:25:16 INFO  [Train Info] Epoch: 163, train loss: 0.0571. [Evaluation metric]	Mode:valid, roc_auc: 0.9613; loss: 0.5623; pr_auc: 0.9580; acc: 0.8834; f1: 0.8722; 
Thu 07 Mar 2024 22:25:16 INFO  [Train Info] Epoch: 164, train loss: 0.0577. [Evaluation metric]	Mode:valid, roc_auc: 0.9608; loss: 0.5619; pr_auc: 0.9561; acc: 0.8850; f1: 0.8756; 
Thu 07 Mar 2024 22:25:16 INFO  [Train Info] Epoch: 165, train loss: 0.0613. [Evaluation metric]	Mode:valid, roc_auc: 0.9607; loss: 0.5624; pr_auc: 0.9563; acc: 0.8848; f1: 0.8750; 
Thu 07 Mar 2024 22:25:16 INFO  [Train Info] Epoch: 166, train loss: 0.0603. [Evaluation metric]	Mode:valid, roc_auc: 0.9610; loss: 0.5627; pr_auc: 0.9597; acc: 0.8772; f1: 0.8644; 
Thu 07 Mar 2024 22:25:17 INFO  [Train Info] Epoch: 167, train loss: 0.0583. [Evaluation metric]	Mode:valid, roc_auc: 0.9598; loss: 0.5639; pr_auc: 0.9538; acc: 0.8729; f1: 0.8582; 
Thu 07 Mar 2024 22:25:17 INFO  [Train Info] Epoch: 168, train loss: 0.0615. [Evaluation metric]	Mode:valid, roc_auc: 0.9601; loss: 0.5636; pr_auc: 0.9580; acc: 0.8746; f1: 0.8607; 
Thu 07 Mar 2024 22:25:17 INFO  [Train Info] Epoch: 169, train loss: 0.0536. [Evaluation metric]	Mode:valid, roc_auc: 0.9609; loss: 0.5621; pr_auc: 0.9562; acc: 0.8784; f1: 0.8660; 
Thu 07 Mar 2024 22:25:17 INFO  [Train Info] Epoch: 170, train loss: 0.0499. [Evaluation metric]	Mode:valid, roc_auc: 0.9610; loss: 0.5623; pr_auc: 0.9595; acc: 0.8821; f1: 0.8712; 
Thu 07 Mar 2024 22:25:17 INFO  [Train Info] Epoch: 171, train loss: 0.0584. [Evaluation metric]	Mode:valid, roc_auc: 0.9639; loss: 0.5604; pr_auc: 0.9622; acc: 0.8851; f1: 0.8738; 
Thu 07 Mar 2024 22:25:17 INFO  [Train Info] Epoch: 172, train loss: 0.0567. [Evaluation metric]	Mode:valid, roc_auc: 0.9605; loss: 0.5630; pr_auc: 0.9575; acc: 0.8770; f1: 0.8645; 
Thu 07 Mar 2024 22:25:17 INFO  [Train Info] Epoch: 173, train loss: 0.0541. [Evaluation metric]	Mode:valid, roc_auc: 0.9619; loss: 0.5630; pr_auc: 0.9576; acc: 0.8775; f1: 0.8643; 
Thu 07 Mar 2024 22:25:17 INFO  [Train Info] Epoch: 174, train loss: 0.0657. [Evaluation metric]	Mode:valid, roc_auc: 0.9617; loss: 0.5614; pr_auc: 0.9568; acc: 0.8861; f1: 0.8764; 
Thu 07 Mar 2024 22:25:17 INFO  [Train Info] Epoch: 175, train loss: 0.0604. [Evaluation metric]	Mode:valid, roc_auc: 0.9640; loss: 0.5603; pr_auc: 0.9625; acc: 0.8888; f1: 0.8797; 
Thu 07 Mar 2024 22:25:18 INFO  [Train Info] Epoch: 176, train loss: 0.0621. [Evaluation metric]	Mode:valid, roc_auc: 0.9616; loss: 0.5618; pr_auc: 0.9587; acc: 0.8842; f1: 0.8742; 
Thu 07 Mar 2024 22:25:18 INFO  [Train Info] Epoch: 177, train loss: 0.0641. [Evaluation metric]	Mode:valid, roc_auc: 0.9633; loss: 0.5627; pr_auc: 0.9627; acc: 0.8762; f1: 0.8620; 
Thu 07 Mar 2024 22:25:18 INFO  [Train Info] Epoch: 178, train loss: 0.0627. [Evaluation metric]	Mode:valid, roc_auc: 0.9598; loss: 0.5642; pr_auc: 0.9526; acc: 0.8735; f1: 0.8596; 
Thu 07 Mar 2024 22:25:18 INFO  [Train Info] Epoch: 179, train loss: 0.0544. [Evaluation metric]	Mode:valid, roc_auc: 0.9615; loss: 0.5620; pr_auc: 0.9567; acc: 0.8807; f1: 0.8686; 
Thu 07 Mar 2024 22:25:18 INFO  [Train Info] Epoch: 180, train loss: 0.0534. [Evaluation metric]	Mode:valid, roc_auc: 0.9596; loss: 0.5629; pr_auc: 0.9515; acc: 0.8816; f1: 0.8708; 
Thu 07 Mar 2024 22:25:18 INFO  [Train Info] Epoch: 181, train loss: 0.0578. [Evaluation metric]	Mode:valid, roc_auc: 0.9621; loss: 0.5618; pr_auc: 0.9570; acc: 0.8829; f1: 0.8719; 
Thu 07 Mar 2024 22:25:18 INFO  [Train Info] Epoch: 182, train loss: 0.0568. [Evaluation metric]	Mode:valid, roc_auc: 0.9625; loss: 0.5618; pr_auc: 0.9587; acc: 0.8804; f1: 0.8683; 
Thu 07 Mar 2024 22:25:18 INFO  [Train Info] Epoch: 183, train loss: 0.0542. [Evaluation metric]	Mode:valid, roc_auc: 0.9620; loss: 0.5630; pr_auc: 0.9612; acc: 0.8764; f1: 0.8629; 
Thu 07 Mar 2024 22:25:19 INFO  [Train Info] Epoch: 184, train loss: 0.0552. [Evaluation metric]	Mode:valid, roc_auc: 0.9599; loss: 0.5642; pr_auc: 0.9564; acc: 0.8751; f1: 0.8616; 
Thu 07 Mar 2024 22:25:19 INFO  [Train Info] Epoch: 185, train loss: 0.0544. [Evaluation metric]	Mode:valid, roc_auc: 0.9613; loss: 0.5628; pr_auc: 0.9583; acc: 0.8794; f1: 0.8672; 
Thu 07 Mar 2024 22:25:19 INFO  [Train Info] Epoch: 186, train loss: 0.0551. [Evaluation metric]	Mode:valid, roc_auc: 0.9637; loss: 0.5612; pr_auc: 0.9628; acc: 0.8844; f1: 0.8734; 
Thu 07 Mar 2024 22:25:19 INFO  [Train Info] Epoch: 187, train loss: 0.0541. [Evaluation metric]	Mode:valid, roc_auc: 0.9617; loss: 0.5620; pr_auc: 0.9585; acc: 0.8842; f1: 0.8733; 
Thu 07 Mar 2024 22:25:19 INFO  [Train Info] Epoch: 188, train loss: 0.0545. [Evaluation metric]	Mode:valid, roc_auc: 0.9625; loss: 0.5623; pr_auc: 0.9606; acc: 0.8821; f1: 0.8706; 
Thu 07 Mar 2024 22:25:19 INFO  [Train Info] Epoch: 189, train loss: 0.0546. [Evaluation metric]	Mode:valid, roc_auc: 0.9618; loss: 0.5629; pr_auc: 0.9595; acc: 0.8807; f1: 0.8681; 
Thu 07 Mar 2024 22:25:19 INFO  [Train Info] Epoch: 190, train loss: 0.0538. [Evaluation metric]	Mode:valid, roc_auc: 0.9630; loss: 0.5626; pr_auc: 0.9607; acc: 0.8775; f1: 0.8636; 
Thu 07 Mar 2024 22:25:19 INFO  [Train Info] Epoch: 191, train loss: 0.0534. [Evaluation metric]	Mode:valid, roc_auc: 0.9618; loss: 0.5628; pr_auc: 0.9585; acc: 0.8773; f1: 0.8642; 
Thu 07 Mar 2024 22:25:20 INFO  [Train Info] Epoch: 192, train loss: 0.0515. [Evaluation metric]	Mode:valid, roc_auc: 0.9615; loss: 0.5625; pr_auc: 0.9555; acc: 0.8802; f1: 0.8681; 
Thu 07 Mar 2024 22:25:20 INFO  [Train Info] Epoch: 193, train loss: 0.0536. [Evaluation metric]	Mode:valid, roc_auc: 0.9630; loss: 0.5615; pr_auc: 0.9602; acc: 0.8830; f1: 0.8718; 
Thu 07 Mar 2024 22:25:20 INFO  [Train Info] Epoch: 194, train loss: 0.0539. [Evaluation metric]	Mode:valid, roc_auc: 0.9627; loss: 0.5617; pr_auc: 0.9594; acc: 0.8803; f1: 0.8681; 
Thu 07 Mar 2024 22:25:20 INFO  [Train Info] Epoch: 195, train loss: 0.0539. [Evaluation metric]	Mode:valid, roc_auc: 0.9619; loss: 0.5626; pr_auc: 0.9585; acc: 0.8789; f1: 0.8664; 
Thu 07 Mar 2024 22:25:20 INFO  [Train Info] Epoch: 196, train loss: 0.0539. [Evaluation metric]	Mode:valid, roc_auc: 0.9624; loss: 0.5620; pr_auc: 0.9587; acc: 0.8805; f1: 0.8682; 
Thu 07 Mar 2024 22:25:20 INFO  [Train Info] Epoch: 197, train loss: 0.0515. [Evaluation metric]	Mode:valid, roc_auc: 0.9630; loss: 0.5614; pr_auc: 0.9589; acc: 0.8809; f1: 0.8686; 
Thu 07 Mar 2024 22:25:20 INFO  [Train Info] Epoch: 198, train loss: 0.0511. [Evaluation metric]	Mode:valid, roc_auc: 0.9624; loss: 0.5618; pr_auc: 0.9576; acc: 0.8798; f1: 0.8669; 
Thu 07 Mar 2024 22:25:21 INFO  [Train Info] Epoch: 199, train loss: 0.0520. [Evaluation metric]	Mode:valid, roc_auc: 0.9622; loss: 0.5623; pr_auc: 0.9589; acc: 0.8792; f1: 0.8666; 
Thu 07 Mar 2024 22:25:21 INFO  [Train Info] Epoch: 200, train loss: 0.0519. [Evaluation metric]	Mode:valid, roc_auc: 0.9628; loss: 0.5610; pr_auc: 0.9588; acc: 0.8834; f1: 0.8718; 
Thu 07 Mar 2024 22:25:21 INFO  [Train Info] Epoch: 201, train loss: 0.0520. [Evaluation metric]	Mode:valid, roc_auc: 0.9624; loss: 0.5612; pr_auc: 0.9599; acc: 0.8830; f1: 0.8718; 
Thu 07 Mar 2024 22:25:21 INFO  [Train Info] Epoch: 202, train loss: 0.0513. [Evaluation metric]	Mode:valid, roc_auc: 0.9616; loss: 0.5621; pr_auc: 0.9602; acc: 0.8812; f1: 0.8696; 
Thu 07 Mar 2024 22:25:21 INFO  [Train Info] Epoch: 203, train loss: 0.0521. [Evaluation metric]	Mode:valid, roc_auc: 0.9623; loss: 0.5617; pr_auc: 0.9598; acc: 0.8817; f1: 0.8699; 
Thu 07 Mar 2024 22:25:21 INFO  [Train Info] Epoch: 204, train loss: 0.0483. [Evaluation metric]	Mode:valid, roc_auc: 0.9613; loss: 0.5618; pr_auc: 0.9571; acc: 0.8817; f1: 0.8697; 
Thu 07 Mar 2024 22:25:21 INFO  [Train Info] Epoch: 205, train loss: 0.0534. [Evaluation metric]	Mode:valid, roc_auc: 0.9624; loss: 0.5622; pr_auc: 0.9613; acc: 0.8792; f1: 0.8664; 
Thu 07 Mar 2024 22:25:21 INFO  [Train Info] Epoch: 206, train loss: 0.0501. [Evaluation metric]	Mode:valid, roc_auc: 0.9604; loss: 0.5629; pr_auc: 0.9566; acc: 0.8783; f1: 0.8651; 
Thu 07 Mar 2024 22:25:22 INFO  [Train Info] Epoch: 207, train loss: 0.0522. [Evaluation metric]	Mode:valid, roc_auc: 0.9622; loss: 0.5624; pr_auc: 0.9611; acc: 0.8786; f1: 0.8651; 
Thu 07 Mar 2024 22:25:22 INFO  [Train Info] Epoch: 208, train loss: 0.0534. [Evaluation metric]	Mode:valid, roc_auc: 0.9611; loss: 0.5629; pr_auc: 0.9576; acc: 0.8769; f1: 0.8638; 
Thu 07 Mar 2024 22:25:22 INFO  [Train Info] Epoch: 209, train loss: 0.0518. [Evaluation metric]	Mode:valid, roc_auc: 0.9615; loss: 0.5620; pr_auc: 0.9558; acc: 0.8783; f1: 0.8653; 
Thu 07 Mar 2024 22:25:22 INFO  [Train Info] Epoch: 210, train loss: 0.0517. [Evaluation metric]	Mode:valid, roc_auc: 0.9616; loss: 0.5624; pr_auc: 0.9588; acc: 0.8777; f1: 0.8649; 
Thu 07 Mar 2024 22:25:22 INFO  [Train Info] Epoch: 211, train loss: 0.0536. [Evaluation metric]	Mode:valid, roc_auc: 0.9620; loss: 0.5621; pr_auc: 0.9588; acc: 0.8789; f1: 0.8660; 
Thu 07 Mar 2024 22:25:22 INFO  [Train Info] Epoch: 212, train loss: 0.0467. [Evaluation metric]	Mode:valid, roc_auc: 0.9618; loss: 0.5619; pr_auc: 0.9533; acc: 0.8781; f1: 0.8652; 
Thu 07 Mar 2024 22:25:22 INFO  [Train Info] Epoch: 213, train loss: 0.0495. [Evaluation metric]	Mode:valid, roc_auc: 0.9638; loss: 0.5605; pr_auc: 0.9630; acc: 0.8831; f1: 0.8716; 
Thu 07 Mar 2024 22:25:22 INFO  [Train Info] Epoch: 214, train loss: 0.0542. [Evaluation metric]	Mode:valid, roc_auc: 0.9625; loss: 0.5605; pr_auc: 0.9569; acc: 0.8848; f1: 0.8739; 
Thu 07 Mar 2024 22:25:23 INFO  [Train Info] Epoch: 215, train loss: 0.0521. [Evaluation metric]	Mode:valid, roc_auc: 0.9614; loss: 0.5618; pr_auc: 0.9552; acc: 0.8790; f1: 0.8664; 
Thu 07 Mar 2024 22:25:23 INFO  [Train Info] Epoch: 216, train loss: 0.0488. [Evaluation metric]	Mode:valid, roc_auc: 0.9628; loss: 0.5626; pr_auc: 0.9601; acc: 0.8751; f1: 0.8605; 
Thu 07 Mar 2024 22:25:23 INFO  [Train Info] Epoch: 217, train loss: 0.0518. [Evaluation metric]	Mode:valid, roc_auc: 0.9630; loss: 0.5615; pr_auc: 0.9591; acc: 0.8766; f1: 0.8630; 
Thu 07 Mar 2024 22:25:23 INFO  [Train Info] Epoch: 218, train loss: 0.0494. [Evaluation metric]	Mode:valid, roc_auc: 0.9611; loss: 0.5617; pr_auc: 0.9543; acc: 0.8774; f1: 0.8646; 
Thu 07 Mar 2024 22:25:23 INFO  [Train Info] Epoch: 219, train loss: 0.0521. [Evaluation metric]	Mode:valid, roc_auc: 0.9606; loss: 0.5624; pr_auc: 0.9555; acc: 0.8765; f1: 0.8633; 
Thu 07 Mar 2024 22:25:23 INFO  [Train Info] Epoch: 220, train loss: 0.0506. [Evaluation metric]	Mode:valid, roc_auc: 0.9610; loss: 0.5626; pr_auc: 0.9555; acc: 0.8744; f1: 0.8607; 
Thu 07 Mar 2024 22:25:23 INFO  [Train Info] Epoch: 221, train loss: 0.0510. [Evaluation metric]	Mode:valid, roc_auc: 0.9618; loss: 0.5624; pr_auc: 0.9582; acc: 0.8762; f1: 0.8623; 
Thu 07 Mar 2024 22:25:23 INFO  [Train Info] Epoch: 222, train loss: 0.0508. [Evaluation metric]	Mode:valid, roc_auc: 0.9603; loss: 0.5628; pr_auc: 0.9552; acc: 0.8744; f1: 0.8606; 
Thu 07 Mar 2024 22:25:24 INFO  [Train Info] Epoch: 223, train loss: 0.0512. [Evaluation metric]	Mode:valid, roc_auc: 0.9607; loss: 0.5627; pr_auc: 0.9568; acc: 0.8749; f1: 0.8611; 
Thu 07 Mar 2024 22:25:24 INFO  [Train Info] Epoch: 224, train loss: 0.0511. [Evaluation metric]	Mode:valid, roc_auc: 0.9602; loss: 0.5635; pr_auc: 0.9540; acc: 0.8716; f1: 0.8567; 
Thu 07 Mar 2024 22:25:24 INFO  [Train Info] Epoch: 225, train loss: 0.0519. [Evaluation metric]	Mode:valid, roc_auc: 0.9598; loss: 0.5638; pr_auc: 0.9570; acc: 0.8716; f1: 0.8567; 
Thu 07 Mar 2024 22:25:24 INFO  [Train Info] Epoch: 226, train loss: 0.0503. [Evaluation metric]	Mode:valid, roc_auc: 0.9603; loss: 0.5628; pr_auc: 0.9559; acc: 0.8741; f1: 0.8603; 
Thu 07 Mar 2024 22:25:24 INFO  [Train Info] Epoch: 227, train loss: 0.0476. [Evaluation metric]	Mode:valid, roc_auc: 0.9607; loss: 0.5617; pr_auc: 0.9553; acc: 0.8797; f1: 0.8681; 
Thu 07 Mar 2024 22:25:24 INFO  [Train Info] Epoch: 228, train loss: 0.0540. [Evaluation metric]	Mode:valid, roc_auc: 0.9602; loss: 0.5620; pr_auc: 0.9531; acc: 0.8780; f1: 0.8657; 
Thu 07 Mar 2024 22:25:24 INFO  [Train Info] Epoch: 229, train loss: 0.0501. [Evaluation metric]	Mode:valid, roc_auc: 0.9607; loss: 0.5621; pr_auc: 0.9544; acc: 0.8772; f1: 0.8641; 
Thu 07 Mar 2024 22:25:24 INFO  [Train Info] Epoch: 230, train loss: 0.0495. [Evaluation metric]	Mode:valid, roc_auc: 0.9616; loss: 0.5619; pr_auc: 0.9590; acc: 0.8775; f1: 0.8645; 
Thu 07 Mar 2024 22:25:25 INFO  [Train Info] Epoch: 231, train loss: 0.0484. [Evaluation metric]	Mode:valid, roc_auc: 0.9611; loss: 0.5624; pr_auc: 0.9559; acc: 0.8757; f1: 0.8621; 
Thu 07 Mar 2024 22:25:25 INFO  [Train Info] Epoch: 232, train loss: 0.0499. [Evaluation metric]	Mode:valid, roc_auc: 0.9624; loss: 0.5621; pr_auc: 0.9605; acc: 0.8752; f1: 0.8606; 
Thu 07 Mar 2024 22:25:25 INFO  [Train Info] Epoch: 233, train loss: 0.0516. [Evaluation metric]	Mode:valid, roc_auc: 0.9603; loss: 0.5627; pr_auc: 0.9561; acc: 0.8744; f1: 0.8608; 
Thu 07 Mar 2024 22:25:25 INFO  [Train Info] Epoch: 234, train loss: 0.0490. [Evaluation metric]	Mode:valid, roc_auc: 0.9603; loss: 0.5625; pr_auc: 0.9557; acc: 0.8762; f1: 0.8630; 
Thu 07 Mar 2024 22:25:25 INFO  [Train Info] Epoch: 235, train loss: 0.0535. [Evaluation metric]	Mode:valid, roc_auc: 0.9619; loss: 0.5610; pr_auc: 0.9592; acc: 0.8811; f1: 0.8696; 
Thu 07 Mar 2024 22:25:25 INFO  [Train Info] Epoch: 236, train loss: 0.0544. [Evaluation metric]	Mode:valid, roc_auc: 0.9608; loss: 0.5620; pr_auc: 0.9569; acc: 0.8775; f1: 0.8652; 
Thu 07 Mar 2024 22:25:25 INFO  [Train Info] Epoch: 237, train loss: 0.0531. [Evaluation metric]	Mode:valid, roc_auc: 0.9606; loss: 0.5636; pr_auc: 0.9563; acc: 0.8721; f1: 0.8570; 
Thu 07 Mar 2024 22:25:26 INFO  [Train Info] Epoch: 238, train loss: 0.0508. [Evaluation metric]	Mode:valid, roc_auc: 0.9593; loss: 0.5653; pr_auc: 0.9540; acc: 0.8675; f1: 0.8511; 
Thu 07 Mar 2024 22:25:26 INFO  [Train Info] Epoch: 239, train loss: 0.0565. [Evaluation metric]	Mode:valid, roc_auc: 0.9621; loss: 0.5613; pr_auc: 0.9591; acc: 0.8806; f1: 0.8689; 
Thu 07 Mar 2024 22:25:26 INFO  [Train Info] Epoch: 240, train loss: 0.0527. [Evaluation metric]	Mode:valid, roc_auc: 0.9608; loss: 0.5617; pr_auc: 0.9553; acc: 0.8822; f1: 0.8722; 
Thu 07 Mar 2024 22:25:26 INFO  [Train Info] Epoch: 241, train loss: 0.0631. [Evaluation metric]	Mode:valid, roc_auc: 0.9633; loss: 0.5606; pr_auc: 0.9605; acc: 0.8823; f1: 0.8703; 
Thu 07 Mar 2024 22:25:26 INFO  [Train Info] Epoch: 242, train loss: 0.0486. [Evaluation metric]	Mode:valid, roc_auc: 0.9643; loss: 0.5623; pr_auc: 0.9628; acc: 0.8743; f1: 0.8591; 
Thu 07 Mar 2024 22:25:26 INFO  [Train Info] Epoch: 243, train loss: 0.0520. [Evaluation metric]	Mode:valid, roc_auc: 0.9642; loss: 0.5624; pr_auc: 0.9583; acc: 0.8741; f1: 0.8587; 
Thu 07 Mar 2024 22:25:26 INFO  [Train Info] Epoch: 244, train loss: 0.0521. [Evaluation metric]	Mode:valid, roc_auc: 0.9625; loss: 0.5617; pr_auc: 0.9595; acc: 0.8784; f1: 0.8654; 
Thu 07 Mar 2024 22:25:26 INFO  [Train Info] Epoch: 245, train loss: 0.0517. [Evaluation metric]	Mode:valid, roc_auc: 0.9629; loss: 0.5607; pr_auc: 0.9590; acc: 0.8832; f1: 0.8722; 
Thu 07 Mar 2024 22:25:27 INFO  [Train Info] Epoch: 246, train loss: 0.0546. [Evaluation metric]	Mode:valid, roc_auc: 0.9594; loss: 0.5624; pr_auc: 0.9542; acc: 0.8790; f1: 0.8674; 
Thu 07 Mar 2024 22:25:27 INFO  [Train Info] Epoch: 247, train loss: 0.0541. [Evaluation metric]	Mode:valid, roc_auc: 0.9606; loss: 0.5634; pr_auc: 0.9578; acc: 0.8740; f1: 0.8601; 
Thu 07 Mar 2024 22:25:27 INFO  [Train Info] Epoch: 248, train loss: 0.0525. [Evaluation metric]	Mode:valid, roc_auc: 0.9609; loss: 0.5646; pr_auc: 0.9553; acc: 0.8683; f1: 0.8517; 
Thu 07 Mar 2024 22:25:27 INFO  [Train Info] Epoch: 249, train loss: 0.0544. [Evaluation metric]	Mode:valid, roc_auc: 0.9639; loss: 0.5611; pr_auc: 0.9624; acc: 0.8793; f1: 0.8659; 
Thu 07 Mar 2024 22:25:27 INFO  [Train Info] Epoch: 250, train loss: 0.0502. [Evaluation metric]	Mode:valid, roc_auc: 0.9617; loss: 0.5610; pr_auc: 0.9534; acc: 0.8821; f1: 0.8706; 
Thu 07 Mar 2024 22:25:27 INFO  [Train Info] Epoch: 251, train loss: 0.0538. [Evaluation metric]	Mode:valid, roc_auc: 0.9607; loss: 0.5618; pr_auc: 0.9561; acc: 0.8804; f1: 0.8689; 
Thu 07 Mar 2024 22:25:27 INFO  [Train Info] Epoch: 252, train loss: 0.0542. [Evaluation metric]	Mode:valid, roc_auc: 0.9617; loss: 0.5624; pr_auc: 0.9576; acc: 0.8773; f1: 0.8638; 
Thu 07 Mar 2024 22:25:28 INFO  [Train Info] Epoch: 253, train loss: 0.0491. [Evaluation metric]	Mode:valid, roc_auc: 0.9615; loss: 0.5642; pr_auc: 0.9575; acc: 0.8698; f1: 0.8535; 
Thu 07 Mar 2024 22:25:28 INFO  [Train Info] Epoch: 254, train loss: 0.0574. [Evaluation metric]	Mode:valid, roc_auc: 0.9620; loss: 0.5619; pr_auc: 0.9590; acc: 0.8781; f1: 0.8651; 
Thu 07 Mar 2024 22:25:28 INFO  [Train Info] Epoch: 255, train loss: 0.0478. [Evaluation metric]	Mode:valid, roc_auc: 0.9612; loss: 0.5620; pr_auc: 0.9584; acc: 0.8802; f1: 0.8686; 
Thu 07 Mar 2024 22:25:28 INFO  [Train Info] Epoch: 256, train loss: 0.0530. [Evaluation metric]	Mode:valid, roc_auc: 0.9621; loss: 0.5612; pr_auc: 0.9577; acc: 0.8806; f1: 0.8684; 
Thu 07 Mar 2024 22:25:28 INFO  [Train Info] Epoch: 257, train loss: 0.0535. [Evaluation metric]	Mode:valid, roc_auc: 0.9604; loss: 0.5630; pr_auc: 0.9553; acc: 0.8741; f1: 0.8599; 
Thu 07 Mar 2024 22:25:28 INFO  [Train Info] Epoch: 258, train loss: 0.0507. [Evaluation metric]	Mode:valid, roc_auc: 0.9618; loss: 0.5637; pr_auc: 0.9600; acc: 0.8701; f1: 0.8542; 
Thu 07 Mar 2024 22:25:28 INFO  [Train Info] Epoch: 259, train loss: 0.0550. [Evaluation metric]	Mode:valid, roc_auc: 0.9620; loss: 0.5622; pr_auc: 0.9593; acc: 0.8760; f1: 0.8625; 
Thu 07 Mar 2024 22:25:28 INFO  [Train Info] Epoch: 260, train loss: 0.0488. [Evaluation metric]	Mode:valid, roc_auc: 0.9606; loss: 0.5618; pr_auc: 0.9530; acc: 0.8787; f1: 0.8661; 
Thu 07 Mar 2024 22:25:29 INFO  [Train Info] Epoch: 261, train loss: 0.0509. [Evaluation metric]	Mode:valid, roc_auc: 0.9619; loss: 0.5619; pr_auc: 0.9568; acc: 0.8771; f1: 0.8642; 
Thu 07 Mar 2024 22:25:29 INFO  [Train Info] Epoch: 262, train loss: 0.0515. [Evaluation metric]	Mode:valid, roc_auc: 0.9624; loss: 0.5622; pr_auc: 0.9547; acc: 0.8751; f1: 0.8607; 
Thu 07 Mar 2024 22:25:29 INFO  [Train Info] Epoch: 263, train loss: 0.0544. [Evaluation metric]	Mode:valid, roc_auc: 0.9629; loss: 0.5623; pr_auc: 0.9602; acc: 0.8747; f1: 0.8601; 
Thu 07 Mar 2024 22:25:29 INFO  [Train Info] Epoch: 264, train loss: 0.0519. [Evaluation metric]	Mode:valid, roc_auc: 0.9605; loss: 0.5626; pr_auc: 0.9538; acc: 0.8760; f1: 0.8628; 
Thu 07 Mar 2024 22:25:29 INFO  [Train Info] Epoch: 265, train loss: 0.0491. [Evaluation metric]	Mode:valid, roc_auc: 0.9628; loss: 0.5611; pr_auc: 0.9580; acc: 0.8780; f1: 0.8648; 
Thu 07 Mar 2024 22:25:29 INFO  [Train Info] Epoch: 266, train loss: 0.0525. [Evaluation metric]	Mode:valid, roc_auc: 0.9608; loss: 0.5627; pr_auc: 0.9555; acc: 0.8755; f1: 0.8614; 
Thu 07 Mar 2024 22:25:29 INFO  [Train Info] Epoch: 267, train loss: 0.0506. [Evaluation metric]	Mode:valid, roc_auc: 0.9614; loss: 0.5641; pr_auc: 0.9584; acc: 0.8701; f1: 0.8540; 
Thu 07 Mar 2024 22:25:30 INFO  [Train Info] Epoch: 268, train loss: 0.0531. [Evaluation metric]	Mode:valid, roc_auc: 0.9616; loss: 0.5629; pr_auc: 0.9585; acc: 0.8734; f1: 0.8586; 
Thu 07 Mar 2024 22:25:30 INFO  [Train Info] Epoch: 269, train loss: 0.0514. [Evaluation metric]	Mode:valid, roc_auc: 0.9625; loss: 0.5613; pr_auc: 0.9588; acc: 0.8790; f1: 0.8659; 
Thu 07 Mar 2024 22:25:30 INFO  [Train Info] Epoch: 270, train loss: 0.0496. [Evaluation metric]	Mode:valid, roc_auc: 0.9629; loss: 0.5610; pr_auc: 0.9608; acc: 0.8805; f1: 0.8682; 
Thu 07 Mar 2024 22:25:30 INFO  [Train Info] Epoch: 271, train loss: 0.0520. [Evaluation metric]	Mode:valid, roc_auc: 0.9638; loss: 0.5608; pr_auc: 0.9618; acc: 0.8784; f1: 0.8652; 
Thu 07 Mar 2024 22:25:30 INFO  [Train Info] Epoch: 272, train loss: 0.0496. [Evaluation metric]	Mode:valid, roc_auc: 0.9633; loss: 0.5621; pr_auc: 0.9611; acc: 0.8726; f1: 0.8574; 
Thu 07 Mar 2024 22:25:30 INFO  [Train Info] Epoch: 273, train loss: 0.0493. [Evaluation metric]	Mode:valid, roc_auc: 0.9625; loss: 0.5624; pr_auc: 0.9595; acc: 0.8721; f1: 0.8571; 
Thu 07 Mar 2024 22:25:30 INFO  [Train Info] Epoch: 274, train loss: 0.0474. [Evaluation metric]	Mode:valid, roc_auc: 0.9648; loss: 0.5607; pr_auc: 0.9638; acc: 0.8763; f1: 0.8617; 
Thu 07 Mar 2024 22:25:30 INFO  [Train Info] Epoch: 275, train loss: 0.0470. [Evaluation metric]	Mode:valid, roc_auc: 0.9636; loss: 0.5605; pr_auc: 0.9610; acc: 0.8777; f1: 0.8641; 
Thu 07 Mar 2024 22:25:30 INFO  [Train Info] Early Stop!	Epoch:275.
Thu 07 Mar 2024 22:25:30 INFO  [Train Info] [Evaluation metric]	Mode:test, roc_auc: 0.9609; loss: 0.5600; pr_auc: 0.9572; acc: 0.8859; f1: 0.8764; 
