Thu 07 Mar 2024 22:28:27 INFO  [Config Info]	Model: ieHGCN,	Task: link_prediction,	Dataset: NDFRT_DDA
Thu 07 Mar 2024 22:28:27 INFO  [Init Task] The task: link prediction, the dataset: NDFRT_DDA, the evaluation metric is roc_auc, the score function: distmult 
Thu 07 Mar 2024 22:28:29 INFO  [Feature Transformation] Assign embedding as features, because hg.ndata is empty.
Thu 07 Mar 2024 22:28:30 INFO  [Train Info] Epoch: 000, train loss: 0.7063. [Evaluation metric]	Mode:valid, roc_auc: 0.7693; loss: 0.7241; pr_auc: 0.7510; acc: 0.5659; f1: 0.6931; 
Thu 07 Mar 2024 22:28:30 INFO  [Train Info] Epoch: 001, train loss: 0.5890. [Evaluation metric]	Mode:valid, roc_auc: 0.8131; loss: 0.7239; pr_auc: 0.8334; acc: 0.5382; f1: 0.6818; 
Thu 07 Mar 2024 22:28:31 INFO  [Train Info] Epoch: 002, train loss: 0.4899. [Evaluation metric]	Mode:valid, roc_auc: 0.8210; loss: 0.7234; pr_auc: 0.8384; acc: 0.5449; f1: 0.6848; 
Thu 07 Mar 2024 22:28:31 INFO  [Train Info] Epoch: 003, train loss: 0.4641. [Evaluation metric]	Mode:valid, roc_auc: 0.8441; loss: 0.7222; pr_auc: 0.8697; acc: 0.5551; f1: 0.6896; 
Thu 07 Mar 2024 22:28:31 INFO  [Train Info] Epoch: 004, train loss: 0.4437. [Evaluation metric]	Mode:valid, roc_auc: 0.8504; loss: 0.7202; pr_auc: 0.8689; acc: 0.5718; f1: 0.6979; 
Thu 07 Mar 2024 22:28:31 INFO  [Train Info] Epoch: 005, train loss: 0.4212. [Evaluation metric]	Mode:valid, roc_auc: 0.8529; loss: 0.7173; pr_auc: 0.8641; acc: 0.5951; f1: 0.7093; 
Thu 07 Mar 2024 22:28:31 INFO  [Train Info] Epoch: 006, train loss: 0.3926. [Evaluation metric]	Mode:valid, roc_auc: 0.8667; loss: 0.7122; pr_auc: 0.8750; acc: 0.6425; f1: 0.7339; 
Thu 07 Mar 2024 22:28:32 INFO  [Train Info] Epoch: 007, train loss: 0.3474. [Evaluation metric]	Mode:valid, roc_auc: 0.8818; loss: 0.7030; pr_auc: 0.8931; acc: 0.6781; f1: 0.7524; 
Thu 07 Mar 2024 22:28:32 INFO  [Train Info] Epoch: 008, train loss: 0.3078. [Evaluation metric]	Mode:valid, roc_auc: 0.8869; loss: 0.6861; pr_auc: 0.8910; acc: 0.7285; f1: 0.7769; 
Thu 07 Mar 2024 22:28:32 INFO  [Train Info] Epoch: 009, train loss: 0.2855. [Evaluation metric]	Mode:valid, roc_auc: 0.8972; loss: 0.6675; pr_auc: 0.8998; acc: 0.7580; f1: 0.7925; 
Thu 07 Mar 2024 22:28:32 INFO  [Train Info] Epoch: 010, train loss: 0.2414. [Evaluation metric]	Mode:valid, roc_auc: 0.9125; loss: 0.6485; pr_auc: 0.9126; acc: 0.7880; f1: 0.8109; 
Thu 07 Mar 2024 22:28:32 INFO  [Train Info] Epoch: 011, train loss: 0.2254. [Evaluation metric]	Mode:valid, roc_auc: 0.9228; loss: 0.6303; pr_auc: 0.9196; acc: 0.8094; f1: 0.8259; 
Thu 07 Mar 2024 22:28:33 INFO  [Train Info] Epoch: 012, train loss: 0.2310. [Evaluation metric]	Mode:valid, roc_auc: 0.9294; loss: 0.6163; pr_auc: 0.9290; acc: 0.8298; f1: 0.8383; 
Thu 07 Mar 2024 22:28:33 INFO  [Train Info] Epoch: 013, train loss: 0.2001. [Evaluation metric]	Mode:valid, roc_auc: 0.9269; loss: 0.6083; pr_auc: 0.9237; acc: 0.8358; f1: 0.8383; 
Thu 07 Mar 2024 22:28:33 INFO  [Train Info] Epoch: 014, train loss: 0.2043. [Evaluation metric]	Mode:valid, roc_auc: 0.9372; loss: 0.5999; pr_auc: 0.9339; acc: 0.8487; f1: 0.8533; 
Thu 07 Mar 2024 22:28:33 INFO  [Train Info] Epoch: 015, train loss: 0.1965. [Evaluation metric]	Mode:valid, roc_auc: 0.9401; loss: 0.5974; pr_auc: 0.9377; acc: 0.8415; f1: 0.8483; 
Thu 07 Mar 2024 22:28:34 INFO  [Train Info] Epoch: 016, train loss: 0.1931. [Evaluation metric]	Mode:valid, roc_auc: 0.9365; loss: 0.5980; pr_auc: 0.9355; acc: 0.8389; f1: 0.8457; 
Thu 07 Mar 2024 22:28:34 INFO  [Train Info] Epoch: 017, train loss: 0.1679. [Evaluation metric]	Mode:valid, roc_auc: 0.9393; loss: 0.5919; pr_auc: 0.9383; acc: 0.8466; f1: 0.8497; 
Thu 07 Mar 2024 22:28:34 INFO  [Train Info] Epoch: 018, train loss: 0.1613. [Evaluation metric]	Mode:valid, roc_auc: 0.9381; loss: 0.5890; pr_auc: 0.9358; acc: 0.8559; f1: 0.8556; 
Thu 07 Mar 2024 22:28:34 INFO  [Train Info] Epoch: 019, train loss: 0.1623. [Evaluation metric]	Mode:valid, roc_auc: 0.9424; loss: 0.5864; pr_auc: 0.9411; acc: 0.8552; f1: 0.8559; 
Thu 07 Mar 2024 22:28:34 INFO  [Train Info] Epoch: 020, train loss: 0.1487. [Evaluation metric]	Mode:valid, roc_auc: 0.9440; loss: 0.5866; pr_auc: 0.9422; acc: 0.8561; f1: 0.8585; 
Thu 07 Mar 2024 22:28:34 INFO  [Train Info] Epoch: 021, train loss: 0.1456. [Evaluation metric]	Mode:valid, roc_auc: 0.9539; loss: 0.5792; pr_auc: 0.9532; acc: 0.8709; f1: 0.8709; 
Thu 07 Mar 2024 22:28:35 INFO  [Train Info] Epoch: 022, train loss: 0.1463. [Evaluation metric]	Mode:valid, roc_auc: 0.9557; loss: 0.5750; pr_auc: 0.9546; acc: 0.8794; f1: 0.8780; 
Thu 07 Mar 2024 22:28:35 INFO  [Train Info] Epoch: 023, train loss: 0.1394. [Evaluation metric]	Mode:valid, roc_auc: 0.9559; loss: 0.5711; pr_auc: 0.9516; acc: 0.8838; f1: 0.8809; 
Thu 07 Mar 2024 22:28:35 INFO  [Train Info] Epoch: 024, train loss: 0.1281. [Evaluation metric]	Mode:valid, roc_auc: 0.9559; loss: 0.5704; pr_auc: 0.9530; acc: 0.8815; f1: 0.8781; 
Thu 07 Mar 2024 22:28:35 INFO  [Train Info] Epoch: 025, train loss: 0.1304. [Evaluation metric]	Mode:valid, roc_auc: 0.9578; loss: 0.5680; pr_auc: 0.9537; acc: 0.8840; f1: 0.8809; 
Thu 07 Mar 2024 22:28:35 INFO  [Train Info] Epoch: 026, train loss: 0.1241. [Evaluation metric]	Mode:valid, roc_auc: 0.9594; loss: 0.5677; pr_auc: 0.9583; acc: 0.8860; f1: 0.8834; 
Thu 07 Mar 2024 22:28:36 INFO  [Train Info] Epoch: 027, train loss: 0.1202. [Evaluation metric]	Mode:valid, roc_auc: 0.9593; loss: 0.5655; pr_auc: 0.9564; acc: 0.8872; f1: 0.8844; 
Thu 07 Mar 2024 22:28:36 INFO  [Train Info] Epoch: 028, train loss: 0.1183. [Evaluation metric]	Mode:valid, roc_auc: 0.9596; loss: 0.5635; pr_auc: 0.9556; acc: 0.8895; f1: 0.8856; 
Thu 07 Mar 2024 22:28:36 INFO  [Train Info] Epoch: 029, train loss: 0.1153. [Evaluation metric]	Mode:valid, roc_auc: 0.9626; loss: 0.5619; pr_auc: 0.9610; acc: 0.8921; f1: 0.8875; 
Thu 07 Mar 2024 22:28:36 INFO  [Train Info] Epoch: 030, train loss: 0.1083. [Evaluation metric]	Mode:valid, roc_auc: 0.9613; loss: 0.5623; pr_auc: 0.9568; acc: 0.8900; f1: 0.8854; 
Thu 07 Mar 2024 22:28:36 INFO  [Train Info] Epoch: 031, train loss: 0.1110. [Evaluation metric]	Mode:valid, roc_auc: 0.9642; loss: 0.5617; pr_auc: 0.9614; acc: 0.8921; f1: 0.8882; 
Thu 07 Mar 2024 22:28:36 INFO  [Train Info] Epoch: 032, train loss: 0.1110. [Evaluation metric]	Mode:valid, roc_auc: 0.9650; loss: 0.5613; pr_auc: 0.9633; acc: 0.8929; f1: 0.8894; 
Thu 07 Mar 2024 22:28:37 INFO  [Train Info] Epoch: 033, train loss: 0.1052. [Evaluation metric]	Mode:valid, roc_auc: 0.9633; loss: 0.5604; pr_auc: 0.9598; acc: 0.8929; f1: 0.8891; 
Thu 07 Mar 2024 22:28:37 INFO  [Train Info] Epoch: 034, train loss: 0.1054. [Evaluation metric]	Mode:valid, roc_auc: 0.9625; loss: 0.5609; pr_auc: 0.9602; acc: 0.8902; f1: 0.8855; 
Thu 07 Mar 2024 22:28:37 INFO  [Train Info] Epoch: 035, train loss: 0.1044. [Evaluation metric]	Mode:valid, roc_auc: 0.9650; loss: 0.5598; pr_auc: 0.9637; acc: 0.8922; f1: 0.8875; 
Thu 07 Mar 2024 22:28:37 INFO  [Train Info] Epoch: 036, train loss: 0.0996. [Evaluation metric]	Mode:valid, roc_auc: 0.9655; loss: 0.5588; pr_auc: 0.9624; acc: 0.8944; f1: 0.8902; 
Thu 07 Mar 2024 22:28:37 INFO  [Train Info] Epoch: 037, train loss: 0.0990. [Evaluation metric]	Mode:valid, roc_auc: 0.9656; loss: 0.5590; pr_auc: 0.9625; acc: 0.8968; f1: 0.8930; 
Thu 07 Mar 2024 22:28:38 INFO  [Train Info] Epoch: 038, train loss: 0.0968. [Evaluation metric]	Mode:valid, roc_auc: 0.9665; loss: 0.5582; pr_auc: 0.9641; acc: 0.8965; f1: 0.8928; 
Thu 07 Mar 2024 22:28:38 INFO  [Train Info] Epoch: 039, train loss: 0.0989. [Evaluation metric]	Mode:valid, roc_auc: 0.9651; loss: 0.5582; pr_auc: 0.9621; acc: 0.8955; f1: 0.8913; 
Thu 07 Mar 2024 22:28:38 INFO  [Train Info] Epoch: 040, train loss: 0.0948. [Evaluation metric]	Mode:valid, roc_auc: 0.9658; loss: 0.5576; pr_auc: 0.9629; acc: 0.8956; f1: 0.8908; 
Thu 07 Mar 2024 22:28:38 INFO  [Train Info] Epoch: 041, train loss: 0.0962. [Evaluation metric]	Mode:valid, roc_auc: 0.9664; loss: 0.5567; pr_auc: 0.9634; acc: 0.8986; f1: 0.8942; 
Thu 07 Mar 2024 22:28:39 INFO  [Train Info] Epoch: 042, train loss: 0.0907. [Evaluation metric]	Mode:valid, roc_auc: 0.9663; loss: 0.5568; pr_auc: 0.9627; acc: 0.8995; f1: 0.8958; 
Thu 07 Mar 2024 22:28:39 INFO  [Train Info] Epoch: 043, train loss: 0.0889. [Evaluation metric]	Mode:valid, roc_auc: 0.9651; loss: 0.5579; pr_auc: 0.9607; acc: 0.8967; f1: 0.8936; 
Thu 07 Mar 2024 22:28:39 INFO  [Train Info] Epoch: 044, train loss: 0.0916. [Evaluation metric]	Mode:valid, roc_auc: 0.9645; loss: 0.5589; pr_auc: 0.9601; acc: 0.8959; f1: 0.8930; 
Thu 07 Mar 2024 22:28:39 INFO  [Train Info] Epoch: 045, train loss: 0.0905. [Evaluation metric]	Mode:valid, roc_auc: 0.9658; loss: 0.5563; pr_auc: 0.9613; acc: 0.8991; f1: 0.8954; 
Thu 07 Mar 2024 22:28:39 INFO  [Train Info] Epoch: 046, train loss: 0.0850. [Evaluation metric]	Mode:valid, roc_auc: 0.9664; loss: 0.5561; pr_auc: 0.9634; acc: 0.8986; f1: 0.8947; 
Thu 07 Mar 2024 22:28:39 INFO  [Train Info] Epoch: 047, train loss: 0.0853. [Evaluation metric]	Mode:valid, roc_auc: 0.9676; loss: 0.5547; pr_auc: 0.9636; acc: 0.9042; f1: 0.9002; 
Thu 07 Mar 2024 22:28:40 INFO  [Train Info] Epoch: 048, train loss: 0.0849. [Evaluation metric]	Mode:valid, roc_auc: 0.9676; loss: 0.5554; pr_auc: 0.9638; acc: 0.9028; f1: 0.8995; 
Thu 07 Mar 2024 22:28:40 INFO  [Train Info] Epoch: 049, train loss: 0.0837. [Evaluation metric]	Mode:valid, roc_auc: 0.9683; loss: 0.5550; pr_auc: 0.9656; acc: 0.9023; f1: 0.8988; 
Thu 07 Mar 2024 22:28:40 INFO  [Train Info] Epoch: 050, train loss: 0.0863. [Evaluation metric]	Mode:valid, roc_auc: 0.9693; loss: 0.5541; pr_auc: 0.9679; acc: 0.9044; f1: 0.9006; 
Thu 07 Mar 2024 22:28:40 INFO  [Train Info] Epoch: 051, train loss: 0.0831. [Evaluation metric]	Mode:valid, roc_auc: 0.9675; loss: 0.5551; pr_auc: 0.9658; acc: 0.9025; f1: 0.8990; 
Thu 07 Mar 2024 22:28:40 INFO  [Train Info] Epoch: 052, train loss: 0.0831. [Evaluation metric]	Mode:valid, roc_auc: 0.9664; loss: 0.5560; pr_auc: 0.9644; acc: 0.8988; f1: 0.8950; 
Thu 07 Mar 2024 22:28:40 INFO  [Train Info] Epoch: 053, train loss: 0.0806. [Evaluation metric]	Mode:valid, roc_auc: 0.9659; loss: 0.5556; pr_auc: 0.9632; acc: 0.9000; f1: 0.8959; 
Thu 07 Mar 2024 22:28:40 INFO  [Train Info] Epoch: 054, train loss: 0.0802. [Evaluation metric]	Mode:valid, roc_auc: 0.9680; loss: 0.5543; pr_auc: 0.9651; acc: 0.9028; f1: 0.8991; 
Thu 07 Mar 2024 22:28:41 INFO  [Train Info] Epoch: 055, train loss: 0.0791. [Evaluation metric]	Mode:valid, roc_auc: 0.9659; loss: 0.5565; pr_auc: 0.9623; acc: 0.9014; f1: 0.8984; 
Thu 07 Mar 2024 22:28:41 INFO  [Train Info] Epoch: 056, train loss: 0.0824. [Evaluation metric]	Mode:valid, roc_auc: 0.9671; loss: 0.5551; pr_auc: 0.9647; acc: 0.9027; f1: 0.8995; 
Thu 07 Mar 2024 22:28:41 INFO  [Train Info] Epoch: 057, train loss: 0.0794. [Evaluation metric]	Mode:valid, roc_auc: 0.9679; loss: 0.5536; pr_auc: 0.9642; acc: 0.9051; f1: 0.9013; 
Thu 07 Mar 2024 22:28:41 INFO  [Train Info] Epoch: 058, train loss: 0.0774. [Evaluation metric]	Mode:valid, roc_auc: 0.9697; loss: 0.5522; pr_auc: 0.9681; acc: 0.9062; f1: 0.9021; 
Thu 07 Mar 2024 22:28:41 INFO  [Train Info] Epoch: 059, train loss: 0.0786. [Evaluation metric]	Mode:valid, roc_auc: 0.9694; loss: 0.5521; pr_auc: 0.9663; acc: 0.9083; f1: 0.9045; 
Thu 07 Mar 2024 22:28:42 INFO  [Train Info] Epoch: 060, train loss: 0.0740. [Evaluation metric]	Mode:valid, roc_auc: 0.9676; loss: 0.5538; pr_auc: 0.9646; acc: 0.9042; f1: 0.9008; 
Thu 07 Mar 2024 22:28:42 INFO  [Train Info] Epoch: 061, train loss: 0.0756. [Evaluation metric]	Mode:valid, roc_auc: 0.9669; loss: 0.5547; pr_auc: 0.9627; acc: 0.9022; f1: 0.8987; 
Thu 07 Mar 2024 22:28:42 INFO  [Train Info] Epoch: 062, train loss: 0.0753. [Evaluation metric]	Mode:valid, roc_auc: 0.9679; loss: 0.5532; pr_auc: 0.9643; acc: 0.9048; f1: 0.9012; 
Thu 07 Mar 2024 22:28:42 INFO  [Train Info] Epoch: 063, train loss: 0.0772. [Evaluation metric]	Mode:valid, roc_auc: 0.9663; loss: 0.5552; pr_auc: 0.9623; acc: 0.9004; f1: 0.8975; 
Thu 07 Mar 2024 22:28:42 INFO  [Train Info] Epoch: 064, train loss: 0.0776. [Evaluation metric]	Mode:valid, roc_auc: 0.9662; loss: 0.5545; pr_auc: 0.9627; acc: 0.9013; f1: 0.8981; 
Thu 07 Mar 2024 22:28:42 INFO  [Train Info] Epoch: 065, train loss: 0.0746. [Evaluation metric]	Mode:valid, roc_auc: 0.9694; loss: 0.5522; pr_auc: 0.9670; acc: 0.9037; f1: 0.8996; 
Thu 07 Mar 2024 22:28:42 INFO  [Train Info] Epoch: 066, train loss: 0.0759. [Evaluation metric]	Mode:valid, roc_auc: 0.9700; loss: 0.5525; pr_auc: 0.9678; acc: 0.9043; f1: 0.9006; 
Thu 07 Mar 2024 22:28:43 INFO  [Train Info] Epoch: 067, train loss: 0.0709. [Evaluation metric]	Mode:valid, roc_auc: 0.9692; loss: 0.5537; pr_auc: 0.9668; acc: 0.9036; f1: 0.9004; 
Thu 07 Mar 2024 22:28:43 INFO  [Train Info] Epoch: 068, train loss: 0.0706. [Evaluation metric]	Mode:valid, roc_auc: 0.9694; loss: 0.5520; pr_auc: 0.9661; acc: 0.9080; f1: 0.9047; 
Thu 07 Mar 2024 22:28:43 INFO  [Train Info] Epoch: 069, train loss: 0.0735. [Evaluation metric]	Mode:valid, roc_auc: 0.9702; loss: 0.5523; pr_auc: 0.9689; acc: 0.9053; f1: 0.9017; 
Thu 07 Mar 2024 22:28:43 INFO  [Train Info] Epoch: 070, train loss: 0.0698. [Evaluation metric]	Mode:valid, roc_auc: 0.9689; loss: 0.5524; pr_auc: 0.9667; acc: 0.9045; f1: 0.9005; 
Thu 07 Mar 2024 22:28:43 INFO  [Train Info] Epoch: 071, train loss: 0.0694. [Evaluation metric]	Mode:valid, roc_auc: 0.9678; loss: 0.5532; pr_auc: 0.9626; acc: 0.9035; f1: 0.8998; 
Thu 07 Mar 2024 22:28:43 INFO  [Train Info] Epoch: 072, train loss: 0.0729. [Evaluation metric]	Mode:valid, roc_auc: 0.9708; loss: 0.5511; pr_auc: 0.9672; acc: 0.9067; f1: 0.9031; 
Thu 07 Mar 2024 22:28:44 INFO  [Train Info] Epoch: 073, train loss: 0.0674. [Evaluation metric]	Mode:valid, roc_auc: 0.9686; loss: 0.5527; pr_auc: 0.9655; acc: 0.9056; f1: 0.9022; 
Thu 07 Mar 2024 22:28:44 INFO  [Train Info] Epoch: 074, train loss: 0.0713. [Evaluation metric]	Mode:valid, roc_auc: 0.9687; loss: 0.5517; pr_auc: 0.9645; acc: 0.9062; f1: 0.9026; 
Thu 07 Mar 2024 22:28:44 INFO  [Train Info] Epoch: 075, train loss: 0.0672. [Evaluation metric]	Mode:valid, roc_auc: 0.9693; loss: 0.5517; pr_auc: 0.9655; acc: 0.9051; f1: 0.9014; 
Thu 07 Mar 2024 22:28:44 INFO  [Train Info] Epoch: 076, train loss: 0.0663. [Evaluation metric]	Mode:valid, roc_auc: 0.9679; loss: 0.5535; pr_auc: 0.9643; acc: 0.9021; f1: 0.8985; 
Thu 07 Mar 2024 22:28:44 INFO  [Train Info] Epoch: 077, train loss: 0.0685. [Evaluation metric]	Mode:valid, roc_auc: 0.9689; loss: 0.5517; pr_auc: 0.9646; acc: 0.9052; f1: 0.9015; 
Thu 07 Mar 2024 22:28:44 INFO  [Train Info] Epoch: 078, train loss: 0.0664. [Evaluation metric]	Mode:valid, roc_auc: 0.9698; loss: 0.5515; pr_auc: 0.9661; acc: 0.9051; f1: 0.9013; 
Thu 07 Mar 2024 22:28:45 INFO  [Train Info] Epoch: 079, train loss: 0.0654. [Evaluation metric]	Mode:valid, roc_auc: 0.9736; loss: 0.5493; pr_auc: 0.9732; acc: 0.9087; f1: 0.9048; 
Thu 07 Mar 2024 22:28:45 INFO  [Train Info] Epoch: 080, train loss: 0.0668. [Evaluation metric]	Mode:valid, roc_auc: 0.9702; loss: 0.5515; pr_auc: 0.9674; acc: 0.9051; f1: 0.9017; 
Thu 07 Mar 2024 22:28:45 INFO  [Train Info] Epoch: 081, train loss: 0.0689. [Evaluation metric]	Mode:valid, roc_auc: 0.9706; loss: 0.5500; pr_auc: 0.9671; acc: 0.9095; f1: 0.9058; 
Thu 07 Mar 2024 22:28:45 INFO  [Train Info] Epoch: 082, train loss: 0.0702. [Evaluation metric]	Mode:valid, roc_auc: 0.9700; loss: 0.5503; pr_auc: 0.9657; acc: 0.9070; f1: 0.9029; 
Thu 07 Mar 2024 22:28:45 INFO  [Train Info] Epoch: 083, train loss: 0.0648. [Evaluation metric]	Mode:valid, roc_auc: 0.9707; loss: 0.5504; pr_auc: 0.9673; acc: 0.9072; f1: 0.9030; 
Thu 07 Mar 2024 22:28:45 INFO  [Train Info] Epoch: 084, train loss: 0.0697. [Evaluation metric]	Mode:valid, roc_auc: 0.9687; loss: 0.5528; pr_auc: 0.9639; acc: 0.9041; f1: 0.9009; 
Thu 07 Mar 2024 22:28:45 INFO  [Train Info] Epoch: 085, train loss: 0.0670. [Evaluation metric]	Mode:valid, roc_auc: 0.9690; loss: 0.5522; pr_auc: 0.9650; acc: 0.9053; f1: 0.9022; 
Thu 07 Mar 2024 22:28:46 INFO  [Train Info] Epoch: 086, train loss: 0.0670. [Evaluation metric]	Mode:valid, roc_auc: 0.9694; loss: 0.5517; pr_auc: 0.9651; acc: 0.9045; f1: 0.9009; 
Thu 07 Mar 2024 22:28:46 INFO  [Train Info] Epoch: 087, train loss: 0.0645. [Evaluation metric]	Mode:valid, roc_auc: 0.9695; loss: 0.5515; pr_auc: 0.9668; acc: 0.9044; f1: 0.9001; 
Thu 07 Mar 2024 22:28:46 INFO  [Train Info] Epoch: 088, train loss: 0.0657. [Evaluation metric]	Mode:valid, roc_auc: 0.9708; loss: 0.5501; pr_auc: 0.9676; acc: 0.9073; f1: 0.9030; 
Thu 07 Mar 2024 22:28:46 INFO  [Train Info] Epoch: 089, train loss: 0.0670. [Evaluation metric]	Mode:valid, roc_auc: 0.9698; loss: 0.5519; pr_auc: 0.9653; acc: 0.9074; f1: 0.9043; 
Thu 07 Mar 2024 22:28:46 INFO  [Train Info] Epoch: 090, train loss: 0.0675. [Evaluation metric]	Mode:valid, roc_auc: 0.9702; loss: 0.5526; pr_auc: 0.9679; acc: 0.9047; f1: 0.9018; 
Thu 07 Mar 2024 22:28:46 INFO  [Train Info] Epoch: 091, train loss: 0.0641. [Evaluation metric]	Mode:valid, roc_auc: 0.9699; loss: 0.5509; pr_auc: 0.9650; acc: 0.9084; f1: 0.9049; 
Thu 07 Mar 2024 22:28:46 INFO  [Train Info] Epoch: 092, train loss: 0.0621. [Evaluation metric]	Mode:valid, roc_auc: 0.9690; loss: 0.5517; pr_auc: 0.9661; acc: 0.9047; f1: 0.9006; 
Thu 07 Mar 2024 22:28:47 INFO  [Train Info] Epoch: 093, train loss: 0.0623. [Evaluation metric]	Mode:valid, roc_auc: 0.9704; loss: 0.5502; pr_auc: 0.9678; acc: 0.9083; f1: 0.9044; 
Thu 07 Mar 2024 22:28:47 INFO  [Train Info] Epoch: 094, train loss: 0.0667. [Evaluation metric]	Mode:valid, roc_auc: 0.9704; loss: 0.5517; pr_auc: 0.9676; acc: 0.9059; f1: 0.9025; 
Thu 07 Mar 2024 22:28:47 INFO  [Train Info] Epoch: 095, train loss: 0.0606. [Evaluation metric]	Mode:valid, roc_auc: 0.9711; loss: 0.5508; pr_auc: 0.9671; acc: 0.9073; f1: 0.9040; 
Thu 07 Mar 2024 22:28:47 INFO  [Train Info] Epoch: 096, train loss: 0.0665. [Evaluation metric]	Mode:valid, roc_auc: 0.9694; loss: 0.5521; pr_auc: 0.9661; acc: 0.9050; f1: 0.9018; 
Thu 07 Mar 2024 22:28:47 INFO  [Train Info] Epoch: 097, train loss: 0.0647. [Evaluation metric]	Mode:valid, roc_auc: 0.9707; loss: 0.5503; pr_auc: 0.9688; acc: 0.9083; f1: 0.9044; 
Thu 07 Mar 2024 22:28:47 INFO  [Train Info] Epoch: 098, train loss: 0.0658. [Evaluation metric]	Mode:valid, roc_auc: 0.9707; loss: 0.5504; pr_auc: 0.9687; acc: 0.9051; f1: 0.9010; 
Thu 07 Mar 2024 22:28:47 INFO  [Train Info] Epoch: 099, train loss: 0.0592. [Evaluation metric]	Mode:valid, roc_auc: 0.9694; loss: 0.5508; pr_auc: 0.9659; acc: 0.9044; f1: 0.9002; 
Thu 07 Mar 2024 22:28:47 INFO  [Train Info] Epoch: 100, train loss: 0.0624. [Evaluation metric]	Mode:valid, roc_auc: 0.9694; loss: 0.5507; pr_auc: 0.9651; acc: 0.9051; f1: 0.9011; 
Thu 07 Mar 2024 22:28:48 INFO  [Train Info] Epoch: 101, train loss: 0.0619. [Evaluation metric]	Mode:valid, roc_auc: 0.9686; loss: 0.5514; pr_auc: 0.9645; acc: 0.9051; f1: 0.9014; 
Thu 07 Mar 2024 22:28:48 INFO  [Train Info] Epoch: 102, train loss: 0.0624. [Evaluation metric]	Mode:valid, roc_auc: 0.9681; loss: 0.5514; pr_auc: 0.9647; acc: 0.9051; f1: 0.9015; 
Thu 07 Mar 2024 22:28:48 INFO  [Train Info] Epoch: 103, train loss: 0.0593. [Evaluation metric]	Mode:valid, roc_auc: 0.9686; loss: 0.5510; pr_auc: 0.9647; acc: 0.9072; f1: 0.9034; 
Thu 07 Mar 2024 22:28:48 INFO  [Train Info] Epoch: 104, train loss: 0.0628. [Evaluation metric]	Mode:valid, roc_auc: 0.9694; loss: 0.5514; pr_auc: 0.9675; acc: 0.9067; f1: 0.9031; 
Thu 07 Mar 2024 22:28:48 INFO  [Train Info] Epoch: 105, train loss: 0.0633. [Evaluation metric]	Mode:valid, roc_auc: 0.9671; loss: 0.5530; pr_auc: 0.9635; acc: 0.9035; f1: 0.9004; 
Thu 07 Mar 2024 22:28:48 INFO  [Train Info] Epoch: 106, train loss: 0.0666. [Evaluation metric]	Mode:valid, roc_auc: 0.9678; loss: 0.5517; pr_auc: 0.9637; acc: 0.9055; f1: 0.9019; 
Thu 07 Mar 2024 22:28:48 INFO  [Train Info] Epoch: 107, train loss: 0.0608. [Evaluation metric]	Mode:valid, roc_auc: 0.9707; loss: 0.5494; pr_auc: 0.9661; acc: 0.9097; f1: 0.9056; 
Thu 07 Mar 2024 22:28:48 INFO  [Train Info] Epoch: 108, train loss: 0.0662. [Evaluation metric]	Mode:valid, roc_auc: 0.9702; loss: 0.5508; pr_auc: 0.9681; acc: 0.9090; f1: 0.9056; 
Thu 07 Mar 2024 22:28:49 INFO  [Train Info] Epoch: 109, train loss: 0.0596. [Evaluation metric]	Mode:valid, roc_auc: 0.9688; loss: 0.5518; pr_auc: 0.9663; acc: 0.9069; f1: 0.9038; 
Thu 07 Mar 2024 22:28:49 INFO  [Train Info] Epoch: 110, train loss: 0.0663. [Evaluation metric]	Mode:valid, roc_auc: 0.9716; loss: 0.5496; pr_auc: 0.9688; acc: 0.9101; f1: 0.9067; 
Thu 07 Mar 2024 22:28:49 INFO  [Train Info] Epoch: 111, train loss: 0.0613. [Evaluation metric]	Mode:valid, roc_auc: 0.9714; loss: 0.5497; pr_auc: 0.9699; acc: 0.9098; f1: 0.9061; 
Thu 07 Mar 2024 22:28:49 INFO  [Train Info] Epoch: 112, train loss: 0.0558. [Evaluation metric]	Mode:valid, roc_auc: 0.9701; loss: 0.5509; pr_auc: 0.9680; acc: 0.9067; f1: 0.9032; 
Thu 07 Mar 2024 22:28:49 INFO  [Train Info] Epoch: 113, train loss: 0.0567. [Evaluation metric]	Mode:valid, roc_auc: 0.9714; loss: 0.5493; pr_auc: 0.9690; acc: 0.9108; f1: 0.9074; 
Thu 07 Mar 2024 22:28:49 INFO  [Train Info] Epoch: 114, train loss: 0.0598. [Evaluation metric]	Mode:valid, roc_auc: 0.9691; loss: 0.5520; pr_auc: 0.9668; acc: 0.9047; f1: 0.9016; 
Thu 07 Mar 2024 22:28:49 INFO  [Train Info] Epoch: 115, train loss: 0.0606. [Evaluation metric]	Mode:valid, roc_auc: 0.9699; loss: 0.5503; pr_auc: 0.9654; acc: 0.9082; f1: 0.9048; 
Thu 07 Mar 2024 22:28:50 INFO  [Train Info] Epoch: 116, train loss: 0.0606. [Evaluation metric]	Mode:valid, roc_auc: 0.9709; loss: 0.5501; pr_auc: 0.9694; acc: 0.9083; f1: 0.9051; 
Thu 07 Mar 2024 22:28:50 INFO  [Train Info] Epoch: 117, train loss: 0.0596. [Evaluation metric]	Mode:valid, roc_auc: 0.9693; loss: 0.5511; pr_auc: 0.9662; acc: 0.9064; f1: 0.9030; 
Thu 07 Mar 2024 22:28:50 INFO  [Train Info] Epoch: 118, train loss: 0.0595. [Evaluation metric]	Mode:valid, roc_auc: 0.9678; loss: 0.5516; pr_auc: 0.9649; acc: 0.9044; f1: 0.9008; 
Thu 07 Mar 2024 22:28:50 INFO  [Train Info] Epoch: 119, train loss: 0.0594. [Evaluation metric]	Mode:valid, roc_auc: 0.9691; loss: 0.5502; pr_auc: 0.9639; acc: 0.9075; f1: 0.9044; 
Thu 07 Mar 2024 22:28:50 INFO  [Train Info] Epoch: 120, train loss: 0.0560. [Evaluation metric]	Mode:valid, roc_auc: 0.9726; loss: 0.5493; pr_auc: 0.9700; acc: 0.9115; f1: 0.9086; 
Thu 07 Mar 2024 22:28:50 INFO  [Train Info] Epoch: 121, train loss: 0.0568. [Evaluation metric]	Mode:valid, roc_auc: 0.9713; loss: 0.5504; pr_auc: 0.9673; acc: 0.9089; f1: 0.9061; 
Thu 07 Mar 2024 22:28:50 INFO  [Train Info] Epoch: 122, train loss: 0.0601. [Evaluation metric]	Mode:valid, roc_auc: 0.9715; loss: 0.5500; pr_auc: 0.9688; acc: 0.9088; f1: 0.9056; 
Thu 07 Mar 2024 22:28:51 INFO  [Train Info] Epoch: 123, train loss: 0.0622. [Evaluation metric]	Mode:valid, roc_auc: 0.9688; loss: 0.5509; pr_auc: 0.9637; acc: 0.9064; f1: 0.9031; 
Thu 07 Mar 2024 22:28:51 INFO  [Train Info] Epoch: 124, train loss: 0.0558. [Evaluation metric]	Mode:valid, roc_auc: 0.9692; loss: 0.5501; pr_auc: 0.9648; acc: 0.9076; f1: 0.9039; 
Thu 07 Mar 2024 22:28:51 INFO  [Train Info] Epoch: 125, train loss: 0.0621. [Evaluation metric]	Mode:valid, roc_auc: 0.9700; loss: 0.5505; pr_auc: 0.9682; acc: 0.9066; f1: 0.9030; 
Thu 07 Mar 2024 22:28:51 INFO  [Train Info] Epoch: 126, train loss: 0.0561. [Evaluation metric]	Mode:valid, roc_auc: 0.9714; loss: 0.5491; pr_auc: 0.9670; acc: 0.9097; f1: 0.9060; 
Thu 07 Mar 2024 22:28:51 INFO  [Train Info] Epoch: 127, train loss: 0.0552. [Evaluation metric]	Mode:valid, roc_auc: 0.9714; loss: 0.5498; pr_auc: 0.9681; acc: 0.9094; f1: 0.9060; 
Thu 07 Mar 2024 22:28:51 INFO  [Train Info] Epoch: 128, train loss: 0.0603. [Evaluation metric]	Mode:valid, roc_auc: 0.9711; loss: 0.5493; pr_auc: 0.9663; acc: 0.9090; f1: 0.9057; 
Thu 07 Mar 2024 22:28:52 INFO  [Train Info] Epoch: 129, train loss: 0.0568. [Evaluation metric]	Mode:valid, roc_auc: 0.9709; loss: 0.5494; pr_auc: 0.9667; acc: 0.9082; f1: 0.9045; 
Thu 07 Mar 2024 22:28:52 INFO  [Train Info] Epoch: 130, train loss: 0.0560. [Evaluation metric]	Mode:valid, roc_auc: 0.9708; loss: 0.5490; pr_auc: 0.9681; acc: 0.9083; f1: 0.9042; 
Thu 07 Mar 2024 22:28:52 INFO  [Train Info] Epoch: 131, train loss: 0.0555. [Evaluation metric]	Mode:valid, roc_auc: 0.9711; loss: 0.5494; pr_auc: 0.9672; acc: 0.9077; f1: 0.9039; 
Thu 07 Mar 2024 22:28:52 INFO  [Train Info] Epoch: 132, train loss: 0.0551. [Evaluation metric]	Mode:valid, roc_auc: 0.9708; loss: 0.5503; pr_auc: 0.9682; acc: 0.9059; f1: 0.9027; 
Thu 07 Mar 2024 22:28:52 INFO  [Train Info] Epoch: 133, train loss: 0.0611. [Evaluation metric]	Mode:valid, roc_auc: 0.9723; loss: 0.5484; pr_auc: 0.9694; acc: 0.9097; f1: 0.9062; 
Thu 07 Mar 2024 22:28:52 INFO  [Train Info] Epoch: 134, train loss: 0.0599. [Evaluation metric]	Mode:valid, roc_auc: 0.9724; loss: 0.5482; pr_auc: 0.9693; acc: 0.9107; f1: 0.9067; 
Thu 07 Mar 2024 22:28:53 INFO  [Train Info] Epoch: 135, train loss: 0.0612. [Evaluation metric]	Mode:valid, roc_auc: 0.9712; loss: 0.5488; pr_auc: 0.9674; acc: 0.9110; f1: 0.9076; 
Thu 07 Mar 2024 22:28:53 INFO  [Train Info] Epoch: 136, train loss: 0.0586. [Evaluation metric]	Mode:valid, roc_auc: 0.9698; loss: 0.5502; pr_auc: 0.9658; acc: 0.9082; f1: 0.9052; 
Thu 07 Mar 2024 22:28:53 INFO  [Train Info] Epoch: 137, train loss: 0.0572. [Evaluation metric]	Mode:valid, roc_auc: 0.9698; loss: 0.5495; pr_auc: 0.9675; acc: 0.9083; f1: 0.9047; 
Thu 07 Mar 2024 22:28:53 INFO  [Train Info] Epoch: 138, train loss: 0.0549. [Evaluation metric]	Mode:valid, roc_auc: 0.9695; loss: 0.5498; pr_auc: 0.9667; acc: 0.9077; f1: 0.9041; 
Thu 07 Mar 2024 22:28:53 INFO  [Train Info] Epoch: 139, train loss: 0.0540. [Evaluation metric]	Mode:valid, roc_auc: 0.9710; loss: 0.5494; pr_auc: 0.9682; acc: 0.9093; f1: 0.9062; 
Thu 07 Mar 2024 22:28:53 INFO  [Train Info] Epoch: 140, train loss: 0.0539. [Evaluation metric]	Mode:valid, roc_auc: 0.9707; loss: 0.5494; pr_auc: 0.9681; acc: 0.9097; f1: 0.9066; 
Thu 07 Mar 2024 22:28:53 INFO  [Train Info] Epoch: 141, train loss: 0.0541. [Evaluation metric]	Mode:valid, roc_auc: 0.9694; loss: 0.5502; pr_auc: 0.9661; acc: 0.9066; f1: 0.9032; 
Thu 07 Mar 2024 22:28:53 INFO  [Train Info] Epoch: 142, train loss: 0.0539. [Evaluation metric]	Mode:valid, roc_auc: 0.9693; loss: 0.5496; pr_auc: 0.9656; acc: 0.9090; f1: 0.9053; 
Thu 07 Mar 2024 22:28:54 INFO  [Train Info] Epoch: 143, train loss: 0.0571. [Evaluation metric]	Mode:valid, roc_auc: 0.9693; loss: 0.5497; pr_auc: 0.9644; acc: 0.9089; f1: 0.9058; 
Thu 07 Mar 2024 22:28:54 INFO  [Train Info] Epoch: 144, train loss: 0.0529. [Evaluation metric]	Mode:valid, roc_auc: 0.9695; loss: 0.5500; pr_auc: 0.9636; acc: 0.9074; f1: 0.9044; 
Thu 07 Mar 2024 22:28:54 INFO  [Train Info] Epoch: 145, train loss: 0.0535. [Evaluation metric]	Mode:valid, roc_auc: 0.9720; loss: 0.5483; pr_auc: 0.9687; acc: 0.9098; f1: 0.9063; 
Thu 07 Mar 2024 22:28:54 INFO  [Train Info] Epoch: 146, train loss: 0.0521. [Evaluation metric]	Mode:valid, roc_auc: 0.9713; loss: 0.5484; pr_auc: 0.9681; acc: 0.9081; f1: 0.9039; 
Thu 07 Mar 2024 22:28:54 INFO  [Train Info] Epoch: 147, train loss: 0.0528. [Evaluation metric]	Mode:valid, roc_auc: 0.9683; loss: 0.5502; pr_auc: 0.9623; acc: 0.9053; f1: 0.9016; 
Thu 07 Mar 2024 22:28:54 INFO  [Train Info] Epoch: 148, train loss: 0.0501. [Evaluation metric]	Mode:valid, roc_auc: 0.9698; loss: 0.5507; pr_auc: 0.9672; acc: 0.9066; f1: 0.9035; 
Thu 07 Mar 2024 22:28:54 INFO  [Train Info] Epoch: 149, train loss: 0.0572. [Evaluation metric]	Mode:valid, roc_auc: 0.9702; loss: 0.5502; pr_auc: 0.9655; acc: 0.9074; f1: 0.9040; 
Thu 07 Mar 2024 22:28:54 INFO  [Train Info] Epoch: 150, train loss: 0.0523. [Evaluation metric]	Mode:valid, roc_auc: 0.9698; loss: 0.5499; pr_auc: 0.9656; acc: 0.9073; f1: 0.9034; 
Thu 07 Mar 2024 22:28:55 INFO  [Train Info] Epoch: 151, train loss: 0.0578. [Evaluation metric]	Mode:valid, roc_auc: 0.9710; loss: 0.5488; pr_auc: 0.9686; acc: 0.9094; f1: 0.9058; 
Thu 07 Mar 2024 22:28:55 INFO  [Train Info] Epoch: 152, train loss: 0.0536. [Evaluation metric]	Mode:valid, roc_auc: 0.9699; loss: 0.5492; pr_auc: 0.9662; acc: 0.9092; f1: 0.9056; 
Thu 07 Mar 2024 22:28:55 INFO  [Train Info] Epoch: 153, train loss: 0.0539. [Evaluation metric]	Mode:valid, roc_auc: 0.9706; loss: 0.5489; pr_auc: 0.9670; acc: 0.9079; f1: 0.9041; 
Thu 07 Mar 2024 22:28:55 INFO  [Train Info] Epoch: 154, train loss: 0.0535. [Evaluation metric]	Mode:valid, roc_auc: 0.9709; loss: 0.5488; pr_auc: 0.9657; acc: 0.9081; f1: 0.9042; 
Thu 07 Mar 2024 22:28:55 INFO  [Train Info] Epoch: 155, train loss: 0.0584. [Evaluation metric]	Mode:valid, roc_auc: 0.9700; loss: 0.5498; pr_auc: 0.9673; acc: 0.9068; f1: 0.9036; 
Thu 07 Mar 2024 22:28:55 INFO  [Train Info] Epoch: 156, train loss: 0.0532. [Evaluation metric]	Mode:valid, roc_auc: 0.9712; loss: 0.5491; pr_auc: 0.9664; acc: 0.9082; f1: 0.9050; 
Thu 07 Mar 2024 22:28:55 INFO  [Train Info] Epoch: 157, train loss: 0.0599. [Evaluation metric]	Mode:valid, roc_auc: 0.9705; loss: 0.5487; pr_auc: 0.9669; acc: 0.9071; f1: 0.9029; 
Thu 07 Mar 2024 22:28:56 INFO  [Train Info] Epoch: 158, train loss: 0.0541. [Evaluation metric]	Mode:valid, roc_auc: 0.9708; loss: 0.5479; pr_auc: 0.9674; acc: 0.9098; f1: 0.9056; 
Thu 07 Mar 2024 22:28:56 INFO  [Train Info] Epoch: 159, train loss: 0.0534. [Evaluation metric]	Mode:valid, roc_auc: 0.9721; loss: 0.5492; pr_auc: 0.9699; acc: 0.9083; f1: 0.9050; 
Thu 07 Mar 2024 22:28:56 INFO  [Train Info] Epoch: 160, train loss: 0.0586. [Evaluation metric]	Mode:valid, roc_auc: 0.9691; loss: 0.5517; pr_auc: 0.9642; acc: 0.9032; f1: 0.9006; 
Thu 07 Mar 2024 22:28:56 INFO  [Train Info] Epoch: 161, train loss: 0.0580. [Evaluation metric]	Mode:valid, roc_auc: 0.9674; loss: 0.5519; pr_auc: 0.9634; acc: 0.9041; f1: 0.9009; 
Thu 07 Mar 2024 22:28:56 INFO  [Train Info] Epoch: 162, train loss: 0.0560. [Evaluation metric]	Mode:valid, roc_auc: 0.9675; loss: 0.5504; pr_auc: 0.9622; acc: 0.9059; f1: 0.9019; 
Thu 07 Mar 2024 22:28:56 INFO  [Train Info] Epoch: 163, train loss: 0.0564. [Evaluation metric]	Mode:valid, roc_auc: 0.9684; loss: 0.5503; pr_auc: 0.9627; acc: 0.9067; f1: 0.9031; 
Thu 07 Mar 2024 22:28:56 INFO  [Train Info] Epoch: 164, train loss: 0.0524. [Evaluation metric]	Mode:valid, roc_auc: 0.9684; loss: 0.5507; pr_auc: 0.9654; acc: 0.9075; f1: 0.9040; 
Thu 07 Mar 2024 22:28:56 INFO  [Train Info] Epoch: 165, train loss: 0.0528. [Evaluation metric]	Mode:valid, roc_auc: 0.9692; loss: 0.5503; pr_auc: 0.9662; acc: 0.9056; f1: 0.9021; 
Thu 07 Mar 2024 22:28:57 INFO  [Train Info] Epoch: 166, train loss: 0.0549. [Evaluation metric]	Mode:valid, roc_auc: 0.9690; loss: 0.5496; pr_auc: 0.9643; acc: 0.9074; f1: 0.9037; 
Thu 07 Mar 2024 22:28:57 INFO  [Train Info] Epoch: 167, train loss: 0.0524. [Evaluation metric]	Mode:valid, roc_auc: 0.9672; loss: 0.5501; pr_auc: 0.9604; acc: 0.9082; f1: 0.9045; 
Thu 07 Mar 2024 22:28:57 INFO  [Train Info] Epoch: 168, train loss: 0.0539. [Evaluation metric]	Mode:valid, roc_auc: 0.9689; loss: 0.5499; pr_auc: 0.9640; acc: 0.9077; f1: 0.9042; 
Thu 07 Mar 2024 22:28:57 INFO  [Train Info] Epoch: 169, train loss: 0.0520. [Evaluation metric]	Mode:valid, roc_auc: 0.9706; loss: 0.5495; pr_auc: 0.9680; acc: 0.9083; f1: 0.9050; 
Thu 07 Mar 2024 22:28:57 INFO  [Train Info] Epoch: 170, train loss: 0.0520. [Evaluation metric]	Mode:valid, roc_auc: 0.9710; loss: 0.5489; pr_auc: 0.9674; acc: 0.9078; f1: 0.9045; 
Thu 07 Mar 2024 22:28:57 INFO  [Train Info] Epoch: 171, train loss: 0.0547. [Evaluation metric]	Mode:valid, roc_auc: 0.9700; loss: 0.5490; pr_auc: 0.9665; acc: 0.9083; f1: 0.9047; 
Thu 07 Mar 2024 22:28:57 INFO  [Train Info] Epoch: 172, train loss: 0.0510. [Evaluation metric]	Mode:valid, roc_auc: 0.9721; loss: 0.5484; pr_auc: 0.9702; acc: 0.9102; f1: 0.9068; 
Thu 07 Mar 2024 22:28:58 INFO  [Train Info] Epoch: 173, train loss: 0.0512. [Evaluation metric]	Mode:valid, roc_auc: 0.9713; loss: 0.5481; pr_auc: 0.9666; acc: 0.9115; f1: 0.9081; 
Thu 07 Mar 2024 22:28:58 INFO  [Train Info] Epoch: 174, train loss: 0.0508. [Evaluation metric]	Mode:valid, roc_auc: 0.9691; loss: 0.5484; pr_auc: 0.9611; acc: 0.9101; f1: 0.9065; 
Thu 07 Mar 2024 22:28:58 INFO  [Train Info] Epoch: 175, train loss: 0.0511. [Evaluation metric]	Mode:valid, roc_auc: 0.9717; loss: 0.5471; pr_auc: 0.9673; acc: 0.9113; f1: 0.9076; 
Thu 07 Mar 2024 22:28:58 INFO  [Train Info] Epoch: 176, train loss: 0.0493. [Evaluation metric]	Mode:valid, roc_auc: 0.9710; loss: 0.5481; pr_auc: 0.9676; acc: 0.9103; f1: 0.9066; 
Thu 07 Mar 2024 22:28:58 INFO  [Train Info] Epoch: 177, train loss: 0.0521. [Evaluation metric]	Mode:valid, roc_auc: 0.9712; loss: 0.5486; pr_auc: 0.9685; acc: 0.9105; f1: 0.9070; 
Thu 07 Mar 2024 22:28:58 INFO  [Train Info] Epoch: 178, train loss: 0.0514. [Evaluation metric]	Mode:valid, roc_auc: 0.9691; loss: 0.5505; pr_auc: 0.9643; acc: 0.9064; f1: 0.9032; 
Thu 07 Mar 2024 22:28:59 INFO  [Train Info] Epoch: 179, train loss: 0.0513. [Evaluation metric]	Mode:valid, roc_auc: 0.9677; loss: 0.5503; pr_auc: 0.9603; acc: 0.9040; f1: 0.9002; 
Thu 07 Mar 2024 22:28:59 INFO  [Train Info] Epoch: 180, train loss: 0.0535. [Evaluation metric]	Mode:valid, roc_auc: 0.9707; loss: 0.5493; pr_auc: 0.9684; acc: 0.9054; f1: 0.9014; 
Thu 07 Mar 2024 22:28:59 INFO  [Train Info] Epoch: 181, train loss: 0.0509. [Evaluation metric]	Mode:valid, roc_auc: 0.9711; loss: 0.5483; pr_auc: 0.9662; acc: 0.9091; f1: 0.9057; 
Thu 07 Mar 2024 22:28:59 INFO  [Train Info] Epoch: 182, train loss: 0.0511. [Evaluation metric]	Mode:valid, roc_auc: 0.9709; loss: 0.5491; pr_auc: 0.9683; acc: 0.9105; f1: 0.9072; 
Thu 07 Mar 2024 22:28:59 INFO  [Train Info] Epoch: 183, train loss: 0.0536. [Evaluation metric]	Mode:valid, roc_auc: 0.9699; loss: 0.5483; pr_auc: 0.9640; acc: 0.9096; f1: 0.9058; 
Thu 07 Mar 2024 22:28:59 INFO  [Train Info] Epoch: 184, train loss: 0.0536. [Evaluation metric]	Mode:valid, roc_auc: 0.9705; loss: 0.5484; pr_auc: 0.9686; acc: 0.9082; f1: 0.9043; 
Thu 07 Mar 2024 22:28:59 INFO  [Train Info] Epoch: 185, train loss: 0.0527. [Evaluation metric]	Mode:valid, roc_auc: 0.9712; loss: 0.5483; pr_auc: 0.9679; acc: 0.9085; f1: 0.9052; 
Thu 07 Mar 2024 22:28:59 INFO  [Train Info] Epoch: 186, train loss: 0.0528. [Evaluation metric]	Mode:valid, roc_auc: 0.9701; loss: 0.5499; pr_auc: 0.9657; acc: 0.9065; f1: 0.9036; 
Thu 07 Mar 2024 22:29:00 INFO  [Train Info] Epoch: 187, train loss: 0.0512. [Evaluation metric]	Mode:valid, roc_auc: 0.9729; loss: 0.5476; pr_auc: 0.9708; acc: 0.9105; f1: 0.9071; 
Thu 07 Mar 2024 22:29:00 INFO  [Train Info] Epoch: 188, train loss: 0.0533. [Evaluation metric]	Mode:valid, roc_auc: 0.9705; loss: 0.5485; pr_auc: 0.9662; acc: 0.9086; f1: 0.9049; 
Thu 07 Mar 2024 22:29:00 INFO  [Train Info] Epoch: 189, train loss: 0.0493. [Evaluation metric]	Mode:valid, roc_auc: 0.9698; loss: 0.5489; pr_auc: 0.9647; acc: 0.9089; f1: 0.9053; 
Thu 07 Mar 2024 22:29:00 INFO  [Train Info] Epoch: 190, train loss: 0.0528. [Evaluation metric]	Mode:valid, roc_auc: 0.9688; loss: 0.5494; pr_auc: 0.9644; acc: 0.9059; f1: 0.9024; 
Thu 07 Mar 2024 22:29:00 INFO  [Train Info] Epoch: 191, train loss: 0.0521. [Evaluation metric]	Mode:valid, roc_auc: 0.9706; loss: 0.5482; pr_auc: 0.9672; acc: 0.9094; f1: 0.9054; 
Thu 07 Mar 2024 22:29:01 INFO  [Train Info] Epoch: 192, train loss: 0.0476. [Evaluation metric]	Mode:valid, roc_auc: 0.9702; loss: 0.5487; pr_auc: 0.9652; acc: 0.9090; f1: 0.9054; 
Thu 07 Mar 2024 22:29:01 INFO  [Train Info] Epoch: 193, train loss: 0.0526. [Evaluation metric]	Mode:valid, roc_auc: 0.9718; loss: 0.5474; pr_auc: 0.9680; acc: 0.9118; f1: 0.9082; 
Thu 07 Mar 2024 22:29:01 INFO  [Train Info] Epoch: 194, train loss: 0.0490. [Evaluation metric]	Mode:valid, roc_auc: 0.9691; loss: 0.5484; pr_auc: 0.9617; acc: 0.9085; f1: 0.9047; 
Thu 07 Mar 2024 22:29:01 INFO  [Train Info] Epoch: 195, train loss: 0.0516. [Evaluation metric]	Mode:valid, roc_auc: 0.9709; loss: 0.5469; pr_auc: 0.9656; acc: 0.9113; f1: 0.9071; 
Thu 07 Mar 2024 22:29:01 INFO  [Train Info] Epoch: 196, train loss: 0.0516. [Evaluation metric]	Mode:valid, roc_auc: 0.9718; loss: 0.5475; pr_auc: 0.9684; acc: 0.9122; f1: 0.9087; 
Thu 07 Mar 2024 22:29:01 INFO  [Train Info] Epoch: 197, train loss: 0.0506. [Evaluation metric]	Mode:valid, roc_auc: 0.9703; loss: 0.5500; pr_auc: 0.9663; acc: 0.9067; f1: 0.9039; 
Thu 07 Mar 2024 22:29:01 INFO  [Train Info] Epoch: 198, train loss: 0.0543. [Evaluation metric]	Mode:valid, roc_auc: 0.9703; loss: 0.5495; pr_auc: 0.9667; acc: 0.9061; f1: 0.9028; 
Thu 07 Mar 2024 22:29:02 INFO  [Train Info] Epoch: 199, train loss: 0.0532. [Evaluation metric]	Mode:valid, roc_auc: 0.9682; loss: 0.5494; pr_auc: 0.9627; acc: 0.9059; f1: 0.9020; 
Thu 07 Mar 2024 22:29:02 INFO  [Train Info] Epoch: 200, train loss: 0.0548. [Evaluation metric]	Mode:valid, roc_auc: 0.9701; loss: 0.5482; pr_auc: 0.9648; acc: 0.9098; f1: 0.9063; 
Thu 07 Mar 2024 22:29:02 INFO  [Train Info] Epoch: 201, train loss: 0.0502. [Evaluation metric]	Mode:valid, roc_auc: 0.9690; loss: 0.5499; pr_auc: 0.9662; acc: 0.9084; f1: 0.9051; 
Thu 07 Mar 2024 22:29:02 INFO  [Train Info] Epoch: 202, train loss: 0.0576. [Evaluation metric]	Mode:valid, roc_auc: 0.9691; loss: 0.5494; pr_auc: 0.9666; acc: 0.9077; f1: 0.9039; 
Thu 07 Mar 2024 22:29:02 INFO  [Train Info] Epoch: 203, train loss: 0.0530. [Evaluation metric]	Mode:valid, roc_auc: 0.9689; loss: 0.5488; pr_auc: 0.9639; acc: 0.9076; f1: 0.9032; 
Thu 07 Mar 2024 22:29:02 INFO  [Train Info] Epoch: 204, train loss: 0.0561. [Evaluation metric]	Mode:valid, roc_auc: 0.9695; loss: 0.5493; pr_auc: 0.9656; acc: 0.9098; f1: 0.9065; 
Thu 07 Mar 2024 22:29:02 INFO  [Train Info] Epoch: 205, train loss: 0.0502. [Evaluation metric]	Mode:valid, roc_auc: 0.9701; loss: 0.5495; pr_auc: 0.9659; acc: 0.9084; f1: 0.9055; 
Thu 07 Mar 2024 22:29:03 INFO  [Train Info] Epoch: 206, train loss: 0.0523. [Evaluation metric]	Mode:valid, roc_auc: 0.9703; loss: 0.5494; pr_auc: 0.9682; acc: 0.9082; f1: 0.9048; 
Thu 07 Mar 2024 22:29:03 INFO  [Train Info] Epoch: 207, train loss: 0.0531. [Evaluation metric]	Mode:valid, roc_auc: 0.9710; loss: 0.5473; pr_auc: 0.9662; acc: 0.9124; f1: 0.9087; 
Thu 07 Mar 2024 22:29:03 INFO  [Train Info] Epoch: 208, train loss: 0.0497. [Evaluation metric]	Mode:valid, roc_auc: 0.9687; loss: 0.5488; pr_auc: 0.9616; acc: 0.9088; f1: 0.9052; 
Thu 07 Mar 2024 22:29:03 INFO  [Train Info] Epoch: 209, train loss: 0.0504. [Evaluation metric]	Mode:valid, roc_auc: 0.9710; loss: 0.5482; pr_auc: 0.9682; acc: 0.9097; f1: 0.9061; 
Thu 07 Mar 2024 22:29:03 INFO  [Train Info] Epoch: 210, train loss: 0.0511. [Evaluation metric]	Mode:valid, roc_auc: 0.9700; loss: 0.5481; pr_auc: 0.9649; acc: 0.9112; f1: 0.9075; 
Thu 07 Mar 2024 22:29:03 INFO  [Train Info] Epoch: 211, train loss: 0.0523. [Evaluation metric]	Mode:valid, roc_auc: 0.9710; loss: 0.5489; pr_auc: 0.9687; acc: 0.9082; f1: 0.9047; 
Thu 07 Mar 2024 22:29:03 INFO  [Train Info] Epoch: 212, train loss: 0.0485. [Evaluation metric]	Mode:valid, roc_auc: 0.9708; loss: 0.5487; pr_auc: 0.9660; acc: 0.9075; f1: 0.9043; 
Thu 07 Mar 2024 22:29:03 INFO  [Train Info] Epoch: 213, train loss: 0.0501. [Evaluation metric]	Mode:valid, roc_auc: 0.9698; loss: 0.5492; pr_auc: 0.9659; acc: 0.9069; f1: 0.9035; 
Thu 07 Mar 2024 22:29:04 INFO  [Train Info] Epoch: 214, train loss: 0.0506. [Evaluation metric]	Mode:valid, roc_auc: 0.9699; loss: 0.5490; pr_auc: 0.9657; acc: 0.9083; f1: 0.9048; 
Thu 07 Mar 2024 22:29:04 INFO  [Train Info] Epoch: 215, train loss: 0.0508. [Evaluation metric]	Mode:valid, roc_auc: 0.9699; loss: 0.5492; pr_auc: 0.9673; acc: 0.9082; f1: 0.9047; 
Thu 07 Mar 2024 22:29:04 INFO  [Train Info] Epoch: 216, train loss: 0.0523. [Evaluation metric]	Mode:valid, roc_auc: 0.9663; loss: 0.5524; pr_auc: 0.9612; acc: 0.9017; f1: 0.8986; 
Thu 07 Mar 2024 22:29:04 INFO  [Train Info] Epoch: 217, train loss: 0.0535. [Evaluation metric]	Mode:valid, roc_auc: 0.9681; loss: 0.5498; pr_auc: 0.9639; acc: 0.9056; f1: 0.9018; 
Thu 07 Mar 2024 22:29:04 INFO  [Train Info] Epoch: 218, train loss: 0.0469. [Evaluation metric]	Mode:valid, roc_auc: 0.9702; loss: 0.5484; pr_auc: 0.9689; acc: 0.9056; f1: 0.9012; 
Thu 07 Mar 2024 22:29:04 INFO  [Train Info] Epoch: 219, train loss: 0.0460. [Evaluation metric]	Mode:valid, roc_auc: 0.9693; loss: 0.5491; pr_auc: 0.9664; acc: 0.9066; f1: 0.9024; 
Thu 07 Mar 2024 22:29:04 INFO  [Train Info] Epoch: 220, train loss: 0.0463. [Evaluation metric]	Mode:valid, roc_auc: 0.9700; loss: 0.5484; pr_auc: 0.9673; acc: 0.9098; f1: 0.9061; 
Thu 07 Mar 2024 22:29:05 INFO  [Train Info] Epoch: 221, train loss: 0.0512. [Evaluation metric]	Mode:valid, roc_auc: 0.9697; loss: 0.5489; pr_auc: 0.9679; acc: 0.9086; f1: 0.9047; 
Thu 07 Mar 2024 22:29:05 INFO  [Train Info] Epoch: 222, train loss: 0.0478. [Evaluation metric]	Mode:valid, roc_auc: 0.9692; loss: 0.5490; pr_auc: 0.9670; acc: 0.9068; f1: 0.9028; 
Thu 07 Mar 2024 22:29:05 INFO  [Train Info] Epoch: 223, train loss: 0.0479. [Evaluation metric]	Mode:valid, roc_auc: 0.9698; loss: 0.5478; pr_auc: 0.9645; acc: 0.9110; f1: 0.9071; 
Thu 07 Mar 2024 22:29:05 INFO  [Train Info] Epoch: 224, train loss: 0.0506. [Evaluation metric]	Mode:valid, roc_auc: 0.9690; loss: 0.5484; pr_auc: 0.9638; acc: 0.9084; f1: 0.9049; 
Thu 07 Mar 2024 22:29:05 INFO  [Train Info] Epoch: 225, train loss: 0.0488. [Evaluation metric]	Mode:valid, roc_auc: 0.9703; loss: 0.5482; pr_auc: 0.9676; acc: 0.9096; f1: 0.9058; 
Thu 07 Mar 2024 22:29:05 INFO  [Train Info] Epoch: 226, train loss: 0.0497. [Evaluation metric]	Mode:valid, roc_auc: 0.9709; loss: 0.5471; pr_auc: 0.9664; acc: 0.9096; f1: 0.9058; 
Thu 07 Mar 2024 22:29:05 INFO  [Train Info] Epoch: 227, train loss: 0.0481. [Evaluation metric]	Mode:valid, roc_auc: 0.9700; loss: 0.5479; pr_auc: 0.9655; acc: 0.9092; f1: 0.9055; 
Thu 07 Mar 2024 22:29:06 INFO  [Train Info] Epoch: 228, train loss: 0.0496. [Evaluation metric]	Mode:valid, roc_auc: 0.9705; loss: 0.5472; pr_auc: 0.9667; acc: 0.9104; f1: 0.9062; 
Thu 07 Mar 2024 22:29:06 INFO  [Train Info] Epoch: 229, train loss: 0.0472. [Evaluation metric]	Mode:valid, roc_auc: 0.9665; loss: 0.5498; pr_auc: 0.9619; acc: 0.9063; f1: 0.9024; 
Thu 07 Mar 2024 22:29:06 INFO  [Train Info] Epoch: 230, train loss: 0.0485. [Evaluation metric]	Mode:valid, roc_auc: 0.9692; loss: 0.5486; pr_auc: 0.9645; acc: 0.9103; f1: 0.9066; 
Thu 07 Mar 2024 22:29:06 INFO  [Train Info] Epoch: 231, train loss: 0.0502. [Evaluation metric]	Mode:valid, roc_auc: 0.9705; loss: 0.5485; pr_auc: 0.9685; acc: 0.9098; f1: 0.9059; 
Thu 07 Mar 2024 22:29:06 INFO  [Train Info] Epoch: 232, train loss: 0.0453. [Evaluation metric]	Mode:valid, roc_auc: 0.9721; loss: 0.5472; pr_auc: 0.9676; acc: 0.9091; f1: 0.9051; 
Thu 07 Mar 2024 22:29:06 INFO  [Train Info] Epoch: 233, train loss: 0.0482. [Evaluation metric]	Mode:valid, roc_auc: 0.9716; loss: 0.5465; pr_auc: 0.9664; acc: 0.9099; f1: 0.9053; 
Thu 07 Mar 2024 22:29:07 INFO  [Train Info] Epoch: 234, train loss: 0.0509. [Evaluation metric]	Mode:valid, roc_auc: 0.9686; loss: 0.5484; pr_auc: 0.9612; acc: 0.9072; f1: 0.9032; 
Thu 07 Mar 2024 22:29:07 INFO  [Train Info] Epoch: 235, train loss: 0.0486. [Evaluation metric]	Mode:valid, roc_auc: 0.9694; loss: 0.5491; pr_auc: 0.9646; acc: 0.9045; f1: 0.9007; 
Thu 07 Mar 2024 22:29:07 INFO  [Train Info] Epoch: 236, train loss: 0.0492. [Evaluation metric]	Mode:valid, roc_auc: 0.9691; loss: 0.5485; pr_auc: 0.9631; acc: 0.9080; f1: 0.9036; 
Thu 07 Mar 2024 22:29:07 INFO  [Train Info] Epoch: 237, train loss: 0.0532. [Evaluation metric]	Mode:valid, roc_auc: 0.9696; loss: 0.5483; pr_auc: 0.9635; acc: 0.9081; f1: 0.9044; 
Thu 07 Mar 2024 22:29:07 INFO  [Train Info] Epoch: 238, train loss: 0.0452. [Evaluation metric]	Mode:valid, roc_auc: 0.9694; loss: 0.5481; pr_auc: 0.9631; acc: 0.9090; f1: 0.9055; 
Thu 07 Mar 2024 22:29:07 INFO  [Train Info] Epoch: 239, train loss: 0.0505. [Evaluation metric]	Mode:valid, roc_auc: 0.9699; loss: 0.5482; pr_auc: 0.9671; acc: 0.9075; f1: 0.9033; 
Thu 07 Mar 2024 22:29:07 INFO  [Train Info] Epoch: 240, train loss: 0.0486. [Evaluation metric]	Mode:valid, roc_auc: 0.9701; loss: 0.5476; pr_auc: 0.9658; acc: 0.9105; f1: 0.9064; 
Thu 07 Mar 2024 22:29:08 INFO  [Train Info] Epoch: 241, train loss: 0.0463. [Evaluation metric]	Mode:valid, roc_auc: 0.9704; loss: 0.5485; pr_auc: 0.9662; acc: 0.9089; f1: 0.9055; 
Thu 07 Mar 2024 22:29:08 INFO  [Train Info] Epoch: 242, train loss: 0.0501. [Evaluation metric]	Mode:valid, roc_auc: 0.9696; loss: 0.5485; pr_auc: 0.9647; acc: 0.9084; f1: 0.9049; 
Thu 07 Mar 2024 22:29:08 INFO  [Train Info] Epoch: 243, train loss: 0.0481. [Evaluation metric]	Mode:valid, roc_auc: 0.9703; loss: 0.5481; pr_auc: 0.9670; acc: 0.9082; f1: 0.9042; 
Thu 07 Mar 2024 22:29:08 INFO  [Train Info] Epoch: 244, train loss: 0.0527. [Evaluation metric]	Mode:valid, roc_auc: 0.9697; loss: 0.5484; pr_auc: 0.9670; acc: 0.9078; f1: 0.9040; 
Thu 07 Mar 2024 22:29:08 INFO  [Train Info] Epoch: 245, train loss: 0.0499. [Evaluation metric]	Mode:valid, roc_auc: 0.9675; loss: 0.5491; pr_auc: 0.9608; acc: 0.9079; f1: 0.9044; 
Thu 07 Mar 2024 22:29:08 INFO  [Train Info] Epoch: 246, train loss: 0.0547. [Evaluation metric]	Mode:valid, roc_auc: 0.9707; loss: 0.5479; pr_auc: 0.9677; acc: 0.9093; f1: 0.9053; 
Thu 07 Mar 2024 22:29:09 INFO  [Train Info] Epoch: 247, train loss: 0.0491. [Evaluation metric]	Mode:valid, roc_auc: 0.9692; loss: 0.5480; pr_auc: 0.9652; acc: 0.9116; f1: 0.9070; 
Thu 07 Mar 2024 22:29:09 INFO  [Train Info] Epoch: 248, train loss: 0.0557. [Evaluation metric]	Mode:valid, roc_auc: 0.9688; loss: 0.5494; pr_auc: 0.9639; acc: 0.9071; f1: 0.9034; 
Thu 07 Mar 2024 22:29:09 INFO  [Train Info] Epoch: 249, train loss: 0.0493. [Evaluation metric]	Mode:valid, roc_auc: 0.9677; loss: 0.5497; pr_auc: 0.9604; acc: 0.9069; f1: 0.9032; 
Thu 07 Mar 2024 22:29:09 INFO  [Train Info] Epoch: 250, train loss: 0.0565. [Evaluation metric]	Mode:valid, roc_auc: 0.9689; loss: 0.5490; pr_auc: 0.9659; acc: 0.9081; f1: 0.9039; 
Thu 07 Mar 2024 22:29:09 INFO  [Train Info] Epoch: 251, train loss: 0.0489. [Evaluation metric]	Mode:valid, roc_auc: 0.9686; loss: 0.5490; pr_auc: 0.9659; acc: 0.9079; f1: 0.9033; 
Thu 07 Mar 2024 22:29:09 INFO  [Train Info] Epoch: 252, train loss: 0.0554. [Evaluation metric]	Mode:valid, roc_auc: 0.9695; loss: 0.5492; pr_auc: 0.9689; acc: 0.9087; f1: 0.9050; 
Thu 07 Mar 2024 22:29:09 INFO  [Train Info] Epoch: 253, train loss: 0.0524. [Evaluation metric]	Mode:valid, roc_auc: 0.9667; loss: 0.5501; pr_auc: 0.9620; acc: 0.9063; f1: 0.9029; 
Thu 07 Mar 2024 22:29:10 INFO  [Train Info] Epoch: 254, train loss: 0.0573. [Evaluation metric]	Mode:valid, roc_auc: 0.9682; loss: 0.5488; pr_auc: 0.9634; acc: 0.9068; f1: 0.9026; 
Thu 07 Mar 2024 22:29:10 INFO  [Train Info] Epoch: 255, train loss: 0.0529. [Evaluation metric]	Mode:valid, roc_auc: 0.9699; loss: 0.5481; pr_auc: 0.9651; acc: 0.9085; f1: 0.9041; 
Thu 07 Mar 2024 22:29:10 INFO  [Train Info] Epoch: 256, train loss: 0.0487. [Evaluation metric]	Mode:valid, roc_auc: 0.9692; loss: 0.5488; pr_auc: 0.9636; acc: 0.9078; f1: 0.9041; 
Thu 07 Mar 2024 22:29:10 INFO  [Train Info] Epoch: 257, train loss: 0.0516. [Evaluation metric]	Mode:valid, roc_auc: 0.9700; loss: 0.5484; pr_auc: 0.9682; acc: 0.9115; f1: 0.9080; 
Thu 07 Mar 2024 22:29:10 INFO  [Train Info] Epoch: 258, train loss: 0.0507. [Evaluation metric]	Mode:valid, roc_auc: 0.9690; loss: 0.5478; pr_auc: 0.9652; acc: 0.9113; f1: 0.9074; 
Thu 07 Mar 2024 22:29:10 INFO  [Train Info] Epoch: 259, train loss: 0.0513. [Evaluation metric]	Mode:valid, roc_auc: 0.9677; loss: 0.5490; pr_auc: 0.9658; acc: 0.9044; f1: 0.8991; 
Thu 07 Mar 2024 22:29:11 INFO  [Train Info] Epoch: 260, train loss: 0.0530. [Evaluation metric]	Mode:valid, roc_auc: 0.9698; loss: 0.5480; pr_auc: 0.9672; acc: 0.9089; f1: 0.9047; 
Thu 07 Mar 2024 22:29:11 INFO  [Train Info] Epoch: 261, train loss: 0.0507. [Evaluation metric]	Mode:valid, roc_auc: 0.9677; loss: 0.5495; pr_auc: 0.9636; acc: 0.9074; f1: 0.9036; 
Thu 07 Mar 2024 22:29:11 INFO  [Train Info] Epoch: 262, train loss: 0.0517. [Evaluation metric]	Mode:valid, roc_auc: 0.9683; loss: 0.5493; pr_auc: 0.9649; acc: 0.9074; f1: 0.9032; 
Thu 07 Mar 2024 22:29:11 INFO  [Train Info] Epoch: 263, train loss: 0.0541. [Evaluation metric]	Mode:valid, roc_auc: 0.9680; loss: 0.5487; pr_auc: 0.9634; acc: 0.9074; f1: 0.9027; 
Thu 07 Mar 2024 22:29:11 INFO  [Train Info] Epoch: 264, train loss: 0.0494. [Evaluation metric]	Mode:valid, roc_auc: 0.9686; loss: 0.5481; pr_auc: 0.9640; acc: 0.9075; f1: 0.9028; 
Thu 07 Mar 2024 22:29:11 INFO  [Train Info] Epoch: 265, train loss: 0.0504. [Evaluation metric]	Mode:valid, roc_auc: 0.9698; loss: 0.5478; pr_auc: 0.9655; acc: 0.9087; f1: 0.9045; 
Thu 07 Mar 2024 22:29:12 INFO  [Train Info] Epoch: 266, train loss: 0.0486. [Evaluation metric]	Mode:valid, roc_auc: 0.9701; loss: 0.5472; pr_auc: 0.9660; acc: 0.9106; f1: 0.9064; 
Thu 07 Mar 2024 22:29:12 INFO  [Train Info] Epoch: 267, train loss: 0.0502. [Evaluation metric]	Mode:valid, roc_auc: 0.9696; loss: 0.5478; pr_auc: 0.9660; acc: 0.9102; f1: 0.9060; 
Thu 07 Mar 2024 22:29:12 INFO  [Train Info] Epoch: 268, train loss: 0.0508. [Evaluation metric]	Mode:valid, roc_auc: 0.9685; loss: 0.5476; pr_auc: 0.9636; acc: 0.9107; f1: 0.9065; 
Thu 07 Mar 2024 22:29:12 INFO  [Train Info] Epoch: 269, train loss: 0.0502. [Evaluation metric]	Mode:valid, roc_auc: 0.9685; loss: 0.5479; pr_auc: 0.9635; acc: 0.9086; f1: 0.9040; 
Thu 07 Mar 2024 22:29:12 INFO  [Train Info] Epoch: 270, train loss: 0.0502. [Evaluation metric]	Mode:valid, roc_auc: 0.9690; loss: 0.5479; pr_auc: 0.9650; acc: 0.9073; f1: 0.9025; 
Thu 07 Mar 2024 22:29:12 INFO  [Train Info] Epoch: 271, train loss: 0.0506. [Evaluation metric]	Mode:valid, roc_auc: 0.9719; loss: 0.5464; pr_auc: 0.9709; acc: 0.9135; f1: 0.9092; 
Thu 07 Mar 2024 22:29:13 INFO  [Train Info] Epoch: 272, train loss: 0.0478. [Evaluation metric]	Mode:valid, roc_auc: 0.9700; loss: 0.5476; pr_auc: 0.9676; acc: 0.9130; f1: 0.9092; 
Thu 07 Mar 2024 22:29:13 INFO  [Train Info] Epoch: 273, train loss: 0.0516. [Evaluation metric]	Mode:valid, roc_auc: 0.9686; loss: 0.5484; pr_auc: 0.9642; acc: 0.9090; f1: 0.9047; 
Thu 07 Mar 2024 22:29:13 INFO  [Train Info] Epoch: 274, train loss: 0.0522. [Evaluation metric]	Mode:valid, roc_auc: 0.9670; loss: 0.5488; pr_auc: 0.9631; acc: 0.9082; f1: 0.9038; 
Thu 07 Mar 2024 22:29:13 INFO  [Train Info] Epoch: 275, train loss: 0.0468. [Evaluation metric]	Mode:valid, roc_auc: 0.9654; loss: 0.5502; pr_auc: 0.9595; acc: 0.9042; f1: 0.8999; 
Thu 07 Mar 2024 22:29:13 INFO  [Train Info] Epoch: 276, train loss: 0.0488. [Evaluation metric]	Mode:valid, roc_auc: 0.9670; loss: 0.5489; pr_auc: 0.9618; acc: 0.9066; f1: 0.9023; 
Thu 07 Mar 2024 22:29:13 INFO  [Train Info] Epoch: 277, train loss: 0.0463. [Evaluation metric]	Mode:valid, roc_auc: 0.9709; loss: 0.5470; pr_auc: 0.9689; acc: 0.9116; f1: 0.9075; 
Thu 07 Mar 2024 22:29:14 INFO  [Train Info] Epoch: 278, train loss: 0.0492. [Evaluation metric]	Mode:valid, roc_auc: 0.9696; loss: 0.5468; pr_auc: 0.9654; acc: 0.9126; f1: 0.9085; 
Thu 07 Mar 2024 22:29:14 INFO  [Train Info] Epoch: 279, train loss: 0.0459. [Evaluation metric]	Mode:valid, roc_auc: 0.9694; loss: 0.5471; pr_auc: 0.9648; acc: 0.9098; f1: 0.9054; 
Thu 07 Mar 2024 22:29:14 INFO  [Train Info] Epoch: 280, train loss: 0.0487. [Evaluation metric]	Mode:valid, roc_auc: 0.9689; loss: 0.5477; pr_auc: 0.9645; acc: 0.9085; f1: 0.9038; 
Thu 07 Mar 2024 22:29:14 INFO  [Train Info] Epoch: 281, train loss: 0.0505. [Evaluation metric]	Mode:valid, roc_auc: 0.9688; loss: 0.5480; pr_auc: 0.9639; acc: 0.9092; f1: 0.9051; 
Thu 07 Mar 2024 22:29:14 INFO  [Train Info] Epoch: 282, train loss: 0.0477. [Evaluation metric]	Mode:valid, roc_auc: 0.9669; loss: 0.5491; pr_auc: 0.9606; acc: 0.9083; f1: 0.9044; 
Thu 07 Mar 2024 22:29:14 INFO  [Train Info] Epoch: 283, train loss: 0.0479. [Evaluation metric]	Mode:valid, roc_auc: 0.9684; loss: 0.5484; pr_auc: 0.9646; acc: 0.9095; f1: 0.9053; 
Thu 07 Mar 2024 22:29:15 INFO  [Train Info] Epoch: 284, train loss: 0.0465. [Evaluation metric]	Mode:valid, roc_auc: 0.9699; loss: 0.5472; pr_auc: 0.9654; acc: 0.9111; f1: 0.9067; 
Thu 07 Mar 2024 22:29:15 INFO  [Train Info] Epoch: 285, train loss: 0.0479. [Evaluation metric]	Mode:valid, roc_auc: 0.9689; loss: 0.5483; pr_auc: 0.9664; acc: 0.9080; f1: 0.9038; 
Thu 07 Mar 2024 22:29:15 INFO  [Train Info] Epoch: 286, train loss: 0.0460. [Evaluation metric]	Mode:valid, roc_auc: 0.9680; loss: 0.5488; pr_auc: 0.9634; acc: 0.9075; f1: 0.9032; 
Thu 07 Mar 2024 22:29:15 INFO  [Train Info] Epoch: 287, train loss: 0.0454. [Evaluation metric]	Mode:valid, roc_auc: 0.9706; loss: 0.5465; pr_auc: 0.9675; acc: 0.9104; f1: 0.9058; 
Thu 07 Mar 2024 22:29:15 INFO  [Train Info] Epoch: 288, train loss: 0.0481. [Evaluation metric]	Mode:valid, roc_auc: 0.9712; loss: 0.5469; pr_auc: 0.9677; acc: 0.9101; f1: 0.9056; 
Thu 07 Mar 2024 22:29:15 INFO  [Train Info] Epoch: 289, train loss: 0.0480. [Evaluation metric]	Mode:valid, roc_auc: 0.9708; loss: 0.5460; pr_auc: 0.9665; acc: 0.9135; f1: 0.9094; 
Thu 07 Mar 2024 22:29:16 INFO  [Train Info] Epoch: 290, train loss: 0.0466. [Evaluation metric]	Mode:valid, roc_auc: 0.9719; loss: 0.5458; pr_auc: 0.9694; acc: 0.9135; f1: 0.9093; 
Thu 07 Mar 2024 22:29:16 INFO  [Train Info] Epoch: 291, train loss: 0.0442. [Evaluation metric]	Mode:valid, roc_auc: 0.9700; loss: 0.5470; pr_auc: 0.9671; acc: 0.9101; f1: 0.9053; 
Thu 07 Mar 2024 22:29:16 INFO  [Train Info] Epoch: 292, train loss: 0.0478. [Evaluation metric]	Mode:valid, roc_auc: 0.9681; loss: 0.5485; pr_auc: 0.9640; acc: 0.9088; f1: 0.9042; 
Thu 07 Mar 2024 22:29:16 INFO  [Train Info] Epoch: 293, train loss: 0.0462. [Evaluation metric]	Mode:valid, roc_auc: 0.9679; loss: 0.5493; pr_auc: 0.9641; acc: 0.9064; f1: 0.9019; 
Thu 07 Mar 2024 22:29:16 INFO  [Train Info] Epoch: 294, train loss: 0.0481. [Evaluation metric]	Mode:valid, roc_auc: 0.9691; loss: 0.5482; pr_auc: 0.9646; acc: 0.9077; f1: 0.9030; 
Thu 07 Mar 2024 22:29:16 INFO  [Train Info] Epoch: 295, train loss: 0.0467. [Evaluation metric]	Mode:valid, roc_auc: 0.9700; loss: 0.5472; pr_auc: 0.9658; acc: 0.9098; f1: 0.9050; 
Thu 07 Mar 2024 22:29:17 INFO  [Train Info] Epoch: 296, train loss: 0.0535. [Evaluation metric]	Mode:valid, roc_auc: 0.9703; loss: 0.5473; pr_auc: 0.9680; acc: 0.9107; f1: 0.9066; 
Thu 07 Mar 2024 22:29:17 INFO  [Train Info] Epoch: 297, train loss: 0.0546. [Evaluation metric]	Mode:valid, roc_auc: 0.9676; loss: 0.5492; pr_auc: 0.9650; acc: 0.9058; f1: 0.9014; 
Thu 07 Mar 2024 22:29:17 INFO  [Train Info] Epoch: 298, train loss: 0.0525. [Evaluation metric]	Mode:valid, roc_auc: 0.9690; loss: 0.5481; pr_auc: 0.9671; acc: 0.9073; f1: 0.9021; 
Thu 07 Mar 2024 22:29:17 INFO  [Train Info] Epoch: 299, train loss: 0.0467. [Evaluation metric]	Mode:valid, roc_auc: 0.9702; loss: 0.5477; pr_auc: 0.9674; acc: 0.9096; f1: 0.9052; 
Thu 07 Mar 2024 22:29:17 INFO  [Train Info] Epoch: 300, train loss: 0.0504. [Evaluation metric]	Mode:valid, roc_auc: 0.9660; loss: 0.5504; pr_auc: 0.9611; acc: 0.9056; f1: 0.9021; 
Thu 07 Mar 2024 22:29:17 INFO  [Train Info] Epoch: 301, train loss: 0.0539. [Evaluation metric]	Mode:valid, roc_auc: 0.9666; loss: 0.5494; pr_auc: 0.9612; acc: 0.9069; f1: 0.9028; 
Thu 07 Mar 2024 22:29:17 INFO  [Train Info] Epoch: 302, train loss: 0.0478. [Evaluation metric]	Mode:valid, roc_auc: 0.9670; loss: 0.5488; pr_auc: 0.9625; acc: 0.9078; f1: 0.9025; 
Thu 07 Mar 2024 22:29:18 INFO  [Train Info] Epoch: 303, train loss: 0.0526. [Evaluation metric]	Mode:valid, roc_auc: 0.9706; loss: 0.5465; pr_auc: 0.9682; acc: 0.9126; f1: 0.9081; 
Thu 07 Mar 2024 22:29:18 INFO  [Train Info] Epoch: 304, train loss: 0.0474. [Evaluation metric]	Mode:valid, roc_auc: 0.9674; loss: 0.5491; pr_auc: 0.9641; acc: 0.9080; f1: 0.9044; 
Thu 07 Mar 2024 22:29:18 INFO  [Train Info] Epoch: 305, train loss: 0.0532. [Evaluation metric]	Mode:valid, roc_auc: 0.9694; loss: 0.5465; pr_auc: 0.9642; acc: 0.9121; f1: 0.9080; 
Thu 07 Mar 2024 22:29:18 INFO  [Train Info] Epoch: 306, train loss: 0.0470. [Evaluation metric]	Mode:valid, roc_auc: 0.9685; loss: 0.5474; pr_auc: 0.9645; acc: 0.9103; f1: 0.9053; 
Thu 07 Mar 2024 22:29:18 INFO  [Train Info] Epoch: 307, train loss: 0.0505. [Evaluation metric]	Mode:valid, roc_auc: 0.9691; loss: 0.5480; pr_auc: 0.9658; acc: 0.9089; f1: 0.9044; 
Thu 07 Mar 2024 22:29:18 INFO  [Train Info] Epoch: 308, train loss: 0.0495. [Evaluation metric]	Mode:valid, roc_auc: 0.9662; loss: 0.5500; pr_auc: 0.9622; acc: 0.9072; f1: 0.9032; 
Thu 07 Mar 2024 22:29:19 INFO  [Train Info] Epoch: 309, train loss: 0.0525. [Evaluation metric]	Mode:valid, roc_auc: 0.9695; loss: 0.5485; pr_auc: 0.9675; acc: 0.9081; f1: 0.9039; 
Thu 07 Mar 2024 22:29:19 INFO  [Train Info] Epoch: 310, train loss: 0.0482. [Evaluation metric]	Mode:valid, roc_auc: 0.9683; loss: 0.5487; pr_auc: 0.9672; acc: 0.9072; f1: 0.9020; 
Thu 07 Mar 2024 22:29:19 INFO  [Train Info] Epoch: 311, train loss: 0.0531. [Evaluation metric]	Mode:valid, roc_auc: 0.9650; loss: 0.5499; pr_auc: 0.9606; acc: 0.9063; f1: 0.9018; 
Thu 07 Mar 2024 22:29:19 INFO  [Train Info] Epoch: 312, train loss: 0.0478. [Evaluation metric]	Mode:valid, roc_auc: 0.9676; loss: 0.5484; pr_auc: 0.9661; acc: 0.9081; f1: 0.9038; 
Thu 07 Mar 2024 22:29:19 INFO  [Train Info] Epoch: 313, train loss: 0.0451. [Evaluation metric]	Mode:valid, roc_auc: 0.9689; loss: 0.5471; pr_auc: 0.9672; acc: 0.9098; f1: 0.9051; 
Thu 07 Mar 2024 22:29:19 INFO  [Train Info] Epoch: 314, train loss: 0.0479. [Evaluation metric]	Mode:valid, roc_auc: 0.9690; loss: 0.5476; pr_auc: 0.9661; acc: 0.9078; f1: 0.9029; 
Thu 07 Mar 2024 22:29:19 INFO  [Train Info] Epoch: 315, train loss: 0.0479. [Evaluation metric]	Mode:valid, roc_auc: 0.9681; loss: 0.5486; pr_auc: 0.9626; acc: 0.9082; f1: 0.9040; 
Thu 07 Mar 2024 22:29:20 INFO  [Train Info] Epoch: 316, train loss: 0.0490. [Evaluation metric]	Mode:valid, roc_auc: 0.9694; loss: 0.5481; pr_auc: 0.9648; acc: 0.9088; f1: 0.9044; 
Thu 07 Mar 2024 22:29:20 INFO  [Train Info] Epoch: 317, train loss: 0.0493. [Evaluation metric]	Mode:valid, roc_auc: 0.9687; loss: 0.5487; pr_auc: 0.9653; acc: 0.9073; f1: 0.9025; 
Thu 07 Mar 2024 22:29:20 INFO  [Train Info] Epoch: 318, train loss: 0.0479. [Evaluation metric]	Mode:valid, roc_auc: 0.9692; loss: 0.5481; pr_auc: 0.9668; acc: 0.9086; f1: 0.9039; 
Thu 07 Mar 2024 22:29:20 INFO  [Train Info] Epoch: 319, train loss: 0.0455. [Evaluation metric]	Mode:valid, roc_auc: 0.9685; loss: 0.5482; pr_auc: 0.9639; acc: 0.9086; f1: 0.9042; 
Thu 07 Mar 2024 22:29:20 INFO  [Train Info] Epoch: 320, train loss: 0.0488. [Evaluation metric]	Mode:valid, roc_auc: 0.9686; loss: 0.5481; pr_auc: 0.9651; acc: 0.9083; f1: 0.9039; 
Thu 07 Mar 2024 22:29:20 INFO  [Train Info] Epoch: 321, train loss: 0.0483. [Evaluation metric]	Mode:valid, roc_auc: 0.9707; loss: 0.5464; pr_auc: 0.9689; acc: 0.9116; f1: 0.9069; 
Thu 07 Mar 2024 22:29:20 INFO  [Train Info] Epoch: 322, train loss: 0.0494. [Evaluation metric]	Mode:valid, roc_auc: 0.9681; loss: 0.5476; pr_auc: 0.9623; acc: 0.9107; f1: 0.9065; 
Thu 07 Mar 2024 22:29:21 INFO  [Train Info] Epoch: 323, train loss: 0.0473. [Evaluation metric]	Mode:valid, roc_auc: 0.9703; loss: 0.5469; pr_auc: 0.9662; acc: 0.9110; f1: 0.9070; 
Thu 07 Mar 2024 22:29:21 INFO  [Train Info] Epoch: 324, train loss: 0.0447. [Evaluation metric]	Mode:valid, roc_auc: 0.9669; loss: 0.5498; pr_auc: 0.9633; acc: 0.9060; f1: 0.9020; 
Thu 07 Mar 2024 22:29:21 INFO  [Train Info] Epoch: 325, train loss: 0.0482. [Evaluation metric]	Mode:valid, roc_auc: 0.9679; loss: 0.5486; pr_auc: 0.9643; acc: 0.9060; f1: 0.9011; 
Thu 07 Mar 2024 22:29:21 INFO  [Train Info] Epoch: 326, train loss: 0.0477. [Evaluation metric]	Mode:valid, roc_auc: 0.9688; loss: 0.5475; pr_auc: 0.9646; acc: 0.9090; f1: 0.9039; 
Thu 07 Mar 2024 22:29:21 INFO  [Train Info] Epoch: 327, train loss: 0.0480. [Evaluation metric]	Mode:valid, roc_auc: 0.9701; loss: 0.5470; pr_auc: 0.9684; acc: 0.9107; f1: 0.9064; 
Thu 07 Mar 2024 22:29:21 INFO  [Train Info] Epoch: 328, train loss: 0.0465. [Evaluation metric]	Mode:valid, roc_auc: 0.9692; loss: 0.5477; pr_auc: 0.9674; acc: 0.9104; f1: 0.9062; 
Thu 07 Mar 2024 22:29:22 INFO  [Train Info] Epoch: 329, train loss: 0.0486. [Evaluation metric]	Mode:valid, roc_auc: 0.9673; loss: 0.5492; pr_auc: 0.9637; acc: 0.9053; f1: 0.9009; 
Thu 07 Mar 2024 22:29:22 INFO  [Train Info] Epoch: 330, train loss: 0.0457. [Evaluation metric]	Mode:valid, roc_auc: 0.9680; loss: 0.5487; pr_auc: 0.9633; acc: 0.9067; f1: 0.9016; 
Thu 07 Mar 2024 22:29:22 INFO  [Train Info] Epoch: 331, train loss: 0.0464. [Evaluation metric]	Mode:valid, roc_auc: 0.9691; loss: 0.5482; pr_auc: 0.9669; acc: 0.9076; f1: 0.9027; 
Thu 07 Mar 2024 22:29:22 INFO  [Train Info] Epoch: 332, train loss: 0.0455. [Evaluation metric]	Mode:valid, roc_auc: 0.9700; loss: 0.5480; pr_auc: 0.9684; acc: 0.9082; f1: 0.9037; 
Thu 07 Mar 2024 22:29:22 INFO  [Train Info] Epoch: 333, train loss: 0.0460. [Evaluation metric]	Mode:valid, roc_auc: 0.9703; loss: 0.5473; pr_auc: 0.9681; acc: 0.9102; f1: 0.9060; 
Thu 07 Mar 2024 22:29:22 INFO  [Train Info] Epoch: 334, train loss: 0.0506. [Evaluation metric]	Mode:valid, roc_auc: 0.9681; loss: 0.5477; pr_auc: 0.9643; acc: 0.9109; f1: 0.9066; 
Thu 07 Mar 2024 22:29:23 INFO  [Train Info] Epoch: 335, train loss: 0.0457. [Evaluation metric]	Mode:valid, roc_auc: 0.9684; loss: 0.5480; pr_auc: 0.9641; acc: 0.9100; f1: 0.9055; 
Thu 07 Mar 2024 22:29:23 INFO  [Train Info] Epoch: 336, train loss: 0.0475. [Evaluation metric]	Mode:valid, roc_auc: 0.9705; loss: 0.5465; pr_auc: 0.9684; acc: 0.9108; f1: 0.9064; 
Thu 07 Mar 2024 22:29:23 INFO  [Train Info] Epoch: 337, train loss: 0.0442. [Evaluation metric]	Mode:valid, roc_auc: 0.9687; loss: 0.5481; pr_auc: 0.9644; acc: 0.9068; f1: 0.9025; 
Thu 07 Mar 2024 22:29:23 INFO  [Train Info] Epoch: 338, train loss: 0.0466. [Evaluation metric]	Mode:valid, roc_auc: 0.9681; loss: 0.5484; pr_auc: 0.9618; acc: 0.9060; f1: 0.9014; 
Thu 07 Mar 2024 22:29:23 INFO  [Train Info] Epoch: 339, train loss: 0.0472. [Evaluation metric]	Mode:valid, roc_auc: 0.9667; loss: 0.5490; pr_auc: 0.9600; acc: 0.9054; f1: 0.9007; 
Thu 07 Mar 2024 22:29:23 INFO  [Train Info] Epoch: 340, train loss: 0.0456. [Evaluation metric]	Mode:valid, roc_auc: 0.9677; loss: 0.5487; pr_auc: 0.9645; acc: 0.9077; f1: 0.9029; 
Thu 07 Mar 2024 22:29:23 INFO  [Train Info] Epoch: 341, train loss: 0.0443. [Evaluation metric]	Mode:valid, roc_auc: 0.9683; loss: 0.5482; pr_auc: 0.9655; acc: 0.9066; f1: 0.9019; 
Thu 07 Mar 2024 22:29:24 INFO  [Train Info] Epoch: 342, train loss: 0.0459. [Evaluation metric]	Mode:valid, roc_auc: 0.9703; loss: 0.5469; pr_auc: 0.9683; acc: 0.9107; f1: 0.9060; 
Thu 07 Mar 2024 22:29:24 INFO  [Train Info] Epoch: 343, train loss: 0.0455. [Evaluation metric]	Mode:valid, roc_auc: 0.9693; loss: 0.5472; pr_auc: 0.9638; acc: 0.9093; f1: 0.9045; 
Thu 07 Mar 2024 22:29:24 INFO  [Train Info] Epoch: 344, train loss: 0.0439. [Evaluation metric]	Mode:valid, roc_auc: 0.9662; loss: 0.5484; pr_auc: 0.9580; acc: 0.9075; f1: 0.9030; 
Thu 07 Mar 2024 22:29:24 INFO  [Train Info] Epoch: 345, train loss: 0.0434. [Evaluation metric]	Mode:valid, roc_auc: 0.9670; loss: 0.5484; pr_auc: 0.9609; acc: 0.9078; f1: 0.9030; 
Thu 07 Mar 2024 22:29:24 INFO  [Train Info] Epoch: 346, train loss: 0.0438. [Evaluation metric]	Mode:valid, roc_auc: 0.9667; loss: 0.5477; pr_auc: 0.9596; acc: 0.9082; f1: 0.9035; 
Thu 07 Mar 2024 22:29:24 INFO  [Train Info] Epoch: 347, train loss: 0.0454. [Evaluation metric]	Mode:valid, roc_auc: 0.9673; loss: 0.5478; pr_auc: 0.9617; acc: 0.9090; f1: 0.9044; 
Thu 07 Mar 2024 22:29:24 INFO  [Train Info] Epoch: 348, train loss: 0.0464. [Evaluation metric]	Mode:valid, roc_auc: 0.9688; loss: 0.5470; pr_auc: 0.9637; acc: 0.9120; f1: 0.9075; 
Thu 07 Mar 2024 22:29:25 INFO  [Train Info] Epoch: 349, train loss: 0.0462. [Evaluation metric]	Mode:valid, roc_auc: 0.9708; loss: 0.5458; pr_auc: 0.9659; acc: 0.9132; f1: 0.9085; 
Thu 07 Mar 2024 22:29:25 INFO  [Train Info] Epoch: 350, train loss: 0.0462. [Evaluation metric]	Mode:valid, roc_auc: 0.9664; loss: 0.5492; pr_auc: 0.9606; acc: 0.9061; f1: 0.9018; 
Thu 07 Mar 2024 22:29:25 INFO  [Train Info] Epoch: 351, train loss: 0.0473. [Evaluation metric]	Mode:valid, roc_auc: 0.9686; loss: 0.5475; pr_auc: 0.9632; acc: 0.9087; f1: 0.9039; 
Thu 07 Mar 2024 22:29:25 INFO  [Train Info] Epoch: 352, train loss: 0.0488. [Evaluation metric]	Mode:valid, roc_auc: 0.9700; loss: 0.5474; pr_auc: 0.9682; acc: 0.9079; f1: 0.9025; 
Thu 07 Mar 2024 22:29:25 INFO  [Train Info] Epoch: 353, train loss: 0.0451. [Evaluation metric]	Mode:valid, roc_auc: 0.9678; loss: 0.5482; pr_auc: 0.9603; acc: 0.9088; f1: 0.9041; 
Thu 07 Mar 2024 22:29:26 INFO  [Train Info] Epoch: 354, train loss: 0.0434. [Evaluation metric]	Mode:valid, roc_auc: 0.9680; loss: 0.5481; pr_auc: 0.9641; acc: 0.9099; f1: 0.9059; 
Thu 07 Mar 2024 22:29:26 INFO  [Train Info] Epoch: 355, train loss: 0.0460. [Evaluation metric]	Mode:valid, roc_auc: 0.9695; loss: 0.5473; pr_auc: 0.9657; acc: 0.9107; f1: 0.9064; 
Thu 07 Mar 2024 22:29:26 INFO  [Train Info] Epoch: 356, train loss: 0.0460. [Evaluation metric]	Mode:valid, roc_auc: 0.9698; loss: 0.5472; pr_auc: 0.9653; acc: 0.9082; f1: 0.9027; 
Thu 07 Mar 2024 22:29:26 INFO  [Train Info] Epoch: 357, train loss: 0.0468. [Evaluation metric]	Mode:valid, roc_auc: 0.9662; loss: 0.5486; pr_auc: 0.9598; acc: 0.9079; f1: 0.9032; 
Thu 07 Mar 2024 22:29:26 INFO  [Train Info] Epoch: 358, train loss: 0.0447. [Evaluation metric]	Mode:valid, roc_auc: 0.9678; loss: 0.5487; pr_auc: 0.9648; acc: 0.9072; f1: 0.9027; 
Thu 07 Mar 2024 22:29:26 INFO  [Train Info] Epoch: 359, train loss: 0.0478. [Evaluation metric]	Mode:valid, roc_auc: 0.9691; loss: 0.5478; pr_auc: 0.9635; acc: 0.9076; f1: 0.9027; 
Thu 07 Mar 2024 22:29:26 INFO  [Train Info] Epoch: 360, train loss: 0.0467. [Evaluation metric]	Mode:valid, roc_auc: 0.9691; loss: 0.5481; pr_auc: 0.9634; acc: 0.9067; f1: 0.9017; 
Thu 07 Mar 2024 22:29:27 INFO  [Train Info] Epoch: 361, train loss: 0.0506. [Evaluation metric]	Mode:valid, roc_auc: 0.9685; loss: 0.5486; pr_auc: 0.9643; acc: 0.9071; f1: 0.9027; 
Thu 07 Mar 2024 22:29:27 INFO  [Train Info] Epoch: 362, train loss: 0.0469. [Evaluation metric]	Mode:valid, roc_auc: 0.9691; loss: 0.5473; pr_auc: 0.9639; acc: 0.9090; f1: 0.9045; 
Thu 07 Mar 2024 22:29:27 INFO  [Train Info] Epoch: 363, train loss: 0.0514. [Evaluation metric]	Mode:valid, roc_auc: 0.9706; loss: 0.5471; pr_auc: 0.9689; acc: 0.9073; f1: 0.9019; 
Thu 07 Mar 2024 22:29:27 INFO  [Train Info] Epoch: 364, train loss: 0.0486. [Evaluation metric]	Mode:valid, roc_auc: 0.9692; loss: 0.5473; pr_auc: 0.9659; acc: 0.9078; f1: 0.9026; 
Thu 07 Mar 2024 22:29:27 INFO  [Train Info] Epoch: 365, train loss: 0.0495. [Evaluation metric]	Mode:valid, roc_auc: 0.9669; loss: 0.5485; pr_auc: 0.9592; acc: 0.9074; f1: 0.9029; 
Thu 07 Mar 2024 22:29:27 INFO  [Train Info] Epoch: 366, train loss: 0.0503. [Evaluation metric]	Mode:valid, roc_auc: 0.9687; loss: 0.5473; pr_auc: 0.9649; acc: 0.9080; f1: 0.9032; 
Thu 07 Mar 2024 22:29:27 INFO  [Train Info] Epoch: 367, train loss: 0.0488. [Evaluation metric]	Mode:valid, roc_auc: 0.9692; loss: 0.5470; pr_auc: 0.9661; acc: 0.9087; f1: 0.9035; 
Thu 07 Mar 2024 22:29:28 INFO  [Train Info] Epoch: 368, train loss: 0.0482. [Evaluation metric]	Mode:valid, roc_auc: 0.9652; loss: 0.5499; pr_auc: 0.9590; acc: 0.9036; f1: 0.8988; 
Thu 07 Mar 2024 22:29:28 INFO  [Train Info] Epoch: 369, train loss: 0.0506. [Evaluation metric]	Mode:valid, roc_auc: 0.9635; loss: 0.5513; pr_auc: 0.9571; acc: 0.9024; f1: 0.8977; 
Thu 07 Mar 2024 22:29:28 INFO  [Train Info] Epoch: 370, train loss: 0.0512. [Evaluation metric]	Mode:valid, roc_auc: 0.9678; loss: 0.5483; pr_auc: 0.9644; acc: 0.9093; f1: 0.9045; 
Thu 07 Mar 2024 22:29:28 INFO  [Train Info] Epoch: 371, train loss: 0.0467. [Evaluation metric]	Mode:valid, roc_auc: 0.9683; loss: 0.5480; pr_auc: 0.9660; acc: 0.9091; f1: 0.9045; 
Thu 07 Mar 2024 22:29:28 INFO  [Train Info] Epoch: 372, train loss: 0.0494. [Evaluation metric]	Mode:valid, roc_auc: 0.9659; loss: 0.5504; pr_auc: 0.9619; acc: 0.9046; f1: 0.9006; 
Thu 07 Mar 2024 22:29:28 INFO  [Train Info] Epoch: 373, train loss: 0.0481. [Evaluation metric]	Mode:valid, roc_auc: 0.9668; loss: 0.5486; pr_auc: 0.9602; acc: 0.9067; f1: 0.9023; 
Thu 07 Mar 2024 22:29:29 INFO  [Train Info] Epoch: 374, train loss: 0.0467. [Evaluation metric]	Mode:valid, roc_auc: 0.9675; loss: 0.5484; pr_auc: 0.9632; acc: 0.9064; f1: 0.9014; 
Thu 07 Mar 2024 22:29:29 INFO  [Train Info] Epoch: 375, train loss: 0.0478. [Evaluation metric]	Mode:valid, roc_auc: 0.9703; loss: 0.5469; pr_auc: 0.9691; acc: 0.9105; f1: 0.9060; 
Thu 07 Mar 2024 22:29:29 INFO  [Train Info] Epoch: 376, train loss: 0.0460. [Evaluation metric]	Mode:valid, roc_auc: 0.9680; loss: 0.5476; pr_auc: 0.9603; acc: 0.9121; f1: 0.9082; 
Thu 07 Mar 2024 22:29:29 INFO  [Train Info] Epoch: 377, train loss: 0.0492. [Evaluation metric]	Mode:valid, roc_auc: 0.9675; loss: 0.5482; pr_auc: 0.9643; acc: 0.9108; f1: 0.9068; 
Thu 07 Mar 2024 22:29:29 INFO  [Train Info] Epoch: 378, train loss: 0.0514. [Evaluation metric]	Mode:valid, roc_auc: 0.9704; loss: 0.5464; pr_auc: 0.9669; acc: 0.9122; f1: 0.9077; 
Thu 07 Mar 2024 22:29:29 INFO  [Train Info] Epoch: 379, train loss: 0.0495. [Evaluation metric]	Mode:valid, roc_auc: 0.9691; loss: 0.5481; pr_auc: 0.9656; acc: 0.9067; f1: 0.9017; 
Thu 07 Mar 2024 22:29:29 INFO  [Train Info] Epoch: 380, train loss: 0.0475. [Evaluation metric]	Mode:valid, roc_auc: 0.9676; loss: 0.5485; pr_auc: 0.9618; acc: 0.9090; f1: 0.9044; 
Thu 07 Mar 2024 22:29:30 INFO  [Train Info] Epoch: 381, train loss: 0.0518. [Evaluation metric]	Mode:valid, roc_auc: 0.9663; loss: 0.5487; pr_auc: 0.9620; acc: 0.9090; f1: 0.9046; 
Thu 07 Mar 2024 22:29:30 INFO  [Train Info] Epoch: 382, train loss: 0.0505. [Evaluation metric]	Mode:valid, roc_auc: 0.9669; loss: 0.5479; pr_auc: 0.9615; acc: 0.9089; f1: 0.9047; 
Thu 07 Mar 2024 22:29:30 INFO  [Train Info] Epoch: 383, train loss: 0.0463. [Evaluation metric]	Mode:valid, roc_auc: 0.9666; loss: 0.5480; pr_auc: 0.9617; acc: 0.9093; f1: 0.9049; 
Thu 07 Mar 2024 22:29:30 INFO  [Train Info] Epoch: 384, train loss: 0.0463. [Evaluation metric]	Mode:valid, roc_auc: 0.9665; loss: 0.5493; pr_auc: 0.9631; acc: 0.9055; f1: 0.9011; 
Thu 07 Mar 2024 22:29:30 INFO  [Train Info] Epoch: 385, train loss: 0.0473. [Evaluation metric]	Mode:valid, roc_auc: 0.9680; loss: 0.5479; pr_auc: 0.9647; acc: 0.9075; f1: 0.9030; 
Thu 07 Mar 2024 22:29:30 INFO  [Train Info] Epoch: 386, train loss: 0.0476. [Evaluation metric]	Mode:valid, roc_auc: 0.9716; loss: 0.5457; pr_auc: 0.9703; acc: 0.9127; f1: 0.9081; 
Thu 07 Mar 2024 22:29:30 INFO  [Train Info] Epoch: 387, train loss: 0.0477. [Evaluation metric]	Mode:valid, roc_auc: 0.9674; loss: 0.5479; pr_auc: 0.9632; acc: 0.9098; f1: 0.9055; 
Thu 07 Mar 2024 22:29:31 INFO  [Train Info] Epoch: 388, train loss: 0.0475. [Evaluation metric]	Mode:valid, roc_auc: 0.9662; loss: 0.5490; pr_auc: 0.9626; acc: 0.9061; f1: 0.9015; 
Thu 07 Mar 2024 22:29:31 INFO  [Train Info] Epoch: 389, train loss: 0.0463. [Evaluation metric]	Mode:valid, roc_auc: 0.9665; loss: 0.5487; pr_auc: 0.9625; acc: 0.9053; f1: 0.8998; 
Thu 07 Mar 2024 22:29:31 INFO  [Train Info] Epoch: 390, train loss: 0.0472. [Evaluation metric]	Mode:valid, roc_auc: 0.9667; loss: 0.5488; pr_auc: 0.9642; acc: 0.9051; f1: 0.8996; 
Thu 07 Mar 2024 22:29:31 INFO  [Train Info] Epoch: 391, train loss: 0.0465. [Evaluation metric]	Mode:valid, roc_auc: 0.9674; loss: 0.5481; pr_auc: 0.9640; acc: 0.9080; f1: 0.9035; 
Thu 07 Mar 2024 22:29:31 INFO  [Train Info] Epoch: 392, train loss: 0.0455. [Evaluation metric]	Mode:valid, roc_auc: 0.9693; loss: 0.5465; pr_auc: 0.9658; acc: 0.9123; f1: 0.9081; 
Thu 07 Mar 2024 22:29:31 INFO  [Train Info] Epoch: 393, train loss: 0.0450. [Evaluation metric]	Mode:valid, roc_auc: 0.9681; loss: 0.5476; pr_auc: 0.9638; acc: 0.9090; f1: 0.9046; 
Thu 07 Mar 2024 22:29:32 INFO  [Train Info] Epoch: 394, train loss: 0.0436. [Evaluation metric]	Mode:valid, roc_auc: 0.9674; loss: 0.5486; pr_auc: 0.9634; acc: 0.9066; f1: 0.9018; 
Thu 07 Mar 2024 22:29:32 INFO  [Train Info] Epoch: 395, train loss: 0.0488. [Evaluation metric]	Mode:valid, roc_auc: 0.9691; loss: 0.5469; pr_auc: 0.9654; acc: 0.9113; f1: 0.9072; 
Thu 07 Mar 2024 22:29:32 INFO  [Train Info] Epoch: 396, train loss: 0.0463. [Evaluation metric]	Mode:valid, roc_auc: 0.9703; loss: 0.5467; pr_auc: 0.9661; acc: 0.9117; f1: 0.9076; 
Thu 07 Mar 2024 22:29:32 INFO  [Train Info] Epoch: 397, train loss: 0.0492. [Evaluation metric]	Mode:valid, roc_auc: 0.9699; loss: 0.5470; pr_auc: 0.9666; acc: 0.9103; f1: 0.9058; 
Thu 07 Mar 2024 22:29:32 INFO  [Train Info] Epoch: 398, train loss: 0.0467. [Evaluation metric]	Mode:valid, roc_auc: 0.9678; loss: 0.5480; pr_auc: 0.9638; acc: 0.9090; f1: 0.9045; 
Thu 07 Mar 2024 22:29:32 INFO  [Train Info] Epoch: 399, train loss: 0.0435. [Evaluation metric]	Mode:valid, roc_auc: 0.9643; loss: 0.5502; pr_auc: 0.9578; acc: 0.9043; f1: 0.8996; 
Thu 07 Mar 2024 22:29:32 INFO  [Train Info] Epoch: 400, train loss: 0.0425. [Evaluation metric]	Mode:valid, roc_auc: 0.9659; loss: 0.5491; pr_auc: 0.9618; acc: 0.9041; f1: 0.8989; 
Thu 07 Mar 2024 22:29:33 INFO  [Train Info] Epoch: 401, train loss: 0.0468. [Evaluation metric]	Mode:valid, roc_auc: 0.9681; loss: 0.5476; pr_auc: 0.9652; acc: 0.9068; f1: 0.9015; 
Thu 07 Mar 2024 22:29:33 INFO  [Train Info] Epoch: 402, train loss: 0.0467. [Evaluation metric]	Mode:valid, roc_auc: 0.9686; loss: 0.5480; pr_auc: 0.9659; acc: 0.9096; f1: 0.9052; 
Thu 07 Mar 2024 22:29:33 INFO  [Train Info] Epoch: 403, train loss: 0.0460. [Evaluation metric]	Mode:valid, roc_auc: 0.9691; loss: 0.5475; pr_auc: 0.9644; acc: 0.9105; f1: 0.9064; 
Thu 07 Mar 2024 22:29:33 INFO  [Train Info] Epoch: 404, train loss: 0.0438. [Evaluation metric]	Mode:valid, roc_auc: 0.9711; loss: 0.5461; pr_auc: 0.9686; acc: 0.9128; f1: 0.9081; 
Thu 07 Mar 2024 22:29:33 INFO  [Train Info] Epoch: 405, train loss: 0.0486. [Evaluation metric]	Mode:valid, roc_auc: 0.9700; loss: 0.5472; pr_auc: 0.9683; acc: 0.9106; f1: 0.9062; 
Thu 07 Mar 2024 22:29:33 INFO  [Train Info] Epoch: 406, train loss: 0.0463. [Evaluation metric]	Mode:valid, roc_auc: 0.9687; loss: 0.5476; pr_auc: 0.9651; acc: 0.9090; f1: 0.9045; 
Thu 07 Mar 2024 22:29:33 INFO  [Train Info] Epoch: 407, train loss: 0.0438. [Evaluation metric]	Mode:valid, roc_auc: 0.9698; loss: 0.5465; pr_auc: 0.9661; acc: 0.9099; f1: 0.9051; 
Thu 07 Mar 2024 22:29:34 INFO  [Train Info] Epoch: 408, train loss: 0.0417. [Evaluation metric]	Mode:valid, roc_auc: 0.9685; loss: 0.5468; pr_auc: 0.9628; acc: 0.9099; f1: 0.9053; 
Thu 07 Mar 2024 22:29:34 INFO  [Train Info] Epoch: 409, train loss: 0.0442. [Evaluation metric]	Mode:valid, roc_auc: 0.9681; loss: 0.5473; pr_auc: 0.9626; acc: 0.9101; f1: 0.9054; 
Thu 07 Mar 2024 22:29:34 INFO  [Train Info] Epoch: 410, train loss: 0.0477. [Evaluation metric]	Mode:valid, roc_auc: 0.9687; loss: 0.5468; pr_auc: 0.9640; acc: 0.9102; f1: 0.9057; 
Thu 07 Mar 2024 22:29:34 INFO  [Train Info] Epoch: 411, train loss: 0.0428. [Evaluation metric]	Mode:valid, roc_auc: 0.9682; loss: 0.5468; pr_auc: 0.9651; acc: 0.9124; f1: 0.9079; 
Thu 07 Mar 2024 22:29:34 INFO  [Train Info] Epoch: 412, train loss: 0.0441. [Evaluation metric]	Mode:valid, roc_auc: 0.9672; loss: 0.5475; pr_auc: 0.9611; acc: 0.9098; f1: 0.9051; 
Thu 07 Mar 2024 22:29:34 INFO  [Train Info] Epoch: 413, train loss: 0.0462. [Evaluation metric]	Mode:valid, roc_auc: 0.9673; loss: 0.5483; pr_auc: 0.9638; acc: 0.9082; f1: 0.9036; 
Thu 07 Mar 2024 22:29:35 INFO  [Train Info] Epoch: 414, train loss: 0.0451. [Evaluation metric]	Mode:valid, roc_auc: 0.9673; loss: 0.5487; pr_auc: 0.9619; acc: 0.9079; f1: 0.9040; 
Thu 07 Mar 2024 22:29:35 INFO  [Train Info] Epoch: 415, train loss: 0.0476. [Evaluation metric]	Mode:valid, roc_auc: 0.9674; loss: 0.5489; pr_auc: 0.9645; acc: 0.9067; f1: 0.9024; 
Thu 07 Mar 2024 22:29:35 INFO  [Train Info] Epoch: 416, train loss: 0.0502. [Evaluation metric]	Mode:valid, roc_auc: 0.9657; loss: 0.5496; pr_auc: 0.9619; acc: 0.9045; f1: 0.8999; 
Thu 07 Mar 2024 22:29:35 INFO  [Train Info] Epoch: 417, train loss: 0.0465. [Evaluation metric]	Mode:valid, roc_auc: 0.9695; loss: 0.5474; pr_auc: 0.9665; acc: 0.9089; f1: 0.9042; 
Thu 07 Mar 2024 22:29:35 INFO  [Train Info] Epoch: 418, train loss: 0.0457. [Evaluation metric]	Mode:valid, roc_auc: 0.9699; loss: 0.5463; pr_auc: 0.9648; acc: 0.9104; f1: 0.9056; 
Thu 07 Mar 2024 22:29:35 INFO  [Train Info] Epoch: 419, train loss: 0.0444. [Evaluation metric]	Mode:valid, roc_auc: 0.9672; loss: 0.5485; pr_auc: 0.9629; acc: 0.9077; f1: 0.9033; 
Thu 07 Mar 2024 22:29:35 INFO  [Train Info] Epoch: 420, train loss: 0.0482. [Evaluation metric]	Mode:valid, roc_auc: 0.9691; loss: 0.5474; pr_auc: 0.9652; acc: 0.9090; f1: 0.9043; 
Thu 07 Mar 2024 22:29:36 INFO  [Train Info] Epoch: 421, train loss: 0.0451. [Evaluation metric]	Mode:valid, roc_auc: 0.9685; loss: 0.5480; pr_auc: 0.9657; acc: 0.9069; f1: 0.9019; 
Thu 07 Mar 2024 22:29:36 INFO  [Train Info] Epoch: 422, train loss: 0.0450. [Evaluation metric]	Mode:valid, roc_auc: 0.9675; loss: 0.5481; pr_auc: 0.9625; acc: 0.9082; f1: 0.9036; 
Thu 07 Mar 2024 22:29:36 INFO  [Train Info] Epoch: 423, train loss: 0.0489. [Evaluation metric]	Mode:valid, roc_auc: 0.9702; loss: 0.5459; pr_auc: 0.9630; acc: 0.9113; f1: 0.9062; 
Thu 07 Mar 2024 22:29:36 INFO  [Train Info] Epoch: 424, train loss: 0.0460. [Evaluation metric]	Mode:valid, roc_auc: 0.9713; loss: 0.5462; pr_auc: 0.9703; acc: 0.9122; f1: 0.9070; 
Thu 07 Mar 2024 22:29:36 INFO  [Train Info] Epoch: 425, train loss: 0.0513. [Evaluation metric]	Mode:valid, roc_auc: 0.9695; loss: 0.5463; pr_auc: 0.9644; acc: 0.9128; f1: 0.9090; 
Thu 07 Mar 2024 22:29:36 INFO  [Train Info] Epoch: 426, train loss: 0.0464. [Evaluation metric]	Mode:valid, roc_auc: 0.9685; loss: 0.5478; pr_auc: 0.9645; acc: 0.9098; f1: 0.9059; 
Thu 07 Mar 2024 22:29:37 INFO  [Train Info] Epoch: 427, train loss: 0.0498. [Evaluation metric]	Mode:valid, roc_auc: 0.9662; loss: 0.5495; pr_auc: 0.9615; acc: 0.9031; f1: 0.8979; 
Thu 07 Mar 2024 22:29:37 INFO  [Train Info] Epoch: 428, train loss: 0.0534. [Evaluation metric]	Mode:valid, roc_auc: 0.9679; loss: 0.5473; pr_auc: 0.9618; acc: 0.9088; f1: 0.9039; 
Thu 07 Mar 2024 22:29:37 INFO  [Train Info] Epoch: 429, train loss: 0.0451. [Evaluation metric]	Mode:valid, roc_auc: 0.9687; loss: 0.5470; pr_auc: 0.9646; acc: 0.9086; f1: 0.9040; 
Thu 07 Mar 2024 22:29:37 INFO  [Train Info] Epoch: 430, train loss: 0.0487. [Evaluation metric]	Mode:valid, roc_auc: 0.9678; loss: 0.5474; pr_auc: 0.9627; acc: 0.9084; f1: 0.9038; 
Thu 07 Mar 2024 22:29:37 INFO  [Train Info] Epoch: 431, train loss: 0.0466. [Evaluation metric]	Mode:valid, roc_auc: 0.9688; loss: 0.5471; pr_auc: 0.9650; acc: 0.9096; f1: 0.9048; 
Thu 07 Mar 2024 22:29:37 INFO  [Train Info] Epoch: 432, train loss: 0.0463. [Evaluation metric]	Mode:valid, roc_auc: 0.9666; loss: 0.5487; pr_auc: 0.9615; acc: 0.9082; f1: 0.9034; 
Thu 07 Mar 2024 22:29:37 INFO  [Train Info] Epoch: 433, train loss: 0.0493. [Evaluation metric]	Mode:valid, roc_auc: 0.9670; loss: 0.5479; pr_auc: 0.9607; acc: 0.9102; f1: 0.9060; 
Thu 07 Mar 2024 22:29:37 INFO  [Train Info] Epoch: 434, train loss: 0.0457. [Evaluation metric]	Mode:valid, roc_auc: 0.9668; loss: 0.5481; pr_auc: 0.9633; acc: 0.9104; f1: 0.9061; 
Thu 07 Mar 2024 22:29:38 INFO  [Train Info] Epoch: 435, train loss: 0.0485. [Evaluation metric]	Mode:valid, roc_auc: 0.9668; loss: 0.5482; pr_auc: 0.9611; acc: 0.9071; f1: 0.9024; 
Thu 07 Mar 2024 22:29:38 INFO  [Train Info] Epoch: 436, train loss: 0.0500. [Evaluation metric]	Mode:valid, roc_auc: 0.9662; loss: 0.5485; pr_auc: 0.9605; acc: 0.9060; f1: 0.9010; 
Thu 07 Mar 2024 22:29:38 INFO  [Train Info] Epoch: 437, train loss: 0.0499. [Evaluation metric]	Mode:valid, roc_auc: 0.9691; loss: 0.5464; pr_auc: 0.9668; acc: 0.9094; f1: 0.9042; 
Thu 07 Mar 2024 22:29:38 INFO  [Train Info] Epoch: 438, train loss: 0.0461. [Evaluation metric]	Mode:valid, roc_auc: 0.9659; loss: 0.5492; pr_auc: 0.9636; acc: 0.9052; f1: 0.9001; 
Thu 07 Mar 2024 22:29:38 INFO  [Train Info] Epoch: 439, train loss: 0.0505. [Evaluation metric]	Mode:valid, roc_auc: 0.9684; loss: 0.5470; pr_auc: 0.9659; acc: 0.9098; f1: 0.9051; 
Thu 07 Mar 2024 22:29:38 INFO  [Train Info] Epoch: 440, train loss: 0.0451. [Evaluation metric]	Mode:valid, roc_auc: 0.9666; loss: 0.5483; pr_auc: 0.9612; acc: 0.9075; f1: 0.9028; 
Thu 07 Mar 2024 22:29:38 INFO  [Train Info] Epoch: 441, train loss: 0.0490. [Evaluation metric]	Mode:valid, roc_auc: 0.9688; loss: 0.5470; pr_auc: 0.9669; acc: 0.9095; f1: 0.9047; 
Thu 07 Mar 2024 22:29:39 INFO  [Train Info] Epoch: 442, train loss: 0.0446. [Evaluation metric]	Mode:valid, roc_auc: 0.9669; loss: 0.5488; pr_auc: 0.9621; acc: 0.9059; f1: 0.9011; 
Thu 07 Mar 2024 22:29:39 INFO  [Train Info] Epoch: 443, train loss: 0.0500. [Evaluation metric]	Mode:valid, roc_auc: 0.9675; loss: 0.5475; pr_auc: 0.9618; acc: 0.9077; f1: 0.9023; 
Thu 07 Mar 2024 22:29:39 INFO  [Train Info] Epoch: 444, train loss: 0.0484. [Evaluation metric]	Mode:valid, roc_auc: 0.9684; loss: 0.5472; pr_auc: 0.9648; acc: 0.9097; f1: 0.9049; 
Thu 07 Mar 2024 22:29:39 INFO  [Train Info] Epoch: 445, train loss: 0.0440. [Evaluation metric]	Mode:valid, roc_auc: 0.9667; loss: 0.5484; pr_auc: 0.9630; acc: 0.9076; f1: 0.9032; 
Thu 07 Mar 2024 22:29:39 INFO  [Train Info] Epoch: 446, train loss: 0.0490. [Evaluation metric]	Mode:valid, roc_auc: 0.9688; loss: 0.5477; pr_auc: 0.9656; acc: 0.9064; f1: 0.9010; 
Thu 07 Mar 2024 22:29:39 INFO  [Train Info] Epoch: 447, train loss: 0.0464. [Evaluation metric]	Mode:valid, roc_auc: 0.9668; loss: 0.5491; pr_auc: 0.9633; acc: 0.9037; f1: 0.8983; 
Thu 07 Mar 2024 22:29:39 INFO  [Train Info] Epoch: 448, train loss: 0.0475. [Evaluation metric]	Mode:valid, roc_auc: 0.9631; loss: 0.5507; pr_auc: 0.9574; acc: 0.9023; f1: 0.8970; 
Thu 07 Mar 2024 22:29:40 INFO  [Train Info] Epoch: 449, train loss: 0.0430. [Evaluation metric]	Mode:valid, roc_auc: 0.9650; loss: 0.5498; pr_auc: 0.9597; acc: 0.9030; f1: 0.8975; 
Thu 07 Mar 2024 22:29:40 INFO  [Train Info] Epoch: 450, train loss: 0.0441. [Evaluation metric]	Mode:valid, roc_auc: 0.9680; loss: 0.5479; pr_auc: 0.9638; acc: 0.9061; f1: 0.9006; 
Thu 07 Mar 2024 22:29:40 INFO  [Train Info] Epoch: 451, train loss: 0.0474. [Evaluation metric]	Mode:valid, roc_auc: 0.9677; loss: 0.5477; pr_auc: 0.9641; acc: 0.9084; f1: 0.9037; 
Thu 07 Mar 2024 22:29:40 INFO  [Train Info] Epoch: 452, train loss: 0.0455. [Evaluation metric]	Mode:valid, roc_auc: 0.9695; loss: 0.5458; pr_auc: 0.9648; acc: 0.9132; f1: 0.9084; 
Thu 07 Mar 2024 22:29:40 INFO  [Train Info] Epoch: 453, train loss: 0.0447. [Evaluation metric]	Mode:valid, roc_auc: 0.9681; loss: 0.5475; pr_auc: 0.9661; acc: 0.9095; f1: 0.9047; 
Thu 07 Mar 2024 22:29:40 INFO  [Train Info] Epoch: 454, train loss: 0.0447. [Evaluation metric]	Mode:valid, roc_auc: 0.9681; loss: 0.5474; pr_auc: 0.9637; acc: 0.9090; f1: 0.9042; 
Thu 07 Mar 2024 22:29:40 INFO  [Train Info] Epoch: 455, train loss: 0.0447. [Evaluation metric]	Mode:valid, roc_auc: 0.9674; loss: 0.5476; pr_auc: 0.9620; acc: 0.9080; f1: 0.9031; 
Thu 07 Mar 2024 22:29:41 INFO  [Train Info] Epoch: 456, train loss: 0.0449. [Evaluation metric]	Mode:valid, roc_auc: 0.9670; loss: 0.5484; pr_auc: 0.9632; acc: 0.9079; f1: 0.9031; 
Thu 07 Mar 2024 22:29:41 INFO  [Train Info] Epoch: 457, train loss: 0.0449. [Evaluation metric]	Mode:valid, roc_auc: 0.9678; loss: 0.5478; pr_auc: 0.9624; acc: 0.9078; f1: 0.9025; 
Thu 07 Mar 2024 22:29:41 INFO  [Train Info] Epoch: 458, train loss: 0.0465. [Evaluation metric]	Mode:valid, roc_auc: 0.9681; loss: 0.5476; pr_auc: 0.9644; acc: 0.9082; f1: 0.9030; 
Thu 07 Mar 2024 22:29:41 INFO  [Train Info] Epoch: 459, train loss: 0.0438. [Evaluation metric]	Mode:valid, roc_auc: 0.9655; loss: 0.5496; pr_auc: 0.9580; acc: 0.9043; f1: 0.8991; 
Thu 07 Mar 2024 22:29:41 INFO  [Train Info] Epoch: 460, train loss: 0.0427. [Evaluation metric]	Mode:valid, roc_auc: 0.9681; loss: 0.5481; pr_auc: 0.9641; acc: 0.9075; f1: 0.9020; 
Thu 07 Mar 2024 22:29:41 INFO  [Train Info] Epoch: 461, train loss: 0.0445. [Evaluation metric]	Mode:valid, roc_auc: 0.9689; loss: 0.5479; pr_auc: 0.9648; acc: 0.9059; f1: 0.9002; 
Thu 07 Mar 2024 22:29:41 INFO  [Train Info] Epoch: 462, train loss: 0.0437. [Evaluation metric]	Mode:valid, roc_auc: 0.9707; loss: 0.5467; pr_auc: 0.9680; acc: 0.9083; f1: 0.9024; 
Thu 07 Mar 2024 22:29:41 INFO  [Train Info] Epoch: 463, train loss: 0.0471. [Evaluation metric]	Mode:valid, roc_auc: 0.9670; loss: 0.5482; pr_auc: 0.9593; acc: 0.9047; f1: 0.8993; 
Thu 07 Mar 2024 22:29:42 INFO  [Train Info] Epoch: 464, train loss: 0.0468. [Evaluation metric]	Mode:valid, roc_auc: 0.9678; loss: 0.5481; pr_auc: 0.9634; acc: 0.9059; f1: 0.9002; 
Thu 07 Mar 2024 22:29:42 INFO  [Train Info] Epoch: 465, train loss: 0.0424. [Evaluation metric]	Mode:valid, roc_auc: 0.9679; loss: 0.5475; pr_auc: 0.9633; acc: 0.9067; f1: 0.9009; 
Thu 07 Mar 2024 22:29:42 INFO  [Train Info] Epoch: 466, train loss: 0.0432. [Evaluation metric]	Mode:valid, roc_auc: 0.9674; loss: 0.5482; pr_auc: 0.9625; acc: 0.9058; f1: 0.9004; 
Thu 07 Mar 2024 22:29:42 INFO  [Train Info] Epoch: 467, train loss: 0.0434. [Evaluation metric]	Mode:valid, roc_auc: 0.9688; loss: 0.5476; pr_auc: 0.9643; acc: 0.9075; f1: 0.9023; 
Thu 07 Mar 2024 22:29:42 INFO  [Train Info] Epoch: 468, train loss: 0.0401. [Evaluation metric]	Mode:valid, roc_auc: 0.9676; loss: 0.5474; pr_auc: 0.9618; acc: 0.9082; f1: 0.9030; 
Thu 07 Mar 2024 22:29:42 INFO  [Train Info] Epoch: 469, train loss: 0.0426. [Evaluation metric]	Mode:valid, roc_auc: 0.9673; loss: 0.5475; pr_auc: 0.9624; acc: 0.9086; f1: 0.9034; 
Thu 07 Mar 2024 22:29:42 INFO  [Train Info] Epoch: 470, train loss: 0.0430. [Evaluation metric]	Mode:valid, roc_auc: 0.9696; loss: 0.5461; pr_auc: 0.9635; acc: 0.9122; f1: 0.9076; 
Thu 07 Mar 2024 22:29:43 INFO  [Train Info] Epoch: 471, train loss: 0.0413. [Evaluation metric]	Mode:valid, roc_auc: 0.9674; loss: 0.5478; pr_auc: 0.9621; acc: 0.9092; f1: 0.9046; 
Thu 07 Mar 2024 22:29:43 INFO  [Train Info] Epoch: 472, train loss: 0.0483. [Evaluation metric]	Mode:valid, roc_auc: 0.9684; loss: 0.5479; pr_auc: 0.9639; acc: 0.9067; f1: 0.9014; 
Thu 07 Mar 2024 22:29:43 INFO  [Train Info] Epoch: 473, train loss: 0.0426. [Evaluation metric]	Mode:valid, roc_auc: 0.9699; loss: 0.5464; pr_auc: 0.9643; acc: 0.9090; f1: 0.9031; 
Thu 07 Mar 2024 22:29:43 INFO  [Train Info] Epoch: 474, train loss: 0.0454. [Evaluation metric]	Mode:valid, roc_auc: 0.9683; loss: 0.5471; pr_auc: 0.9620; acc: 0.9098; f1: 0.9050; 
Thu 07 Mar 2024 22:29:43 INFO  [Train Info] Epoch: 475, train loss: 0.0483. [Evaluation metric]	Mode:valid, roc_auc: 0.9692; loss: 0.5469; pr_auc: 0.9662; acc: 0.9105; f1: 0.9058; 
Thu 07 Mar 2024 22:29:43 INFO  [Train Info] Epoch: 476, train loss: 0.0453. [Evaluation metric]	Mode:valid, roc_auc: 0.9685; loss: 0.5477; pr_auc: 0.9646; acc: 0.9069; f1: 0.9015; 
Thu 07 Mar 2024 22:29:43 INFO  [Train Info] Epoch: 477, train loss: 0.0437. [Evaluation metric]	Mode:valid, roc_auc: 0.9680; loss: 0.5474; pr_auc: 0.9651; acc: 0.9085; f1: 0.9034; 
Thu 07 Mar 2024 22:29:44 INFO  [Train Info] Epoch: 478, train loss: 0.0457. [Evaluation metric]	Mode:valid, roc_auc: 0.9628; loss: 0.5508; pr_auc: 0.9576; acc: 0.9028; f1: 0.8985; 
Thu 07 Mar 2024 22:29:44 INFO  [Train Info] Epoch: 479, train loss: 0.0523. [Evaluation metric]	Mode:valid, roc_auc: 0.9645; loss: 0.5495; pr_auc: 0.9607; acc: 0.9051; f1: 0.9001; 
Thu 07 Mar 2024 22:29:44 INFO  [Train Info] Epoch: 480, train loss: 0.0470. [Evaluation metric]	Mode:valid, roc_auc: 0.9677; loss: 0.5482; pr_auc: 0.9650; acc: 0.9059; f1: 0.9001; 
Thu 07 Mar 2024 22:29:44 INFO  [Train Info] Epoch: 481, train loss: 0.0435. [Evaluation metric]	Mode:valid, roc_auc: 0.9685; loss: 0.5471; pr_auc: 0.9662; acc: 0.9079; f1: 0.9026; 
Thu 07 Mar 2024 22:29:44 INFO  [Train Info] Epoch: 482, train loss: 0.0484. [Evaluation metric]	Mode:valid, roc_auc: 0.9662; loss: 0.5478; pr_auc: 0.9625; acc: 0.9096; f1: 0.9047; 
Thu 07 Mar 2024 22:29:44 INFO  [Train Info] Epoch: 483, train loss: 0.0497. [Evaluation metric]	Mode:valid, roc_auc: 0.9654; loss: 0.5488; pr_auc: 0.9625; acc: 0.9061; f1: 0.9010; 
Thu 07 Mar 2024 22:29:44 INFO  [Train Info] Epoch: 484, train loss: 0.0465. [Evaluation metric]	Mode:valid, roc_auc: 0.9681; loss: 0.5482; pr_auc: 0.9682; acc: 0.9060; f1: 0.9006; 
Thu 07 Mar 2024 22:29:45 INFO  [Train Info] Epoch: 485, train loss: 0.0460. [Evaluation metric]	Mode:valid, roc_auc: 0.9671; loss: 0.5480; pr_auc: 0.9634; acc: 0.9094; f1: 0.9048; 
Thu 07 Mar 2024 22:29:45 INFO  [Train Info] Epoch: 486, train loss: 0.0455. [Evaluation metric]	Mode:valid, roc_auc: 0.9654; loss: 0.5491; pr_auc: 0.9595; acc: 0.9072; f1: 0.9029; 
Thu 07 Mar 2024 22:29:45 INFO  [Train Info] Early Stop!	Epoch:486.
Thu 07 Mar 2024 22:29:45 INFO  [Train Info] [Evaluation metric]	Mode:test, roc_auc: 0.9668; loss: 0.5486; pr_auc: 0.9628; acc: 0.9066; f1: 0.9022; 
