Thu 07 Mar 2024 16:14:16 INFO  [Config Info]	Model: HAN,	Task: link_prediction,	Dataset: CTD_DDA
Thu 07 Mar 2024 16:14:18 INFO  [Init Task] The task: link prediction, the dataset: CTD_DDA, the evaluation metric is roc_auc, the score function: distmult 
Thu 07 Mar 2024 16:14:24 INFO  [Feature Transformation] Assign embedding as features, because hg.ndata is empty.
Thu 07 Mar 2024 16:14:32 INFO  [Train Info] Epoch: 000, train loss: 0.6932. [Evaluation metric]	Mode:valid, roc_auc: 0.7370; loss: 0.7240; pr_auc: 0.6680; acc: 0.6011; f1: 0.7084; 
Thu 07 Mar 2024 16:14:33 INFO  [Train Info] Epoch: 001, train loss: 0.6877. [Evaluation metric]	Mode:valid, roc_auc: 0.8148; loss: 0.7218; pr_auc: 0.7764; acc: 0.6831; f1: 0.7464; 
Thu 07 Mar 2024 16:14:33 INFO  [Train Info] Epoch: 002, train loss: 0.6697. [Evaluation metric]	Mode:valid, roc_auc: 0.7852; loss: 0.7124; pr_auc: 0.7317; acc: 0.4966; f1: 0.0023; 
Thu 07 Mar 2024 16:14:34 INFO  [Train Info] Epoch: 003, train loss: 0.6420. [Evaluation metric]	Mode:valid, roc_auc: 0.8316; loss: 0.7064; pr_auc: 0.8013; acc: 0.7593; f1: 0.7755; 
Thu 07 Mar 2024 16:14:34 INFO  [Train Info] Epoch: 004, train loss: 0.7433. [Evaluation metric]	Mode:valid, roc_auc: 0.7923; loss: 0.7072; pr_auc: 0.7437; acc: 0.4970; f1: 0.0024; 
Thu 07 Mar 2024 16:14:35 INFO  [Train Info] Epoch: 005, train loss: 0.6273. [Evaluation metric]	Mode:valid, roc_auc: 0.7772; loss: 0.7101; pr_auc: 0.6720; acc: 0.4973; f1: 0.0019; 
Thu 07 Mar 2024 16:14:36 INFO  [Train Info] Epoch: 006, train loss: 0.6505. [Evaluation metric]	Mode:valid, roc_auc: 0.7808; loss: 0.7122; pr_auc: 0.6852; acc: 0.4972; f1: 0.0021; 
Thu 07 Mar 2024 16:14:36 INFO  [Train Info] Epoch: 007, train loss: 0.6541. [Evaluation metric]	Mode:valid, roc_auc: 0.8115; loss: 0.7134; pr_auc: 0.7800; acc: 0.4963; f1: 0.0017; 
Thu 07 Mar 2024 16:14:37 INFO  [Train Info] Epoch: 008, train loss: 0.6424. [Evaluation metric]	Mode:valid, roc_auc: 0.8259; loss: 0.7119; pr_auc: 0.7910; acc: 0.6927; f1: 0.6036; 
Thu 07 Mar 2024 16:14:38 INFO  [Train Info] Epoch: 009, train loss: 0.6136. [Evaluation metric]	Mode:valid, roc_auc: 0.8224; loss: 0.7071; pr_auc: 0.7845; acc: 0.7624; f1: 0.7577; 
Thu 07 Mar 2024 16:14:39 INFO  [Train Info] Epoch: 010, train loss: 0.6517. [Evaluation metric]	Mode:valid, roc_auc: 0.8298; loss: 0.7012; pr_auc: 0.7965; acc: 0.6344; f1: 0.4586; 
Thu 07 Mar 2024 16:14:39 INFO  [Train Info] Epoch: 011, train loss: 0.5878. [Evaluation metric]	Mode:valid, roc_auc: 0.8092; loss: 0.6924; pr_auc: 0.7731; acc: 0.4959; f1: 0.0015; 
Thu 07 Mar 2024 16:14:40 INFO  [Train Info] Epoch: 012, train loss: 0.5894. [Evaluation metric]	Mode:valid, roc_auc: 0.8203; loss: 0.6856; pr_auc: 0.7946; acc: 0.5044; f1: 0.0332; 
Thu 07 Mar 2024 16:14:41 INFO  [Train Info] Epoch: 013, train loss: 0.5738. [Evaluation metric]	Mode:valid, roc_auc: 0.8292; loss: 0.6831; pr_auc: 0.7948; acc: 0.7141; f1: 0.6476; 
Thu 07 Mar 2024 16:14:41 INFO  [Train Info] Epoch: 014, train loss: 0.6381. [Evaluation metric]	Mode:valid, roc_auc: 0.8288; loss: 0.6845; pr_auc: 0.7994; acc: 0.5725; f1: 0.2796; 
Thu 07 Mar 2024 16:14:42 INFO  [Train Info] Epoch: 015, train loss: 0.5746. [Evaluation metric]	Mode:valid, roc_auc: 0.7813; loss: 0.6875; pr_auc: 0.7030; acc: 0.4959; f1: 0.0013; 
Thu 07 Mar 2024 16:14:43 INFO  [Train Info] Epoch: 016, train loss: 0.7107. [Evaluation metric]	Mode:valid, roc_auc: 0.7892; loss: 0.6983; pr_auc: 0.7302; acc: 0.4967; f1: 0.0015; 
Thu 07 Mar 2024 16:14:43 INFO  [Train Info] Epoch: 017, train loss: 0.6453. [Evaluation metric]	Mode:valid, roc_auc: 0.8158; loss: 0.7082; pr_auc: 0.7830; acc: 0.4966; f1: 0.0015; 
Thu 07 Mar 2024 16:14:44 INFO  [Train Info] Epoch: 018, train loss: 0.6484. [Evaluation metric]	Mode:valid, roc_auc: 0.8265; loss: 0.7120; pr_auc: 0.7977; acc: 0.5392; f1: 0.1668; 
Thu 07 Mar 2024 16:14:45 INFO  [Train Info] Epoch: 019, train loss: 0.6506. [Evaluation metric]	Mode:valid, roc_auc: 0.8306; loss: 0.7108; pr_auc: 0.8020; acc: 0.6238; f1: 0.4322; 
Thu 07 Mar 2024 16:14:45 INFO  [Train Info] Epoch: 020, train loss: 0.6370. [Evaluation metric]	Mode:valid, roc_auc: 0.8340; loss: 0.7062; pr_auc: 0.7992; acc: 0.6688; f1: 0.5438; 
Thu 07 Mar 2024 16:14:46 INFO  [Train Info] Epoch: 021, train loss: 0.6246. [Evaluation metric]	Mode:valid, roc_auc: 0.8295; loss: 0.7002; pr_auc: 0.7952; acc: 0.6913; f1: 0.5969; 
Thu 07 Mar 2024 16:14:46 INFO  [Train Info] Epoch: 022, train loss: 0.6051. [Evaluation metric]	Mode:valid, roc_auc: 0.8299; loss: 0.6914; pr_auc: 0.7979; acc: 0.6915; f1: 0.5974; 
Thu 07 Mar 2024 16:14:47 INFO  [Train Info] Epoch: 023, train loss: 0.5782. [Evaluation metric]	Mode:valid, roc_auc: 0.8286; loss: 0.6798; pr_auc: 0.7965; acc: 0.6867; f1: 0.5859; 
Thu 07 Mar 2024 16:14:48 INFO  [Train Info] Epoch: 024, train loss: 0.5787. [Evaluation metric]	Mode:valid, roc_auc: 0.8145; loss: 0.6682; pr_auc: 0.7793; acc: 0.5516; f1: 0.2150; 
Thu 07 Mar 2024 16:14:48 INFO  [Train Info] Epoch: 025, train loss: 0.5700. [Evaluation metric]	Mode:valid, roc_auc: 0.8029; loss: 0.6649; pr_auc: 0.7641; acc: 0.4960; f1: 0.0019; 
Thu 07 Mar 2024 16:14:49 INFO  [Train Info] Epoch: 026, train loss: 0.5455. [Evaluation metric]	Mode:valid, roc_auc: 0.7689; loss: 0.6718; pr_auc: 0.6640; acc: 0.4961; f1: 0.0017; 
Thu 07 Mar 2024 16:14:50 INFO  [Train Info] Epoch: 027, train loss: 1.5993. [Evaluation metric]	Mode:valid, roc_auc: 0.8348; loss: 0.6668; pr_auc: 0.8046; acc: 0.6988; f1: 0.6081; 
Thu 07 Mar 2024 16:14:50 INFO  [Train Info] Epoch: 028, train loss: 0.6344. [Evaluation metric]	Mode:valid, roc_auc: 0.8372; loss: 0.6858; pr_auc: 0.8028; acc: 0.7757; f1: 0.7649; 
Thu 07 Mar 2024 16:14:51 INFO  [Train Info] Epoch: 029, train loss: 0.6032. [Evaluation metric]	Mode:valid, roc_auc: 0.8395; loss: 0.6995; pr_auc: 0.8056; acc: 0.7774; f1: 0.7799; 
Thu 07 Mar 2024 16:14:51 INFO  [Train Info] Epoch: 030, train loss: 0.6543. [Evaluation metric]	Mode:valid, roc_auc: 0.8356; loss: 0.7106; pr_auc: 0.8029; acc: 0.7695; f1: 0.7779; 
Thu 07 Mar 2024 16:14:52 INFO  [Train Info] Epoch: 031, train loss: 0.6955. [Evaluation metric]	Mode:valid, roc_auc: 0.8314; loss: 0.7131; pr_auc: 0.7912; acc: 0.7633; f1: 0.7769; 
Thu 07 Mar 2024 16:14:53 INFO  [Train Info] Epoch: 032, train loss: 0.6959. [Evaluation metric]	Mode:valid, roc_auc: 0.8358; loss: 0.7118; pr_auc: 0.8031; acc: 0.7621; f1: 0.7798; 
Thu 07 Mar 2024 16:14:53 INFO  [Train Info] Epoch: 033, train loss: 0.6677. [Evaluation metric]	Mode:valid, roc_auc: 0.8298; loss: 0.7109; pr_auc: 0.7967; acc: 0.7505; f1: 0.7732; 
Thu 07 Mar 2024 16:14:54 INFO  [Train Info] Epoch: 034, train loss: 0.6673. [Evaluation metric]	Mode:valid, roc_auc: 0.8312; loss: 0.7103; pr_auc: 0.7981; acc: 0.7511; f1: 0.7735; 
Thu 07 Mar 2024 16:14:54 INFO  [Train Info] Epoch: 035, train loss: 0.6700. [Evaluation metric]	Mode:valid, roc_auc: 0.8291; loss: 0.7108; pr_auc: 0.7989; acc: 0.7548; f1: 0.7733; 
Thu 07 Mar 2024 16:14:55 INFO  [Train Info] Epoch: 036, train loss: 0.6706. [Evaluation metric]	Mode:valid, roc_auc: 0.8299; loss: 0.7124; pr_auc: 0.7972; acc: 0.7651; f1: 0.7750; 
Thu 07 Mar 2024 16:14:56 INFO  [Train Info] Epoch: 037, train loss: 0.6664. [Evaluation metric]	Mode:valid, roc_auc: 0.8290; loss: 0.7145; pr_auc: 0.7945; acc: 0.7673; f1: 0.7641; 
Thu 07 Mar 2024 16:14:56 INFO  [Train Info] Epoch: 038, train loss: 0.6566. [Evaluation metric]	Mode:valid, roc_auc: 0.8282; loss: 0.7155; pr_auc: 0.7940; acc: 0.7568; f1: 0.7341; 
Thu 07 Mar 2024 16:14:57 INFO  [Train Info] Epoch: 039, train loss: 0.6594. [Evaluation metric]	Mode:valid, roc_auc: 0.8292; loss: 0.7141; pr_auc: 0.7959; acc: 0.7334; f1: 0.6874; 
Thu 07 Mar 2024 16:14:57 INFO  [Train Info] Epoch: 040, train loss: 0.6556. [Evaluation metric]	Mode:valid, roc_auc: 0.8286; loss: 0.7101; pr_auc: 0.7915; acc: 0.7162; f1: 0.6534; 
Thu 07 Mar 2024 16:14:58 INFO  [Train Info] Epoch: 041, train loss: 0.6523. [Evaluation metric]	Mode:valid, roc_auc: 0.8323; loss: 0.7053; pr_auc: 0.8024; acc: 0.7055; f1: 0.6260; 
Thu 07 Mar 2024 16:14:58 INFO  [Train Info] Epoch: 042, train loss: 0.6331. [Evaluation metric]	Mode:valid, roc_auc: 0.8330; loss: 0.6986; pr_auc: 0.8067; acc: 0.6816; f1: 0.5727; 
Thu 07 Mar 2024 16:14:59 INFO  [Train Info] Epoch: 043, train loss: 0.6331. [Evaluation metric]	Mode:valid, roc_auc: 0.8291; loss: 0.6920; pr_auc: 0.7992; acc: 0.6445; f1: 0.4857; 
Thu 07 Mar 2024 16:15:00 INFO  [Train Info] Epoch: 044, train loss: 0.6004. [Evaluation metric]	Mode:valid, roc_auc: 0.8280; loss: 0.6841; pr_auc: 0.7978; acc: 0.5813; f1: 0.3051; 
Thu 07 Mar 2024 16:15:00 INFO  [Train Info] Epoch: 045, train loss: 0.5779. [Evaluation metric]	Mode:valid, roc_auc: 0.8226; loss: 0.6765; pr_auc: 0.7877; acc: 0.5121; f1: 0.0693; 
Thu 07 Mar 2024 16:15:01 INFO  [Train Info] Epoch: 046, train loss: 0.5638. [Evaluation metric]	Mode:valid, roc_auc: 0.8198; loss: 0.6707; pr_auc: 0.7873; acc: 0.4956; f1: 0.0019; 
Thu 07 Mar 2024 16:15:01 INFO  [Train Info] Epoch: 047, train loss: 0.6691. [Evaluation metric]	Mode:valid, roc_auc: 0.8246; loss: 0.6675; pr_auc: 0.7928; acc: 0.5330; f1: 0.1443; 
Thu 07 Mar 2024 16:15:02 INFO  [Train Info] Epoch: 048, train loss: 0.6526. [Evaluation metric]	Mode:valid, roc_auc: 0.8290; loss: 0.6653; pr_auc: 0.8011; acc: 0.6585; f1: 0.5188; 
Thu 07 Mar 2024 16:15:03 INFO  [Train Info] Epoch: 049, train loss: 0.6463. [Evaluation metric]	Mode:valid, roc_auc: 0.8305; loss: 0.6674; pr_auc: 0.8021; acc: 0.6422; f1: 0.4765; 
Thu 07 Mar 2024 16:15:03 INFO  [Train Info] Epoch: 050, train loss: 0.6093. [Evaluation metric]	Mode:valid, roc_auc: 0.8292; loss: 0.6710; pr_auc: 0.8026; acc: 0.5412; f1: 0.1716; 
Thu 07 Mar 2024 16:15:04 INFO  [Train Info] Epoch: 051, train loss: 0.5709. [Evaluation metric]	Mode:valid, roc_auc: 0.8268; loss: 0.6731; pr_auc: 0.8015; acc: 0.4970; f1: 0.0017; 
Thu 07 Mar 2024 16:15:05 INFO  [Train Info] Epoch: 052, train loss: 0.5814. [Evaluation metric]	Mode:valid, roc_auc: 0.8135; loss: 0.6748; pr_auc: 0.7818; acc: 0.4968; f1: 0.0015; 
Thu 07 Mar 2024 16:15:05 INFO  [Train Info] Epoch: 053, train loss: 0.6424. [Evaluation metric]	Mode:valid, roc_auc: 0.8205; loss: 0.6754; pr_auc: 0.7898; acc: 0.4969; f1: 0.0015; 
Thu 07 Mar 2024 16:15:06 INFO  [Train Info] Epoch: 054, train loss: 0.6187. [Evaluation metric]	Mode:valid, roc_auc: 0.8208; loss: 0.6768; pr_auc: 0.7937; acc: 0.4970; f1: 0.0015; 
Thu 07 Mar 2024 16:15:06 INFO  [Train Info] Epoch: 055, train loss: 0.6128. [Evaluation metric]	Mode:valid, roc_auc: 0.8314; loss: 0.6780; pr_auc: 0.8080; acc: 0.4971; f1: 0.0015; 
Thu 07 Mar 2024 16:15:07 INFO  [Train Info] Epoch: 056, train loss: 0.5882. [Evaluation metric]	Mode:valid, roc_auc: 0.8277; loss: 0.6790; pr_auc: 0.7954; acc: 0.5734; f1: 0.2847; 
Thu 07 Mar 2024 16:15:08 INFO  [Train Info] Epoch: 057, train loss: 0.5837. [Evaluation metric]	Mode:valid, roc_auc: 0.8361; loss: 0.6774; pr_auc: 0.8063; acc: 0.6222; f1: 0.4266; 
Thu 07 Mar 2024 16:15:08 INFO  [Train Info] Epoch: 058, train loss: 0.6281. [Evaluation metric]	Mode:valid, roc_auc: 0.8336; loss: 0.6771; pr_auc: 0.8034; acc: 0.6378; f1: 0.4687; 
Thu 07 Mar 2024 16:15:09 INFO  [Train Info] Epoch: 059, train loss: 0.5757. [Evaluation metric]	Mode:valid, roc_auc: 0.8345; loss: 0.6754; pr_auc: 0.8071; acc: 0.6293; f1: 0.4464; 
Thu 07 Mar 2024 16:15:09 INFO  [Train Info] Epoch: 060, train loss: 0.6018. [Evaluation metric]	Mode:valid, roc_auc: 0.8381; loss: 0.6734; pr_auc: 0.8117; acc: 0.5882; f1: 0.3244; 
Thu 07 Mar 2024 16:15:10 INFO  [Train Info] Epoch: 061, train loss: 0.5605. [Evaluation metric]	Mode:valid, roc_auc: 0.8324; loss: 0.6727; pr_auc: 0.7996; acc: 0.5297; f1: 0.1351; 
Thu 07 Mar 2024 16:15:11 INFO  [Train Info] Epoch: 062, train loss: 0.5747. [Evaluation metric]	Mode:valid, roc_auc: 0.8327; loss: 0.6706; pr_auc: 0.8030; acc: 0.4969; f1: 0.0015; 
Thu 07 Mar 2024 16:15:11 INFO  [Train Info] Epoch: 063, train loss: 0.5579. [Evaluation metric]	Mode:valid, roc_auc: 0.8309; loss: 0.6695; pr_auc: 0.8052; acc: 0.4972; f1: 0.0015; 
Thu 07 Mar 2024 16:15:12 INFO  [Train Info] Epoch: 064, train loss: 0.5888. [Evaluation metric]	Mode:valid, roc_auc: 0.8316; loss: 0.6681; pr_auc: 0.8078; acc: 0.4975; f1: 0.0015; 
Thu 07 Mar 2024 16:15:13 INFO  [Train Info] Epoch: 065, train loss: 0.5446. [Evaluation metric]	Mode:valid, roc_auc: 0.8378; loss: 0.6656; pr_auc: 0.8135; acc: 0.4974; f1: 0.0015; 
Thu 07 Mar 2024 16:15:13 INFO  [Train Info] Epoch: 066, train loss: 0.5298. [Evaluation metric]	Mode:valid, roc_auc: 0.8343; loss: 0.6643; pr_auc: 0.8074; acc: 0.4968; f1: 0.0017; 
Thu 07 Mar 2024 16:15:14 INFO  [Train Info] Epoch: 067, train loss: 0.5226. [Evaluation metric]	Mode:valid, roc_auc: 0.8400; loss: 0.6613; pr_auc: 0.8151; acc: 0.4970; f1: 0.0019; 
Thu 07 Mar 2024 16:15:15 INFO  [Train Info] Epoch: 068, train loss: 0.5245. [Evaluation metric]	Mode:valid, roc_auc: 0.8360; loss: 0.6599; pr_auc: 0.8090; acc: 0.5244; f1: 0.1088; 
Thu 07 Mar 2024 16:15:15 INFO  [Train Info] Epoch: 069, train loss: 0.5360. [Evaluation metric]	Mode:valid, roc_auc: 0.8384; loss: 0.6596; pr_auc: 0.8126; acc: 0.5003; f1: 0.0163; 
Thu 07 Mar 2024 16:15:16 INFO  [Train Info] Epoch: 070, train loss: 0.5192. [Evaluation metric]	Mode:valid, roc_auc: 0.8356; loss: 0.6603; pr_auc: 0.8042; acc: 0.4960; f1: 0.0019; 
Thu 07 Mar 2024 16:15:16 INFO  [Train Info] Epoch: 071, train loss: 0.5389. [Evaluation metric]	Mode:valid, roc_auc: 0.8363; loss: 0.6622; pr_auc: 0.8114; acc: 0.4976; f1: 0.0019; 
Thu 07 Mar 2024 16:15:17 INFO  [Train Info] Epoch: 072, train loss: 0.5337. [Evaluation metric]	Mode:valid, roc_auc: 0.8361; loss: 0.6640; pr_auc: 0.8087; acc: 0.4972; f1: 0.0019; 
Thu 07 Mar 2024 16:15:18 INFO  [Train Info] Epoch: 073, train loss: 0.5272. [Evaluation metric]	Mode:valid, roc_auc: 0.8358; loss: 0.6642; pr_auc: 0.8089; acc: 0.4970; f1: 0.0019; 
Thu 07 Mar 2024 16:15:18 INFO  [Train Info] Epoch: 074, train loss: 0.5177. [Evaluation metric]	Mode:valid, roc_auc: 0.8401; loss: 0.6632; pr_auc: 0.8132; acc: 0.4968; f1: 0.0019; 
Thu 07 Mar 2024 16:15:19 INFO  [Train Info] Epoch: 075, train loss: 0.5346. [Evaluation metric]	Mode:valid, roc_auc: 0.8414; loss: 0.6637; pr_auc: 0.8177; acc: 0.4973; f1: 0.0015; 
Thu 07 Mar 2024 16:15:20 INFO  [Train Info] Epoch: 076, train loss: 0.5175. [Evaluation metric]	Mode:valid, roc_auc: 0.8430; loss: 0.6629; pr_auc: 0.8229; acc: 0.4976; f1: 0.0015; 
Thu 07 Mar 2024 16:15:20 INFO  [Train Info] Epoch: 077, train loss: 0.5119. [Evaluation metric]	Mode:valid, roc_auc: 0.8380; loss: 0.6632; pr_auc: 0.8129; acc: 0.4973; f1: 0.0015; 
Thu 07 Mar 2024 16:15:21 INFO  [Train Info] Epoch: 078, train loss: 0.5158. [Evaluation metric]	Mode:valid, roc_auc: 0.8448; loss: 0.6604; pr_auc: 0.8244; acc: 0.4981; f1: 0.0015; 
Thu 07 Mar 2024 16:15:21 INFO  [Train Info] Epoch: 079, train loss: 0.5237. [Evaluation metric]	Mode:valid, roc_auc: 0.8401; loss: 0.6612; pr_auc: 0.8175; acc: 0.4980; f1: 0.0013; 
Thu 07 Mar 2024 16:15:22 INFO  [Train Info] Epoch: 080, train loss: 0.5391. [Evaluation metric]	Mode:valid, roc_auc: 0.8413; loss: 0.6635; pr_auc: 0.8179; acc: 0.4979; f1: 0.0011; 
Thu 07 Mar 2024 16:15:23 INFO  [Train Info] Epoch: 081, train loss: 0.5154. [Evaluation metric]	Mode:valid, roc_auc: 0.8410; loss: 0.6648; pr_auc: 0.8195; acc: 0.4976; f1: 0.0009; 
Thu 07 Mar 2024 16:15:23 INFO  [Train Info] Epoch: 082, train loss: 0.5271. [Evaluation metric]	Mode:valid, roc_auc: 0.8379; loss: 0.6645; pr_auc: 0.8148; acc: 0.4979; f1: 0.0009; 
Thu 07 Mar 2024 16:15:24 INFO  [Train Info] Epoch: 083, train loss: 0.5237. [Evaluation metric]	Mode:valid, roc_auc: 0.8432; loss: 0.6612; pr_auc: 0.8238; acc: 0.5027; f1: 0.0189; 
Thu 07 Mar 2024 16:15:24 INFO  [Train Info] Epoch: 084, train loss: 0.5477. [Evaluation metric]	Mode:valid, roc_auc: 0.8366; loss: 0.6623; pr_auc: 0.8123; acc: 0.5025; f1: 0.0187; 
Thu 07 Mar 2024 16:15:25 INFO  [Train Info] Epoch: 085, train loss: 0.5128. [Evaluation metric]	Mode:valid, roc_auc: 0.8423; loss: 0.6619; pr_auc: 0.8229; acc: 0.4983; f1: 0.0006; 
Thu 07 Mar 2024 16:15:26 INFO  [Train Info] Epoch: 086, train loss: 0.5083. [Evaluation metric]	Mode:valid, roc_auc: 0.8460; loss: 0.6605; pr_auc: 0.8308; acc: 0.5034; f1: 0.0187; 
Thu 07 Mar 2024 16:15:26 INFO  [Train Info] Epoch: 087, train loss: 0.5326. [Evaluation metric]	Mode:valid, roc_auc: 0.8434; loss: 0.6625; pr_auc: 0.8285; acc: 0.4988; f1: 0.0004; 
Thu 07 Mar 2024 16:15:27 INFO  [Train Info] Epoch: 088, train loss: 0.5068. [Evaluation metric]	Mode:valid, roc_auc: 0.8441; loss: 0.6643; pr_auc: 0.8230; acc: 0.4989; f1: 0.0004; 
Thu 07 Mar 2024 16:15:28 INFO  [Train Info] Epoch: 089, train loss: 0.5240. [Evaluation metric]	Mode:valid, roc_auc: 0.8434; loss: 0.6636; pr_auc: 0.8260; acc: 0.4991; f1: 0.0004; 
Thu 07 Mar 2024 16:15:28 INFO  [Train Info] Epoch: 090, train loss: 0.5133. [Evaluation metric]	Mode:valid, roc_auc: 0.8460; loss: 0.6623; pr_auc: 0.8271; acc: 0.4985; f1: 0.0006; 
Thu 07 Mar 2024 16:15:29 INFO  [Train Info] Epoch: 091, train loss: 0.4982. [Evaluation metric]	Mode:valid, roc_auc: 0.8476; loss: 0.6606; pr_auc: 0.8295; acc: 0.4990; f1: 0.0006; 
Thu 07 Mar 2024 16:15:29 INFO  [Train Info] Epoch: 092, train loss: 0.4977. [Evaluation metric]	Mode:valid, roc_auc: 0.8473; loss: 0.6602; pr_auc: 0.8295; acc: 0.4985; f1: 0.0006; 
Thu 07 Mar 2024 16:15:30 INFO  [Train Info] Epoch: 093, train loss: 0.5013. [Evaluation metric]	Mode:valid, roc_auc: 0.8479; loss: 0.6604; pr_auc: 0.8327; acc: 0.4994; f1: 0.0006; 
Thu 07 Mar 2024 16:15:31 INFO  [Train Info] Epoch: 094, train loss: 0.5226. [Evaluation metric]	Mode:valid, roc_auc: 0.8495; loss: 0.6644; pr_auc: 0.8334; acc: 0.4989; f1: 0.0004; 
Thu 07 Mar 2024 16:15:31 INFO  [Train Info] Epoch: 095, train loss: 0.5130. [Evaluation metric]	Mode:valid, roc_auc: 0.8446; loss: 0.6655; pr_auc: 0.8270; acc: 0.4990; f1: 0.0004; 
Thu 07 Mar 2024 16:15:32 INFO  [Train Info] Epoch: 096, train loss: 0.5148. [Evaluation metric]	Mode:valid, roc_auc: 0.8467; loss: 0.6680; pr_auc: 0.8309; acc: 0.4993; f1: 0.0004; 
Thu 07 Mar 2024 16:15:33 INFO  [Train Info] Epoch: 097, train loss: 0.5676. [Evaluation metric]	Mode:valid, roc_auc: 0.8480; loss: 0.6639; pr_auc: 0.8321; acc: 0.4992; f1: 0.0004; 
Thu 07 Mar 2024 16:15:33 INFO  [Train Info] Epoch: 098, train loss: 0.5019. [Evaluation metric]	Mode:valid, roc_auc: 0.8534; loss: 0.6591; pr_auc: 0.8399; acc: 0.4988; f1: 0.0006; 
Thu 07 Mar 2024 16:15:34 INFO  [Train Info] Epoch: 099, train loss: 0.5466. [Evaluation metric]	Mode:valid, roc_auc: 0.8488; loss: 0.6608; pr_auc: 0.8336; acc: 0.4992; f1: 0.0004; 
Thu 07 Mar 2024 16:15:34 INFO  [Train Info] Epoch: 100, train loss: 0.5913. [Evaluation metric]	Mode:valid, roc_auc: 0.8473; loss: 0.6664; pr_auc: 0.8313; acc: 0.4994; f1: 0.0004; 
Thu 07 Mar 2024 16:15:35 INFO  [Train Info] Epoch: 101, train loss: 0.5235. [Evaluation metric]	Mode:valid, roc_auc: 0.8439; loss: 0.6689; pr_auc: 0.8282; acc: 0.4997; f1: 0.0004; 
Thu 07 Mar 2024 16:15:36 INFO  [Train Info] Epoch: 102, train loss: 0.5722. [Evaluation metric]	Mode:valid, roc_auc: 0.8459; loss: 0.6681; pr_auc: 0.8303; acc: 0.4994; f1: 0.0004; 
Thu 07 Mar 2024 16:15:36 INFO  [Train Info] Epoch: 103, train loss: 0.5312. [Evaluation metric]	Mode:valid, roc_auc: 0.8492; loss: 0.6669; pr_auc: 0.8360; acc: 0.4997; f1: 0.0004; 
Thu 07 Mar 2024 16:15:37 INFO  [Train Info] Epoch: 104, train loss: 0.5193. [Evaluation metric]	Mode:valid, roc_auc: 0.8516; loss: 0.6652; pr_auc: 0.8365; acc: 0.4994; f1: 0.0004; 
Thu 07 Mar 2024 16:15:37 INFO  [Train Info] Epoch: 105, train loss: 0.5242. [Evaluation metric]	Mode:valid, roc_auc: 0.8482; loss: 0.6636; pr_auc: 0.8319; acc: 0.4995; f1: 0.0004; 
Thu 07 Mar 2024 16:15:38 INFO  [Train Info] Epoch: 106, train loss: 0.5599. [Evaluation metric]	Mode:valid, roc_auc: 0.8477; loss: 0.6633; pr_auc: 0.8353; acc: 0.4996; f1: 0.0004; 
Thu 07 Mar 2024 16:15:39 INFO  [Train Info] Epoch: 107, train loss: 0.5039. [Evaluation metric]	Mode:valid, roc_auc: 0.8500; loss: 0.6633; pr_auc: 0.8387; acc: 0.4995; f1: 0.0004; 
Thu 07 Mar 2024 16:15:39 INFO  [Train Info] Epoch: 108, train loss: 0.5287. [Evaluation metric]	Mode:valid, roc_auc: 0.8469; loss: 0.6642; pr_auc: 0.8332; acc: 0.4994; f1: 0.0006; 
Thu 07 Mar 2024 16:15:40 INFO  [Train Info] Epoch: 109, train loss: 0.5153. [Evaluation metric]	Mode:valid, roc_auc: 0.8464; loss: 0.6645; pr_auc: 0.8299; acc: 0.4994; f1: 0.0006; 
Thu 07 Mar 2024 16:15:40 INFO  [Train Info] Epoch: 110, train loss: 0.5136. [Evaluation metric]	Mode:valid, roc_auc: 0.8486; loss: 0.6652; pr_auc: 0.8390; acc: 0.4997; f1: 0.0006; 
Thu 07 Mar 2024 16:15:41 INFO  [Train Info] Epoch: 111, train loss: 0.5271. [Evaluation metric]	Mode:valid, roc_auc: 0.8447; loss: 0.6638; pr_auc: 0.8333; acc: 0.4996; f1: 0.0006; 
Thu 07 Mar 2024 16:15:42 INFO  [Train Info] Epoch: 112, train loss: 0.5250. [Evaluation metric]	Mode:valid, roc_auc: 0.8476; loss: 0.6600; pr_auc: 0.8350; acc: 0.4995; f1: 0.0006; 
Thu 07 Mar 2024 16:15:42 INFO  [Train Info] Epoch: 113, train loss: 0.5052. [Evaluation metric]	Mode:valid, roc_auc: 0.8485; loss: 0.6578; pr_auc: 0.8364; acc: 0.5038; f1: 0.0190; 
Thu 07 Mar 2024 16:15:43 INFO  [Train Info] Epoch: 114, train loss: 0.5199. [Evaluation metric]	Mode:valid, roc_auc: 0.8504; loss: 0.6604; pr_auc: 0.8358; acc: 0.4992; f1: 0.0009; 
Thu 07 Mar 2024 16:15:44 INFO  [Train Info] Epoch: 115, train loss: 0.4975. [Evaluation metric]	Mode:valid, roc_auc: 0.8451; loss: 0.6659; pr_auc: 0.8317; acc: 0.4994; f1: 0.0009; 
Thu 07 Mar 2024 16:15:44 INFO  [Train Info] Epoch: 116, train loss: 0.4999. [Evaluation metric]	Mode:valid, roc_auc: 0.8460; loss: 0.6710; pr_auc: 0.8346; acc: 0.4997; f1: 0.0006; 
Thu 07 Mar 2024 16:15:45 INFO  [Train Info] Epoch: 117, train loss: 0.6129. [Evaluation metric]	Mode:valid, roc_auc: 0.8500; loss: 0.6653; pr_auc: 0.8347; acc: 0.4995; f1: 0.0006; 
Thu 07 Mar 2024 16:15:45 INFO  [Train Info] Epoch: 118, train loss: 0.4991. [Evaluation metric]	Mode:valid, roc_auc: 0.8505; loss: 0.6614; pr_auc: 0.8388; acc: 0.4994; f1: 0.0004; 
Thu 07 Mar 2024 16:15:46 INFO  [Train Info] Epoch: 119, train loss: 0.4983. [Evaluation metric]	Mode:valid, roc_auc: 0.8536; loss: 0.6579; pr_auc: 0.8450; acc: 0.4996; f1: 0.0004; 
Thu 07 Mar 2024 16:15:47 INFO  [Train Info] Epoch: 120, train loss: 0.5597. [Evaluation metric]	Mode:valid, roc_auc: 0.8519; loss: 0.6612; pr_auc: 0.8388; acc: 0.4995; f1: 0.0004; 
Thu 07 Mar 2024 16:15:47 INFO  [Train Info] Epoch: 121, train loss: 0.5044. [Evaluation metric]	Mode:valid, roc_auc: 0.8494; loss: 0.6646; pr_auc: 0.8372; acc: 0.4995; f1: 0.0004; 
Thu 07 Mar 2024 16:15:48 INFO  [Train Info] Epoch: 122, train loss: 0.5055. [Evaluation metric]	Mode:valid, roc_auc: 0.8457; loss: 0.6659; pr_auc: 0.8276; acc: 0.4995; f1: 0.0004; 
Thu 07 Mar 2024 16:15:49 INFO  [Train Info] Epoch: 123, train loss: 0.5218. [Evaluation metric]	Mode:valid, roc_auc: 0.8491; loss: 0.6655; pr_auc: 0.8368; acc: 0.4996; f1: 0.0004; 
Thu 07 Mar 2024 16:15:49 INFO  [Train Info] Epoch: 124, train loss: 0.5168. [Evaluation metric]	Mode:valid, roc_auc: 0.8519; loss: 0.6643; pr_auc: 0.8424; acc: 0.4997; f1: 0.0004; 
Thu 07 Mar 2024 16:15:50 INFO  [Train Info] Epoch: 125, train loss: 0.5048. [Evaluation metric]	Mode:valid, roc_auc: 0.8521; loss: 0.6625; pr_auc: 0.8402; acc: 0.4995; f1: 0.0004; 
Thu 07 Mar 2024 16:15:50 INFO  [Train Info] Epoch: 126, train loss: 0.5025. [Evaluation metric]	Mode:valid, roc_auc: 0.8566; loss: 0.6609; pr_auc: 0.8496; acc: 0.4996; f1: 0.0004; 
Thu 07 Mar 2024 16:15:51 INFO  [Train Info] Epoch: 127, train loss: 0.5168. [Evaluation metric]	Mode:valid, roc_auc: 0.8502; loss: 0.6621; pr_auc: 0.8357; acc: 0.4991; f1: 0.0006; 
Thu 07 Mar 2024 16:15:51 INFO  [Train Info] Epoch: 128, train loss: 0.5107. [Evaluation metric]	Mode:valid, roc_auc: 0.8469; loss: 0.6638; pr_auc: 0.8295; acc: 0.4989; f1: 0.0006; 
Thu 07 Mar 2024 16:15:52 INFO  [Train Info] Epoch: 129, train loss: 0.5284. [Evaluation metric]	Mode:valid, roc_auc: 0.8481; loss: 0.6662; pr_auc: 0.8393; acc: 0.4997; f1: 0.0006; 
Thu 07 Mar 2024 16:15:53 INFO  [Train Info] Epoch: 130, train loss: 0.5106. [Evaluation metric]	Mode:valid, roc_auc: 0.8426; loss: 0.6679; pr_auc: 0.8284; acc: 0.4996; f1: 0.0004; 
Thu 07 Mar 2024 16:15:53 INFO  [Train Info] Epoch: 131, train loss: 0.5172. [Evaluation metric]	Mode:valid, roc_auc: 0.8433; loss: 0.6664; pr_auc: 0.8271; acc: 0.4989; f1: 0.0004; 
Thu 07 Mar 2024 16:15:54 INFO  [Train Info] Epoch: 132, train loss: 0.5221. [Evaluation metric]	Mode:valid, roc_auc: 0.8492; loss: 0.6623; pr_auc: 0.8384; acc: 0.4992; f1: 0.0004; 
Thu 07 Mar 2024 16:15:55 INFO  [Train Info] Epoch: 133, train loss: 0.5012. [Evaluation metric]	Mode:valid, roc_auc: 0.8517; loss: 0.6585; pr_auc: 0.8420; acc: 0.4994; f1: 0.0004; 
Thu 07 Mar 2024 16:15:55 INFO  [Train Info] Epoch: 134, train loss: 0.4942. [Evaluation metric]	Mode:valid, roc_auc: 0.8519; loss: 0.6566; pr_auc: 0.8379; acc: 0.5033; f1: 0.0185; 
Thu 07 Mar 2024 16:15:56 INFO  [Train Info] Epoch: 135, train loss: 0.5093. [Evaluation metric]	Mode:valid, roc_auc: 0.8526; loss: 0.6577; pr_auc: 0.8386; acc: 0.4994; f1: 0.0004; 
Thu 07 Mar 2024 16:15:57 INFO  [Train Info] Epoch: 136, train loss: 0.5616. [Evaluation metric]	Mode:valid, roc_auc: 0.8498; loss: 0.6652; pr_auc: 0.8371; acc: 0.4992; f1: 0.0004; 
Thu 07 Mar 2024 16:15:57 INFO  [Train Info] Epoch: 137, train loss: 0.5058. [Evaluation metric]	Mode:valid, roc_auc: 0.8489; loss: 0.6702; pr_auc: 0.8369; acc: 0.4995; f1: 0.0002; 
Thu 07 Mar 2024 16:15:58 INFO  [Train Info] Epoch: 138, train loss: 0.5732. [Evaluation metric]	Mode:valid, roc_auc: 0.8452; loss: 0.6694; pr_auc: 0.8324; acc: 0.4995; f1: 0.0002; 
Thu 07 Mar 2024 16:15:58 INFO  [Train Info] Epoch: 139, train loss: 0.5257. [Evaluation metric]	Mode:valid, roc_auc: 0.8461; loss: 0.6668; pr_auc: 0.8340; acc: 0.4993; f1: 0.0002; 
Thu 07 Mar 2024 16:15:59 INFO  [Train Info] Epoch: 140, train loss: 0.5080. [Evaluation metric]	Mode:valid, roc_auc: 0.8501; loss: 0.6649; pr_auc: 0.8388; acc: 0.4992; f1: 0.0002; 
Thu 07 Mar 2024 16:15:59 INFO  [Train Info] Epoch: 141, train loss: 0.5119. [Evaluation metric]	Mode:valid, roc_auc: 0.8492; loss: 0.6627; pr_auc: 0.8380; acc: 0.4994; f1: 0.0002; 
Thu 07 Mar 2024 16:16:00 INFO  [Train Info] Epoch: 142, train loss: 0.5016. [Evaluation metric]	Mode:valid, roc_auc: 0.8537; loss: 0.6609; pr_auc: 0.8416; acc: 0.4995; f1: 0.0002; 
Thu 07 Mar 2024 16:16:01 INFO  [Train Info] Epoch: 143, train loss: 0.5378. [Evaluation metric]	Mode:valid, roc_auc: 0.8493; loss: 0.6631; pr_auc: 0.8348; acc: 0.4993; f1: 0.0002; 
Thu 07 Mar 2024 16:16:01 INFO  [Train Info] Epoch: 144, train loss: 0.5101. [Evaluation metric]	Mode:valid, roc_auc: 0.8542; loss: 0.6647; pr_auc: 0.8455; acc: 0.4997; f1: 0.0002; 
Thu 07 Mar 2024 16:16:02 INFO  [Train Info] Epoch: 145, train loss: 0.5000. [Evaluation metric]	Mode:valid, roc_auc: 0.8453; loss: 0.6669; pr_auc: 0.8357; acc: 0.4997; f1: 0.0002; 
Thu 07 Mar 2024 16:16:03 INFO  [Train Info] Epoch: 146, train loss: 0.5168. [Evaluation metric]	Mode:valid, roc_auc: 0.8464; loss: 0.6668; pr_auc: 0.8378; acc: 0.4996; f1: 0.0002; 
Thu 07 Mar 2024 16:16:03 INFO  [Train Info] Epoch: 147, train loss: 0.5047. [Evaluation metric]	Mode:valid, roc_auc: 0.8512; loss: 0.6657; pr_auc: 0.8383; acc: 0.4998; f1: 0.0002; 
Thu 07 Mar 2024 16:16:04 INFO  [Train Info] Epoch: 148, train loss: 0.5148. [Evaluation metric]	Mode:valid, roc_auc: 0.8533; loss: 0.6622; pr_auc: 0.8454; acc: 0.4993; f1: 0.0002; 
Thu 07 Mar 2024 16:16:04 INFO  [Train Info] Epoch: 149, train loss: 0.5038. [Evaluation metric]	Mode:valid, roc_auc: 0.8539; loss: 0.6565; pr_auc: 0.8422; acc: 0.5087; f1: 0.0380; 
Thu 07 Mar 2024 16:16:05 INFO  [Train Info] Epoch: 150, train loss: 0.5557. [Evaluation metric]	Mode:valid, roc_auc: 0.8503; loss: 0.6573; pr_auc: 0.8385; acc: 0.5036; f1: 0.0185; 
Thu 07 Mar 2024 16:16:05 INFO  [Train Info] Epoch: 151, train loss: 0.4970. [Evaluation metric]	Mode:valid, roc_auc: 0.8535; loss: 0.6591; pr_auc: 0.8388; acc: 0.4991; f1: 0.0004; 
Thu 07 Mar 2024 16:16:06 INFO  [Train Info] Epoch: 152, train loss: 0.5201. [Evaluation metric]	Mode:valid, roc_auc: 0.8501; loss: 0.6649; pr_auc: 0.8418; acc: 0.4994; f1: 0.0004; 
Thu 07 Mar 2024 16:16:07 INFO  [Train Info] Epoch: 153, train loss: 0.4948. [Evaluation metric]	Mode:valid, roc_auc: 0.8476; loss: 0.6688; pr_auc: 0.8366; acc: 0.4995; f1: 0.0004; 
Thu 07 Mar 2024 16:16:07 INFO  [Train Info] Epoch: 154, train loss: 0.5427. [Evaluation metric]	Mode:valid, roc_auc: 0.8493; loss: 0.6679; pr_auc: 0.8411; acc: 0.4996; f1: 0.0004; 
Thu 07 Mar 2024 16:16:08 INFO  [Train Info] Epoch: 155, train loss: 0.5155. [Evaluation metric]	Mode:valid, roc_auc: 0.8479; loss: 0.6655; pr_auc: 0.8358; acc: 0.4992; f1: 0.0004; 
Thu 07 Mar 2024 16:16:09 INFO  [Train Info] Epoch: 156, train loss: 0.4972. [Evaluation metric]	Mode:valid, roc_auc: 0.8496; loss: 0.6627; pr_auc: 0.8355; acc: 0.4990; f1: 0.0004; 
Thu 07 Mar 2024 16:16:09 INFO  [Train Info] Epoch: 157, train loss: 0.4957. [Evaluation metric]	Mode:valid, roc_auc: 0.8527; loss: 0.6588; pr_auc: 0.8411; acc: 0.4994; f1: 0.0004; 
Thu 07 Mar 2024 16:16:10 INFO  [Train Info] Epoch: 158, train loss: 0.5190. [Evaluation metric]	Mode:valid, roc_auc: 0.8537; loss: 0.6571; pr_auc: 0.8443; acc: 0.5039; f1: 0.0185; 
Thu 07 Mar 2024 16:16:10 INFO  [Train Info] Epoch: 159, train loss: 0.5254. [Evaluation metric]	Mode:valid, roc_auc: 0.8530; loss: 0.6588; pr_auc: 0.8407; acc: 0.4992; f1: 0.0004; 
Thu 07 Mar 2024 16:16:11 INFO  [Train Info] Epoch: 160, train loss: 0.5268. [Evaluation metric]	Mode:valid, roc_auc: 0.8512; loss: 0.6629; pr_auc: 0.8389; acc: 0.4996; f1: 0.0004; 
Thu 07 Mar 2024 16:16:11 INFO  [Train Info] Epoch: 161, train loss: 0.5066. [Evaluation metric]	Mode:valid, roc_auc: 0.8528; loss: 0.6663; pr_auc: 0.8468; acc: 0.4997; f1: 0.0004; 
Thu 07 Mar 2024 16:16:12 INFO  [Train Info] Epoch: 162, train loss: 0.5233. [Evaluation metric]	Mode:valid, roc_auc: 0.8480; loss: 0.6678; pr_auc: 0.8368; acc: 0.4995; f1: 0.0002; 
Thu 07 Mar 2024 16:16:13 INFO  [Train Info] Epoch: 163, train loss: 0.5391. [Evaluation metric]	Mode:valid, roc_auc: 0.8500; loss: 0.6660; pr_auc: 0.8442; acc: 0.4996; f1: 0.0002; 
Thu 07 Mar 2024 16:16:13 INFO  [Train Info] Epoch: 164, train loss: 0.5141. [Evaluation metric]	Mode:valid, roc_auc: 0.8518; loss: 0.6627; pr_auc: 0.8419; acc: 0.4997; f1: 0.0002; 
Thu 07 Mar 2024 16:16:14 INFO  [Train Info] Epoch: 165, train loss: 0.5042. [Evaluation metric]	Mode:valid, roc_auc: 0.8525; loss: 0.6588; pr_auc: 0.8430; acc: 0.4995; f1: 0.0002; 
Thu 07 Mar 2024 16:16:14 INFO  [Train Info] Epoch: 166, train loss: 0.4962. [Evaluation metric]	Mode:valid, roc_auc: 0.8514; loss: 0.6555; pr_auc: 0.8424; acc: 0.5244; f1: 0.0983; 
Thu 07 Mar 2024 16:16:15 INFO  [Train Info] Epoch: 167, train loss: 0.5092. [Evaluation metric]	Mode:valid, roc_auc: 0.8516; loss: 0.6542; pr_auc: 0.8420; acc: 0.5316; f1: 0.1266; 
Thu 07 Mar 2024 16:16:15 INFO  [Train Info] Epoch: 168, train loss: 0.5221. [Evaluation metric]	Mode:valid, roc_auc: 0.8560; loss: 0.6555; pr_auc: 0.8482; acc: 0.5192; f1: 0.0787; 
Thu 07 Mar 2024 16:16:16 INFO  [Train Info] Epoch: 169, train loss: 0.5325. [Evaluation metric]	Mode:valid, roc_auc: 0.8489; loss: 0.6616; pr_auc: 0.8347; acc: 0.4993; f1: 0.0002; 
Thu 07 Mar 2024 16:16:17 INFO  [Train Info] Epoch: 170, train loss: 0.4932. [Evaluation metric]	Mode:valid, roc_auc: 0.8491; loss: 0.6650; pr_auc: 0.8398; acc: 0.4998; f1: 0.0002; 
Thu 07 Mar 2024 16:16:17 INFO  [Train Info] Epoch: 171, train loss: 0.5125. [Evaluation metric]	Mode:valid, roc_auc: 0.8496; loss: 0.6662; pr_auc: 0.8434; acc: 0.4996; f1: 0.0002; 
Thu 07 Mar 2024 16:16:18 INFO  [Train Info] Epoch: 172, train loss: 0.5324. [Evaluation metric]	Mode:valid, roc_auc: 0.8480; loss: 0.6649; pr_auc: 0.8384; acc: 0.4997; f1: 0.0002; 
Thu 07 Mar 2024 16:16:18 INFO  [Train Info] Epoch: 173, train loss: 0.5279. [Evaluation metric]	Mode:valid, roc_auc: 0.8510; loss: 0.6610; pr_auc: 0.8410; acc: 0.4996; f1: 0.0002; 
Thu 07 Mar 2024 16:16:19 INFO  [Train Info] Epoch: 174, train loss: 0.4962. [Evaluation metric]	Mode:valid, roc_auc: 0.8509; loss: 0.6585; pr_auc: 0.8384; acc: 0.4996; f1: 0.0002; 
Thu 07 Mar 2024 16:16:19 INFO  [Train Info] Epoch: 175, train loss: 0.5022. [Evaluation metric]	Mode:valid, roc_auc: 0.8530; loss: 0.6570; pr_auc: 0.8437; acc: 0.5038; f1: 0.0183; 
Thu 07 Mar 2024 16:16:20 INFO  [Train Info] Epoch: 176, train loss: 0.4920. [Evaluation metric]	Mode:valid, roc_auc: 0.8543; loss: 0.6559; pr_auc: 0.8466; acc: 0.5043; f1: 0.0183; 
Thu 07 Mar 2024 16:16:21 INFO  [Train Info] Epoch: 177, train loss: 0.4869. [Evaluation metric]	Mode:valid, roc_auc: 0.8505; loss: 0.6558; pr_auc: 0.8343; acc: 0.5037; f1: 0.0185; 
Thu 07 Mar 2024 16:16:21 INFO  [Train Info] Epoch: 178, train loss: 0.5367. [Evaluation metric]	Mode:valid, roc_auc: 0.8523; loss: 0.6584; pr_auc: 0.8393; acc: 0.4997; f1: 0.0002; 
Thu 07 Mar 2024 16:16:22 INFO  [Train Info] Epoch: 179, train loss: 0.4906. [Evaluation metric]	Mode:valid, roc_auc: 0.8495; loss: 0.6616; pr_auc: 0.8364; acc: 0.4997; f1: 0.0002; 
Thu 07 Mar 2024 16:16:23 INFO  [Train Info] Epoch: 180, train loss: 0.4856. [Evaluation metric]	Mode:valid, roc_auc: 0.8504; loss: 0.6640; pr_auc: 0.8362; acc: 0.4996; f1: 0.0002; 
Thu 07 Mar 2024 16:16:23 INFO  [Train Info] Epoch: 181, train loss: 0.5012. [Evaluation metric]	Mode:valid, roc_auc: 0.8517; loss: 0.6644; pr_auc: 0.8416; acc: 0.4996; f1: 0.0002; 
Thu 07 Mar 2024 16:16:24 INFO  [Train Info] Epoch: 182, train loss: 0.5179. [Evaluation metric]	Mode:valid, roc_auc: 0.8519; loss: 0.6625; pr_auc: 0.8430; acc: 0.4996; f1: 0.0002; 
Thu 07 Mar 2024 16:16:24 INFO  [Train Info] Epoch: 183, train loss: 0.5136. [Evaluation metric]	Mode:valid, roc_auc: 0.8559; loss: 0.6573; pr_auc: 0.8465; acc: 0.4992; f1: 0.0004; 
Thu 07 Mar 2024 16:16:25 INFO  [Train Info] Epoch: 184, train loss: 0.4866. [Evaluation metric]	Mode:valid, roc_auc: 0.8531; loss: 0.6535; pr_auc: 0.8425; acc: 0.5237; f1: 0.0963; 
Thu 07 Mar 2024 16:16:26 INFO  [Train Info] Epoch: 185, train loss: 0.5160. [Evaluation metric]	Mode:valid, roc_auc: 0.8521; loss: 0.6531; pr_auc: 0.8391; acc: 0.5325; f1: 0.1308; 
Thu 07 Mar 2024 16:16:26 INFO  [Train Info] Epoch: 186, train loss: 0.5556. [Evaluation metric]	Mode:valid, roc_auc: 0.8535; loss: 0.6568; pr_auc: 0.8433; acc: 0.5038; f1: 0.0185; 
Thu 07 Mar 2024 16:16:27 INFO  [Train Info] Epoch: 187, train loss: 0.5003. [Evaluation metric]	Mode:valid, roc_auc: 0.8527; loss: 0.6602; pr_auc: 0.8445; acc: 0.4999; f1: 0.0004; 
Thu 07 Mar 2024 16:16:27 INFO  [Train Info] Epoch: 188, train loss: 0.4835. [Evaluation metric]	Mode:valid, roc_auc: 0.8519; loss: 0.6624; pr_auc: 0.8432; acc: 0.4998; f1: 0.0004; 
Thu 07 Mar 2024 16:16:28 INFO  [Train Info] Epoch: 189, train loss: 0.5052. [Evaluation metric]	Mode:valid, roc_auc: 0.8517; loss: 0.6630; pr_auc: 0.8427; acc: 0.4997; f1: 0.0004; 
Thu 07 Mar 2024 16:16:29 INFO  [Train Info] Epoch: 190, train loss: 0.5071. [Evaluation metric]	Mode:valid, roc_auc: 0.8530; loss: 0.6626; pr_auc: 0.8488; acc: 0.4999; f1: 0.0004; 
Thu 07 Mar 2024 16:16:29 INFO  [Train Info] Epoch: 191, train loss: 0.4992. [Evaluation metric]	Mode:valid, roc_auc: 0.8496; loss: 0.6620; pr_auc: 0.8421; acc: 0.4997; f1: 0.0004; 
Thu 07 Mar 2024 16:16:30 INFO  [Train Info] Epoch: 192, train loss: 0.5040. [Evaluation metric]	Mode:valid, roc_auc: 0.8505; loss: 0.6604; pr_auc: 0.8394; acc: 0.4997; f1: 0.0004; 
Thu 07 Mar 2024 16:16:30 INFO  [Train Info] Epoch: 193, train loss: 0.4854. [Evaluation metric]	Mode:valid, roc_auc: 0.8497; loss: 0.6586; pr_auc: 0.8424; acc: 0.5044; f1: 0.0186; 
Thu 07 Mar 2024 16:16:31 INFO  [Train Info] Epoch: 194, train loss: 0.5017. [Evaluation metric]	Mode:valid, roc_auc: 0.8509; loss: 0.6580; pr_auc: 0.8425; acc: 0.5042; f1: 0.0186; 
Thu 07 Mar 2024 16:16:32 INFO  [Train Info] Epoch: 195, train loss: 0.5070. [Evaluation metric]	Mode:valid, roc_auc: 0.8537; loss: 0.6582; pr_auc: 0.8469; acc: 0.5044; f1: 0.0186; 
Thu 07 Mar 2024 16:16:32 INFO  [Train Info] Epoch: 196, train loss: 0.4947. [Evaluation metric]	Mode:valid, roc_auc: 0.8503; loss: 0.6604; pr_auc: 0.8394; acc: 0.4994; f1: 0.0004; 
Thu 07 Mar 2024 16:16:33 INFO  [Train Info] Epoch: 197, train loss: 0.5145. [Evaluation metric]	Mode:valid, roc_auc: 0.8510; loss: 0.6635; pr_auc: 0.8446; acc: 0.4999; f1: 0.0002; 
Thu 07 Mar 2024 16:16:33 INFO  [Train Info] Epoch: 198, train loss: 0.5035. [Evaluation metric]	Mode:valid, roc_auc: 0.8478; loss: 0.6648; pr_auc: 0.8426; acc: 0.5000; f1: 0.0002; 
Thu 07 Mar 2024 16:16:34 INFO  [Train Info] Epoch: 199, train loss: 0.5139. [Evaluation metric]	Mode:valid, roc_auc: 0.8529; loss: 0.6628; pr_auc: 0.8453; acc: 0.4999; f1: 0.0002; 
Thu 07 Mar 2024 16:16:34 INFO  [Train Info] [Evaluation metric]	Mode:test, roc_auc: 0.8573; loss: 0.6522; pr_auc: 0.8482; acc: 0.5313; f1: 0.1252; 
