Thu 07 Mar 2024 22:23:24 INFO  [Config Info]	Model: HAN,	Task: link_prediction,	Dataset: NDFRT_DDA
Thu 07 Mar 2024 22:23:25 INFO  [Init Task] The task: link prediction, the dataset: NDFRT_DDA, the evaluation metric is roc_auc, the score function: distmult 
Thu 07 Mar 2024 22:23:26 INFO  [Feature Transformation] Assign embedding as features, because hg.ndata is empty.
Thu 07 Mar 2024 22:23:28 INFO  [Train Info] Epoch: 000, train loss: 0.6932. [Evaluation metric]	Mode:valid, roc_auc: 0.5310; loss: 0.7239; pr_auc: 0.4909; acc: 0.5229; f1: 0.5474; 
Thu 07 Mar 2024 22:23:28 INFO  [Train Info] Epoch: 001, train loss: 0.6883. [Evaluation metric]	Mode:valid, roc_auc: 0.7116; loss: 0.7199; pr_auc: 0.6583; acc: 0.6344; f1: 0.7171; 
Thu 07 Mar 2024 22:23:28 INFO  [Train Info] Epoch: 002, train loss: 0.6149. [Evaluation metric]	Mode:valid, roc_auc: 0.7152; loss: 0.7195; pr_auc: 0.6641; acc: 0.5983; f1: 0.7069; 
Thu 07 Mar 2024 22:23:29 INFO  [Train Info] Epoch: 003, train loss: 0.6870. [Evaluation metric]	Mode:valid, roc_auc: 0.7298; loss: 0.7180; pr_auc: 0.6668; acc: 0.6692; f1: 0.7244; 
Thu 07 Mar 2024 22:23:29 INFO  [Train Info] Epoch: 004, train loss: 0.6203. [Evaluation metric]	Mode:valid, roc_auc: 0.6756; loss: 0.7208; pr_auc: 0.6172; acc: 0.6376; f1: 0.6541; 
Thu 07 Mar 2024 22:23:29 INFO  [Train Info] Epoch: 005, train loss: 0.6323. [Evaluation metric]	Mode:valid, roc_auc: 0.6649; loss: 0.7216; pr_auc: 0.5980; acc: 0.6311; f1: 0.6781; 
Thu 07 Mar 2024 22:23:29 INFO  [Train Info] Epoch: 006, train loss: 0.6355. [Evaluation metric]	Mode:valid, roc_auc: 0.6795; loss: 0.7203; pr_auc: 0.6128; acc: 0.6263; f1: 0.6914; 
Thu 07 Mar 2024 22:23:29 INFO  [Train Info] Epoch: 007, train loss: 0.6015. [Evaluation metric]	Mode:valid, roc_auc: 0.6833; loss: 0.7185; pr_auc: 0.6236; acc: 0.6169; f1: 0.6993; 
Thu 07 Mar 2024 22:23:30 INFO  [Train Info] Epoch: 008, train loss: 0.5946. [Evaluation metric]	Mode:valid, roc_auc: 0.6949; loss: 0.7172; pr_auc: 0.6391; acc: 0.6133; f1: 0.7028; 
Thu 07 Mar 2024 22:23:30 INFO  [Train Info] Epoch: 009, train loss: 0.6398. [Evaluation metric]	Mode:valid, roc_auc: 0.6975; loss: 0.7160; pr_auc: 0.6414; acc: 0.6279; f1: 0.7009; 
Thu 07 Mar 2024 22:23:30 INFO  [Train Info] Epoch: 010, train loss: 0.5898. [Evaluation metric]	Mode:valid, roc_auc: 0.7131; loss: 0.7148; pr_auc: 0.6530; acc: 0.6586; f1: 0.7041; 
Thu 07 Mar 2024 22:23:30 INFO  [Train Info] Epoch: 011, train loss: 0.5997. [Evaluation metric]	Mode:valid, roc_auc: 0.7279; loss: 0.7160; pr_auc: 0.6713; acc: 0.6666; f1: 0.7149; 
Thu 07 Mar 2024 22:23:30 INFO  [Train Info] Epoch: 012, train loss: 0.5933. [Evaluation metric]	Mode:valid, roc_auc: 0.7316; loss: 0.7164; pr_auc: 0.6807; acc: 0.6522; f1: 0.7174; 
Thu 07 Mar 2024 22:23:31 INFO  [Train Info] Epoch: 013, train loss: 0.5849. [Evaluation metric]	Mode:valid, roc_auc: 0.7297; loss: 0.7163; pr_auc: 0.6823; acc: 0.6390; f1: 0.7140; 
Thu 07 Mar 2024 22:23:31 INFO  [Train Info] Epoch: 014, train loss: 0.5813. [Evaluation metric]	Mode:valid, roc_auc: 0.7359; loss: 0.7144; pr_auc: 0.6905; acc: 0.6330; f1: 0.7143; 
Thu 07 Mar 2024 22:23:31 INFO  [Train Info] Epoch: 015, train loss: 0.5816. [Evaluation metric]	Mode:valid, roc_auc: 0.7384; loss: 0.7132; pr_auc: 0.6937; acc: 0.6395; f1: 0.7176; 
Thu 07 Mar 2024 22:23:31 INFO  [Train Info] Epoch: 016, train loss: 0.5916. [Evaluation metric]	Mode:valid, roc_auc: 0.7406; loss: 0.7116; pr_auc: 0.6883; acc: 0.6546; f1: 0.7159; 
Thu 07 Mar 2024 22:23:31 INFO  [Train Info] Epoch: 017, train loss: 0.5777. [Evaluation metric]	Mode:valid, roc_auc: 0.7490; loss: 0.7103; pr_auc: 0.6894; acc: 0.6797; f1: 0.7177; 
Thu 07 Mar 2024 22:23:32 INFO  [Train Info] Epoch: 018, train loss: 0.5752. [Evaluation metric]	Mode:valid, roc_auc: 0.7527; loss: 0.7097; pr_auc: 0.6953; acc: 0.6831; f1: 0.7161; 
Thu 07 Mar 2024 22:23:32 INFO  [Train Info] Epoch: 019, train loss: 0.5874. [Evaluation metric]	Mode:valid, roc_auc: 0.7548; loss: 0.7106; pr_auc: 0.7051; acc: 0.6730; f1: 0.7209; 
Thu 07 Mar 2024 22:23:32 INFO  [Train Info] Epoch: 020, train loss: 0.5716. [Evaluation metric]	Mode:valid, roc_auc: 0.7593; loss: 0.7097; pr_auc: 0.7105; acc: 0.6651; f1: 0.7224; 
Thu 07 Mar 2024 22:23:32 INFO  [Train Info] Epoch: 021, train loss: 0.5774. [Evaluation metric]	Mode:valid, roc_auc: 0.7590; loss: 0.7092; pr_auc: 0.7159; acc: 0.6639; f1: 0.7226; 
Thu 07 Mar 2024 22:23:32 INFO  [Train Info] Epoch: 022, train loss: 0.5791. [Evaluation metric]	Mode:valid, roc_auc: 0.7599; loss: 0.7084; pr_auc: 0.7123; acc: 0.6729; f1: 0.7251; 
Thu 07 Mar 2024 22:23:33 INFO  [Train Info] Epoch: 023, train loss: 0.5705. [Evaluation metric]	Mode:valid, roc_auc: 0.7646; loss: 0.7069; pr_auc: 0.7146; acc: 0.6929; f1: 0.7307; 
Thu 07 Mar 2024 22:23:33 INFO  [Train Info] Epoch: 024, train loss: 0.5674. [Evaluation metric]	Mode:valid, roc_auc: 0.7734; loss: 0.7052; pr_auc: 0.7267; acc: 0.7073; f1: 0.7317; 
Thu 07 Mar 2024 22:23:33 INFO  [Train Info] Epoch: 025, train loss: 0.5733. [Evaluation metric]	Mode:valid, roc_auc: 0.7758; loss: 0.7054; pr_auc: 0.7365; acc: 0.7066; f1: 0.7298; 
Thu 07 Mar 2024 22:23:33 INFO  [Train Info] Epoch: 026, train loss: 0.5720. [Evaluation metric]	Mode:valid, roc_auc: 0.7756; loss: 0.7049; pr_auc: 0.7408; acc: 0.7016; f1: 0.7291; 
Thu 07 Mar 2024 22:23:33 INFO  [Train Info] Epoch: 027, train loss: 0.5719. [Evaluation metric]	Mode:valid, roc_auc: 0.7774; loss: 0.7044; pr_auc: 0.7448; acc: 0.7062; f1: 0.7287; 
Thu 07 Mar 2024 22:23:34 INFO  [Train Info] Epoch: 028, train loss: 0.5635. [Evaluation metric]	Mode:valid, roc_auc: 0.7818; loss: 0.7040; pr_auc: 0.7536; acc: 0.7053; f1: 0.7241; 
Thu 07 Mar 2024 22:23:34 INFO  [Train Info] Epoch: 029, train loss: 0.5703. [Evaluation metric]	Mode:valid, roc_auc: 0.7773; loss: 0.7042; pr_auc: 0.7453; acc: 0.6971; f1: 0.7026; 
Thu 07 Mar 2024 22:23:34 INFO  [Train Info] Epoch: 030, train loss: 0.5711. [Evaluation metric]	Mode:valid, roc_auc: 0.7764; loss: 0.7040; pr_auc: 0.7431; acc: 0.6990; f1: 0.6936; 
Thu 07 Mar 2024 22:23:34 INFO  [Train Info] Epoch: 031, train loss: 0.5628. [Evaluation metric]	Mode:valid, roc_auc: 0.7717; loss: 0.7030; pr_auc: 0.7262; acc: 0.6940; f1: 0.6944; 
Thu 07 Mar 2024 22:23:34 INFO  [Train Info] Epoch: 032, train loss: 0.5654. [Evaluation metric]	Mode:valid, roc_auc: 0.7715; loss: 0.7020; pr_auc: 0.7270; acc: 0.6990; f1: 0.7200; 
Thu 07 Mar 2024 22:23:35 INFO  [Train Info] Epoch: 033, train loss: 0.5670. [Evaluation metric]	Mode:valid, roc_auc: 0.7747; loss: 0.7023; pr_auc: 0.7375; acc: 0.6948; f1: 0.7268; 
Thu 07 Mar 2024 22:23:35 INFO  [Train Info] Epoch: 034, train loss: 0.5744. [Evaluation metric]	Mode:valid, roc_auc: 0.7735; loss: 0.7044; pr_auc: 0.7310; acc: 0.6998; f1: 0.7268; 
Thu 07 Mar 2024 22:23:35 INFO  [Train Info] Epoch: 035, train loss: 0.5712. [Evaluation metric]	Mode:valid, roc_auc: 0.7882; loss: 0.7055; pr_auc: 0.7515; acc: 0.7113; f1: 0.7171; 
Thu 07 Mar 2024 22:23:35 INFO  [Train Info] Epoch: 036, train loss: 0.5713. [Evaluation metric]	Mode:valid, roc_auc: 0.7819; loss: 0.7060; pr_auc: 0.7423; acc: 0.7115; f1: 0.7086; 
Thu 07 Mar 2024 22:23:35 INFO  [Train Info] Epoch: 037, train loss: 0.5755. [Evaluation metric]	Mode:valid, roc_auc: 0.7865; loss: 0.7032; pr_auc: 0.7555; acc: 0.7135; f1: 0.7113; 
Thu 07 Mar 2024 22:23:35 INFO  [Train Info] Epoch: 038, train loss: 0.5676. [Evaluation metric]	Mode:valid, roc_auc: 0.7924; loss: 0.6978; pr_auc: 0.7547; acc: 0.7134; f1: 0.7222; 
Thu 07 Mar 2024 22:23:36 INFO  [Train Info] Epoch: 039, train loss: 0.5604. [Evaluation metric]	Mode:valid, roc_auc: 0.7973; loss: 0.6930; pr_auc: 0.7616; acc: 0.7175; f1: 0.7336; 
Thu 07 Mar 2024 22:23:36 INFO  [Train Info] Epoch: 040, train loss: 0.5813. [Evaluation metric]	Mode:valid, roc_auc: 0.8094; loss: 0.6924; pr_auc: 0.7848; acc: 0.7282; f1: 0.7339; 
Thu 07 Mar 2024 22:23:36 INFO  [Train Info] Epoch: 041, train loss: 0.5614. [Evaluation metric]	Mode:valid, roc_auc: 0.8111; loss: 0.6948; pr_auc: 0.7901; acc: 0.7273; f1: 0.7202; 
Thu 07 Mar 2024 22:23:36 INFO  [Train Info] Epoch: 042, train loss: 0.5622. [Evaluation metric]	Mode:valid, roc_auc: 0.8107; loss: 0.6967; pr_auc: 0.7758; acc: 0.7205; f1: 0.7020; 
Thu 07 Mar 2024 22:23:36 INFO  [Train Info] Epoch: 043, train loss: 0.5751. [Evaluation metric]	Mode:valid, roc_auc: 0.8202; loss: 0.6971; pr_auc: 0.7968; acc: 0.7303; f1: 0.7169; 
Thu 07 Mar 2024 22:23:37 INFO  [Train Info] Epoch: 044, train loss: 0.5710. [Evaluation metric]	Mode:valid, roc_auc: 0.8207; loss: 0.6975; pr_auc: 0.7996; acc: 0.7370; f1: 0.7350; 
Thu 07 Mar 2024 22:23:37 INFO  [Train Info] Epoch: 045, train loss: 0.5607. [Evaluation metric]	Mode:valid, roc_auc: 0.8132; loss: 0.6962; pr_auc: 0.7945; acc: 0.7300; f1: 0.7348; 
Thu 07 Mar 2024 22:23:37 INFO  [Train Info] Epoch: 046, train loss: 0.5588. [Evaluation metric]	Mode:valid, roc_auc: 0.8087; loss: 0.6945; pr_auc: 0.7898; acc: 0.7310; f1: 0.7338; 
Thu 07 Mar 2024 22:23:37 INFO  [Train Info] Epoch: 047, train loss: 0.5708. [Evaluation metric]	Mode:valid, roc_auc: 0.8099; loss: 0.6921; pr_auc: 0.7860; acc: 0.7226; f1: 0.7073; 
Thu 07 Mar 2024 22:23:37 INFO  [Train Info] Epoch: 048, train loss: 0.5491. [Evaluation metric]	Mode:valid, roc_auc: 0.8118; loss: 0.6914; pr_auc: 0.7873; acc: 0.7077; f1: 0.6729; 
Thu 07 Mar 2024 22:23:38 INFO  [Train Info] Epoch: 049, train loss: 0.5528. [Evaluation metric]	Mode:valid, roc_auc: 0.8176; loss: 0.6916; pr_auc: 0.7931; acc: 0.7093; f1: 0.6678; 
Thu 07 Mar 2024 22:23:38 INFO  [Train Info] Epoch: 050, train loss: 0.5774. [Evaluation metric]	Mode:valid, roc_auc: 0.8198; loss: 0.6941; pr_auc: 0.7864; acc: 0.7345; f1: 0.7287; 
Thu 07 Mar 2024 22:23:38 INFO  [Train Info] Epoch: 051, train loss: 0.5583. [Evaluation metric]	Mode:valid, roc_auc: 0.8187; loss: 0.6976; pr_auc: 0.7891; acc: 0.7441; f1: 0.7526; 
Thu 07 Mar 2024 22:23:38 INFO  [Train Info] Epoch: 052, train loss: 0.5701. [Evaluation metric]	Mode:valid, roc_auc: 0.8211; loss: 0.6995; pr_auc: 0.7898; acc: 0.7448; f1: 0.7521; 
Thu 07 Mar 2024 22:23:38 INFO  [Train Info] Epoch: 053, train loss: 0.5597. [Evaluation metric]	Mode:valid, roc_auc: 0.8049; loss: 0.6998; pr_auc: 0.7672; acc: 0.7324; f1: 0.7360; 
Thu 07 Mar 2024 22:23:38 INFO  [Train Info] Epoch: 054, train loss: 0.5580. [Evaluation metric]	Mode:valid, roc_auc: 0.8093; loss: 0.6964; pr_auc: 0.7741; acc: 0.7316; f1: 0.7233; 
Thu 07 Mar 2024 22:23:39 INFO  [Train Info] Epoch: 055, train loss: 0.5677. [Evaluation metric]	Mode:valid, roc_auc: 0.8207; loss: 0.6930; pr_auc: 0.7837; acc: 0.7291; f1: 0.7102; 
Thu 07 Mar 2024 22:23:39 INFO  [Train Info] Epoch: 056, train loss: 0.5542. [Evaluation metric]	Mode:valid, roc_auc: 0.8244; loss: 0.6896; pr_auc: 0.7893; acc: 0.7309; f1: 0.7058; 
Thu 07 Mar 2024 22:23:39 INFO  [Train Info] Epoch: 057, train loss: 0.5653. [Evaluation metric]	Mode:valid, roc_auc: 0.8256; loss: 0.6886; pr_auc: 0.7998; acc: 0.7399; f1: 0.7300; 
Thu 07 Mar 2024 22:23:39 INFO  [Train Info] Epoch: 058, train loss: 0.5597. [Evaluation metric]	Mode:valid, roc_auc: 0.8255; loss: 0.6897; pr_auc: 0.8024; acc: 0.7455; f1: 0.7473; 
Thu 07 Mar 2024 22:23:40 INFO  [Train Info] Epoch: 059, train loss: 0.5683. [Evaluation metric]	Mode:valid, roc_auc: 0.8291; loss: 0.6914; pr_auc: 0.8010; acc: 0.7473; f1: 0.7515; 
Thu 07 Mar 2024 22:23:40 INFO  [Train Info] Epoch: 060, train loss: 0.5504. [Evaluation metric]	Mode:valid, roc_auc: 0.8286; loss: 0.6936; pr_auc: 0.8009; acc: 0.7462; f1: 0.7429; 
Thu 07 Mar 2024 22:23:40 INFO  [Train Info] Epoch: 061, train loss: 0.5470. [Evaluation metric]	Mode:valid, roc_auc: 0.8349; loss: 0.6933; pr_auc: 0.8053; acc: 0.7455; f1: 0.7339; 
Thu 07 Mar 2024 22:23:40 INFO  [Train Info] Epoch: 062, train loss: 0.5497. [Evaluation metric]	Mode:valid, roc_auc: 0.8345; loss: 0.6926; pr_auc: 0.8044; acc: 0.7375; f1: 0.7202; 
Thu 07 Mar 2024 22:23:40 INFO  [Train Info] Epoch: 063, train loss: 0.5577. [Evaluation metric]	Mode:valid, roc_auc: 0.8364; loss: 0.6901; pr_auc: 0.8133; acc: 0.7445; f1: 0.7337; 
Thu 07 Mar 2024 22:23:40 INFO  [Train Info] Epoch: 064, train loss: 0.5451. [Evaluation metric]	Mode:valid, roc_auc: 0.8377; loss: 0.6873; pr_auc: 0.8140; acc: 0.7532; f1: 0.7511; 
Thu 07 Mar 2024 22:23:41 INFO  [Train Info] Epoch: 065, train loss: 0.5438. [Evaluation metric]	Mode:valid, roc_auc: 0.8412; loss: 0.6850; pr_auc: 0.8159; acc: 0.7636; f1: 0.7663; 
Thu 07 Mar 2024 22:23:41 INFO  [Train Info] Epoch: 066, train loss: 0.5584. [Evaluation metric]	Mode:valid, roc_auc: 0.8386; loss: 0.6844; pr_auc: 0.8152; acc: 0.7603; f1: 0.7714; 
Thu 07 Mar 2024 22:23:41 INFO  [Train Info] Epoch: 067, train loss: 0.5471. [Evaluation metric]	Mode:valid, roc_auc: 0.8468; loss: 0.6821; pr_auc: 0.8295; acc: 0.7659; f1: 0.7750; 
Thu 07 Mar 2024 22:23:41 INFO  [Train Info] Epoch: 068, train loss: 0.5809. [Evaluation metric]	Mode:valid, roc_auc: 0.8505; loss: 0.6839; pr_auc: 0.8302; acc: 0.7683; f1: 0.7679; 
Thu 07 Mar 2024 22:23:42 INFO  [Train Info] Epoch: 069, train loss: 0.5386. [Evaluation metric]	Mode:valid, roc_auc: 0.8500; loss: 0.6860; pr_auc: 0.8214; acc: 0.7627; f1: 0.7494; 
Thu 07 Mar 2024 22:23:42 INFO  [Train Info] Epoch: 070, train loss: 0.5528. [Evaluation metric]	Mode:valid, roc_auc: 0.8492; loss: 0.6880; pr_auc: 0.8265; acc: 0.7654; f1: 0.7609; 
Thu 07 Mar 2024 22:23:42 INFO  [Train Info] Epoch: 071, train loss: 0.5409. [Evaluation metric]	Mode:valid, roc_auc: 0.8552; loss: 0.6868; pr_auc: 0.8286; acc: 0.7787; f1: 0.7850; 
Thu 07 Mar 2024 22:23:42 INFO  [Train Info] Epoch: 072, train loss: 0.5390. [Evaluation metric]	Mode:valid, roc_auc: 0.8460; loss: 0.6875; pr_auc: 0.8207; acc: 0.7654; f1: 0.7794; 
Thu 07 Mar 2024 22:23:42 INFO  [Train Info] Epoch: 073, train loss: 0.5456. [Evaluation metric]	Mode:valid, roc_auc: 0.8443; loss: 0.6862; pr_auc: 0.8133; acc: 0.7646; f1: 0.7781; 
Thu 07 Mar 2024 22:23:42 INFO  [Train Info] Epoch: 074, train loss: 0.5435. [Evaluation metric]	Mode:valid, roc_auc: 0.8376; loss: 0.6863; pr_auc: 0.8019; acc: 0.7644; f1: 0.7754; 
Thu 07 Mar 2024 22:23:43 INFO  [Train Info] Epoch: 075, train loss: 0.5560. [Evaluation metric]	Mode:valid, roc_auc: 0.8423; loss: 0.6844; pr_auc: 0.8113; acc: 0.7644; f1: 0.7725; 
Thu 07 Mar 2024 22:23:43 INFO  [Train Info] Epoch: 076, train loss: 0.5358. [Evaluation metric]	Mode:valid, roc_auc: 0.8537; loss: 0.6818; pr_auc: 0.8259; acc: 0.7674; f1: 0.7690; 
Thu 07 Mar 2024 22:23:43 INFO  [Train Info] Epoch: 077, train loss: 0.5491. [Evaluation metric]	Mode:valid, roc_auc: 0.8567; loss: 0.6801; pr_auc: 0.8332; acc: 0.7764; f1: 0.7811; 
Thu 07 Mar 2024 22:23:43 INFO  [Train Info] Epoch: 078, train loss: 0.5580. [Evaluation metric]	Mode:valid, roc_auc: 0.8568; loss: 0.6826; pr_auc: 0.8310; acc: 0.7806; f1: 0.7938; 
Thu 07 Mar 2024 22:23:43 INFO  [Train Info] Epoch: 079, train loss: 0.5464. [Evaluation metric]	Mode:valid, roc_auc: 0.8567; loss: 0.6840; pr_auc: 0.8374; acc: 0.7752; f1: 0.7901; 
Thu 07 Mar 2024 22:23:44 INFO  [Train Info] Epoch: 080, train loss: 0.5401. [Evaluation metric]	Mode:valid, roc_auc: 0.8457; loss: 0.6846; pr_auc: 0.8212; acc: 0.7702; f1: 0.7814; 
Thu 07 Mar 2024 22:23:44 INFO  [Train Info] Epoch: 081, train loss: 0.5371. [Evaluation metric]	Mode:valid, roc_auc: 0.8496; loss: 0.6818; pr_auc: 0.8248; acc: 0.7739; f1: 0.7798; 
Thu 07 Mar 2024 22:23:44 INFO  [Train Info] Epoch: 082, train loss: 0.5521. [Evaluation metric]	Mode:valid, roc_auc: 0.8517; loss: 0.6809; pr_auc: 0.8323; acc: 0.7675; f1: 0.7711; 
Thu 07 Mar 2024 22:23:44 INFO  [Train Info] Epoch: 083, train loss: 0.5331. [Evaluation metric]	Mode:valid, roc_auc: 0.8584; loss: 0.6791; pr_auc: 0.8373; acc: 0.7718; f1: 0.7702; 
Thu 07 Mar 2024 22:23:44 INFO  [Train Info] Epoch: 084, train loss: 0.5325. [Evaluation metric]	Mode:valid, roc_auc: 0.8563; loss: 0.6797; pr_auc: 0.8322; acc: 0.7735; f1: 0.7760; 
Thu 07 Mar 2024 22:23:44 INFO  [Train Info] Epoch: 085, train loss: 0.5281. [Evaluation metric]	Mode:valid, roc_auc: 0.8622; loss: 0.6793; pr_auc: 0.8402; acc: 0.7783; f1: 0.7840; 
Thu 07 Mar 2024 22:23:45 INFO  [Train Info] Epoch: 086, train loss: 0.5429. [Evaluation metric]	Mode:valid, roc_auc: 0.8596; loss: 0.6806; pr_auc: 0.8396; acc: 0.7779; f1: 0.7904; 
Thu 07 Mar 2024 22:23:45 INFO  [Train Info] Epoch: 087, train loss: 0.5190. [Evaluation metric]	Mode:valid, roc_auc: 0.8574; loss: 0.6809; pr_auc: 0.8322; acc: 0.7795; f1: 0.7948; 
Thu 07 Mar 2024 22:23:45 INFO  [Train Info] Epoch: 088, train loss: 0.5351. [Evaluation metric]	Mode:valid, roc_auc: 0.8543; loss: 0.6823; pr_auc: 0.8216; acc: 0.7776; f1: 0.7908; 
Thu 07 Mar 2024 22:23:45 INFO  [Train Info] Epoch: 089, train loss: 0.5394. [Evaluation metric]	Mode:valid, roc_auc: 0.8581; loss: 0.6821; pr_auc: 0.8335; acc: 0.7788; f1: 0.7885; 
Thu 07 Mar 2024 22:23:45 INFO  [Train Info] Epoch: 090, train loss: 0.5321. [Evaluation metric]	Mode:valid, roc_auc: 0.8576; loss: 0.6812; pr_auc: 0.8345; acc: 0.7815; f1: 0.7903; 
Thu 07 Mar 2024 22:23:46 INFO  [Train Info] Epoch: 091, train loss: 0.5366. [Evaluation metric]	Mode:valid, roc_auc: 0.8610; loss: 0.6793; pr_auc: 0.8389; acc: 0.7777; f1: 0.7882; 
Thu 07 Mar 2024 22:23:46 INFO  [Train Info] Epoch: 092, train loss: 0.5331. [Evaluation metric]	Mode:valid, roc_auc: 0.8570; loss: 0.6789; pr_auc: 0.8349; acc: 0.7746; f1: 0.7855; 
Thu 07 Mar 2024 22:23:46 INFO  [Train Info] Epoch: 093, train loss: 0.5254. [Evaluation metric]	Mode:valid, roc_auc: 0.8534; loss: 0.6777; pr_auc: 0.8314; acc: 0.7685; f1: 0.7821; 
Thu 07 Mar 2024 22:23:46 INFO  [Train Info] Epoch: 094, train loss: 0.5291. [Evaluation metric]	Mode:valid, roc_auc: 0.8449; loss: 0.6796; pr_auc: 0.8184; acc: 0.7652; f1: 0.7783; 
Thu 07 Mar 2024 22:23:46 INFO  [Train Info] Epoch: 095, train loss: 0.5320. [Evaluation metric]	Mode:valid, roc_auc: 0.8474; loss: 0.6802; pr_auc: 0.8258; acc: 0.7665; f1: 0.7712; 
Thu 07 Mar 2024 22:23:47 INFO  [Train Info] Epoch: 096, train loss: 0.5421. [Evaluation metric]	Mode:valid, roc_auc: 0.8609; loss: 0.6782; pr_auc: 0.8414; acc: 0.7781; f1: 0.7813; 
Thu 07 Mar 2024 22:23:47 INFO  [Train Info] Epoch: 097, train loss: 0.5360. [Evaluation metric]	Mode:valid, roc_auc: 0.8585; loss: 0.6794; pr_auc: 0.8278; acc: 0.7771; f1: 0.7905; 
Thu 07 Mar 2024 22:23:47 INFO  [Train Info] Epoch: 098, train loss: 0.5509. [Evaluation metric]	Mode:valid, roc_auc: 0.8592; loss: 0.6809; pr_auc: 0.8305; acc: 0.7790; f1: 0.7962; 
Thu 07 Mar 2024 22:23:47 INFO  [Train Info] Epoch: 099, train loss: 0.5560. [Evaluation metric]	Mode:valid, roc_auc: 0.8566; loss: 0.6860; pr_auc: 0.8242; acc: 0.7753; f1: 0.7937; 
Thu 07 Mar 2024 22:23:47 INFO  [Train Info] Epoch: 100, train loss: 0.5380. [Evaluation metric]	Mode:valid, roc_auc: 0.8433; loss: 0.6903; pr_auc: 0.8118; acc: 0.7647; f1: 0.7879; 
Thu 07 Mar 2024 22:23:47 INFO  [Train Info] Epoch: 101, train loss: 0.5535. [Evaluation metric]	Mode:valid, roc_auc: 0.8232; loss: 0.6926; pr_auc: 0.7875; acc: 0.7538; f1: 0.7797; 
Thu 07 Mar 2024 22:23:48 INFO  [Train Info] Epoch: 102, train loss: 0.5446. [Evaluation metric]	Mode:valid, roc_auc: 0.8344; loss: 0.6890; pr_auc: 0.8025; acc: 0.7639; f1: 0.7821; 
Thu 07 Mar 2024 22:23:48 INFO  [Train Info] Epoch: 103, train loss: 0.5377. [Evaluation metric]	Mode:valid, roc_auc: 0.8445; loss: 0.6858; pr_auc: 0.8114; acc: 0.7614; f1: 0.7666; 
Thu 07 Mar 2024 22:23:48 INFO  [Train Info] Epoch: 104, train loss: 0.5411. [Evaluation metric]	Mode:valid, roc_auc: 0.8562; loss: 0.6819; pr_auc: 0.8319; acc: 0.7661; f1: 0.7608; 
Thu 07 Mar 2024 22:23:48 INFO  [Train Info] Epoch: 105, train loss: 0.5404. [Evaluation metric]	Mode:valid, roc_auc: 0.8589; loss: 0.6788; pr_auc: 0.8385; acc: 0.7700; f1: 0.7633; 
Thu 07 Mar 2024 22:23:48 INFO  [Train Info] Epoch: 106, train loss: 0.5522. [Evaluation metric]	Mode:valid, roc_auc: 0.8643; loss: 0.6767; pr_auc: 0.8439; acc: 0.7788; f1: 0.7763; 
Thu 07 Mar 2024 22:23:49 INFO  [Train Info] Epoch: 107, train loss: 0.5828. [Evaluation metric]	Mode:valid, roc_auc: 0.8587; loss: 0.6817; pr_auc: 0.8319; acc: 0.7763; f1: 0.7774; 
Thu 07 Mar 2024 22:23:49 INFO  [Train Info] Epoch: 108, train loss: 0.5417. [Evaluation metric]	Mode:valid, roc_auc: 0.8514; loss: 0.6847; pr_auc: 0.8268; acc: 0.7715; f1: 0.7745; 
Thu 07 Mar 2024 22:23:49 INFO  [Train Info] Epoch: 109, train loss: 0.5306. [Evaluation metric]	Mode:valid, roc_auc: 0.8427; loss: 0.6876; pr_auc: 0.8065; acc: 0.7685; f1: 0.7735; 
Thu 07 Mar 2024 22:23:49 INFO  [Train Info] Epoch: 110, train loss: 0.5586. [Evaluation metric]	Mode:valid, roc_auc: 0.8534; loss: 0.6888; pr_auc: 0.8195; acc: 0.7798; f1: 0.7867; 
Thu 07 Mar 2024 22:23:49 INFO  [Train Info] Epoch: 111, train loss: 0.5417. [Evaluation metric]	Mode:valid, roc_auc: 0.8553; loss: 0.6899; pr_auc: 0.8250; acc: 0.7786; f1: 0.7867; 
Thu 07 Mar 2024 22:23:50 INFO  [Train Info] Epoch: 112, train loss: 0.5354. [Evaluation metric]	Mode:valid, roc_auc: 0.8581; loss: 0.6888; pr_auc: 0.8342; acc: 0.7791; f1: 0.7872; 
Thu 07 Mar 2024 22:23:50 INFO  [Train Info] Epoch: 113, train loss: 0.5538. [Evaluation metric]	Mode:valid, roc_auc: 0.8625; loss: 0.6860; pr_auc: 0.8386; acc: 0.7830; f1: 0.7942; 
Thu 07 Mar 2024 22:23:50 INFO  [Train Info] Epoch: 114, train loss: 0.5428. [Evaluation metric]	Mode:valid, roc_auc: 0.8609; loss: 0.6822; pr_auc: 0.8412; acc: 0.7822; f1: 0.7979; 
Thu 07 Mar 2024 22:23:50 INFO  [Train Info] Epoch: 115, train loss: 0.5434. [Evaluation metric]	Mode:valid, roc_auc: 0.8591; loss: 0.6816; pr_auc: 0.8377; acc: 0.7761; f1: 0.7921; 
Thu 07 Mar 2024 22:23:50 INFO  [Train Info] Epoch: 116, train loss: 0.5299. [Evaluation metric]	Mode:valid, roc_auc: 0.8631; loss: 0.6812; pr_auc: 0.8393; acc: 0.7837; f1: 0.7967; 
Thu 07 Mar 2024 22:23:50 INFO  [Train Info] Epoch: 117, train loss: 0.5280. [Evaluation metric]	Mode:valid, roc_auc: 0.8608; loss: 0.6824; pr_auc: 0.8321; acc: 0.7854; f1: 0.7970; 
Thu 07 Mar 2024 22:23:51 INFO  [Train Info] Epoch: 118, train loss: 0.5342. [Evaluation metric]	Mode:valid, roc_auc: 0.8632; loss: 0.6813; pr_auc: 0.8401; acc: 0.7805; f1: 0.7956; 
Thu 07 Mar 2024 22:23:51 INFO  [Train Info] Epoch: 119, train loss: 0.5176. [Evaluation metric]	Mode:valid, roc_auc: 0.8607; loss: 0.6808; pr_auc: 0.8308; acc: 0.7790; f1: 0.7971; 
Thu 07 Mar 2024 22:23:51 INFO  [Train Info] Epoch: 120, train loss: 0.5192. [Evaluation metric]	Mode:valid, roc_auc: 0.8564; loss: 0.6799; pr_auc: 0.8276; acc: 0.7674; f1: 0.7897; 
Thu 07 Mar 2024 22:23:51 INFO  [Train Info] Epoch: 121, train loss: 0.5361. [Evaluation metric]	Mode:valid, roc_auc: 0.8593; loss: 0.6761; pr_auc: 0.8294; acc: 0.7787; f1: 0.7946; 
Thu 07 Mar 2024 22:23:51 INFO  [Train Info] Epoch: 122, train loss: 0.5119. [Evaluation metric]	Mode:valid, roc_auc: 0.8632; loss: 0.6713; pr_auc: 0.8352; acc: 0.7818; f1: 0.7916; 
Thu 07 Mar 2024 22:23:52 INFO  [Train Info] Epoch: 123, train loss: 0.5226. [Evaluation metric]	Mode:valid, roc_auc: 0.8646; loss: 0.6704; pr_auc: 0.8385; acc: 0.7830; f1: 0.7933; 
Thu 07 Mar 2024 22:23:52 INFO  [Train Info] Epoch: 124, train loss: 0.5223. [Evaluation metric]	Mode:valid, roc_auc: 0.8685; loss: 0.6712; pr_auc: 0.8472; acc: 0.7853; f1: 0.8000; 
Thu 07 Mar 2024 22:23:52 INFO  [Train Info] Epoch: 125, train loss: 0.5140. [Evaluation metric]	Mode:valid, roc_auc: 0.8710; loss: 0.6736; pr_auc: 0.8453; acc: 0.7920; f1: 0.8041; 
Thu 07 Mar 2024 22:23:52 INFO  [Train Info] Epoch: 126, train loss: 0.5124. [Evaluation metric]	Mode:valid, roc_auc: 0.8707; loss: 0.6744; pr_auc: 0.8393; acc: 0.7927; f1: 0.8004; 
Thu 07 Mar 2024 22:23:52 INFO  [Train Info] Epoch: 127, train loss: 0.5260. [Evaluation metric]	Mode:valid, roc_auc: 0.8680; loss: 0.6764; pr_auc: 0.8364; acc: 0.7920; f1: 0.8025; 
Thu 07 Mar 2024 22:23:52 INFO  [Train Info] Epoch: 128, train loss: 0.5370. [Evaluation metric]	Mode:valid, roc_auc: 0.8748; loss: 0.6758; pr_auc: 0.8533; acc: 0.7916; f1: 0.8078; 
Thu 07 Mar 2024 22:23:53 INFO  [Train Info] Epoch: 129, train loss: 0.5146. [Evaluation metric]	Mode:valid, roc_auc: 0.8679; loss: 0.6764; pr_auc: 0.8434; acc: 0.7823; f1: 0.8017; 
Thu 07 Mar 2024 22:23:53 INFO  [Train Info] Epoch: 130, train loss: 0.5164. [Evaluation metric]	Mode:valid, roc_auc: 0.8635; loss: 0.6757; pr_auc: 0.8362; acc: 0.7841; f1: 0.8019; 
Thu 07 Mar 2024 22:23:53 INFO  [Train Info] Epoch: 131, train loss: 0.5252. [Evaluation metric]	Mode:valid, roc_auc: 0.8706; loss: 0.6739; pr_auc: 0.8407; acc: 0.7935; f1: 0.8049; 
Thu 07 Mar 2024 22:23:53 INFO  [Train Info] Epoch: 132, train loss: 0.5220. [Evaluation metric]	Mode:valid, roc_auc: 0.8724; loss: 0.6728; pr_auc: 0.8446; acc: 0.7920; f1: 0.7977; 
Thu 07 Mar 2024 22:23:53 INFO  [Train Info] Epoch: 133, train loss: 0.5188. [Evaluation metric]	Mode:valid, roc_auc: 0.8696; loss: 0.6723; pr_auc: 0.8410; acc: 0.7901; f1: 0.7954; 
Thu 07 Mar 2024 22:23:54 INFO  [Train Info] Epoch: 134, train loss: 0.5147. [Evaluation metric]	Mode:valid, roc_auc: 0.8736; loss: 0.6706; pr_auc: 0.8415; acc: 0.7953; f1: 0.8023; 
Thu 07 Mar 2024 22:23:54 INFO  [Train Info] Epoch: 135, train loss: 0.5120. [Evaluation metric]	Mode:valid, roc_auc: 0.8708; loss: 0.6708; pr_auc: 0.8457; acc: 0.7899; f1: 0.8016; 
Thu 07 Mar 2024 22:23:54 INFO  [Train Info] Epoch: 136, train loss: 0.5062. [Evaluation metric]	Mode:valid, roc_auc: 0.8723; loss: 0.6702; pr_auc: 0.8479; acc: 0.7888; f1: 0.8000; 
Thu 07 Mar 2024 22:23:54 INFO  [Train Info] Epoch: 137, train loss: 0.5135. [Evaluation metric]	Mode:valid, roc_auc: 0.8694; loss: 0.6710; pr_auc: 0.8378; acc: 0.7912; f1: 0.7988; 
Thu 07 Mar 2024 22:23:54 INFO  [Train Info] Epoch: 138, train loss: 0.5113. [Evaluation metric]	Mode:valid, roc_auc: 0.8647; loss: 0.6735; pr_auc: 0.8351; acc: 0.7845; f1: 0.7942; 
Thu 07 Mar 2024 22:23:54 INFO  [Train Info] Epoch: 139, train loss: 0.5049. [Evaluation metric]	Mode:valid, roc_auc: 0.8655; loss: 0.6764; pr_auc: 0.8381; acc: 0.7814; f1: 0.7926; 
Thu 07 Mar 2024 22:23:55 INFO  [Train Info] Epoch: 140, train loss: 0.5046. [Evaluation metric]	Mode:valid, roc_auc: 0.8732; loss: 0.6764; pr_auc: 0.8486; acc: 0.7876; f1: 0.7995; 
Thu 07 Mar 2024 22:23:55 INFO  [Train Info] Epoch: 141, train loss: 0.5140. [Evaluation metric]	Mode:valid, roc_auc: 0.8753; loss: 0.6769; pr_auc: 0.8520; acc: 0.7892; f1: 0.8032; 
Thu 07 Mar 2024 22:23:55 INFO  [Train Info] Epoch: 142, train loss: 0.5125. [Evaluation metric]	Mode:valid, roc_auc: 0.8688; loss: 0.6767; pr_auc: 0.8411; acc: 0.7813; f1: 0.7993; 
Thu 07 Mar 2024 22:23:55 INFO  [Train Info] Epoch: 143, train loss: 0.4948. [Evaluation metric]	Mode:valid, roc_auc: 0.8736; loss: 0.6743; pr_auc: 0.8526; acc: 0.7861; f1: 0.8039; 
Thu 07 Mar 2024 22:23:55 INFO  [Train Info] Epoch: 144, train loss: 0.4934. [Evaluation metric]	Mode:valid, roc_auc: 0.8749; loss: 0.6721; pr_auc: 0.8559; acc: 0.7852; f1: 0.8028; 
Thu 07 Mar 2024 22:23:56 INFO  [Train Info] Epoch: 145, train loss: 0.5091. [Evaluation metric]	Mode:valid, roc_auc: 0.8699; loss: 0.6721; pr_auc: 0.8492; acc: 0.7774; f1: 0.7958; 
Thu 07 Mar 2024 22:23:56 INFO  [Train Info] Epoch: 146, train loss: 0.5070. [Evaluation metric]	Mode:valid, roc_auc: 0.8708; loss: 0.6705; pr_auc: 0.8490; acc: 0.7811; f1: 0.7984; 
Thu 07 Mar 2024 22:23:56 INFO  [Train Info] Epoch: 147, train loss: 0.4913. [Evaluation metric]	Mode:valid, roc_auc: 0.8715; loss: 0.6695; pr_auc: 0.8497; acc: 0.7852; f1: 0.7993; 
Thu 07 Mar 2024 22:23:56 INFO  [Train Info] Epoch: 148, train loss: 0.4893. [Evaluation metric]	Mode:valid, roc_auc: 0.8720; loss: 0.6692; pr_auc: 0.8476; acc: 0.7908; f1: 0.8043; 
Thu 07 Mar 2024 22:23:56 INFO  [Train Info] Epoch: 149, train loss: 0.5043. [Evaluation metric]	Mode:valid, roc_auc: 0.8772; loss: 0.6693; pr_auc: 0.8519; acc: 0.7905; f1: 0.8076; 
Thu 07 Mar 2024 22:23:57 INFO  [Train Info] Epoch: 150, train loss: 0.4999. [Evaluation metric]	Mode:valid, roc_auc: 0.8760; loss: 0.6706; pr_auc: 0.8443; acc: 0.7917; f1: 0.8098; 
Thu 07 Mar 2024 22:23:57 INFO  [Train Info] Epoch: 151, train loss: 0.4985. [Evaluation metric]	Mode:valid, roc_auc: 0.8675; loss: 0.6746; pr_auc: 0.8426; acc: 0.7794; f1: 0.8011; 
Thu 07 Mar 2024 22:23:57 INFO  [Train Info] Epoch: 152, train loss: 0.5014. [Evaluation metric]	Mode:valid, roc_auc: 0.8611; loss: 0.6761; pr_auc: 0.8286; acc: 0.7764; f1: 0.7981; 
Thu 07 Mar 2024 22:23:57 INFO  [Train Info] Epoch: 153, train loss: 0.5260. [Evaluation metric]	Mode:valid, roc_auc: 0.8700; loss: 0.6756; pr_auc: 0.8429; acc: 0.7825; f1: 0.8038; 
Thu 07 Mar 2024 22:23:57 INFO  [Train Info] Epoch: 154, train loss: 0.5178. [Evaluation metric]	Mode:valid, roc_auc: 0.8677; loss: 0.6758; pr_auc: 0.8291; acc: 0.7863; f1: 0.8074; 
Thu 07 Mar 2024 22:23:57 INFO  [Train Info] Epoch: 155, train loss: 0.5120. [Evaluation metric]	Mode:valid, roc_auc: 0.8705; loss: 0.6751; pr_auc: 0.8374; acc: 0.7827; f1: 0.8055; 
Thu 07 Mar 2024 22:23:58 INFO  [Train Info] Epoch: 156, train loss: 0.5158. [Evaluation metric]	Mode:valid, roc_auc: 0.8767; loss: 0.6726; pr_auc: 0.8469; acc: 0.7934; f1: 0.8129; 
Thu 07 Mar 2024 22:23:58 INFO  [Train Info] Epoch: 157, train loss: 0.5094. [Evaluation metric]	Mode:valid, roc_auc: 0.8677; loss: 0.6742; pr_auc: 0.8367; acc: 0.7888; f1: 0.8088; 
Thu 07 Mar 2024 22:23:58 INFO  [Train Info] Epoch: 158, train loss: 0.5104. [Evaluation metric]	Mode:valid, roc_auc: 0.8622; loss: 0.6750; pr_auc: 0.8239; acc: 0.7859; f1: 0.8046; 
Thu 07 Mar 2024 22:23:58 INFO  [Train Info] Epoch: 159, train loss: 0.5102. [Evaluation metric]	Mode:valid, roc_auc: 0.8636; loss: 0.6761; pr_auc: 0.8321; acc: 0.7866; f1: 0.8022; 
Thu 07 Mar 2024 22:23:58 INFO  [Train Info] Epoch: 160, train loss: 0.4953. [Evaluation metric]	Mode:valid, roc_auc: 0.8712; loss: 0.6757; pr_auc: 0.8440; acc: 0.7856; f1: 0.7985; 
Thu 07 Mar 2024 22:23:59 INFO  [Train Info] Epoch: 161, train loss: 0.5214. [Evaluation metric]	Mode:valid, roc_auc: 0.8740; loss: 0.6757; pr_auc: 0.8457; acc: 0.7916; f1: 0.8045; 
Thu 07 Mar 2024 22:23:59 INFO  [Train Info] Epoch: 162, train loss: 0.5024. [Evaluation metric]	Mode:valid, roc_auc: 0.8752; loss: 0.6760; pr_auc: 0.8466; acc: 0.7907; f1: 0.8073; 
Thu 07 Mar 2024 22:23:59 INFO  [Train Info] Epoch: 163, train loss: 0.5106. [Evaluation metric]	Mode:valid, roc_auc: 0.8770; loss: 0.6750; pr_auc: 0.8484; acc: 0.7915; f1: 0.8101; 
Thu 07 Mar 2024 22:23:59 INFO  [Train Info] Epoch: 164, train loss: 0.5129. [Evaluation metric]	Mode:valid, roc_auc: 0.8727; loss: 0.6759; pr_auc: 0.8494; acc: 0.7846; f1: 0.8049; 
Thu 07 Mar 2024 22:23:59 INFO  [Train Info] Epoch: 165, train loss: 0.5080. [Evaluation metric]	Mode:valid, roc_auc: 0.8697; loss: 0.6755; pr_auc: 0.8396; acc: 0.7850; f1: 0.8037; 
Thu 07 Mar 2024 22:24:00 INFO  [Train Info] Epoch: 166, train loss: 0.5059. [Evaluation metric]	Mode:valid, roc_auc: 0.8749; loss: 0.6738; pr_auc: 0.8452; acc: 0.7926; f1: 0.8056; 
Thu 07 Mar 2024 22:24:00 INFO  [Train Info] Epoch: 167, train loss: 0.5068. [Evaluation metric]	Mode:valid, roc_auc: 0.8775; loss: 0.6732; pr_auc: 0.8549; acc: 0.7952; f1: 0.8052; 
Thu 07 Mar 2024 22:24:00 INFO  [Train Info] Epoch: 168, train loss: 0.5028. [Evaluation metric]	Mode:valid, roc_auc: 0.8774; loss: 0.6728; pr_auc: 0.8527; acc: 0.7931; f1: 0.8047; 
Thu 07 Mar 2024 22:24:00 INFO  [Train Info] Epoch: 169, train loss: 0.5015. [Evaluation metric]	Mode:valid, roc_auc: 0.8770; loss: 0.6726; pr_auc: 0.8554; acc: 0.7930; f1: 0.8069; 
Thu 07 Mar 2024 22:24:00 INFO  [Train Info] Epoch: 170, train loss: 0.4998. [Evaluation metric]	Mode:valid, roc_auc: 0.8704; loss: 0.6727; pr_auc: 0.8440; acc: 0.7846; f1: 0.8028; 
Thu 07 Mar 2024 22:24:00 INFO  [Train Info] Epoch: 171, train loss: 0.4993. [Evaluation metric]	Mode:valid, roc_auc: 0.8718; loss: 0.6713; pr_auc: 0.8475; acc: 0.7861; f1: 0.8045; 
Thu 07 Mar 2024 22:24:01 INFO  [Train Info] Epoch: 172, train loss: 0.5309. [Evaluation metric]	Mode:valid, roc_auc: 0.8706; loss: 0.6707; pr_auc: 0.8423; acc: 0.7894; f1: 0.8058; 
Thu 07 Mar 2024 22:24:01 INFO  [Train Info] Epoch: 173, train loss: 0.5133. [Evaluation metric]	Mode:valid, roc_auc: 0.8737; loss: 0.6711; pr_auc: 0.8480; acc: 0.7915; f1: 0.8068; 
Thu 07 Mar 2024 22:24:01 INFO  [Train Info] Epoch: 174, train loss: 0.5137. [Evaluation metric]	Mode:valid, roc_auc: 0.8666; loss: 0.6735; pr_auc: 0.8348; acc: 0.7863; f1: 0.8035; 
Thu 07 Mar 2024 22:24:01 INFO  [Train Info] Epoch: 175, train loss: 0.5119. [Evaluation metric]	Mode:valid, roc_auc: 0.8716; loss: 0.6749; pr_auc: 0.8431; acc: 0.7875; f1: 0.8063; 
Thu 07 Mar 2024 22:24:01 INFO  [Train Info] Epoch: 176, train loss: 0.5038. [Evaluation metric]	Mode:valid, roc_auc: 0.8723; loss: 0.6762; pr_auc: 0.8478; acc: 0.7838; f1: 0.8049; 
Thu 07 Mar 2024 22:24:02 INFO  [Train Info] Epoch: 177, train loss: 0.4944. [Evaluation metric]	Mode:valid, roc_auc: 0.8750; loss: 0.6759; pr_auc: 0.8487; acc: 0.7876; f1: 0.8071; 
Thu 07 Mar 2024 22:24:02 INFO  [Train Info] Epoch: 178, train loss: 0.5000. [Evaluation metric]	Mode:valid, roc_auc: 0.8794; loss: 0.6736; pr_auc: 0.8567; acc: 0.7940; f1: 0.8104; 
Thu 07 Mar 2024 22:24:02 INFO  [Train Info] Epoch: 179, train loss: 0.4905. [Evaluation metric]	Mode:valid, roc_auc: 0.8766; loss: 0.6724; pr_auc: 0.8482; acc: 0.7990; f1: 0.8129; 
Thu 07 Mar 2024 22:24:02 INFO  [Train Info] Epoch: 180, train loss: 0.4994. [Evaluation metric]	Mode:valid, roc_auc: 0.8777; loss: 0.6722; pr_auc: 0.8484; acc: 0.7958; f1: 0.8119; 
Thu 07 Mar 2024 22:24:02 INFO  [Train Info] Epoch: 181, train loss: 0.4903. [Evaluation metric]	Mode:valid, roc_auc: 0.8698; loss: 0.6748; pr_auc: 0.8383; acc: 0.7849; f1: 0.8054; 
Thu 07 Mar 2024 22:24:02 INFO  [Train Info] Epoch: 182, train loss: 0.4925. [Evaluation metric]	Mode:valid, roc_auc: 0.8751; loss: 0.6753; pr_auc: 0.8458; acc: 0.7865; f1: 0.8081; 
Thu 07 Mar 2024 22:24:03 INFO  [Train Info] Epoch: 183, train loss: 0.4889. [Evaluation metric]	Mode:valid, roc_auc: 0.8793; loss: 0.6750; pr_auc: 0.8554; acc: 0.7840; f1: 0.8073; 
Thu 07 Mar 2024 22:24:03 INFO  [Train Info] Epoch: 184, train loss: 0.4801. [Evaluation metric]	Mode:valid, roc_auc: 0.8796; loss: 0.6755; pr_auc: 0.8507; acc: 0.7867; f1: 0.8081; 
Thu 07 Mar 2024 22:24:03 INFO  [Train Info] Epoch: 185, train loss: 0.4999. [Evaluation metric]	Mode:valid, roc_auc: 0.8787; loss: 0.6739; pr_auc: 0.8491; acc: 0.7902; f1: 0.8094; 
Thu 07 Mar 2024 22:24:03 INFO  [Train Info] Epoch: 186, train loss: 0.5138. [Evaluation metric]	Mode:valid, roc_auc: 0.8785; loss: 0.6735; pr_auc: 0.8526; acc: 0.7865; f1: 0.8069; 
Thu 07 Mar 2024 22:24:03 INFO  [Train Info] Epoch: 187, train loss: 0.4979. [Evaluation metric]	Mode:valid, roc_auc: 0.8821; loss: 0.6706; pr_auc: 0.8554; acc: 0.7905; f1: 0.8107; 
Thu 07 Mar 2024 22:24:04 INFO  [Train Info] Epoch: 188, train loss: 0.4923. [Evaluation metric]	Mode:valid, roc_auc: 0.8735; loss: 0.6717; pr_auc: 0.8498; acc: 0.7779; f1: 0.8019; 
Thu 07 Mar 2024 22:24:04 INFO  [Train Info] Epoch: 189, train loss: 0.5034. [Evaluation metric]	Mode:valid, roc_auc: 0.8727; loss: 0.6711; pr_auc: 0.8411; acc: 0.7834; f1: 0.8063; 
Thu 07 Mar 2024 22:24:04 INFO  [Train Info] Epoch: 190, train loss: 0.4951. [Evaluation metric]	Mode:valid, roc_auc: 0.8811; loss: 0.6716; pr_auc: 0.8563; acc: 0.7881; f1: 0.8101; 
Thu 07 Mar 2024 22:24:04 INFO  [Train Info] Epoch: 191, train loss: 0.4951. [Evaluation metric]	Mode:valid, roc_auc: 0.8795; loss: 0.6737; pr_auc: 0.8553; acc: 0.7822; f1: 0.8065; 
Thu 07 Mar 2024 22:24:04 INFO  [Train Info] Epoch: 192, train loss: 0.4933. [Evaluation metric]	Mode:valid, roc_auc: 0.8746; loss: 0.6760; pr_auc: 0.8463; acc: 0.7791; f1: 0.8044; 
Thu 07 Mar 2024 22:24:05 INFO  [Train Info] Epoch: 193, train loss: 0.4960. [Evaluation metric]	Mode:valid, roc_auc: 0.8787; loss: 0.6754; pr_auc: 0.8505; acc: 0.7836; f1: 0.8073; 
Thu 07 Mar 2024 22:24:05 INFO  [Train Info] Epoch: 194, train loss: 0.4845. [Evaluation metric]	Mode:valid, roc_auc: 0.8704; loss: 0.6765; pr_auc: 0.8355; acc: 0.7800; f1: 0.8045; 
Thu 07 Mar 2024 22:24:05 INFO  [Train Info] Epoch: 195, train loss: 0.4968. [Evaluation metric]	Mode:valid, roc_auc: 0.8665; loss: 0.6765; pr_auc: 0.8337; acc: 0.7761; f1: 0.8021; 
Thu 07 Mar 2024 22:24:05 INFO  [Train Info] Epoch: 196, train loss: 0.5012. [Evaluation metric]	Mode:valid, roc_auc: 0.8617; loss: 0.6783; pr_auc: 0.8335; acc: 0.7725; f1: 0.8007; 
Thu 07 Mar 2024 22:24:05 INFO  [Train Info] Epoch: 197, train loss: 0.4876. [Evaluation metric]	Mode:valid, roc_auc: 0.8658; loss: 0.6776; pr_auc: 0.8362; acc: 0.7736; f1: 0.8021; 
Thu 07 Mar 2024 22:24:05 INFO  [Train Info] Epoch: 198, train loss: 0.5105. [Evaluation metric]	Mode:valid, roc_auc: 0.8785; loss: 0.6734; pr_auc: 0.8471; acc: 0.7898; f1: 0.8120; 
Thu 07 Mar 2024 22:24:06 INFO  [Train Info] Epoch: 199, train loss: 0.4836. [Evaluation metric]	Mode:valid, roc_auc: 0.8800; loss: 0.6734; pr_auc: 0.8486; acc: 0.7869; f1: 0.8093; 
Thu 07 Mar 2024 22:24:06 INFO  [Train Info] [Evaluation metric]	Mode:test, roc_auc: 0.8707; loss: 0.6674; pr_auc: 0.8456; acc: 0.7915; f1: 0.8062; 
