Thu 07 Mar 2024 22:25:46 INFO  [Config Info]	Model: HGT,	Task: link_prediction,	Dataset: NDFRT_DDA
Thu 07 Mar 2024 22:25:47 INFO  [Init Task] The task: link prediction, the dataset: NDFRT_DDA, the evaluation metric is roc_auc, the score function: distmult 
Thu 07 Mar 2024 22:25:48 INFO  [Feature Transformation] Assign embedding as features, because hg.ndata is empty.
Thu 07 Mar 2024 22:25:50 INFO  [Train Info] Epoch: 000, train loss: 0.9138. [Evaluation metric]	Mode:valid, roc_auc: 0.4953; loss: 0.7341; pr_auc: 0.4946; acc: 0.4961; f1: 0.4983; 
Thu 07 Mar 2024 22:25:50 INFO  [Train Info] Epoch: 001, train loss: 0.9007. [Evaluation metric]	Mode:valid, roc_auc: 0.4944; loss: 0.7345; pr_auc: 0.4949; acc: 0.4988; f1: 0.5018; 
Thu 07 Mar 2024 22:25:50 INFO  [Train Info] Epoch: 002, train loss: 0.8809. [Evaluation metric]	Mode:valid, roc_auc: 0.5097; loss: 0.7302; pr_auc: 0.5059; acc: 0.5096; f1: 0.5087; 
Thu 07 Mar 2024 22:25:50 INFO  [Train Info] Epoch: 003, train loss: 0.8637. [Evaluation metric]	Mode:valid, roc_auc: 0.5065; loss: 0.7312; pr_auc: 0.5071; acc: 0.5056; f1: 0.5071; 
Thu 07 Mar 2024 22:25:50 INFO  [Train Info] Epoch: 004, train loss: 0.8454. [Evaluation metric]	Mode:valid, roc_auc: 0.5117; loss: 0.7299; pr_auc: 0.5083; acc: 0.5086; f1: 0.5098; 
Thu 07 Mar 2024 22:25:51 INFO  [Train Info] Epoch: 005, train loss: 0.8272. [Evaluation metric]	Mode:valid, roc_auc: 0.5096; loss: 0.7308; pr_auc: 0.5060; acc: 0.5073; f1: 0.5106; 
Thu 07 Mar 2024 22:25:51 INFO  [Train Info] Epoch: 006, train loss: 0.8130. [Evaluation metric]	Mode:valid, roc_auc: 0.5099; loss: 0.7309; pr_auc: 0.5060; acc: 0.5073; f1: 0.5131; 
Thu 07 Mar 2024 22:25:51 INFO  [Train Info] Epoch: 007, train loss: 0.7987. [Evaluation metric]	Mode:valid, roc_auc: 0.5160; loss: 0.7294; pr_auc: 0.5127; acc: 0.5119; f1: 0.5177; 
Thu 07 Mar 2024 22:25:51 INFO  [Train Info] Epoch: 008, train loss: 0.7851. [Evaluation metric]	Mode:valid, roc_auc: 0.5232; loss: 0.7277; pr_auc: 0.5151; acc: 0.5173; f1: 0.5227; 
Thu 07 Mar 2024 22:25:51 INFO  [Train Info] Epoch: 009, train loss: 0.7713. [Evaluation metric]	Mode:valid, roc_auc: 0.5274; loss: 0.7268; pr_auc: 0.5190; acc: 0.5169; f1: 0.5242; 
Thu 07 Mar 2024 22:25:52 INFO  [Train Info] Epoch: 010, train loss: 0.7586. [Evaluation metric]	Mode:valid, roc_auc: 0.5297; loss: 0.7264; pr_auc: 0.5274; acc: 0.5219; f1: 0.5289; 
Thu 07 Mar 2024 22:25:52 INFO  [Train Info] Epoch: 011, train loss: 0.7528. [Evaluation metric]	Mode:valid, roc_auc: 0.5328; loss: 0.7259; pr_auc: 0.5257; acc: 0.5219; f1: 0.5317; 
Thu 07 Mar 2024 22:25:52 INFO  [Train Info] Epoch: 012, train loss: 0.7370. [Evaluation metric]	Mode:valid, roc_auc: 0.5302; loss: 0.7270; pr_auc: 0.5261; acc: 0.5198; f1: 0.5336; 
Thu 07 Mar 2024 22:25:52 INFO  [Train Info] Epoch: 013, train loss: 0.7270. [Evaluation metric]	Mode:valid, roc_auc: 0.5388; loss: 0.7251; pr_auc: 0.5361; acc: 0.5267; f1: 0.5397; 
Thu 07 Mar 2024 22:25:53 INFO  [Train Info] Epoch: 014, train loss: 0.7182. [Evaluation metric]	Mode:valid, roc_auc: 0.5436; loss: 0.7242; pr_auc: 0.5367; acc: 0.5289; f1: 0.5421; 
Thu 07 Mar 2024 22:25:53 INFO  [Train Info] Epoch: 015, train loss: 0.7030. [Evaluation metric]	Mode:valid, roc_auc: 0.5452; loss: 0.7243; pr_auc: 0.5384; acc: 0.5308; f1: 0.5458; 
Thu 07 Mar 2024 22:25:53 INFO  [Train Info] Epoch: 016, train loss: 0.6950. [Evaluation metric]	Mode:valid, roc_auc: 0.5506; loss: 0.7233; pr_auc: 0.5444; acc: 0.5311; f1: 0.5483; 
Thu 07 Mar 2024 22:25:53 INFO  [Train Info] Epoch: 017, train loss: 0.6846. [Evaluation metric]	Mode:valid, roc_auc: 0.5615; loss: 0.7209; pr_auc: 0.5552; acc: 0.5416; f1: 0.5577; 
Thu 07 Mar 2024 22:25:54 INFO  [Train Info] Epoch: 018, train loss: 0.6743. [Evaluation metric]	Mode:valid, roc_auc: 0.5559; loss: 0.7231; pr_auc: 0.5533; acc: 0.5347; f1: 0.5577; 
Thu 07 Mar 2024 22:25:54 INFO  [Train Info] Epoch: 019, train loss: 0.6674. [Evaluation metric]	Mode:valid, roc_auc: 0.5656; loss: 0.7211; pr_auc: 0.5617; acc: 0.5411; f1: 0.5636; 
Thu 07 Mar 2024 22:25:54 INFO  [Train Info] Epoch: 020, train loss: 0.6595. [Evaluation metric]	Mode:valid, roc_auc: 0.5695; loss: 0.7206; pr_auc: 0.5615; acc: 0.5462; f1: 0.5699; 
Thu 07 Mar 2024 22:25:54 INFO  [Train Info] Epoch: 021, train loss: 0.6525. [Evaluation metric]	Mode:valid, roc_auc: 0.5777; loss: 0.7192; pr_auc: 0.5729; acc: 0.5544; f1: 0.5791; 
Thu 07 Mar 2024 22:25:54 INFO  [Train Info] Epoch: 022, train loss: 0.6423. [Evaluation metric]	Mode:valid, roc_auc: 0.5852; loss: 0.7177; pr_auc: 0.5784; acc: 0.5601; f1: 0.5866; 
Thu 07 Mar 2024 22:25:55 INFO  [Train Info] Epoch: 023, train loss: 0.6387. [Evaluation metric]	Mode:valid, roc_auc: 0.6002; loss: 0.7145; pr_auc: 0.5908; acc: 0.5760; f1: 0.5996; 
Thu 07 Mar 2024 22:25:55 INFO  [Train Info] Epoch: 024, train loss: 0.6273. [Evaluation metric]	Mode:valid, roc_auc: 0.5995; loss: 0.7153; pr_auc: 0.5906; acc: 0.5710; f1: 0.6002; 
Thu 07 Mar 2024 22:25:55 INFO  [Train Info] Epoch: 025, train loss: 0.6234. [Evaluation metric]	Mode:valid, roc_auc: 0.6089; loss: 0.7136; pr_auc: 0.5973; acc: 0.5787; f1: 0.6072; 
Thu 07 Mar 2024 22:25:55 INFO  [Train Info] Epoch: 026, train loss: 0.6162. [Evaluation metric]	Mode:valid, roc_auc: 0.6142; loss: 0.7130; pr_auc: 0.6010; acc: 0.5795; f1: 0.6102; 
Thu 07 Mar 2024 22:25:55 INFO  [Train Info] Epoch: 027, train loss: 0.6114. [Evaluation metric]	Mode:valid, roc_auc: 0.6264; loss: 0.7105; pr_auc: 0.6147; acc: 0.5906; f1: 0.6196; 
Thu 07 Mar 2024 22:25:56 INFO  [Train Info] Epoch: 028, train loss: 0.6067. [Evaluation metric]	Mode:valid, roc_auc: 0.6302; loss: 0.7101; pr_auc: 0.6194; acc: 0.5889; f1: 0.6222; 
Thu 07 Mar 2024 22:25:56 INFO  [Train Info] Epoch: 029, train loss: 0.6018. [Evaluation metric]	Mode:valid, roc_auc: 0.6311; loss: 0.7105; pr_auc: 0.6132; acc: 0.5934; f1: 0.6277; 
Thu 07 Mar 2024 22:25:56 INFO  [Train Info] Epoch: 030, train loss: 0.5945. [Evaluation metric]	Mode:valid, roc_auc: 0.6403; loss: 0.7091; pr_auc: 0.6296; acc: 0.5957; f1: 0.6317; 
Thu 07 Mar 2024 22:25:56 INFO  [Train Info] Epoch: 031, train loss: 0.5861. [Evaluation metric]	Mode:valid, roc_auc: 0.6472; loss: 0.7081; pr_auc: 0.6376; acc: 0.5995; f1: 0.6369; 
Thu 07 Mar 2024 22:25:57 INFO  [Train Info] Epoch: 032, train loss: 0.5856. [Evaluation metric]	Mode:valid, roc_auc: 0.6561; loss: 0.7064; pr_auc: 0.6491; acc: 0.6049; f1: 0.6426; 
Thu 07 Mar 2024 22:25:57 INFO  [Train Info] Epoch: 033, train loss: 0.5771. [Evaluation metric]	Mode:valid, roc_auc: 0.6650; loss: 0.7044; pr_auc: 0.6526; acc: 0.6133; f1: 0.6493; 
Thu 07 Mar 2024 22:25:57 INFO  [Train Info] Epoch: 034, train loss: 0.5755. [Evaluation metric]	Mode:valid, roc_auc: 0.6661; loss: 0.7051; pr_auc: 0.6521; acc: 0.6154; f1: 0.6533; 
Thu 07 Mar 2024 22:25:57 INFO  [Train Info] Epoch: 035, train loss: 0.5712. [Evaluation metric]	Mode:valid, roc_auc: 0.6747; loss: 0.7032; pr_auc: 0.6666; acc: 0.6194; f1: 0.6581; 
Thu 07 Mar 2024 22:25:57 INFO  [Train Info] Epoch: 036, train loss: 0.5654. [Evaluation metric]	Mode:valid, roc_auc: 0.6826; loss: 0.7017; pr_auc: 0.6733; acc: 0.6278; f1: 0.6649; 
Thu 07 Mar 2024 22:25:58 INFO  [Train Info] Epoch: 037, train loss: 0.5600. [Evaluation metric]	Mode:valid, roc_auc: 0.6871; loss: 0.7013; pr_auc: 0.6789; acc: 0.6269; f1: 0.6662; 
Thu 07 Mar 2024 22:25:58 INFO  [Train Info] Epoch: 038, train loss: 0.5598. [Evaluation metric]	Mode:valid, roc_auc: 0.6927; loss: 0.6997; pr_auc: 0.6791; acc: 0.6346; f1: 0.6729; 
Thu 07 Mar 2024 22:25:58 INFO  [Train Info] Epoch: 039, train loss: 0.5537. [Evaluation metric]	Mode:valid, roc_auc: 0.6962; loss: 0.6997; pr_auc: 0.6882; acc: 0.6319; f1: 0.6729; 
Thu 07 Mar 2024 22:25:58 INFO  [Train Info] Epoch: 040, train loss: 0.5528. [Evaluation metric]	Mode:valid, roc_auc: 0.7003; loss: 0.6994; pr_auc: 0.6926; acc: 0.6349; f1: 0.6758; 
Thu 07 Mar 2024 22:25:59 INFO  [Train Info] Epoch: 041, train loss: 0.5440. [Evaluation metric]	Mode:valid, roc_auc: 0.7066; loss: 0.6975; pr_auc: 0.6943; acc: 0.6382; f1: 0.6789; 
Thu 07 Mar 2024 22:25:59 INFO  [Train Info] Epoch: 042, train loss: 0.5456. [Evaluation metric]	Mode:valid, roc_auc: 0.7108; loss: 0.6968; pr_auc: 0.7050; acc: 0.6449; f1: 0.6840; 
Thu 07 Mar 2024 22:25:59 INFO  [Train Info] Epoch: 043, train loss: 0.5390. [Evaluation metric]	Mode:valid, roc_auc: 0.7113; loss: 0.6973; pr_auc: 0.7033; acc: 0.6417; f1: 0.6833; 
Thu 07 Mar 2024 22:25:59 INFO  [Train Info] Epoch: 044, train loss: 0.5373. [Evaluation metric]	Mode:valid, roc_auc: 0.7167; loss: 0.6966; pr_auc: 0.7112; acc: 0.6479; f1: 0.6882; 
Thu 07 Mar 2024 22:25:59 INFO  [Train Info] Epoch: 045, train loss: 0.5334. [Evaluation metric]	Mode:valid, roc_auc: 0.7165; loss: 0.6966; pr_auc: 0.7086; acc: 0.6398; f1: 0.6837; 
Thu 07 Mar 2024 22:26:00 INFO  [Train Info] Epoch: 046, train loss: 0.5285. [Evaluation metric]	Mode:valid, roc_auc: 0.7230; loss: 0.6956; pr_auc: 0.7175; acc: 0.6472; f1: 0.6893; 
Thu 07 Mar 2024 22:26:00 INFO  [Train Info] Epoch: 047, train loss: 0.5270. [Evaluation metric]	Mode:valid, roc_auc: 0.7294; loss: 0.6939; pr_auc: 0.7240; acc: 0.6541; f1: 0.6943; 
Thu 07 Mar 2024 22:26:00 INFO  [Train Info] Epoch: 048, train loss: 0.5224. [Evaluation metric]	Mode:valid, roc_auc: 0.7351; loss: 0.6928; pr_auc: 0.7344; acc: 0.6554; f1: 0.6957; 
Thu 07 Mar 2024 22:26:00 INFO  [Train Info] Epoch: 049, train loss: 0.5206. [Evaluation metric]	Mode:valid, roc_auc: 0.7389; loss: 0.6918; pr_auc: 0.7359; acc: 0.6583; f1: 0.6981; 
Thu 07 Mar 2024 22:26:01 INFO  [Train Info] Epoch: 050, train loss: 0.5193. [Evaluation metric]	Mode:valid, roc_auc: 0.7384; loss: 0.6922; pr_auc: 0.7364; acc: 0.6613; f1: 0.7008; 
Thu 07 Mar 2024 22:26:01 INFO  [Train Info] Epoch: 051, train loss: 0.5155. [Evaluation metric]	Mode:valid, roc_auc: 0.7377; loss: 0.6929; pr_auc: 0.7315; acc: 0.6577; f1: 0.6991; 
Thu 07 Mar 2024 22:26:01 INFO  [Train Info] Epoch: 052, train loss: 0.5154. [Evaluation metric]	Mode:valid, roc_auc: 0.7474; loss: 0.6906; pr_auc: 0.7464; acc: 0.6657; f1: 0.7044; 
Thu 07 Mar 2024 22:26:01 INFO  [Train Info] Epoch: 053, train loss: 0.5098. [Evaluation metric]	Mode:valid, roc_auc: 0.7509; loss: 0.6894; pr_auc: 0.7465; acc: 0.6700; f1: 0.7075; 
Thu 07 Mar 2024 22:26:01 INFO  [Train Info] Epoch: 054, train loss: 0.5084. [Evaluation metric]	Mode:valid, roc_auc: 0.7511; loss: 0.6895; pr_auc: 0.7518; acc: 0.6663; f1: 0.7054; 
Thu 07 Mar 2024 22:26:02 INFO  [Train Info] Epoch: 055, train loss: 0.5075. [Evaluation metric]	Mode:valid, roc_auc: 0.7496; loss: 0.6903; pr_auc: 0.7468; acc: 0.6663; f1: 0.7060; 
Thu 07 Mar 2024 22:26:02 INFO  [Train Info] Epoch: 056, train loss: 0.5028. [Evaluation metric]	Mode:valid, roc_auc: 0.7642; loss: 0.6862; pr_auc: 0.7651; acc: 0.6778; f1: 0.7138; 
Thu 07 Mar 2024 22:26:02 INFO  [Train Info] Epoch: 057, train loss: 0.5021. [Evaluation metric]	Mode:valid, roc_auc: 0.7615; loss: 0.6875; pr_auc: 0.7624; acc: 0.6759; f1: 0.7130; 
Thu 07 Mar 2024 22:26:02 INFO  [Train Info] Epoch: 058, train loss: 0.4978. [Evaluation metric]	Mode:valid, roc_auc: 0.7650; loss: 0.6862; pr_auc: 0.7644; acc: 0.6809; f1: 0.7163; 
Thu 07 Mar 2024 22:26:03 INFO  [Train Info] Epoch: 059, train loss: 0.4954. [Evaluation metric]	Mode:valid, roc_auc: 0.7654; loss: 0.6865; pr_auc: 0.7672; acc: 0.6758; f1: 0.7139; 
Thu 07 Mar 2024 22:26:03 INFO  [Train Info] Epoch: 060, train loss: 0.4916. [Evaluation metric]	Mode:valid, roc_auc: 0.7657; loss: 0.6859; pr_auc: 0.7634; acc: 0.6786; f1: 0.7161; 
Thu 07 Mar 2024 22:26:03 INFO  [Train Info] Epoch: 061, train loss: 0.4885. [Evaluation metric]	Mode:valid, roc_auc: 0.7652; loss: 0.6863; pr_auc: 0.7631; acc: 0.6761; f1: 0.7149; 
Thu 07 Mar 2024 22:26:03 INFO  [Train Info] Epoch: 062, train loss: 0.4900. [Evaluation metric]	Mode:valid, roc_auc: 0.7736; loss: 0.6832; pr_auc: 0.7729; acc: 0.6884; f1: 0.7228; 
Thu 07 Mar 2024 22:26:03 INFO  [Train Info] Epoch: 063, train loss: 0.4859. [Evaluation metric]	Mode:valid, roc_auc: 0.7784; loss: 0.6822; pr_auc: 0.7808; acc: 0.6889; f1: 0.7233; 
Thu 07 Mar 2024 22:26:04 INFO  [Train Info] Epoch: 064, train loss: 0.4836. [Evaluation metric]	Mode:valid, roc_auc: 0.7736; loss: 0.6835; pr_auc: 0.7702; acc: 0.6866; f1: 0.7222; 
Thu 07 Mar 2024 22:26:04 INFO  [Train Info] Epoch: 065, train loss: 0.4792. [Evaluation metric]	Mode:valid, roc_auc: 0.7803; loss: 0.6817; pr_auc: 0.7819; acc: 0.6911; f1: 0.7255; 
Thu 07 Mar 2024 22:26:04 INFO  [Train Info] Epoch: 066, train loss: 0.4774. [Evaluation metric]	Mode:valid, roc_auc: 0.7782; loss: 0.6823; pr_auc: 0.7798; acc: 0.6893; f1: 0.7242; 
Thu 07 Mar 2024 22:26:04 INFO  [Train Info] Epoch: 067, train loss: 0.4766. [Evaluation metric]	Mode:valid, roc_auc: 0.7864; loss: 0.6794; pr_auc: 0.7909; acc: 0.6994; f1: 0.7311; 
Thu 07 Mar 2024 22:26:04 INFO  [Train Info] Epoch: 068, train loss: 0.4754. [Evaluation metric]	Mode:valid, roc_auc: 0.7850; loss: 0.6794; pr_auc: 0.7877; acc: 0.6962; f1: 0.7287; 
Thu 07 Mar 2024 22:26:05 INFO  [Train Info] Epoch: 069, train loss: 0.4743. [Evaluation metric]	Mode:valid, roc_auc: 0.7829; loss: 0.6805; pr_auc: 0.7862; acc: 0.6928; f1: 0.7262; 
Thu 07 Mar 2024 22:26:05 INFO  [Train Info] Epoch: 070, train loss: 0.4655. [Evaluation metric]	Mode:valid, roc_auc: 0.7895; loss: 0.6779; pr_auc: 0.7937; acc: 0.7011; f1: 0.7316; 
Thu 07 Mar 2024 22:26:05 INFO  [Train Info] Epoch: 071, train loss: 0.4667. [Evaluation metric]	Mode:valid, roc_auc: 0.7936; loss: 0.6751; pr_auc: 0.7924; acc: 0.7065; f1: 0.7350; 
Thu 07 Mar 2024 22:26:05 INFO  [Train Info] Epoch: 072, train loss: 0.4608. [Evaluation metric]	Mode:valid, roc_auc: 0.7952; loss: 0.6755; pr_auc: 0.8006; acc: 0.7074; f1: 0.7353; 
Thu 07 Mar 2024 22:26:06 INFO  [Train Info] Epoch: 073, train loss: 0.4577. [Evaluation metric]	Mode:valid, roc_auc: 0.7924; loss: 0.6758; pr_auc: 0.7944; acc: 0.7027; f1: 0.7321; 
Thu 07 Mar 2024 22:26:06 INFO  [Train Info] Epoch: 074, train loss: 0.4588. [Evaluation metric]	Mode:valid, roc_auc: 0.7916; loss: 0.6754; pr_auc: 0.7901; acc: 0.7056; f1: 0.7338; 
Thu 07 Mar 2024 22:26:06 INFO  [Train Info] Epoch: 075, train loss: 0.4558. [Evaluation metric]	Mode:valid, roc_auc: 0.7965; loss: 0.6731; pr_auc: 0.7949; acc: 0.7120; f1: 0.7375; 
Thu 07 Mar 2024 22:26:06 INFO  [Train Info] Epoch: 076, train loss: 0.4519. [Evaluation metric]	Mode:valid, roc_auc: 0.7954; loss: 0.6734; pr_auc: 0.7919; acc: 0.7116; f1: 0.7367; 
Thu 07 Mar 2024 22:26:06 INFO  [Train Info] Epoch: 077, train loss: 0.4495. [Evaluation metric]	Mode:valid, roc_auc: 0.7972; loss: 0.6718; pr_auc: 0.7929; acc: 0.7131; f1: 0.7375; 
Thu 07 Mar 2024 22:26:07 INFO  [Train Info] Epoch: 078, train loss: 0.4463. [Evaluation metric]	Mode:valid, roc_auc: 0.8025; loss: 0.6700; pr_auc: 0.8015; acc: 0.7171; f1: 0.7396; 
Thu 07 Mar 2024 22:26:07 INFO  [Train Info] Epoch: 079, train loss: 0.4440. [Evaluation metric]	Mode:valid, roc_auc: 0.8011; loss: 0.6703; pr_auc: 0.7993; acc: 0.7179; f1: 0.7403; 
Thu 07 Mar 2024 22:26:07 INFO  [Train Info] Epoch: 080, train loss: 0.4428. [Evaluation metric]	Mode:valid, roc_auc: 0.8021; loss: 0.6694; pr_auc: 0.8021; acc: 0.7202; f1: 0.7418; 
Thu 07 Mar 2024 22:26:07 INFO  [Train Info] Epoch: 081, train loss: 0.4361. [Evaluation metric]	Mode:valid, roc_auc: 0.8107; loss: 0.6660; pr_auc: 0.8120; acc: 0.7254; f1: 0.7452; 
Thu 07 Mar 2024 22:26:07 INFO  [Train Info] Epoch: 082, train loss: 0.4344. [Evaluation metric]	Mode:valid, roc_auc: 0.8084; loss: 0.6665; pr_auc: 0.8089; acc: 0.7259; f1: 0.7454; 
Thu 07 Mar 2024 22:26:08 INFO  [Train Info] Epoch: 083, train loss: 0.4323. [Evaluation metric]	Mode:valid, roc_auc: 0.8080; loss: 0.6654; pr_auc: 0.8040; acc: 0.7297; f1: 0.7479; 
Thu 07 Mar 2024 22:26:08 INFO  [Train Info] Epoch: 084, train loss: 0.4298. [Evaluation metric]	Mode:valid, roc_auc: 0.8139; loss: 0.6634; pr_auc: 0.8130; acc: 0.7339; f1: 0.7509; 
Thu 07 Mar 2024 22:26:08 INFO  [Train Info] Epoch: 085, train loss: 0.4228. [Evaluation metric]	Mode:valid, roc_auc: 0.8177; loss: 0.6613; pr_auc: 0.8171; acc: 0.7383; f1: 0.7537; 
Thu 07 Mar 2024 22:26:08 INFO  [Train Info] Epoch: 086, train loss: 0.4214. [Evaluation metric]	Mode:valid, roc_auc: 0.8146; loss: 0.6626; pr_auc: 0.8119; acc: 0.7338; f1: 0.7508; 
Thu 07 Mar 2024 22:26:09 INFO  [Train Info] Epoch: 087, train loss: 0.4187. [Evaluation metric]	Mode:valid, roc_auc: 0.8207; loss: 0.6594; pr_auc: 0.8196; acc: 0.7392; f1: 0.7543; 
Thu 07 Mar 2024 22:26:09 INFO  [Train Info] Epoch: 088, train loss: 0.4167. [Evaluation metric]	Mode:valid, roc_auc: 0.8217; loss: 0.6589; pr_auc: 0.8216; acc: 0.7394; f1: 0.7546; 
Thu 07 Mar 2024 22:26:09 INFO  [Train Info] Epoch: 089, train loss: 0.4106. [Evaluation metric]	Mode:valid, roc_auc: 0.8258; loss: 0.6568; pr_auc: 0.8226; acc: 0.7458; f1: 0.7588; 
Thu 07 Mar 2024 22:26:09 INFO  [Train Info] Epoch: 090, train loss: 0.4112. [Evaluation metric]	Mode:valid, roc_auc: 0.8281; loss: 0.6550; pr_auc: 0.8229; acc: 0.7505; f1: 0.7619; 
Thu 07 Mar 2024 22:26:09 INFO  [Train Info] Epoch: 091, train loss: 0.4044. [Evaluation metric]	Mode:valid, roc_auc: 0.8279; loss: 0.6551; pr_auc: 0.8286; acc: 0.7433; f1: 0.7565; 
Thu 07 Mar 2024 22:26:10 INFO  [Train Info] Epoch: 092, train loss: 0.4047. [Evaluation metric]	Mode:valid, roc_auc: 0.8310; loss: 0.6532; pr_auc: 0.8297; acc: 0.7524; f1: 0.7628; 
Thu 07 Mar 2024 22:26:10 INFO  [Train Info] Epoch: 093, train loss: 0.3959. [Evaluation metric]	Mode:valid, roc_auc: 0.8312; loss: 0.6520; pr_auc: 0.8278; acc: 0.7522; f1: 0.7624; 
Thu 07 Mar 2024 22:26:10 INFO  [Train Info] Epoch: 094, train loss: 0.3970. [Evaluation metric]	Mode:valid, roc_auc: 0.8302; loss: 0.6523; pr_auc: 0.8294; acc: 0.7531; f1: 0.7625; 
Thu 07 Mar 2024 22:26:10 INFO  [Train Info] Epoch: 095, train loss: 0.3970. [Evaluation metric]	Mode:valid, roc_auc: 0.8389; loss: 0.6481; pr_auc: 0.8375; acc: 0.7631; f1: 0.7697; 
Thu 07 Mar 2024 22:26:11 INFO  [Train Info] Epoch: 096, train loss: 0.3920. [Evaluation metric]	Mode:valid, roc_auc: 0.8328; loss: 0.6501; pr_auc: 0.8290; acc: 0.7541; f1: 0.7630; 
Thu 07 Mar 2024 22:26:11 INFO  [Train Info] Epoch: 097, train loss: 0.3861. [Evaluation metric]	Mode:valid, roc_auc: 0.8377; loss: 0.6483; pr_auc: 0.8378; acc: 0.7593; f1: 0.7664; 
Thu 07 Mar 2024 22:26:11 INFO  [Train Info] Epoch: 098, train loss: 0.3813. [Evaluation metric]	Mode:valid, roc_auc: 0.8449; loss: 0.6448; pr_auc: 0.8434; acc: 0.7689; f1: 0.7735; 
Thu 07 Mar 2024 22:26:11 INFO  [Train Info] Epoch: 099, train loss: 0.3786. [Evaluation metric]	Mode:valid, roc_auc: 0.8424; loss: 0.6454; pr_auc: 0.8408; acc: 0.7626; f1: 0.7687; 
Thu 07 Mar 2024 22:26:11 INFO  [Train Info] Epoch: 100, train loss: 0.3741. [Evaluation metric]	Mode:valid, roc_auc: 0.8457; loss: 0.6438; pr_auc: 0.8423; acc: 0.7659; f1: 0.7710; 
Thu 07 Mar 2024 22:26:12 INFO  [Train Info] Epoch: 101, train loss: 0.3766. [Evaluation metric]	Mode:valid, roc_auc: 0.8486; loss: 0.6422; pr_auc: 0.8447; acc: 0.7701; f1: 0.7743; 
Thu 07 Mar 2024 22:26:12 INFO  [Train Info] Epoch: 102, train loss: 0.3712. [Evaluation metric]	Mode:valid, roc_auc: 0.8503; loss: 0.6411; pr_auc: 0.8460; acc: 0.7734; f1: 0.7774; 
Thu 07 Mar 2024 22:26:12 INFO  [Train Info] Epoch: 103, train loss: 0.3659. [Evaluation metric]	Mode:valid, roc_auc: 0.8508; loss: 0.6402; pr_auc: 0.8440; acc: 0.7728; f1: 0.7770; 
Thu 07 Mar 2024 22:26:12 INFO  [Train Info] Epoch: 104, train loss: 0.3657. [Evaluation metric]	Mode:valid, roc_auc: 0.8497; loss: 0.6407; pr_auc: 0.8454; acc: 0.7707; f1: 0.7758; 
Thu 07 Mar 2024 22:26:12 INFO  [Train Info] Epoch: 105, train loss: 0.3590. [Evaluation metric]	Mode:valid, roc_auc: 0.8584; loss: 0.6367; pr_auc: 0.8558; acc: 0.7806; f1: 0.7831; 
Thu 07 Mar 2024 22:26:13 INFO  [Train Info] Epoch: 106, train loss: 0.3573. [Evaluation metric]	Mode:valid, roc_auc: 0.8541; loss: 0.6383; pr_auc: 0.8506; acc: 0.7746; f1: 0.7788; 
Thu 07 Mar 2024 22:26:13 INFO  [Train Info] Epoch: 107, train loss: 0.3503. [Evaluation metric]	Mode:valid, roc_auc: 0.8599; loss: 0.6354; pr_auc: 0.8575; acc: 0.7822; f1: 0.7843; 
Thu 07 Mar 2024 22:26:13 INFO  [Train Info] Epoch: 108, train loss: 0.3523. [Evaluation metric]	Mode:valid, roc_auc: 0.8604; loss: 0.6354; pr_auc: 0.8614; acc: 0.7798; f1: 0.7825; 
Thu 07 Mar 2024 22:26:13 INFO  [Train Info] Epoch: 109, train loss: 0.3469. [Evaluation metric]	Mode:valid, roc_auc: 0.8647; loss: 0.6326; pr_auc: 0.8633; acc: 0.7857; f1: 0.7870; 
Thu 07 Mar 2024 22:26:14 INFO  [Train Info] Epoch: 110, train loss: 0.3424. [Evaluation metric]	Mode:valid, roc_auc: 0.8658; loss: 0.6321; pr_auc: 0.8663; acc: 0.7831; f1: 0.7853; 
Thu 07 Mar 2024 22:26:14 INFO  [Train Info] Epoch: 111, train loss: 0.3395. [Evaluation metric]	Mode:valid, roc_auc: 0.8697; loss: 0.6292; pr_auc: 0.8641; acc: 0.7906; f1: 0.7913; 
Thu 07 Mar 2024 22:26:14 INFO  [Train Info] Epoch: 112, train loss: 0.3400. [Evaluation metric]	Mode:valid, roc_auc: 0.8685; loss: 0.6300; pr_auc: 0.8644; acc: 0.7901; f1: 0.7911; 
Thu 07 Mar 2024 22:26:14 INFO  [Train Info] Epoch: 113, train loss: 0.3382. [Evaluation metric]	Mode:valid, roc_auc: 0.8692; loss: 0.6294; pr_auc: 0.8654; acc: 0.7925; f1: 0.7932; 
Thu 07 Mar 2024 22:26:14 INFO  [Train Info] Epoch: 114, train loss: 0.3318. [Evaluation metric]	Mode:valid, roc_auc: 0.8741; loss: 0.6273; pr_auc: 0.8728; acc: 0.7939; f1: 0.7951; 
Thu 07 Mar 2024 22:26:15 INFO  [Train Info] Epoch: 115, train loss: 0.3304. [Evaluation metric]	Mode:valid, roc_auc: 0.8743; loss: 0.6272; pr_auc: 0.8717; acc: 0.7956; f1: 0.7967; 
Thu 07 Mar 2024 22:26:15 INFO  [Train Info] Epoch: 116, train loss: 0.3272. [Evaluation metric]	Mode:valid, roc_auc: 0.8769; loss: 0.6256; pr_auc: 0.8737; acc: 0.7993; f1: 0.8002; 
Thu 07 Mar 2024 22:26:15 INFO  [Train Info] Epoch: 117, train loss: 0.3206. [Evaluation metric]	Mode:valid, roc_auc: 0.8756; loss: 0.6258; pr_auc: 0.8696; acc: 0.7980; f1: 0.7993; 
Thu 07 Mar 2024 22:26:15 INFO  [Train Info] Epoch: 118, train loss: 0.3205. [Evaluation metric]	Mode:valid, roc_auc: 0.8775; loss: 0.6245; pr_auc: 0.8707; acc: 0.8000; f1: 0.8011; 
Thu 07 Mar 2024 22:26:16 INFO  [Train Info] Epoch: 119, train loss: 0.3191. [Evaluation metric]	Mode:valid, roc_auc: 0.8808; loss: 0.6230; pr_auc: 0.8782; acc: 0.8027; f1: 0.8032; 
Thu 07 Mar 2024 22:26:16 INFO  [Train Info] Epoch: 120, train loss: 0.3133. [Evaluation metric]	Mode:valid, roc_auc: 0.8830; loss: 0.6214; pr_auc: 0.8779; acc: 0.8063; f1: 0.8063; 
Thu 07 Mar 2024 22:26:16 INFO  [Train Info] Epoch: 121, train loss: 0.3101. [Evaluation metric]	Mode:valid, roc_auc: 0.8825; loss: 0.6211; pr_auc: 0.8729; acc: 0.8060; f1: 0.8060; 
Thu 07 Mar 2024 22:26:16 INFO  [Train Info] Epoch: 122, train loss: 0.3112. [Evaluation metric]	Mode:valid, roc_auc: 0.8848; loss: 0.6200; pr_auc: 0.8773; acc: 0.8065; f1: 0.8062; 
Thu 07 Mar 2024 22:26:16 INFO  [Train Info] Epoch: 123, train loss: 0.3112. [Evaluation metric]	Mode:valid, roc_auc: 0.8873; loss: 0.6184; pr_auc: 0.8814; acc: 0.8114; f1: 0.8103; 
Thu 07 Mar 2024 22:26:17 INFO  [Train Info] Epoch: 124, train loss: 0.3038. [Evaluation metric]	Mode:valid, roc_auc: 0.8869; loss: 0.6190; pr_auc: 0.8847; acc: 0.8052; f1: 0.8052; 
Thu 07 Mar 2024 22:26:17 INFO  [Train Info] Epoch: 125, train loss: 0.3027. [Evaluation metric]	Mode:valid, roc_auc: 0.8911; loss: 0.6158; pr_auc: 0.8869; acc: 0.8151; f1: 0.8134; 
Thu 07 Mar 2024 22:26:17 INFO  [Train Info] Epoch: 126, train loss: 0.3011. [Evaluation metric]	Mode:valid, roc_auc: 0.8886; loss: 0.6172; pr_auc: 0.8851; acc: 0.8121; f1: 0.8112; 
Thu 07 Mar 2024 22:26:17 INFO  [Train Info] Epoch: 127, train loss: 0.2996. [Evaluation metric]	Mode:valid, roc_auc: 0.8895; loss: 0.6160; pr_auc: 0.8820; acc: 0.8137; f1: 0.8129; 
Thu 07 Mar 2024 22:26:17 INFO  [Train Info] Epoch: 128, train loss: 0.2964. [Evaluation metric]	Mode:valid, roc_auc: 0.8957; loss: 0.6130; pr_auc: 0.8917; acc: 0.8194; f1: 0.8178; 
Thu 07 Mar 2024 22:26:18 INFO  [Train Info] Epoch: 129, train loss: 0.2958. [Evaluation metric]	Mode:valid, roc_auc: 0.8937; loss: 0.6134; pr_auc: 0.8875; acc: 0.8191; f1: 0.8178; 
Thu 07 Mar 2024 22:26:18 INFO  [Train Info] Epoch: 130, train loss: 0.2906. [Evaluation metric]	Mode:valid, roc_auc: 0.8931; loss: 0.6143; pr_auc: 0.8887; acc: 0.8151; f1: 0.8147; 
Thu 07 Mar 2024 22:26:18 INFO  [Train Info] Epoch: 131, train loss: 0.2921. [Evaluation metric]	Mode:valid, roc_auc: 0.8936; loss: 0.6140; pr_auc: 0.8883; acc: 0.8160; f1: 0.8159; 
Thu 07 Mar 2024 22:26:18 INFO  [Train Info] Epoch: 132, train loss: 0.2893. [Evaluation metric]	Mode:valid, roc_auc: 0.8979; loss: 0.6119; pr_auc: 0.8970; acc: 0.8213; f1: 0.8206; 
Thu 07 Mar 2024 22:26:19 INFO  [Train Info] Epoch: 133, train loss: 0.2879. [Evaluation metric]	Mode:valid, roc_auc: 0.8976; loss: 0.6121; pr_auc: 0.8983; acc: 0.8194; f1: 0.8190; 
Thu 07 Mar 2024 22:26:19 INFO  [Train Info] Epoch: 134, train loss: 0.2837. [Evaluation metric]	Mode:valid, roc_auc: 0.8964; loss: 0.6118; pr_auc: 0.8918; acc: 0.8213; f1: 0.8204; 
Thu 07 Mar 2024 22:26:19 INFO  [Train Info] Epoch: 135, train loss: 0.2840. [Evaluation metric]	Mode:valid, roc_auc: 0.8967; loss: 0.6113; pr_auc: 0.8909; acc: 0.8222; f1: 0.8210; 
Thu 07 Mar 2024 22:26:19 INFO  [Train Info] Epoch: 136, train loss: 0.2856. [Evaluation metric]	Mode:valid, roc_auc: 0.8988; loss: 0.6097; pr_auc: 0.8937; acc: 0.8245; f1: 0.8227; 
Thu 07 Mar 2024 22:26:19 INFO  [Train Info] Epoch: 137, train loss: 0.2772. [Evaluation metric]	Mode:valid, roc_auc: 0.9006; loss: 0.6090; pr_auc: 0.8937; acc: 0.8255; f1: 0.8233; 
Thu 07 Mar 2024 22:26:20 INFO  [Train Info] Epoch: 138, train loss: 0.2793. [Evaluation metric]	Mode:valid, roc_auc: 0.8938; loss: 0.6122; pr_auc: 0.8867; acc: 0.8157; f1: 0.8151; 
Thu 07 Mar 2024 22:26:20 INFO  [Train Info] Epoch: 139, train loss: 0.2764. [Evaluation metric]	Mode:valid, roc_auc: 0.9000; loss: 0.6087; pr_auc: 0.8946; acc: 0.8217; f1: 0.8203; 
Thu 07 Mar 2024 22:26:20 INFO  [Train Info] Epoch: 140, train loss: 0.2729. [Evaluation metric]	Mode:valid, roc_auc: 0.9000; loss: 0.6090; pr_auc: 0.8947; acc: 0.8243; f1: 0.8227; 
Thu 07 Mar 2024 22:26:20 INFO  [Train Info] Epoch: 141, train loss: 0.2745. [Evaluation metric]	Mode:valid, roc_auc: 0.8980; loss: 0.6095; pr_auc: 0.8910; acc: 0.8229; f1: 0.8220; 
Thu 07 Mar 2024 22:26:20 INFO  [Train Info] Epoch: 142, train loss: 0.2700. [Evaluation metric]	Mode:valid, roc_auc: 0.9001; loss: 0.6087; pr_auc: 0.8954; acc: 0.8239; f1: 0.8232; 
Thu 07 Mar 2024 22:26:21 INFO  [Train Info] Epoch: 143, train loss: 0.2696. [Evaluation metric]	Mode:valid, roc_auc: 0.9045; loss: 0.6059; pr_auc: 0.8997; acc: 0.8290; f1: 0.8275; 
Thu 07 Mar 2024 22:26:21 INFO  [Train Info] Epoch: 144, train loss: 0.2698. [Evaluation metric]	Mode:valid, roc_auc: 0.9004; loss: 0.6076; pr_auc: 0.8941; acc: 0.8247; f1: 0.8239; 
Thu 07 Mar 2024 22:26:21 INFO  [Train Info] Epoch: 145, train loss: 0.2695. [Evaluation metric]	Mode:valid, roc_auc: 0.9009; loss: 0.6062; pr_auc: 0.8922; acc: 0.8271; f1: 0.8257; 
Thu 07 Mar 2024 22:26:21 INFO  [Train Info] Epoch: 146, train loss: 0.2655. [Evaluation metric]	Mode:valid, roc_auc: 0.9025; loss: 0.6064; pr_auc: 0.9004; acc: 0.8272; f1: 0.8255; 
Thu 07 Mar 2024 22:26:21 INFO  [Train Info] Epoch: 147, train loss: 0.2631. [Evaluation metric]	Mode:valid, roc_auc: 0.9038; loss: 0.6047; pr_auc: 0.8984; acc: 0.8311; f1: 0.8287; 
Thu 07 Mar 2024 22:26:22 INFO  [Train Info] Epoch: 148, train loss: 0.2660. [Evaluation metric]	Mode:valid, roc_auc: 0.9034; loss: 0.6053; pr_auc: 0.8991; acc: 0.8307; f1: 0.8286; 
Thu 07 Mar 2024 22:26:22 INFO  [Train Info] Epoch: 149, train loss: 0.2625. [Evaluation metric]	Mode:valid, roc_auc: 0.9030; loss: 0.6043; pr_auc: 0.8954; acc: 0.8299; f1: 0.8277; 
Thu 07 Mar 2024 22:26:22 INFO  [Train Info] Epoch: 150, train loss: 0.2624. [Evaluation metric]	Mode:valid, roc_auc: 0.9060; loss: 0.6031; pr_auc: 0.8992; acc: 0.8315; f1: 0.8291; 
Thu 07 Mar 2024 22:26:22 INFO  [Train Info] Epoch: 151, train loss: 0.2615. [Evaluation metric]	Mode:valid, roc_auc: 0.9060; loss: 0.6032; pr_auc: 0.8997; acc: 0.8319; f1: 0.8297; 
Thu 07 Mar 2024 22:26:23 INFO  [Train Info] Epoch: 152, train loss: 0.2649. [Evaluation metric]	Mode:valid, roc_auc: 0.9061; loss: 0.6036; pr_auc: 0.9034; acc: 0.8299; f1: 0.8286; 
Thu 07 Mar 2024 22:26:23 INFO  [Train Info] Epoch: 153, train loss: 0.2562. [Evaluation metric]	Mode:valid, roc_auc: 0.9069; loss: 0.6027; pr_auc: 0.9012; acc: 0.8339; f1: 0.8322; 
Thu 07 Mar 2024 22:26:23 INFO  [Train Info] Epoch: 154, train loss: 0.2559. [Evaluation metric]	Mode:valid, roc_auc: 0.9009; loss: 0.6055; pr_auc: 0.8937; acc: 0.8279; f1: 0.8271; 
Thu 07 Mar 2024 22:26:23 INFO  [Train Info] Epoch: 155, train loss: 0.2553. [Evaluation metric]	Mode:valid, roc_auc: 0.9037; loss: 0.6040; pr_auc: 0.8985; acc: 0.8324; f1: 0.8309; 
Thu 07 Mar 2024 22:26:23 INFO  [Train Info] Epoch: 156, train loss: 0.2542. [Evaluation metric]	Mode:valid, roc_auc: 0.9076; loss: 0.6020; pr_auc: 0.9044; acc: 0.8353; f1: 0.8329; 
Thu 07 Mar 2024 22:26:24 INFO  [Train Info] Epoch: 157, train loss: 0.2546. [Evaluation metric]	Mode:valid, roc_auc: 0.9047; loss: 0.6028; pr_auc: 0.8999; acc: 0.8306; f1: 0.8290; 
Thu 07 Mar 2024 22:26:24 INFO  [Train Info] Epoch: 158, train loss: 0.2503. [Evaluation metric]	Mode:valid, roc_auc: 0.9070; loss: 0.6019; pr_auc: 0.9010; acc: 0.8365; f1: 0.8343; 
Thu 07 Mar 2024 22:26:24 INFO  [Train Info] Epoch: 159, train loss: 0.2529. [Evaluation metric]	Mode:valid, roc_auc: 0.9100; loss: 0.6006; pr_auc: 0.9100; acc: 0.8362; f1: 0.8339; 
Thu 07 Mar 2024 22:26:24 INFO  [Train Info] Epoch: 160, train loss: 0.2519. [Evaluation metric]	Mode:valid, roc_auc: 0.9077; loss: 0.6012; pr_auc: 0.9012; acc: 0.8347; f1: 0.8323; 
Thu 07 Mar 2024 22:26:24 INFO  [Train Info] Epoch: 161, train loss: 0.2505. [Evaluation metric]	Mode:valid, roc_auc: 0.9103; loss: 0.6001; pr_auc: 0.9089; acc: 0.8377; f1: 0.8347; 
Thu 07 Mar 2024 22:26:25 INFO  [Train Info] Epoch: 162, train loss: 0.2511. [Evaluation metric]	Mode:valid, roc_auc: 0.9119; loss: 0.5980; pr_auc: 0.9063; acc: 0.8405; f1: 0.8370; 
Thu 07 Mar 2024 22:26:25 INFO  [Train Info] Epoch: 163, train loss: 0.2463. [Evaluation metric]	Mode:valid, roc_auc: 0.9055; loss: 0.6018; pr_auc: 0.8993; acc: 0.8316; f1: 0.8296; 
Thu 07 Mar 2024 22:26:25 INFO  [Train Info] Epoch: 164, train loss: 0.2475. [Evaluation metric]	Mode:valid, roc_auc: 0.9081; loss: 0.6001; pr_auc: 0.9036; acc: 0.8381; f1: 0.8353; 
Thu 07 Mar 2024 22:26:25 INFO  [Train Info] Epoch: 165, train loss: 0.2463. [Evaluation metric]	Mode:valid, roc_auc: 0.9081; loss: 0.6000; pr_auc: 0.9013; acc: 0.8351; f1: 0.8331; 
Thu 07 Mar 2024 22:26:26 INFO  [Train Info] Epoch: 166, train loss: 0.2446. [Evaluation metric]	Mode:valid, roc_auc: 0.9067; loss: 0.6006; pr_auc: 0.9010; acc: 0.8343; f1: 0.8324; 
Thu 07 Mar 2024 22:26:26 INFO  [Train Info] Epoch: 167, train loss: 0.2456. [Evaluation metric]	Mode:valid, roc_auc: 0.9075; loss: 0.6006; pr_auc: 0.9045; acc: 0.8335; f1: 0.8317; 
Thu 07 Mar 2024 22:26:26 INFO  [Train Info] Epoch: 168, train loss: 0.2461. [Evaluation metric]	Mode:valid, roc_auc: 0.9079; loss: 0.6000; pr_auc: 0.9035; acc: 0.8351; f1: 0.8327; 
Thu 07 Mar 2024 22:26:26 INFO  [Train Info] Epoch: 169, train loss: 0.2410. [Evaluation metric]	Mode:valid, roc_auc: 0.9090; loss: 0.5989; pr_auc: 0.9058; acc: 0.8379; f1: 0.8352; 
Thu 07 Mar 2024 22:26:26 INFO  [Train Info] Epoch: 170, train loss: 0.2421. [Evaluation metric]	Mode:valid, roc_auc: 0.9086; loss: 0.5991; pr_auc: 0.9041; acc: 0.8360; f1: 0.8332; 
Thu 07 Mar 2024 22:26:27 INFO  [Train Info] Epoch: 171, train loss: 0.2417. [Evaluation metric]	Mode:valid, roc_auc: 0.9106; loss: 0.5982; pr_auc: 0.9073; acc: 0.8383; f1: 0.8349; 
Thu 07 Mar 2024 22:26:27 INFO  [Train Info] Epoch: 172, train loss: 0.2396. [Evaluation metric]	Mode:valid, roc_auc: 0.9119; loss: 0.5968; pr_auc: 0.9047; acc: 0.8400; f1: 0.8363; 
Thu 07 Mar 2024 22:26:27 INFO  [Train Info] Epoch: 173, train loss: 0.2382. [Evaluation metric]	Mode:valid, roc_auc: 0.9105; loss: 0.5979; pr_auc: 0.9066; acc: 0.8393; f1: 0.8362; 
Thu 07 Mar 2024 22:26:27 INFO  [Train Info] Epoch: 174, train loss: 0.2384. [Evaluation metric]	Mode:valid, roc_auc: 0.9147; loss: 0.5956; pr_auc: 0.9131; acc: 0.8445; f1: 0.8406; 
Thu 07 Mar 2024 22:26:27 INFO  [Train Info] Epoch: 175, train loss: 0.2333. [Evaluation metric]	Mode:valid, roc_auc: 0.9075; loss: 0.5991; pr_auc: 0.9009; acc: 0.8368; f1: 0.8345; 
Thu 07 Mar 2024 22:26:28 INFO  [Train Info] Epoch: 176, train loss: 0.2407. [Evaluation metric]	Mode:valid, roc_auc: 0.9085; loss: 0.5985; pr_auc: 0.9036; acc: 0.8413; f1: 0.8386; 
Thu 07 Mar 2024 22:26:28 INFO  [Train Info] Epoch: 177, train loss: 0.2343. [Evaluation metric]	Mode:valid, roc_auc: 0.9104; loss: 0.5977; pr_auc: 0.9069; acc: 0.8376; f1: 0.8356; 
Thu 07 Mar 2024 22:26:28 INFO  [Train Info] Epoch: 178, train loss: 0.2360. [Evaluation metric]	Mode:valid, roc_auc: 0.9110; loss: 0.5971; pr_auc: 0.9060; acc: 0.8398; f1: 0.8375; 
Thu 07 Mar 2024 22:26:28 INFO  [Train Info] Epoch: 179, train loss: 0.2365. [Evaluation metric]	Mode:valid, roc_auc: 0.9124; loss: 0.5965; pr_auc: 0.9107; acc: 0.8422; f1: 0.8390; 
Thu 07 Mar 2024 22:26:29 INFO  [Train Info] Epoch: 180, train loss: 0.2333. [Evaluation metric]	Mode:valid, roc_auc: 0.9114; loss: 0.5955; pr_auc: 0.9039; acc: 0.8429; f1: 0.8396; 
Thu 07 Mar 2024 22:26:29 INFO  [Train Info] Epoch: 181, train loss: 0.2332. [Evaluation metric]	Mode:valid, roc_auc: 0.9132; loss: 0.5949; pr_auc: 0.9099; acc: 0.8437; f1: 0.8398; 
Thu 07 Mar 2024 22:26:29 INFO  [Train Info] Epoch: 182, train loss: 0.2332. [Evaluation metric]	Mode:valid, roc_auc: 0.9108; loss: 0.5960; pr_auc: 0.9061; acc: 0.8388; f1: 0.8353; 
Thu 07 Mar 2024 22:26:29 INFO  [Train Info] Epoch: 183, train loss: 0.2308. [Evaluation metric]	Mode:valid, roc_auc: 0.9098; loss: 0.5965; pr_auc: 0.9067; acc: 0.8409; f1: 0.8373; 
Thu 07 Mar 2024 22:26:29 INFO  [Train Info] Epoch: 184, train loss: 0.2329. [Evaluation metric]	Mode:valid, roc_auc: 0.9097; loss: 0.5966; pr_auc: 0.9055; acc: 0.8381; f1: 0.8349; 
Thu 07 Mar 2024 22:26:30 INFO  [Train Info] Epoch: 185, train loss: 0.2320. [Evaluation metric]	Mode:valid, roc_auc: 0.9144; loss: 0.5936; pr_auc: 0.9119; acc: 0.8482; f1: 0.8441; 
Thu 07 Mar 2024 22:26:30 INFO  [Train Info] Epoch: 186, train loss: 0.2295. [Evaluation metric]	Mode:valid, roc_auc: 0.9127; loss: 0.5943; pr_auc: 0.9064; acc: 0.8450; f1: 0.8417; 
Thu 07 Mar 2024 22:26:30 INFO  [Train Info] Epoch: 187, train loss: 0.2325. [Evaluation metric]	Mode:valid, roc_auc: 0.9116; loss: 0.5955; pr_auc: 0.9073; acc: 0.8429; f1: 0.8403; 
Thu 07 Mar 2024 22:26:30 INFO  [Train Info] Epoch: 188, train loss: 0.2302. [Evaluation metric]	Mode:valid, roc_auc: 0.9109; loss: 0.5954; pr_auc: 0.9053; acc: 0.8433; f1: 0.8411; 
Thu 07 Mar 2024 22:26:30 INFO  [Train Info] Epoch: 189, train loss: 0.2297. [Evaluation metric]	Mode:valid, roc_auc: 0.9129; loss: 0.5947; pr_auc: 0.9096; acc: 0.8432; f1: 0.8410; 
Thu 07 Mar 2024 22:26:31 INFO  [Train Info] Epoch: 190, train loss: 0.2298. [Evaluation metric]	Mode:valid, roc_auc: 0.9136; loss: 0.5941; pr_auc: 0.9084; acc: 0.8474; f1: 0.8444; 
Thu 07 Mar 2024 22:26:31 INFO  [Train Info] Epoch: 191, train loss: 0.2243. [Evaluation metric]	Mode:valid, roc_auc: 0.9122; loss: 0.5951; pr_auc: 0.9085; acc: 0.8438; f1: 0.8412; 
Thu 07 Mar 2024 22:26:31 INFO  [Train Info] Epoch: 192, train loss: 0.2265. [Evaluation metric]	Mode:valid, roc_auc: 0.9115; loss: 0.5949; pr_auc: 0.9061; acc: 0.8437; f1: 0.8406; 
Thu 07 Mar 2024 22:26:31 INFO  [Train Info] Epoch: 193, train loss: 0.2238. [Evaluation metric]	Mode:valid, roc_auc: 0.9155; loss: 0.5929; pr_auc: 0.9145; acc: 0.8467; f1: 0.8428; 
Thu 07 Mar 2024 22:26:31 INFO  [Train Info] Epoch: 194, train loss: 0.2250. [Evaluation metric]	Mode:valid, roc_auc: 0.9138; loss: 0.5936; pr_auc: 0.9123; acc: 0.8437; f1: 0.8399; 
Thu 07 Mar 2024 22:26:32 INFO  [Train Info] Epoch: 195, train loss: 0.2231. [Evaluation metric]	Mode:valid, roc_auc: 0.9137; loss: 0.5934; pr_auc: 0.9123; acc: 0.8436; f1: 0.8395; 
Thu 07 Mar 2024 22:26:32 INFO  [Train Info] Epoch: 196, train loss: 0.2221. [Evaluation metric]	Mode:valid, roc_auc: 0.9148; loss: 0.5928; pr_auc: 0.9125; acc: 0.8434; f1: 0.8393; 
Thu 07 Mar 2024 22:26:32 INFO  [Train Info] Epoch: 197, train loss: 0.2243. [Evaluation metric]	Mode:valid, roc_auc: 0.9162; loss: 0.5923; pr_auc: 0.9158; acc: 0.8447; f1: 0.8407; 
Thu 07 Mar 2024 22:26:32 INFO  [Train Info] Epoch: 198, train loss: 0.2224. [Evaluation metric]	Mode:valid, roc_auc: 0.9158; loss: 0.5918; pr_auc: 0.9105; acc: 0.8452; f1: 0.8416; 
Thu 07 Mar 2024 22:26:32 INFO  [Train Info] Epoch: 199, train loss: 0.2199. [Evaluation metric]	Mode:valid, roc_auc: 0.9167; loss: 0.5910; pr_auc: 0.9105; acc: 0.8490; f1: 0.8452; 
Thu 07 Mar 2024 22:26:33 INFO  [Train Info] Epoch: 200, train loss: 0.2212. [Evaluation metric]	Mode:valid, roc_auc: 0.9181; loss: 0.5907; pr_auc: 0.9163; acc: 0.8486; f1: 0.8451; 
Thu 07 Mar 2024 22:26:33 INFO  [Train Info] Epoch: 201, train loss: 0.2201. [Evaluation metric]	Mode:valid, roc_auc: 0.9135; loss: 0.5932; pr_auc: 0.9068; acc: 0.8431; f1: 0.8402; 
Thu 07 Mar 2024 22:26:33 INFO  [Train Info] Epoch: 202, train loss: 0.2217. [Evaluation metric]	Mode:valid, roc_auc: 0.9132; loss: 0.5927; pr_auc: 0.9092; acc: 0.8434; f1: 0.8404; 
Thu 07 Mar 2024 22:26:33 INFO  [Train Info] Epoch: 203, train loss: 0.2191. [Evaluation metric]	Mode:valid, roc_auc: 0.9151; loss: 0.5922; pr_auc: 0.9137; acc: 0.8455; f1: 0.8421; 
Thu 07 Mar 2024 22:26:33 INFO  [Train Info] Epoch: 204, train loss: 0.2182. [Evaluation metric]	Mode:valid, roc_auc: 0.9161; loss: 0.5912; pr_auc: 0.9136; acc: 0.8476; f1: 0.8438; 
Thu 07 Mar 2024 22:26:34 INFO  [Train Info] Epoch: 205, train loss: 0.2157. [Evaluation metric]	Mode:valid, roc_auc: 0.9145; loss: 0.5917; pr_auc: 0.9094; acc: 0.8489; f1: 0.8450; 
Thu 07 Mar 2024 22:26:34 INFO  [Train Info] Epoch: 206, train loss: 0.2172. [Evaluation metric]	Mode:valid, roc_auc: 0.9184; loss: 0.5892; pr_auc: 0.9161; acc: 0.8532; f1: 0.8487; 
Thu 07 Mar 2024 22:26:34 INFO  [Train Info] Epoch: 207, train loss: 0.2145. [Evaluation metric]	Mode:valid, roc_auc: 0.9163; loss: 0.5907; pr_auc: 0.9132; acc: 0.8487; f1: 0.8448; 
Thu 07 Mar 2024 22:26:34 INFO  [Train Info] Epoch: 208, train loss: 0.2167. [Evaluation metric]	Mode:valid, roc_auc: 0.9161; loss: 0.5912; pr_auc: 0.9138; acc: 0.8470; f1: 0.8435; 
Thu 07 Mar 2024 22:26:35 INFO  [Train Info] Epoch: 209, train loss: 0.2152. [Evaluation metric]	Mode:valid, roc_auc: 0.9166; loss: 0.5908; pr_auc: 0.9132; acc: 0.8460; f1: 0.8427; 
Thu 07 Mar 2024 22:26:35 INFO  [Train Info] Epoch: 210, train loss: 0.2160. [Evaluation metric]	Mode:valid, roc_auc: 0.9147; loss: 0.5912; pr_auc: 0.9110; acc: 0.8468; f1: 0.8434; 
Thu 07 Mar 2024 22:26:35 INFO  [Train Info] Epoch: 211, train loss: 0.2129. [Evaluation metric]	Mode:valid, roc_auc: 0.9159; loss: 0.5911; pr_auc: 0.9125; acc: 0.8456; f1: 0.8421; 
Thu 07 Mar 2024 22:26:35 INFO  [Train Info] Epoch: 212, train loss: 0.2149. [Evaluation metric]	Mode:valid, roc_auc: 0.9158; loss: 0.5902; pr_auc: 0.9108; acc: 0.8465; f1: 0.8428; 
Thu 07 Mar 2024 22:26:35 INFO  [Train Info] Epoch: 213, train loss: 0.2149. [Evaluation metric]	Mode:valid, roc_auc: 0.9169; loss: 0.5897; pr_auc: 0.9131; acc: 0.8493; f1: 0.8450; 
Thu 07 Mar 2024 22:26:36 INFO  [Train Info] Epoch: 214, train loss: 0.2117. [Evaluation metric]	Mode:valid, roc_auc: 0.9149; loss: 0.5904; pr_auc: 0.9092; acc: 0.8474; f1: 0.8432; 
Thu 07 Mar 2024 22:26:36 INFO  [Train Info] Epoch: 215, train loss: 0.2130. [Evaluation metric]	Mode:valid, roc_auc: 0.9152; loss: 0.5906; pr_auc: 0.9105; acc: 0.8456; f1: 0.8418; 
Thu 07 Mar 2024 22:26:36 INFO  [Train Info] Epoch: 216, train loss: 0.2069. [Evaluation metric]	Mode:valid, roc_auc: 0.9152; loss: 0.5906; pr_auc: 0.9131; acc: 0.8468; f1: 0.8430; 
Thu 07 Mar 2024 22:26:36 INFO  [Train Info] Epoch: 217, train loss: 0.2108. [Evaluation metric]	Mode:valid, roc_auc: 0.9150; loss: 0.5905; pr_auc: 0.9087; acc: 0.8484; f1: 0.8440; 
Thu 07 Mar 2024 22:26:36 INFO  [Train Info] Epoch: 218, train loss: 0.2111. [Evaluation metric]	Mode:valid, roc_auc: 0.9169; loss: 0.5895; pr_auc: 0.9147; acc: 0.8503; f1: 0.8458; 
Thu 07 Mar 2024 22:26:37 INFO  [Train Info] Epoch: 219, train loss: 0.2131. [Evaluation metric]	Mode:valid, roc_auc: 0.9151; loss: 0.5898; pr_auc: 0.9097; acc: 0.8491; f1: 0.8450; 
Thu 07 Mar 2024 22:26:37 INFO  [Train Info] Epoch: 220, train loss: 0.2078. [Evaluation metric]	Mode:valid, roc_auc: 0.9158; loss: 0.5896; pr_auc: 0.9116; acc: 0.8477; f1: 0.8439; 
Thu 07 Mar 2024 22:26:37 INFO  [Train Info] Epoch: 221, train loss: 0.2065. [Evaluation metric]	Mode:valid, roc_auc: 0.9163; loss: 0.5889; pr_auc: 0.9118; acc: 0.8498; f1: 0.8458; 
Thu 07 Mar 2024 22:26:37 INFO  [Train Info] Epoch: 222, train loss: 0.2081. [Evaluation metric]	Mode:valid, roc_auc: 0.9176; loss: 0.5887; pr_auc: 0.9150; acc: 0.8494; f1: 0.8455; 
Thu 07 Mar 2024 22:26:37 INFO  [Train Info] Epoch: 223, train loss: 0.2076. [Evaluation metric]	Mode:valid, roc_auc: 0.9206; loss: 0.5869; pr_auc: 0.9191; acc: 0.8555; f1: 0.8508; 
Thu 07 Mar 2024 22:26:38 INFO  [Train Info] Epoch: 224, train loss: 0.2108. [Evaluation metric]	Mode:valid, roc_auc: 0.9161; loss: 0.5892; pr_auc: 0.9118; acc: 0.8493; f1: 0.8455; 
Thu 07 Mar 2024 22:26:38 INFO  [Train Info] Epoch: 225, train loss: 0.2060. [Evaluation metric]	Mode:valid, roc_auc: 0.9146; loss: 0.5893; pr_auc: 0.9083; acc: 0.8505; f1: 0.8465; 
Thu 07 Mar 2024 22:26:38 INFO  [Train Info] Epoch: 226, train loss: 0.2075. [Evaluation metric]	Mode:valid, roc_auc: 0.9187; loss: 0.5872; pr_auc: 0.9152; acc: 0.8526; f1: 0.8482; 
Thu 07 Mar 2024 22:26:38 INFO  [Train Info] Epoch: 227, train loss: 0.2059. [Evaluation metric]	Mode:valid, roc_auc: 0.9148; loss: 0.5894; pr_auc: 0.9087; acc: 0.8494; f1: 0.8453; 
Thu 07 Mar 2024 22:26:38 INFO  [Train Info] Epoch: 228, train loss: 0.2057. [Evaluation metric]	Mode:valid, roc_auc: 0.9160; loss: 0.5887; pr_auc: 0.9132; acc: 0.8503; f1: 0.8462; 
Thu 07 Mar 2024 22:26:39 INFO  [Train Info] Epoch: 229, train loss: 0.2045. [Evaluation metric]	Mode:valid, roc_auc: 0.9181; loss: 0.5876; pr_auc: 0.9174; acc: 0.8534; f1: 0.8488; 
Thu 07 Mar 2024 22:26:39 INFO  [Train Info] Epoch: 230, train loss: 0.2060. [Evaluation metric]	Mode:valid, roc_auc: 0.9167; loss: 0.5886; pr_auc: 0.9144; acc: 0.8517; f1: 0.8474; 
Thu 07 Mar 2024 22:26:39 INFO  [Train Info] Epoch: 231, train loss: 0.2061. [Evaluation metric]	Mode:valid, roc_auc: 0.9170; loss: 0.5879; pr_auc: 0.9114; acc: 0.8550; f1: 0.8505; 
Thu 07 Mar 2024 22:26:39 INFO  [Train Info] Epoch: 232, train loss: 0.2024. [Evaluation metric]	Mode:valid, roc_auc: 0.9178; loss: 0.5880; pr_auc: 0.9180; acc: 0.8515; f1: 0.8474; 
Thu 07 Mar 2024 22:26:39 INFO  [Train Info] Epoch: 233, train loss: 0.2031. [Evaluation metric]	Mode:valid, roc_auc: 0.9188; loss: 0.5871; pr_auc: 0.9149; acc: 0.8519; f1: 0.8475; 
Thu 07 Mar 2024 22:26:40 INFO  [Train Info] Epoch: 234, train loss: 0.2010. [Evaluation metric]	Mode:valid, roc_auc: 0.9155; loss: 0.5889; pr_auc: 0.9115; acc: 0.8503; f1: 0.8462; 
Thu 07 Mar 2024 22:26:40 INFO  [Train Info] Epoch: 235, train loss: 0.2012. [Evaluation metric]	Mode:valid, roc_auc: 0.9189; loss: 0.5872; pr_auc: 0.9165; acc: 0.8526; f1: 0.8483; 
Thu 07 Mar 2024 22:26:40 INFO  [Train Info] Epoch: 236, train loss: 0.2017. [Evaluation metric]	Mode:valid, roc_auc: 0.9207; loss: 0.5862; pr_auc: 0.9183; acc: 0.8544; f1: 0.8500; 
Thu 07 Mar 2024 22:26:40 INFO  [Train Info] Epoch: 237, train loss: 0.1977. [Evaluation metric]	Mode:valid, roc_auc: 0.9181; loss: 0.5873; pr_auc: 0.9147; acc: 0.8529; f1: 0.8486; 
Thu 07 Mar 2024 22:26:41 INFO  [Train Info] Epoch: 238, train loss: 0.2017. [Evaluation metric]	Mode:valid, roc_auc: 0.9183; loss: 0.5873; pr_auc: 0.9165; acc: 0.8509; f1: 0.8469; 
Thu 07 Mar 2024 22:26:41 INFO  [Train Info] Epoch: 239, train loss: 0.2024. [Evaluation metric]	Mode:valid, roc_auc: 0.9191; loss: 0.5859; pr_auc: 0.9155; acc: 0.8543; f1: 0.8500; 
Thu 07 Mar 2024 22:26:41 INFO  [Train Info] Epoch: 240, train loss: 0.2019. [Evaluation metric]	Mode:valid, roc_auc: 0.9174; loss: 0.5872; pr_auc: 0.9122; acc: 0.8527; f1: 0.8485; 
Thu 07 Mar 2024 22:26:41 INFO  [Train Info] Epoch: 241, train loss: 0.1987. [Evaluation metric]	Mode:valid, roc_auc: 0.9180; loss: 0.5862; pr_auc: 0.9133; acc: 0.8545; f1: 0.8499; 
Thu 07 Mar 2024 22:26:41 INFO  [Train Info] Epoch: 242, train loss: 0.2019. [Evaluation metric]	Mode:valid, roc_auc: 0.9178; loss: 0.5871; pr_auc: 0.9165; acc: 0.8504; f1: 0.8461; 
Thu 07 Mar 2024 22:26:42 INFO  [Train Info] Epoch: 243, train loss: 0.1990. [Evaluation metric]	Mode:valid, roc_auc: 0.9193; loss: 0.5854; pr_auc: 0.9167; acc: 0.8545; f1: 0.8493; 
Thu 07 Mar 2024 22:26:42 INFO  [Train Info] Epoch: 244, train loss: 0.2012. [Evaluation metric]	Mode:valid, roc_auc: 0.9173; loss: 0.5861; pr_auc: 0.9129; acc: 0.8538; f1: 0.8488; 
Thu 07 Mar 2024 22:26:42 INFO  [Train Info] Epoch: 245, train loss: 0.1985. [Evaluation metric]	Mode:valid, roc_auc: 0.9173; loss: 0.5864; pr_auc: 0.9138; acc: 0.8529; f1: 0.8478; 
Thu 07 Mar 2024 22:26:42 INFO  [Train Info] Epoch: 246, train loss: 0.1987. [Evaluation metric]	Mode:valid, roc_auc: 0.9168; loss: 0.5859; pr_auc: 0.9114; acc: 0.8522; f1: 0.8470; 
Thu 07 Mar 2024 22:26:42 INFO  [Train Info] Epoch: 247, train loss: 0.1968. [Evaluation metric]	Mode:valid, roc_auc: 0.9168; loss: 0.5865; pr_auc: 0.9131; acc: 0.8512; f1: 0.8463; 
Thu 07 Mar 2024 22:26:43 INFO  [Train Info] Epoch: 248, train loss: 0.1959. [Evaluation metric]	Mode:valid, roc_auc: 0.9161; loss: 0.5864; pr_auc: 0.9120; acc: 0.8516; f1: 0.8466; 
Thu 07 Mar 2024 22:26:43 INFO  [Train Info] Epoch: 249, train loss: 0.1965. [Evaluation metric]	Mode:valid, roc_auc: 0.9196; loss: 0.5855; pr_auc: 0.9171; acc: 0.8510; f1: 0.8460; 
Thu 07 Mar 2024 22:26:43 INFO  [Train Info] Epoch: 250, train loss: 0.1967. [Evaluation metric]	Mode:valid, roc_auc: 0.9170; loss: 0.5867; pr_auc: 0.9155; acc: 0.8499; f1: 0.8452; 
Thu 07 Mar 2024 22:26:43 INFO  [Train Info] Epoch: 251, train loss: 0.1969. [Evaluation metric]	Mode:valid, roc_auc: 0.9181; loss: 0.5855; pr_auc: 0.9165; acc: 0.8545; f1: 0.8492; 
Thu 07 Mar 2024 22:26:43 INFO  [Train Info] Epoch: 252, train loss: 0.1943. [Evaluation metric]	Mode:valid, roc_auc: 0.9200; loss: 0.5848; pr_auc: 0.9199; acc: 0.8555; f1: 0.8502; 
Thu 07 Mar 2024 22:26:44 INFO  [Train Info] Epoch: 253, train loss: 0.1962. [Evaluation metric]	Mode:valid, roc_auc: 0.9196; loss: 0.5850; pr_auc: 0.9195; acc: 0.8566; f1: 0.8515; 
Thu 07 Mar 2024 22:26:44 INFO  [Train Info] Epoch: 254, train loss: 0.1914. [Evaluation metric]	Mode:valid, roc_auc: 0.9193; loss: 0.5853; pr_auc: 0.9190; acc: 0.8550; f1: 0.8501; 
Thu 07 Mar 2024 22:26:44 INFO  [Train Info] Epoch: 255, train loss: 0.1960. [Evaluation metric]	Mode:valid, roc_auc: 0.9196; loss: 0.5849; pr_auc: 0.9181; acc: 0.8545; f1: 0.8496; 
Thu 07 Mar 2024 22:26:44 INFO  [Train Info] Epoch: 256, train loss: 0.1950. [Evaluation metric]	Mode:valid, roc_auc: 0.9189; loss: 0.5849; pr_auc: 0.9165; acc: 0.8555; f1: 0.8505; 
Thu 07 Mar 2024 22:26:45 INFO  [Train Info] Epoch: 257, train loss: 0.1938. [Evaluation metric]	Mode:valid, roc_auc: 0.9220; loss: 0.5836; pr_auc: 0.9201; acc: 0.8555; f1: 0.8505; 
Thu 07 Mar 2024 22:26:45 INFO  [Train Info] Epoch: 258, train loss: 0.1939. [Evaluation metric]	Mode:valid, roc_auc: 0.9176; loss: 0.5859; pr_auc: 0.9158; acc: 0.8524; f1: 0.8478; 
Thu 07 Mar 2024 22:26:45 INFO  [Train Info] Epoch: 259, train loss: 0.1919. [Evaluation metric]	Mode:valid, roc_auc: 0.9168; loss: 0.5856; pr_auc: 0.9107; acc: 0.8536; f1: 0.8490; 
Thu 07 Mar 2024 22:26:45 INFO  [Train Info] Epoch: 260, train loss: 0.1920. [Evaluation metric]	Mode:valid, roc_auc: 0.9181; loss: 0.5843; pr_auc: 0.9116; acc: 0.8554; f1: 0.8508; 
Thu 07 Mar 2024 22:26:45 INFO  [Train Info] Epoch: 261, train loss: 0.1905. [Evaluation metric]	Mode:valid, roc_auc: 0.9218; loss: 0.5833; pr_auc: 0.9210; acc: 0.8573; f1: 0.8525; 
Thu 07 Mar 2024 22:26:46 INFO  [Train Info] Epoch: 262, train loss: 0.1865. [Evaluation metric]	Mode:valid, roc_auc: 0.9195; loss: 0.5836; pr_auc: 0.9153; acc: 0.8556; f1: 0.8507; 
Thu 07 Mar 2024 22:26:46 INFO  [Train Info] Epoch: 263, train loss: 0.1899. [Evaluation metric]	Mode:valid, roc_auc: 0.9205; loss: 0.5838; pr_auc: 0.9196; acc: 0.8560; f1: 0.8511; 
Thu 07 Mar 2024 22:26:46 INFO  [Train Info] Epoch: 264, train loss: 0.1896. [Evaluation metric]	Mode:valid, roc_auc: 0.9208; loss: 0.5834; pr_auc: 0.9207; acc: 0.8558; f1: 0.8507; 
Thu 07 Mar 2024 22:26:46 INFO  [Train Info] Epoch: 265, train loss: 0.1899. [Evaluation metric]	Mode:valid, roc_auc: 0.9184; loss: 0.5847; pr_auc: 0.9163; acc: 0.8539; f1: 0.8489; 
Thu 07 Mar 2024 22:26:47 INFO  [Train Info] Epoch: 266, train loss: 0.1867. [Evaluation metric]	Mode:valid, roc_auc: 0.9215; loss: 0.5827; pr_auc: 0.9207; acc: 0.8581; f1: 0.8525; 
Thu 07 Mar 2024 22:26:47 INFO  [Train Info] Epoch: 267, train loss: 0.1892. [Evaluation metric]	Mode:valid, roc_auc: 0.9205; loss: 0.5837; pr_auc: 0.9206; acc: 0.8557; f1: 0.8504; 
Thu 07 Mar 2024 22:26:47 INFO  [Train Info] Epoch: 268, train loss: 0.1870. [Evaluation metric]	Mode:valid, roc_auc: 0.9202; loss: 0.5831; pr_auc: 0.9183; acc: 0.8567; f1: 0.8513; 
Thu 07 Mar 2024 22:26:47 INFO  [Train Info] Epoch: 269, train loss: 0.1873. [Evaluation metric]	Mode:valid, roc_auc: 0.9204; loss: 0.5831; pr_auc: 0.9191; acc: 0.8575; f1: 0.8525; 
Thu 07 Mar 2024 22:26:47 INFO  [Train Info] Epoch: 270, train loss: 0.1872. [Evaluation metric]	Mode:valid, roc_auc: 0.9203; loss: 0.5835; pr_auc: 0.9191; acc: 0.8565; f1: 0.8519; 
Thu 07 Mar 2024 22:26:48 INFO  [Train Info] Epoch: 271, train loss: 0.1884. [Evaluation metric]	Mode:valid, roc_auc: 0.9212; loss: 0.5820; pr_auc: 0.9198; acc: 0.8578; f1: 0.8531; 
Thu 07 Mar 2024 22:26:48 INFO  [Train Info] Epoch: 272, train loss: 0.1888. [Evaluation metric]	Mode:valid, roc_auc: 0.9196; loss: 0.5834; pr_auc: 0.9191; acc: 0.8556; f1: 0.8510; 
Thu 07 Mar 2024 22:26:48 INFO  [Train Info] Epoch: 273, train loss: 0.1863. [Evaluation metric]	Mode:valid, roc_auc: 0.9194; loss: 0.5829; pr_auc: 0.9168; acc: 0.8564; f1: 0.8513; 
Thu 07 Mar 2024 22:26:48 INFO  [Train Info] Epoch: 274, train loss: 0.1865. [Evaluation metric]	Mode:valid, roc_auc: 0.9191; loss: 0.5836; pr_auc: 0.9170; acc: 0.8548; f1: 0.8496; 
Thu 07 Mar 2024 22:26:49 INFO  [Train Info] Epoch: 275, train loss: 0.1857. [Evaluation metric]	Mode:valid, roc_auc: 0.9204; loss: 0.5827; pr_auc: 0.9203; acc: 0.8568; f1: 0.8515; 
Thu 07 Mar 2024 22:26:49 INFO  [Train Info] Epoch: 276, train loss: 0.1838. [Evaluation metric]	Mode:valid, roc_auc: 0.9184; loss: 0.5838; pr_auc: 0.9176; acc: 0.8560; f1: 0.8506; 
Thu 07 Mar 2024 22:26:49 INFO  [Train Info] Epoch: 277, train loss: 0.1849. [Evaluation metric]	Mode:valid, roc_auc: 0.9219; loss: 0.5812; pr_auc: 0.9191; acc: 0.8597; f1: 0.8540; 
Thu 07 Mar 2024 22:26:49 INFO  [Train Info] Epoch: 278, train loss: 0.1882. [Evaluation metric]	Mode:valid, roc_auc: 0.9185; loss: 0.5834; pr_auc: 0.9155; acc: 0.8539; f1: 0.8488; 
Thu 07 Mar 2024 22:26:49 INFO  [Train Info] Epoch: 279, train loss: 0.1822. [Evaluation metric]	Mode:valid, roc_auc: 0.9192; loss: 0.5830; pr_auc: 0.9173; acc: 0.8556; f1: 0.8501; 
Thu 07 Mar 2024 22:26:50 INFO  [Train Info] Epoch: 280, train loss: 0.1859. [Evaluation metric]	Mode:valid, roc_auc: 0.9217; loss: 0.5820; pr_auc: 0.9224; acc: 0.8585; f1: 0.8527; 
Thu 07 Mar 2024 22:26:50 INFO  [Train Info] Epoch: 281, train loss: 0.1841. [Evaluation metric]	Mode:valid, roc_auc: 0.9170; loss: 0.5842; pr_auc: 0.9133; acc: 0.8549; f1: 0.8498; 
Thu 07 Mar 2024 22:26:50 INFO  [Train Info] Epoch: 282, train loss: 0.1822. [Evaluation metric]	Mode:valid, roc_auc: 0.9195; loss: 0.5823; pr_auc: 0.9164; acc: 0.8565; f1: 0.8513; 
Thu 07 Mar 2024 22:26:50 INFO  [Train Info] Epoch: 283, train loss: 0.1822. [Evaluation metric]	Mode:valid, roc_auc: 0.9195; loss: 0.5827; pr_auc: 0.9175; acc: 0.8568; f1: 0.8517; 
Thu 07 Mar 2024 22:26:50 INFO  [Train Info] Epoch: 284, train loss: 0.1821. [Evaluation metric]	Mode:valid, roc_auc: 0.9208; loss: 0.5814; pr_auc: 0.9186; acc: 0.8588; f1: 0.8533; 
Thu 07 Mar 2024 22:26:51 INFO  [Train Info] Epoch: 285, train loss: 0.1847. [Evaluation metric]	Mode:valid, roc_auc: 0.9212; loss: 0.5813; pr_auc: 0.9202; acc: 0.8602; f1: 0.8549; 
Thu 07 Mar 2024 22:26:51 INFO  [Train Info] Epoch: 286, train loss: 0.1822. [Evaluation metric]	Mode:valid, roc_auc: 0.9200; loss: 0.5821; pr_auc: 0.9174; acc: 0.8569; f1: 0.8520; 
Thu 07 Mar 2024 22:26:51 INFO  [Train Info] Epoch: 287, train loss: 0.1794. [Evaluation metric]	Mode:valid, roc_auc: 0.9213; loss: 0.5814; pr_auc: 0.9209; acc: 0.8603; f1: 0.8549; 
Thu 07 Mar 2024 22:26:51 INFO  [Train Info] Epoch: 288, train loss: 0.1820. [Evaluation metric]	Mode:valid, roc_auc: 0.9236; loss: 0.5801; pr_auc: 0.9238; acc: 0.8636; f1: 0.8579; 
Thu 07 Mar 2024 22:26:51 INFO  [Train Info] Epoch: 289, train loss: 0.1845. [Evaluation metric]	Mode:valid, roc_auc: 0.9227; loss: 0.5807; pr_auc: 0.9232; acc: 0.8608; f1: 0.8554; 
Thu 07 Mar 2024 22:26:52 INFO  [Train Info] Epoch: 290, train loss: 0.1789. [Evaluation metric]	Mode:valid, roc_auc: 0.9213; loss: 0.5815; pr_auc: 0.9215; acc: 0.8609; f1: 0.8552; 
Thu 07 Mar 2024 22:26:52 INFO  [Train Info] Epoch: 291, train loss: 0.1789. [Evaluation metric]	Mode:valid, roc_auc: 0.9206; loss: 0.5815; pr_auc: 0.9181; acc: 0.8575; f1: 0.8522; 
Thu 07 Mar 2024 22:26:52 INFO  [Train Info] Epoch: 292, train loss: 0.1773. [Evaluation metric]	Mode:valid, roc_auc: 0.9202; loss: 0.5816; pr_auc: 0.9200; acc: 0.8583; f1: 0.8529; 
Thu 07 Mar 2024 22:26:52 INFO  [Train Info] Epoch: 293, train loss: 0.1811. [Evaluation metric]	Mode:valid, roc_auc: 0.9192; loss: 0.5815; pr_auc: 0.9148; acc: 0.8573; f1: 0.8518; 
Thu 07 Mar 2024 22:26:52 INFO  [Train Info] Epoch: 294, train loss: 0.1772. [Evaluation metric]	Mode:valid, roc_auc: 0.9191; loss: 0.5822; pr_auc: 0.9171; acc: 0.8579; f1: 0.8524; 
Thu 07 Mar 2024 22:26:53 INFO  [Train Info] Epoch: 295, train loss: 0.1818. [Evaluation metric]	Mode:valid, roc_auc: 0.9212; loss: 0.5812; pr_auc: 0.9221; acc: 0.8589; f1: 0.8531; 
Thu 07 Mar 2024 22:26:53 INFO  [Train Info] Epoch: 296, train loss: 0.1789. [Evaluation metric]	Mode:valid, roc_auc: 0.9200; loss: 0.5815; pr_auc: 0.9179; acc: 0.8582; f1: 0.8525; 
Thu 07 Mar 2024 22:26:53 INFO  [Train Info] Epoch: 297, train loss: 0.1777. [Evaluation metric]	Mode:valid, roc_auc: 0.9199; loss: 0.5813; pr_auc: 0.9184; acc: 0.8585; f1: 0.8529; 
Thu 07 Mar 2024 22:26:53 INFO  [Train Info] Epoch: 298, train loss: 0.1766. [Evaluation metric]	Mode:valid, roc_auc: 0.9227; loss: 0.5799; pr_auc: 0.9220; acc: 0.8595; f1: 0.8540; 
Thu 07 Mar 2024 22:26:53 INFO  [Train Info] Epoch: 299, train loss: 0.1780. [Evaluation metric]	Mode:valid, roc_auc: 0.9223; loss: 0.5805; pr_auc: 0.9226; acc: 0.8585; f1: 0.8532; 
Thu 07 Mar 2024 22:26:54 INFO  [Train Info] Epoch: 300, train loss: 0.1786. [Evaluation metric]	Mode:valid, roc_auc: 0.9212; loss: 0.5804; pr_auc: 0.9188; acc: 0.8606; f1: 0.8551; 
Thu 07 Mar 2024 22:26:54 INFO  [Train Info] Epoch: 301, train loss: 0.1750. [Evaluation metric]	Mode:valid, roc_auc: 0.9195; loss: 0.5813; pr_auc: 0.9186; acc: 0.8591; f1: 0.8537; 
Thu 07 Mar 2024 22:26:54 INFO  [Train Info] Epoch: 302, train loss: 0.1761. [Evaluation metric]	Mode:valid, roc_auc: 0.9185; loss: 0.5818; pr_auc: 0.9153; acc: 0.8572; f1: 0.8521; 
Thu 07 Mar 2024 22:26:54 INFO  [Train Info] Epoch: 303, train loss: 0.1762. [Evaluation metric]	Mode:valid, roc_auc: 0.9205; loss: 0.5813; pr_auc: 0.9220; acc: 0.8568; f1: 0.8514; 
Thu 07 Mar 2024 22:26:55 INFO  [Train Info] Epoch: 304, train loss: 0.1741. [Evaluation metric]	Mode:valid, roc_auc: 0.9219; loss: 0.5794; pr_auc: 0.9196; acc: 0.8611; f1: 0.8552; 
Thu 07 Mar 2024 22:26:55 INFO  [Train Info] Epoch: 305, train loss: 0.1763. [Evaluation metric]	Mode:valid, roc_auc: 0.9214; loss: 0.5797; pr_auc: 0.9188; acc: 0.8608; f1: 0.8549; 
Thu 07 Mar 2024 22:26:55 INFO  [Train Info] Epoch: 306, train loss: 0.1735. [Evaluation metric]	Mode:valid, roc_auc: 0.9245; loss: 0.5779; pr_auc: 0.9232; acc: 0.8650; f1: 0.8588; 
Thu 07 Mar 2024 22:26:55 INFO  [Train Info] Epoch: 307, train loss: 0.1745. [Evaluation metric]	Mode:valid, roc_auc: 0.9271; loss: 0.5776; pr_auc: 0.9322; acc: 0.8641; f1: 0.8582; 
Thu 07 Mar 2024 22:26:55 INFO  [Train Info] Epoch: 308, train loss: 0.1764. [Evaluation metric]	Mode:valid, roc_auc: 0.9207; loss: 0.5805; pr_auc: 0.9204; acc: 0.8583; f1: 0.8531; 
Thu 07 Mar 2024 22:26:56 INFO  [Train Info] Epoch: 309, train loss: 0.1726. [Evaluation metric]	Mode:valid, roc_auc: 0.9249; loss: 0.5781; pr_auc: 0.9271; acc: 0.8640; f1: 0.8584; 
Thu 07 Mar 2024 22:26:56 INFO  [Train Info] Epoch: 310, train loss: 0.1722. [Evaluation metric]	Mode:valid, roc_auc: 0.9215; loss: 0.5794; pr_auc: 0.9190; acc: 0.8613; f1: 0.8562; 
Thu 07 Mar 2024 22:26:56 INFO  [Train Info] Epoch: 311, train loss: 0.1748. [Evaluation metric]	Mode:valid, roc_auc: 0.9241; loss: 0.5786; pr_auc: 0.9240; acc: 0.8638; f1: 0.8587; 
Thu 07 Mar 2024 22:26:56 INFO  [Train Info] Epoch: 312, train loss: 0.1743. [Evaluation metric]	Mode:valid, roc_auc: 0.9251; loss: 0.5779; pr_auc: 0.9282; acc: 0.8640; f1: 0.8588; 
Thu 07 Mar 2024 22:26:56 INFO  [Train Info] Epoch: 313, train loss: 0.1716. [Evaluation metric]	Mode:valid, roc_auc: 0.9252; loss: 0.5777; pr_auc: 0.9252; acc: 0.8637; f1: 0.8585; 
Thu 07 Mar 2024 22:26:57 INFO  [Train Info] Epoch: 314, train loss: 0.1731. [Evaluation metric]	Mode:valid, roc_auc: 0.9214; loss: 0.5794; pr_auc: 0.9202; acc: 0.8625; f1: 0.8571; 
Thu 07 Mar 2024 22:26:57 INFO  [Train Info] Epoch: 315, train loss: 0.1717. [Evaluation metric]	Mode:valid, roc_auc: 0.9217; loss: 0.5798; pr_auc: 0.9227; acc: 0.8602; f1: 0.8548; 
Thu 07 Mar 2024 22:26:57 INFO  [Train Info] Epoch: 316, train loss: 0.1728. [Evaluation metric]	Mode:valid, roc_auc: 0.9219; loss: 0.5797; pr_auc: 0.9219; acc: 0.8593; f1: 0.8537; 
Thu 07 Mar 2024 22:26:57 INFO  [Train Info] Epoch: 317, train loss: 0.1718. [Evaluation metric]	Mode:valid, roc_auc: 0.9250; loss: 0.5773; pr_auc: 0.9264; acc: 0.8641; f1: 0.8577; 
Thu 07 Mar 2024 22:26:57 INFO  [Train Info] Epoch: 318, train loss: 0.1699. [Evaluation metric]	Mode:valid, roc_auc: 0.9207; loss: 0.5803; pr_auc: 0.9226; acc: 0.8583; f1: 0.8527; 
Thu 07 Mar 2024 22:26:58 INFO  [Train Info] Epoch: 319, train loss: 0.1715. [Evaluation metric]	Mode:valid, roc_auc: 0.9229; loss: 0.5786; pr_auc: 0.9231; acc: 0.8619; f1: 0.8562; 
Thu 07 Mar 2024 22:26:58 INFO  [Train Info] Epoch: 320, train loss: 0.1672. [Evaluation metric]	Mode:valid, roc_auc: 0.9216; loss: 0.5792; pr_auc: 0.9226; acc: 0.8628; f1: 0.8572; 
Thu 07 Mar 2024 22:26:58 INFO  [Train Info] Epoch: 321, train loss: 0.1691. [Evaluation metric]	Mode:valid, roc_auc: 0.9175; loss: 0.5812; pr_auc: 0.9163; acc: 0.8579; f1: 0.8531; 
Thu 07 Mar 2024 22:26:58 INFO  [Train Info] Epoch: 322, train loss: 0.1695. [Evaluation metric]	Mode:valid, roc_auc: 0.9224; loss: 0.5784; pr_auc: 0.9212; acc: 0.8629; f1: 0.8576; 
Thu 07 Mar 2024 22:26:58 INFO  [Train Info] Epoch: 323, train loss: 0.1708. [Evaluation metric]	Mode:valid, roc_auc: 0.9207; loss: 0.5795; pr_auc: 0.9211; acc: 0.8616; f1: 0.8564; 
Thu 07 Mar 2024 22:26:59 INFO  [Train Info] Epoch: 324, train loss: 0.1702. [Evaluation metric]	Mode:valid, roc_auc: 0.9230; loss: 0.5782; pr_auc: 0.9245; acc: 0.8629; f1: 0.8576; 
Thu 07 Mar 2024 22:26:59 INFO  [Train Info] Epoch: 325, train loss: 0.1690. [Evaluation metric]	Mode:valid, roc_auc: 0.9207; loss: 0.5785; pr_auc: 0.9182; acc: 0.8629; f1: 0.8576; 
Thu 07 Mar 2024 22:26:59 INFO  [Train Info] Epoch: 326, train loss: 0.1662. [Evaluation metric]	Mode:valid, roc_auc: 0.9242; loss: 0.5774; pr_auc: 0.9265; acc: 0.8658; f1: 0.8602; 
Thu 07 Mar 2024 22:26:59 INFO  [Train Info] Epoch: 327, train loss: 0.1663. [Evaluation metric]	Mode:valid, roc_auc: 0.9224; loss: 0.5785; pr_auc: 0.9237; acc: 0.8623; f1: 0.8572; 
Thu 07 Mar 2024 22:26:59 INFO  [Train Info] Epoch: 328, train loss: 0.1688. [Evaluation metric]	Mode:valid, roc_auc: 0.9211; loss: 0.5788; pr_auc: 0.9191; acc: 0.8632; f1: 0.8579; 
Thu 07 Mar 2024 22:27:00 INFO  [Train Info] Epoch: 329, train loss: 0.1689. [Evaluation metric]	Mode:valid, roc_auc: 0.9221; loss: 0.5785; pr_auc: 0.9202; acc: 0.8622; f1: 0.8571; 
Thu 07 Mar 2024 22:27:00 INFO  [Train Info] Epoch: 330, train loss: 0.1695. [Evaluation metric]	Mode:valid, roc_auc: 0.9235; loss: 0.5770; pr_auc: 0.9208; acc: 0.8643; f1: 0.8586; 
Thu 07 Mar 2024 22:27:00 INFO  [Train Info] Epoch: 331, train loss: 0.1643. [Evaluation metric]	Mode:valid, roc_auc: 0.9208; loss: 0.5793; pr_auc: 0.9208; acc: 0.8612; f1: 0.8556; 
Thu 07 Mar 2024 22:27:00 INFO  [Train Info] Epoch: 332, train loss: 0.1673. [Evaluation metric]	Mode:valid, roc_auc: 0.9213; loss: 0.5787; pr_auc: 0.9192; acc: 0.8615; f1: 0.8555; 
Thu 07 Mar 2024 22:27:01 INFO  [Train Info] Epoch: 333, train loss: 0.1638. [Evaluation metric]	Mode:valid, roc_auc: 0.9201; loss: 0.5794; pr_auc: 0.9193; acc: 0.8596; f1: 0.8537; 
Thu 07 Mar 2024 22:27:01 INFO  [Train Info] Epoch: 334, train loss: 0.1687. [Evaluation metric]	Mode:valid, roc_auc: 0.9194; loss: 0.5795; pr_auc: 0.9179; acc: 0.8591; f1: 0.8532; 
Thu 07 Mar 2024 22:27:01 INFO  [Train Info] Epoch: 335, train loss: 0.1647. [Evaluation metric]	Mode:valid, roc_auc: 0.9242; loss: 0.5765; pr_auc: 0.9235; acc: 0.8637; f1: 0.8574; 
Thu 07 Mar 2024 22:27:01 INFO  [Train Info] Epoch: 336, train loss: 0.1618. [Evaluation metric]	Mode:valid, roc_auc: 0.9217; loss: 0.5783; pr_auc: 0.9238; acc: 0.8603; f1: 0.8543; 
Thu 07 Mar 2024 22:27:01 INFO  [Train Info] Epoch: 337, train loss: 0.1641. [Evaluation metric]	Mode:valid, roc_auc: 0.9232; loss: 0.5773; pr_auc: 0.9243; acc: 0.8630; f1: 0.8567; 
Thu 07 Mar 2024 22:27:02 INFO  [Train Info] Epoch: 338, train loss: 0.1653. [Evaluation metric]	Mode:valid, roc_auc: 0.9225; loss: 0.5776; pr_auc: 0.9225; acc: 0.8614; f1: 0.8551; 
Thu 07 Mar 2024 22:27:02 INFO  [Train Info] Epoch: 339, train loss: 0.1618. [Evaluation metric]	Mode:valid, roc_auc: 0.9227; loss: 0.5774; pr_auc: 0.9243; acc: 0.8618; f1: 0.8553; 
Thu 07 Mar 2024 22:27:02 INFO  [Train Info] Epoch: 340, train loss: 0.1658. [Evaluation metric]	Mode:valid, roc_auc: 0.9246; loss: 0.5774; pr_auc: 0.9305; acc: 0.8617; f1: 0.8553; 
Thu 07 Mar 2024 22:27:02 INFO  [Train Info] Epoch: 341, train loss: 0.1663. [Evaluation metric]	Mode:valid, roc_auc: 0.9221; loss: 0.5777; pr_auc: 0.9232; acc: 0.8616; f1: 0.8553; 
Thu 07 Mar 2024 22:27:03 INFO  [Train Info] Epoch: 342, train loss: 0.1644. [Evaluation metric]	Mode:valid, roc_auc: 0.9223; loss: 0.5768; pr_auc: 0.9216; acc: 0.8637; f1: 0.8574; 
Thu 07 Mar 2024 22:27:03 INFO  [Train Info] Epoch: 343, train loss: 0.1637. [Evaluation metric]	Mode:valid, roc_auc: 0.9255; loss: 0.5753; pr_auc: 0.9269; acc: 0.8660; f1: 0.8596; 
Thu 07 Mar 2024 22:27:03 INFO  [Train Info] Epoch: 344, train loss: 0.1614. [Evaluation metric]	Mode:valid, roc_auc: 0.9233; loss: 0.5770; pr_auc: 0.9247; acc: 0.8644; f1: 0.8586; 
Thu 07 Mar 2024 22:27:03 INFO  [Train Info] Epoch: 345, train loss: 0.1644. [Evaluation metric]	Mode:valid, roc_auc: 0.9244; loss: 0.5767; pr_auc: 0.9277; acc: 0.8650; f1: 0.8596; 
Thu 07 Mar 2024 22:27:03 INFO  [Train Info] Epoch: 346, train loss: 0.1625. [Evaluation metric]	Mode:valid, roc_auc: 0.9251; loss: 0.5753; pr_auc: 0.9251; acc: 0.8675; f1: 0.8617; 
Thu 07 Mar 2024 22:27:04 INFO  [Train Info] Epoch: 347, train loss: 0.1594. [Evaluation metric]	Mode:valid, roc_auc: 0.9236; loss: 0.5766; pr_auc: 0.9268; acc: 0.8651; f1: 0.8591; 
Thu 07 Mar 2024 22:27:04 INFO  [Train Info] Epoch: 348, train loss: 0.1621. [Evaluation metric]	Mode:valid, roc_auc: 0.9221; loss: 0.5775; pr_auc: 0.9193; acc: 0.8606; f1: 0.8549; 
Thu 07 Mar 2024 22:27:04 INFO  [Train Info] Epoch: 349, train loss: 0.1616. [Evaluation metric]	Mode:valid, roc_auc: 0.9241; loss: 0.5768; pr_auc: 0.9280; acc: 0.8624; f1: 0.8561; 
Thu 07 Mar 2024 22:27:04 INFO  [Train Info] Epoch: 350, train loss: 0.1577. [Evaluation metric]	Mode:valid, roc_auc: 0.9246; loss: 0.5759; pr_auc: 0.9279; acc: 0.8659; f1: 0.8592; 
Thu 07 Mar 2024 22:27:04 INFO  [Train Info] Epoch: 351, train loss: 0.1577. [Evaluation metric]	Mode:valid, roc_auc: 0.9246; loss: 0.5759; pr_auc: 0.9246; acc: 0.8646; f1: 0.8584; 
Thu 07 Mar 2024 22:27:05 INFO  [Train Info] Epoch: 352, train loss: 0.1603. [Evaluation metric]	Mode:valid, roc_auc: 0.9207; loss: 0.5772; pr_auc: 0.9184; acc: 0.8629; f1: 0.8571; 
Thu 07 Mar 2024 22:27:05 INFO  [Train Info] Epoch: 353, train loss: 0.1622. [Evaluation metric]	Mode:valid, roc_auc: 0.9241; loss: 0.5757; pr_auc: 0.9248; acc: 0.8656; f1: 0.8598; 
Thu 07 Mar 2024 22:27:05 INFO  [Train Info] Epoch: 354, train loss: 0.1587. [Evaluation metric]	Mode:valid, roc_auc: 0.9240; loss: 0.5757; pr_auc: 0.9267; acc: 0.8676; f1: 0.8618; 
Thu 07 Mar 2024 22:27:05 INFO  [Train Info] Epoch: 355, train loss: 0.1600. [Evaluation metric]	Mode:valid, roc_auc: 0.9210; loss: 0.5777; pr_auc: 0.9201; acc: 0.8635; f1: 0.8582; 
Thu 07 Mar 2024 22:27:06 INFO  [Train Info] Epoch: 356, train loss: 0.1597. [Evaluation metric]	Mode:valid, roc_auc: 0.9223; loss: 0.5766; pr_auc: 0.9206; acc: 0.8650; f1: 0.8592; 
Thu 07 Mar 2024 22:27:06 INFO  [Train Info] Epoch: 357, train loss: 0.1559. [Evaluation metric]	Mode:valid, roc_auc: 0.9244; loss: 0.5751; pr_auc: 0.9248; acc: 0.8688; f1: 0.8626; 
Thu 07 Mar 2024 22:27:06 INFO  [Train Info] Epoch: 358, train loss: 0.1625. [Evaluation metric]	Mode:valid, roc_auc: 0.9230; loss: 0.5770; pr_auc: 0.9248; acc: 0.8626; f1: 0.8567; 
Thu 07 Mar 2024 22:27:06 INFO  [Train Info] Epoch: 359, train loss: 0.1567. [Evaluation metric]	Mode:valid, roc_auc: 0.9217; loss: 0.5770; pr_auc: 0.9194; acc: 0.8633; f1: 0.8573; 
Thu 07 Mar 2024 22:27:06 INFO  [Train Info] Epoch: 360, train loss: 0.1602. [Evaluation metric]	Mode:valid, roc_auc: 0.9233; loss: 0.5761; pr_auc: 0.9245; acc: 0.8648; f1: 0.8586; 
Thu 07 Mar 2024 22:27:07 INFO  [Train Info] Epoch: 361, train loss: 0.1582. [Evaluation metric]	Mode:valid, roc_auc: 0.9207; loss: 0.5778; pr_auc: 0.9203; acc: 0.8623; f1: 0.8565; 
Thu 07 Mar 2024 22:27:07 INFO  [Train Info] Epoch: 362, train loss: 0.1591. [Evaluation metric]	Mode:valid, roc_auc: 0.9202; loss: 0.5782; pr_auc: 0.9223; acc: 0.8617; f1: 0.8561; 
Thu 07 Mar 2024 22:27:07 INFO  [Train Info] Epoch: 363, train loss: 0.1563. [Evaluation metric]	Mode:valid, roc_auc: 0.9200; loss: 0.5780; pr_auc: 0.9202; acc: 0.8609; f1: 0.8556; 
Thu 07 Mar 2024 22:27:07 INFO  [Train Info] Epoch: 364, train loss: 0.1603. [Evaluation metric]	Mode:valid, roc_auc: 0.9255; loss: 0.5749; pr_auc: 0.9282; acc: 0.8679; f1: 0.8619; 
Thu 07 Mar 2024 22:27:07 INFO  [Train Info] Epoch: 365, train loss: 0.1553. [Evaluation metric]	Mode:valid, roc_auc: 0.9222; loss: 0.5760; pr_auc: 0.9214; acc: 0.8647; f1: 0.8589; 
Thu 07 Mar 2024 22:27:08 INFO  [Train Info] Epoch: 366, train loss: 0.1548. [Evaluation metric]	Mode:valid, roc_auc: 0.9232; loss: 0.5751; pr_auc: 0.9226; acc: 0.8667; f1: 0.8605; 
Thu 07 Mar 2024 22:27:08 INFO  [Train Info] Epoch: 367, train loss: 0.1550. [Evaluation metric]	Mode:valid, roc_auc: 0.9224; loss: 0.5756; pr_auc: 0.9177; acc: 0.8652; f1: 0.8589; 
Thu 07 Mar 2024 22:27:08 INFO  [Train Info] Epoch: 368, train loss: 0.1552. [Evaluation metric]	Mode:valid, roc_auc: 0.9240; loss: 0.5755; pr_auc: 0.9281; acc: 0.8647; f1: 0.8585; 
Thu 07 Mar 2024 22:27:08 INFO  [Train Info] Epoch: 369, train loss: 0.1583. [Evaluation metric]	Mode:valid, roc_auc: 0.9217; loss: 0.5760; pr_auc: 0.9227; acc: 0.8651; f1: 0.8588; 
Thu 07 Mar 2024 22:27:09 INFO  [Train Info] Epoch: 370, train loss: 0.1569. [Evaluation metric]	Mode:valid, roc_auc: 0.9239; loss: 0.5749; pr_auc: 0.9247; acc: 0.8658; f1: 0.8596; 
Thu 07 Mar 2024 22:27:09 INFO  [Train Info] Epoch: 371, train loss: 0.1559. [Evaluation metric]	Mode:valid, roc_auc: 0.9227; loss: 0.5762; pr_auc: 0.9247; acc: 0.8650; f1: 0.8589; 
Thu 07 Mar 2024 22:27:09 INFO  [Train Info] Epoch: 372, train loss: 0.1539. [Evaluation metric]	Mode:valid, roc_auc: 0.9248; loss: 0.5743; pr_auc: 0.9262; acc: 0.8666; f1: 0.8607; 
Thu 07 Mar 2024 22:27:09 INFO  [Train Info] Epoch: 373, train loss: 0.1550. [Evaluation metric]	Mode:valid, roc_auc: 0.9238; loss: 0.5756; pr_auc: 0.9277; acc: 0.8621; f1: 0.8567; 
Thu 07 Mar 2024 22:27:09 INFO  [Train Info] Epoch: 374, train loss: 0.1539. [Evaluation metric]	Mode:valid, roc_auc: 0.9206; loss: 0.5767; pr_auc: 0.9232; acc: 0.8625; f1: 0.8572; 
Thu 07 Mar 2024 22:27:10 INFO  [Train Info] Epoch: 375, train loss: 0.1543. [Evaluation metric]	Mode:valid, roc_auc: 0.9233; loss: 0.5744; pr_auc: 0.9237; acc: 0.8691; f1: 0.8634; 
Thu 07 Mar 2024 22:27:10 INFO  [Train Info] Epoch: 376, train loss: 0.1548. [Evaluation metric]	Mode:valid, roc_auc: 0.9251; loss: 0.5736; pr_auc: 0.9276; acc: 0.8669; f1: 0.8612; 
Thu 07 Mar 2024 22:27:10 INFO  [Train Info] Epoch: 377, train loss: 0.1512. [Evaluation metric]	Mode:valid, roc_auc: 0.9243; loss: 0.5742; pr_auc: 0.9250; acc: 0.8675; f1: 0.8613; 
Thu 07 Mar 2024 22:27:10 INFO  [Train Info] Epoch: 378, train loss: 0.1540. [Evaluation metric]	Mode:valid, roc_auc: 0.9246; loss: 0.5734; pr_auc: 0.9275; acc: 0.8694; f1: 0.8630; 
Thu 07 Mar 2024 22:27:10 INFO  [Train Info] Epoch: 379, train loss: 0.1523. [Evaluation metric]	Mode:valid, roc_auc: 0.9227; loss: 0.5752; pr_auc: 0.9229; acc: 0.8643; f1: 0.8583; 
Thu 07 Mar 2024 22:27:11 INFO  [Train Info] Epoch: 380, train loss: 0.1538. [Evaluation metric]	Mode:valid, roc_auc: 0.9218; loss: 0.5759; pr_auc: 0.9248; acc: 0.8651; f1: 0.8590; 
Thu 07 Mar 2024 22:27:11 INFO  [Train Info] Epoch: 381, train loss: 0.1514. [Evaluation metric]	Mode:valid, roc_auc: 0.9217; loss: 0.5758; pr_auc: 0.9226; acc: 0.8635; f1: 0.8575; 
Thu 07 Mar 2024 22:27:11 INFO  [Train Info] Epoch: 382, train loss: 0.1498. [Evaluation metric]	Mode:valid, roc_auc: 0.9215; loss: 0.5752; pr_auc: 0.9209; acc: 0.8641; f1: 0.8580; 
Thu 07 Mar 2024 22:27:11 INFO  [Train Info] Epoch: 383, train loss: 0.1515. [Evaluation metric]	Mode:valid, roc_auc: 0.9241; loss: 0.5738; pr_auc: 0.9248; acc: 0.8679; f1: 0.8615; 
Thu 07 Mar 2024 22:27:12 INFO  [Train Info] Epoch: 384, train loss: 0.1563. [Evaluation metric]	Mode:valid, roc_auc: 0.9262; loss: 0.5727; pr_auc: 0.9282; acc: 0.8694; f1: 0.8630; 
Thu 07 Mar 2024 22:27:12 INFO  [Train Info] Epoch: 385, train loss: 0.1549. [Evaluation metric]	Mode:valid, roc_auc: 0.9241; loss: 0.5737; pr_auc: 0.9240; acc: 0.8688; f1: 0.8624; 
Thu 07 Mar 2024 22:27:12 INFO  [Train Info] Epoch: 386, train loss: 0.1521. [Evaluation metric]	Mode:valid, roc_auc: 0.9235; loss: 0.5739; pr_auc: 0.9232; acc: 0.8669; f1: 0.8603; 
Thu 07 Mar 2024 22:27:12 INFO  [Train Info] Epoch: 387, train loss: 0.1486. [Evaluation metric]	Mode:valid, roc_auc: 0.9274; loss: 0.5725; pr_auc: 0.9330; acc: 0.8687; f1: 0.8617; 
Thu 07 Mar 2024 22:27:12 INFO  [Train Info] Epoch: 388, train loss: 0.1537. [Evaluation metric]	Mode:valid, roc_auc: 0.9256; loss: 0.5729; pr_auc: 0.9247; acc: 0.8692; f1: 0.8624; 
Thu 07 Mar 2024 22:27:13 INFO  [Train Info] Epoch: 389, train loss: 0.1518. [Evaluation metric]	Mode:valid, roc_auc: 0.9252; loss: 0.5726; pr_auc: 0.9266; acc: 0.8701; f1: 0.8635; 
Thu 07 Mar 2024 22:27:13 INFO  [Train Info] Epoch: 390, train loss: 0.1499. [Evaluation metric]	Mode:valid, roc_auc: 0.9246; loss: 0.5731; pr_auc: 0.9259; acc: 0.8697; f1: 0.8635; 
Thu 07 Mar 2024 22:27:13 INFO  [Train Info] Epoch: 391, train loss: 0.1507. [Evaluation metric]	Mode:valid, roc_auc: 0.9239; loss: 0.5740; pr_auc: 0.9266; acc: 0.8680; f1: 0.8621; 
Thu 07 Mar 2024 22:27:13 INFO  [Train Info] Epoch: 392, train loss: 0.1488. [Evaluation metric]	Mode:valid, roc_auc: 0.9253; loss: 0.5736; pr_auc: 0.9295; acc: 0.8681; f1: 0.8622; 
Thu 07 Mar 2024 22:27:14 INFO  [Train Info] Epoch: 393, train loss: 0.1486. [Evaluation metric]	Mode:valid, roc_auc: 0.9256; loss: 0.5730; pr_auc: 0.9269; acc: 0.8672; f1: 0.8611; 
Thu 07 Mar 2024 22:27:14 INFO  [Train Info] Epoch: 394, train loss: 0.1514. [Evaluation metric]	Mode:valid, roc_auc: 0.9267; loss: 0.5722; pr_auc: 0.9301; acc: 0.8698; f1: 0.8632; 
Thu 07 Mar 2024 22:27:14 INFO  [Train Info] Epoch: 395, train loss: 0.1496. [Evaluation metric]	Mode:valid, roc_auc: 0.9244; loss: 0.5739; pr_auc: 0.9266; acc: 0.8672; f1: 0.8607; 
Thu 07 Mar 2024 22:27:14 INFO  [Train Info] Epoch: 396, train loss: 0.1504. [Evaluation metric]	Mode:valid, roc_auc: 0.9248; loss: 0.5735; pr_auc: 0.9284; acc: 0.8657; f1: 0.8591; 
Thu 07 Mar 2024 22:27:14 INFO  [Train Info] Epoch: 397, train loss: 0.1473. [Evaluation metric]	Mode:valid, roc_auc: 0.9251; loss: 0.5733; pr_auc: 0.9274; acc: 0.8674; f1: 0.8607; 
Thu 07 Mar 2024 22:27:15 INFO  [Train Info] Epoch: 398, train loss: 0.1483. [Evaluation metric]	Mode:valid, roc_auc: 0.9236; loss: 0.5737; pr_auc: 0.9225; acc: 0.8670; f1: 0.8604; 
Thu 07 Mar 2024 22:27:15 INFO  [Train Info] Epoch: 399, train loss: 0.1467. [Evaluation metric]	Mode:valid, roc_auc: 0.9234; loss: 0.5739; pr_auc: 0.9224; acc: 0.8676; f1: 0.8611; 
Thu 07 Mar 2024 22:27:15 INFO  [Train Info] Epoch: 400, train loss: 0.1524. [Evaluation metric]	Mode:valid, roc_auc: 0.9264; loss: 0.5726; pr_auc: 0.9295; acc: 0.8695; f1: 0.8630; 
Thu 07 Mar 2024 22:27:15 INFO  [Train Info] Epoch: 401, train loss: 0.1489. [Evaluation metric]	Mode:valid, roc_auc: 0.9227; loss: 0.5747; pr_auc: 0.9232; acc: 0.8638; f1: 0.8581; 
Thu 07 Mar 2024 22:27:15 INFO  [Train Info] Epoch: 402, train loss: 0.1465. [Evaluation metric]	Mode:valid, roc_auc: 0.9237; loss: 0.5735; pr_auc: 0.9215; acc: 0.8676; f1: 0.8615; 
Thu 07 Mar 2024 22:27:16 INFO  [Train Info] Epoch: 403, train loss: 0.1479. [Evaluation metric]	Mode:valid, roc_auc: 0.9269; loss: 0.5725; pr_auc: 0.9326; acc: 0.8695; f1: 0.8632; 
Thu 07 Mar 2024 22:27:16 INFO  [Train Info] Epoch: 404, train loss: 0.1467. [Evaluation metric]	Mode:valid, roc_auc: 0.9224; loss: 0.5738; pr_auc: 0.9216; acc: 0.8665; f1: 0.8602; 
Thu 07 Mar 2024 22:27:16 INFO  [Train Info] Epoch: 405, train loss: 0.1467. [Evaluation metric]	Mode:valid, roc_auc: 0.9266; loss: 0.5721; pr_auc: 0.9286; acc: 0.8711; f1: 0.8640; 
Thu 07 Mar 2024 22:27:16 INFO  [Train Info] Epoch: 406, train loss: 0.1490. [Evaluation metric]	Mode:valid, roc_auc: 0.9235; loss: 0.5741; pr_auc: 0.9263; acc: 0.8653; f1: 0.8590; 
Thu 07 Mar 2024 22:27:16 INFO  [Train Info] Epoch: 407, train loss: 0.1441. [Evaluation metric]	Mode:valid, roc_auc: 0.9250; loss: 0.5729; pr_auc: 0.9269; acc: 0.8682; f1: 0.8613; 
Thu 07 Mar 2024 22:27:17 INFO  [Train Info] Epoch: 408, train loss: 0.1482. [Evaluation metric]	Mode:valid, roc_auc: 0.9253; loss: 0.5728; pr_auc: 0.9291; acc: 0.8683; f1: 0.8614; 
Thu 07 Mar 2024 22:27:17 INFO  [Train Info] Epoch: 409, train loss: 0.1458. [Evaluation metric]	Mode:valid, roc_auc: 0.9233; loss: 0.5737; pr_auc: 0.9242; acc: 0.8660; f1: 0.8594; 
Thu 07 Mar 2024 22:27:17 INFO  [Train Info] Epoch: 410, train loss: 0.1459. [Evaluation metric]	Mode:valid, roc_auc: 0.9265; loss: 0.5717; pr_auc: 0.9326; acc: 0.8695; f1: 0.8625; 
Thu 07 Mar 2024 22:27:17 INFO  [Train Info] Epoch: 411, train loss: 0.1455. [Evaluation metric]	Mode:valid, roc_auc: 0.9249; loss: 0.5718; pr_auc: 0.9236; acc: 0.8676; f1: 0.8608; 
Thu 07 Mar 2024 22:27:17 INFO  [Train Info] Epoch: 412, train loss: 0.1427. [Evaluation metric]	Mode:valid, roc_auc: 0.9255; loss: 0.5723; pr_auc: 0.9286; acc: 0.8707; f1: 0.8640; 
Thu 07 Mar 2024 22:27:18 INFO  [Train Info] Epoch: 413, train loss: 0.1454. [Evaluation metric]	Mode:valid, roc_auc: 0.9239; loss: 0.5725; pr_auc: 0.9223; acc: 0.8713; f1: 0.8647; 
Thu 07 Mar 2024 22:27:18 INFO  [Train Info] Epoch: 414, train loss: 0.1438. [Evaluation metric]	Mode:valid, roc_auc: 0.9229; loss: 0.5738; pr_auc: 0.9239; acc: 0.8668; f1: 0.8606; 
Thu 07 Mar 2024 22:27:18 INFO  [Train Info] Epoch: 415, train loss: 0.1412. [Evaluation metric]	Mode:valid, roc_auc: 0.9211; loss: 0.5746; pr_auc: 0.9239; acc: 0.8641; f1: 0.8583; 
Thu 07 Mar 2024 22:27:18 INFO  [Train Info] Epoch: 416, train loss: 0.1430. [Evaluation metric]	Mode:valid, roc_auc: 0.9248; loss: 0.5721; pr_auc: 0.9262; acc: 0.8708; f1: 0.8643; 
Thu 07 Mar 2024 22:27:18 INFO  [Train Info] Epoch: 417, train loss: 0.1446. [Evaluation metric]	Mode:valid, roc_auc: 0.9236; loss: 0.5734; pr_auc: 0.9266; acc: 0.8642; f1: 0.8578; 
Thu 07 Mar 2024 22:27:19 INFO  [Train Info] Epoch: 418, train loss: 0.1425. [Evaluation metric]	Mode:valid, roc_auc: 0.9269; loss: 0.5715; pr_auc: 0.9281; acc: 0.8690; f1: 0.8621; 
Thu 07 Mar 2024 22:27:19 INFO  [Train Info] Epoch: 419, train loss: 0.1435. [Evaluation metric]	Mode:valid, roc_auc: 0.9269; loss: 0.5713; pr_auc: 0.9320; acc: 0.8700; f1: 0.8631; 
Thu 07 Mar 2024 22:27:19 INFO  [Train Info] Epoch: 420, train loss: 0.1445. [Evaluation metric]	Mode:valid, roc_auc: 0.9237; loss: 0.5731; pr_auc: 0.9252; acc: 0.8658; f1: 0.8592; 
Thu 07 Mar 2024 22:27:19 INFO  [Train Info] Epoch: 421, train loss: 0.1418. [Evaluation metric]	Mode:valid, roc_auc: 0.9242; loss: 0.5724; pr_auc: 0.9272; acc: 0.8668; f1: 0.8601; 
Thu 07 Mar 2024 22:27:19 INFO  [Train Info] Epoch: 422, train loss: 0.1416. [Evaluation metric]	Mode:valid, roc_auc: 0.9218; loss: 0.5736; pr_auc: 0.9216; acc: 0.8659; f1: 0.8593; 
Thu 07 Mar 2024 22:27:20 INFO  [Train Info] Epoch: 423, train loss: 0.1437. [Evaluation metric]	Mode:valid, roc_auc: 0.9267; loss: 0.5713; pr_auc: 0.9277; acc: 0.8708; f1: 0.8641; 
Thu 07 Mar 2024 22:27:20 INFO  [Train Info] Epoch: 424, train loss: 0.1433. [Evaluation metric]	Mode:valid, roc_auc: 0.9259; loss: 0.5716; pr_auc: 0.9298; acc: 0.8705; f1: 0.8641; 
Thu 07 Mar 2024 22:27:20 INFO  [Train Info] Epoch: 425, train loss: 0.1417. [Evaluation metric]	Mode:valid, roc_auc: 0.9271; loss: 0.5708; pr_auc: 0.9315; acc: 0.8719; f1: 0.8655; 
Thu 07 Mar 2024 22:27:20 INFO  [Train Info] Epoch: 426, train loss: 0.1430. [Evaluation metric]	Mode:valid, roc_auc: 0.9262; loss: 0.5709; pr_auc: 0.9299; acc: 0.8730; f1: 0.8667; 
Thu 07 Mar 2024 22:27:21 INFO  [Train Info] Epoch: 427, train loss: 0.1410. [Evaluation metric]	Mode:valid, roc_auc: 0.9250; loss: 0.5713; pr_auc: 0.9255; acc: 0.8721; f1: 0.8660; 
Thu 07 Mar 2024 22:27:21 INFO  [Train Info] Epoch: 428, train loss: 0.1413. [Evaluation metric]	Mode:valid, roc_auc: 0.9243; loss: 0.5715; pr_auc: 0.9258; acc: 0.8705; f1: 0.8645; 
Thu 07 Mar 2024 22:27:21 INFO  [Train Info] Epoch: 429, train loss: 0.1401. [Evaluation metric]	Mode:valid, roc_auc: 0.9252; loss: 0.5719; pr_auc: 0.9290; acc: 0.8708; f1: 0.8648; 
Thu 07 Mar 2024 22:27:21 INFO  [Train Info] Epoch: 430, train loss: 0.1417. [Evaluation metric]	Mode:valid, roc_auc: 0.9250; loss: 0.5720; pr_auc: 0.9290; acc: 0.8702; f1: 0.8638; 
Thu 07 Mar 2024 22:27:21 INFO  [Train Info] Epoch: 431, train loss: 0.1398. [Evaluation metric]	Mode:valid, roc_auc: 0.9239; loss: 0.5722; pr_auc: 0.9252; acc: 0.8688; f1: 0.8622; 
Thu 07 Mar 2024 22:27:22 INFO  [Train Info] Epoch: 432, train loss: 0.1437. [Evaluation metric]	Mode:valid, roc_auc: 0.9261; loss: 0.5708; pr_auc: 0.9290; acc: 0.8697; f1: 0.8630; 
Thu 07 Mar 2024 22:27:22 INFO  [Train Info] Epoch: 433, train loss: 0.1390. [Evaluation metric]	Mode:valid, roc_auc: 0.9266; loss: 0.5707; pr_auc: 0.9300; acc: 0.8723; f1: 0.8657; 
Thu 07 Mar 2024 22:27:22 INFO  [Train Info] Epoch: 434, train loss: 0.1386. [Evaluation metric]	Mode:valid, roc_auc: 0.9263; loss: 0.5702; pr_auc: 0.9280; acc: 0.8739; f1: 0.8677; 
Thu 07 Mar 2024 22:27:22 INFO  [Train Info] Epoch: 435, train loss: 0.1409. [Evaluation metric]	Mode:valid, roc_auc: 0.9251; loss: 0.5716; pr_auc: 0.9269; acc: 0.8718; f1: 0.8661; 
Thu 07 Mar 2024 22:27:22 INFO  [Train Info] Epoch: 436, train loss: 0.1426. [Evaluation metric]	Mode:valid, roc_auc: 0.9246; loss: 0.5721; pr_auc: 0.9270; acc: 0.8707; f1: 0.8652; 
Thu 07 Mar 2024 22:27:23 INFO  [Train Info] Epoch: 437, train loss: 0.1426. [Evaluation metric]	Mode:valid, roc_auc: 0.9246; loss: 0.5717; pr_auc: 0.9268; acc: 0.8707; f1: 0.8650; 
Thu 07 Mar 2024 22:27:23 INFO  [Train Info] Epoch: 438, train loss: 0.1415. [Evaluation metric]	Mode:valid, roc_auc: 0.9248; loss: 0.5716; pr_auc: 0.9270; acc: 0.8698; f1: 0.8638; 
Thu 07 Mar 2024 22:27:23 INFO  [Train Info] Epoch: 439, train loss: 0.1390. [Evaluation metric]	Mode:valid, roc_auc: 0.9254; loss: 0.5707; pr_auc: 0.9292; acc: 0.8736; f1: 0.8670; 
Thu 07 Mar 2024 22:27:23 INFO  [Train Info] Epoch: 440, train loss: 0.1398. [Evaluation metric]	Mode:valid, roc_auc: 0.9263; loss: 0.5707; pr_auc: 0.9298; acc: 0.8705; f1: 0.8637; 
Thu 07 Mar 2024 22:27:24 INFO  [Train Info] Epoch: 441, train loss: 0.1396. [Evaluation metric]	Mode:valid, roc_auc: 0.9252; loss: 0.5705; pr_auc: 0.9275; acc: 0.8738; f1: 0.8666; 
Thu 07 Mar 2024 22:27:24 INFO  [Train Info] Epoch: 442, train loss: 0.1397. [Evaluation metric]	Mode:valid, roc_auc: 0.9249; loss: 0.5718; pr_auc: 0.9283; acc: 0.8675; f1: 0.8610; 
Thu 07 Mar 2024 22:27:24 INFO  [Train Info] Epoch: 443, train loss: 0.1406. [Evaluation metric]	Mode:valid, roc_auc: 0.9237; loss: 0.5726; pr_auc: 0.9259; acc: 0.8686; f1: 0.8623; 
Thu 07 Mar 2024 22:27:24 INFO  [Train Info] Epoch: 444, train loss: 0.1375. [Evaluation metric]	Mode:valid, roc_auc: 0.9253; loss: 0.5704; pr_auc: 0.9267; acc: 0.8719; f1: 0.8659; 
Thu 07 Mar 2024 22:27:24 INFO  [Train Info] Epoch: 445, train loss: 0.1370. [Evaluation metric]	Mode:valid, roc_auc: 0.9238; loss: 0.5719; pr_auc: 0.9278; acc: 0.8703; f1: 0.8648; 
Thu 07 Mar 2024 22:27:25 INFO  [Train Info] Epoch: 446, train loss: 0.1374. [Evaluation metric]	Mode:valid, roc_auc: 0.9276; loss: 0.5694; pr_auc: 0.9303; acc: 0.8754; f1: 0.8696; 
Thu 07 Mar 2024 22:27:25 INFO  [Train Info] Epoch: 447, train loss: 0.1421. [Evaluation metric]	Mode:valid, roc_auc: 0.9276; loss: 0.5691; pr_auc: 0.9340; acc: 0.8760; f1: 0.8698; 
Thu 07 Mar 2024 22:27:25 INFO  [Train Info] Epoch: 448, train loss: 0.1376. [Evaluation metric]	Mode:valid, roc_auc: 0.9263; loss: 0.5698; pr_auc: 0.9289; acc: 0.8735; f1: 0.8670; 
Thu 07 Mar 2024 22:27:25 INFO  [Train Info] Epoch: 449, train loss: 0.1344. [Evaluation metric]	Mode:valid, roc_auc: 0.9236; loss: 0.5717; pr_auc: 0.9279; acc: 0.8712; f1: 0.8649; 
Thu 07 Mar 2024 22:27:25 INFO  [Train Info] Epoch: 450, train loss: 0.1360. [Evaluation metric]	Mode:valid, roc_auc: 0.9246; loss: 0.5704; pr_auc: 0.9251; acc: 0.8737; f1: 0.8672; 
Thu 07 Mar 2024 22:27:26 INFO  [Train Info] Epoch: 451, train loss: 0.1351. [Evaluation metric]	Mode:valid, roc_auc: 0.9259; loss: 0.5705; pr_auc: 0.9291; acc: 0.8718; f1: 0.8654; 
Thu 07 Mar 2024 22:27:26 INFO  [Train Info] Epoch: 452, train loss: 0.1381. [Evaluation metric]	Mode:valid, roc_auc: 0.9258; loss: 0.5703; pr_auc: 0.9314; acc: 0.8725; f1: 0.8659; 
Thu 07 Mar 2024 22:27:26 INFO  [Train Info] Epoch: 453, train loss: 0.1397. [Evaluation metric]	Mode:valid, roc_auc: 0.9268; loss: 0.5698; pr_auc: 0.9302; acc: 0.8730; f1: 0.8664; 
Thu 07 Mar 2024 22:27:26 INFO  [Train Info] Epoch: 454, train loss: 0.1339. [Evaluation metric]	Mode:valid, roc_auc: 0.9237; loss: 0.5714; pr_auc: 0.9242; acc: 0.8670; f1: 0.8610; 
Thu 07 Mar 2024 22:27:27 INFO  [Train Info] Epoch: 455, train loss: 0.1366. [Evaluation metric]	Mode:valid, roc_auc: 0.9257; loss: 0.5702; pr_auc: 0.9286; acc: 0.8712; f1: 0.8649; 
Thu 07 Mar 2024 22:27:27 INFO  [Train Info] Epoch: 456, train loss: 0.1374. [Evaluation metric]	Mode:valid, roc_auc: 0.9247; loss: 0.5716; pr_auc: 0.9305; acc: 0.8695; f1: 0.8634; 
Thu 07 Mar 2024 22:27:27 INFO  [Train Info] Epoch: 457, train loss: 0.1338. [Evaluation metric]	Mode:valid, roc_auc: 0.9265; loss: 0.5700; pr_auc: 0.9301; acc: 0.8722; f1: 0.8657; 
Thu 07 Mar 2024 22:27:27 INFO  [Train Info] Epoch: 458, train loss: 0.1348. [Evaluation metric]	Mode:valid, roc_auc: 0.9273; loss: 0.5696; pr_auc: 0.9321; acc: 0.8713; f1: 0.8644; 
Thu 07 Mar 2024 22:27:27 INFO  [Train Info] Epoch: 459, train loss: 0.1373. [Evaluation metric]	Mode:valid, roc_auc: 0.9277; loss: 0.5695; pr_auc: 0.9324; acc: 0.8728; f1: 0.8655; 
Thu 07 Mar 2024 22:27:28 INFO  [Train Info] Epoch: 460, train loss: 0.1357. [Evaluation metric]	Mode:valid, roc_auc: 0.9243; loss: 0.5709; pr_auc: 0.9258; acc: 0.8692; f1: 0.8620; 
Thu 07 Mar 2024 22:27:28 INFO  [Train Info] Epoch: 461, train loss: 0.1345. [Evaluation metric]	Mode:valid, roc_auc: 0.9259; loss: 0.5704; pr_auc: 0.9280; acc: 0.8705; f1: 0.8633; 
Thu 07 Mar 2024 22:27:28 INFO  [Train Info] Epoch: 462, train loss: 0.1341. [Evaluation metric]	Mode:valid, roc_auc: 0.9274; loss: 0.5691; pr_auc: 0.9292; acc: 0.8729; f1: 0.8660; 
Thu 07 Mar 2024 22:27:28 INFO  [Train Info] Epoch: 463, train loss: 0.1353. [Evaluation metric]	Mode:valid, roc_auc: 0.9255; loss: 0.5708; pr_auc: 0.9299; acc: 0.8710; f1: 0.8649; 
Thu 07 Mar 2024 22:27:28 INFO  [Train Info] Epoch: 464, train loss: 0.1355. [Evaluation metric]	Mode:valid, roc_auc: 0.9268; loss: 0.5691; pr_auc: 0.9305; acc: 0.8755; f1: 0.8693; 
Thu 07 Mar 2024 22:27:29 INFO  [Train Info] Epoch: 465, train loss: 0.1370. [Evaluation metric]	Mode:valid, roc_auc: 0.9260; loss: 0.5702; pr_auc: 0.9311; acc: 0.8717; f1: 0.8657; 
Thu 07 Mar 2024 22:27:29 INFO  [Train Info] Epoch: 466, train loss: 0.1331. [Evaluation metric]	Mode:valid, roc_auc: 0.9256; loss: 0.5700; pr_auc: 0.9286; acc: 0.8722; f1: 0.8660; 
Thu 07 Mar 2024 22:27:29 INFO  [Train Info] Epoch: 467, train loss: 0.1354. [Evaluation metric]	Mode:valid, roc_auc: 0.9257; loss: 0.5699; pr_auc: 0.9275; acc: 0.8702; f1: 0.8639; 
Thu 07 Mar 2024 22:27:29 INFO  [Train Info] Epoch: 468, train loss: 0.1349. [Evaluation metric]	Mode:valid, roc_auc: 0.9258; loss: 0.5697; pr_auc: 0.9295; acc: 0.8720; f1: 0.8653; 
Thu 07 Mar 2024 22:27:30 INFO  [Train Info] Epoch: 469, train loss: 0.1341. [Evaluation metric]	Mode:valid, roc_auc: 0.9263; loss: 0.5691; pr_auc: 0.9288; acc: 0.8741; f1: 0.8672; 
Thu 07 Mar 2024 22:27:30 INFO  [Train Info] Epoch: 470, train loss: 0.1342. [Evaluation metric]	Mode:valid, roc_auc: 0.9244; loss: 0.5702; pr_auc: 0.9275; acc: 0.8721; f1: 0.8653; 
Thu 07 Mar 2024 22:27:30 INFO  [Train Info] Epoch: 471, train loss: 0.1307. [Evaluation metric]	Mode:valid, roc_auc: 0.9264; loss: 0.5694; pr_auc: 0.9287; acc: 0.8739; f1: 0.8672; 
Thu 07 Mar 2024 22:27:30 INFO  [Train Info] Epoch: 472, train loss: 0.1340. [Evaluation metric]	Mode:valid, roc_auc: 0.9265; loss: 0.5686; pr_auc: 0.9283; acc: 0.8736; f1: 0.8667; 
Thu 07 Mar 2024 22:27:30 INFO  [Train Info] Epoch: 473, train loss: 0.1341. [Evaluation metric]	Mode:valid, roc_auc: 0.9253; loss: 0.5694; pr_auc: 0.9292; acc: 0.8734; f1: 0.8665; 
Thu 07 Mar 2024 22:27:31 INFO  [Train Info] Epoch: 474, train loss: 0.1335. [Evaluation metric]	Mode:valid, roc_auc: 0.9258; loss: 0.5698; pr_auc: 0.9305; acc: 0.8723; f1: 0.8655; 
Thu 07 Mar 2024 22:27:31 INFO  [Train Info] Epoch: 475, train loss: 0.1324. [Evaluation metric]	Mode:valid, roc_auc: 0.9257; loss: 0.5699; pr_auc: 0.9276; acc: 0.8716; f1: 0.8649; 
Thu 07 Mar 2024 22:27:31 INFO  [Train Info] Epoch: 476, train loss: 0.1350. [Evaluation metric]	Mode:valid, roc_auc: 0.9263; loss: 0.5692; pr_auc: 0.9309; acc: 0.8742; f1: 0.8672; 
Thu 07 Mar 2024 22:27:31 INFO  [Train Info] Epoch: 477, train loss: 0.1340. [Evaluation metric]	Mode:valid, roc_auc: 0.9259; loss: 0.5698; pr_auc: 0.9317; acc: 0.8706; f1: 0.8639; 
Thu 07 Mar 2024 22:27:31 INFO  [Train Info] Epoch: 478, train loss: 0.1301. [Evaluation metric]	Mode:valid, roc_auc: 0.9270; loss: 0.5684; pr_auc: 0.9317; acc: 0.8725; f1: 0.8656; 
Thu 07 Mar 2024 22:27:32 INFO  [Train Info] Epoch: 479, train loss: 0.1322. [Evaluation metric]	Mode:valid, roc_auc: 0.9271; loss: 0.5685; pr_auc: 0.9303; acc: 0.8738; f1: 0.8667; 
Thu 07 Mar 2024 22:27:32 INFO  [Train Info] Epoch: 480, train loss: 0.1295. [Evaluation metric]	Mode:valid, roc_auc: 0.9267; loss: 0.5693; pr_auc: 0.9345; acc: 0.8741; f1: 0.8669; 
Thu 07 Mar 2024 22:27:32 INFO  [Train Info] Epoch: 481, train loss: 0.1328. [Evaluation metric]	Mode:valid, roc_auc: 0.9265; loss: 0.5688; pr_auc: 0.9281; acc: 0.8744; f1: 0.8676; 
Thu 07 Mar 2024 22:27:32 INFO  [Train Info] Epoch: 482, train loss: 0.1318. [Evaluation metric]	Mode:valid, roc_auc: 0.9239; loss: 0.5710; pr_auc: 0.9284; acc: 0.8713; f1: 0.8649; 
Thu 07 Mar 2024 22:27:32 INFO  [Train Info] Epoch: 483, train loss: 0.1294. [Evaluation metric]	Mode:valid, roc_auc: 0.9287; loss: 0.5682; pr_auc: 0.9351; acc: 0.8757; f1: 0.8690; 
Thu 07 Mar 2024 22:27:33 INFO  [Train Info] Epoch: 484, train loss: 0.1286. [Evaluation metric]	Mode:valid, roc_auc: 0.9266; loss: 0.5686; pr_auc: 0.9298; acc: 0.8734; f1: 0.8668; 
Thu 07 Mar 2024 22:27:33 INFO  [Train Info] Epoch: 485, train loss: 0.1304. [Evaluation metric]	Mode:valid, roc_auc: 0.9241; loss: 0.5702; pr_auc: 0.9261; acc: 0.8721; f1: 0.8656; 
Thu 07 Mar 2024 22:27:33 INFO  [Train Info] Epoch: 486, train loss: 0.1322. [Evaluation metric]	Mode:valid, roc_auc: 0.9251; loss: 0.5699; pr_auc: 0.9283; acc: 0.8729; f1: 0.8663; 
Thu 07 Mar 2024 22:27:33 INFO  [Train Info] Epoch: 487, train loss: 0.1276. [Evaluation metric]	Mode:valid, roc_auc: 0.9274; loss: 0.5674; pr_auc: 0.9261; acc: 0.8764; f1: 0.8694; 
Thu 07 Mar 2024 22:27:34 INFO  [Train Info] Epoch: 488, train loss: 0.1320. [Evaluation metric]	Mode:valid, roc_auc: 0.9266; loss: 0.5690; pr_auc: 0.9320; acc: 0.8729; f1: 0.8662; 
Thu 07 Mar 2024 22:27:34 INFO  [Train Info] Epoch: 489, train loss: 0.1289. [Evaluation metric]	Mode:valid, roc_auc: 0.9262; loss: 0.5686; pr_auc: 0.9263; acc: 0.8744; f1: 0.8676; 
Thu 07 Mar 2024 22:27:34 INFO  [Train Info] Epoch: 490, train loss: 0.1310. [Evaluation metric]	Mode:valid, roc_auc: 0.9267; loss: 0.5690; pr_auc: 0.9327; acc: 0.8732; f1: 0.8667; 
Thu 07 Mar 2024 22:27:34 INFO  [Train Info] Epoch: 491, train loss: 0.1286. [Evaluation metric]	Mode:valid, roc_auc: 0.9276; loss: 0.5675; pr_auc: 0.9299; acc: 0.8768; f1: 0.8701; 
Thu 07 Mar 2024 22:27:34 INFO  [Train Info] Epoch: 492, train loss: 0.1296. [Evaluation metric]	Mode:valid, roc_auc: 0.9267; loss: 0.5683; pr_auc: 0.9296; acc: 0.8751; f1: 0.8685; 
Thu 07 Mar 2024 22:27:35 INFO  [Train Info] Epoch: 493, train loss: 0.1308. [Evaluation metric]	Mode:valid, roc_auc: 0.9261; loss: 0.5690; pr_auc: 0.9300; acc: 0.8743; f1: 0.8676; 
Thu 07 Mar 2024 22:27:35 INFO  [Train Info] Epoch: 494, train loss: 0.1303. [Evaluation metric]	Mode:valid, roc_auc: 0.9279; loss: 0.5681; pr_auc: 0.9326; acc: 0.8731; f1: 0.8665; 
Thu 07 Mar 2024 22:27:35 INFO  [Train Info] Epoch: 495, train loss: 0.1295. [Evaluation metric]	Mode:valid, roc_auc: 0.9259; loss: 0.5686; pr_auc: 0.9285; acc: 0.8738; f1: 0.8673; 
Thu 07 Mar 2024 22:27:35 INFO  [Train Info] Epoch: 496, train loss: 0.1273. [Evaluation metric]	Mode:valid, roc_auc: 0.9268; loss: 0.5681; pr_auc: 0.9304; acc: 0.8752; f1: 0.8687; 
Thu 07 Mar 2024 22:27:36 INFO  [Train Info] Epoch: 497, train loss: 0.1286. [Evaluation metric]	Mode:valid, roc_auc: 0.9264; loss: 0.5677; pr_auc: 0.9308; acc: 0.8769; f1: 0.8703; 
Thu 07 Mar 2024 22:27:36 INFO  [Train Info] Epoch: 498, train loss: 0.1282. [Evaluation metric]	Mode:valid, roc_auc: 0.9268; loss: 0.5675; pr_auc: 0.9307; acc: 0.8766; f1: 0.8700; 
Thu 07 Mar 2024 22:27:36 INFO  [Train Info] Epoch: 499, train loss: 0.1318. [Evaluation metric]	Mode:valid, roc_auc: 0.9252; loss: 0.5690; pr_auc: 0.9274; acc: 0.8715; f1: 0.8651; 
Thu 07 Mar 2024 22:27:36 INFO  [Train Info] [Evaluation metric]	Mode:test, roc_auc: 0.9217; loss: 0.5711; pr_auc: 0.9215; acc: 0.8684; f1: 0.8608; 
