Thu 07 Mar 2024 21:49:06 INFO  [Config Info]	Model: RGAT,	Task: node_classification,	Dataset: PPI_graph
Thu 07 Mar 2024 21:49:06 INFO  [Dataset Process] Split train into train/valid with the ratio of 8:2 
Thu 07 Mar 2024 21:49:06 INFO  [NC Specific] Modify the out_dim with num_classes
Thu 07 Mar 2024 21:49:07 INFO  [Feature Transformation] Assign embedding as features, because hg.ndata is empty.
Thu 07 Mar 2024 21:49:09 INFO  [Train Info] Epoch: 0, Train loss: 0.7025, Valid loss: 0.5338. [Evaluation metric]	Mode:train, Macro_f1: 0.0383; Micro_f1: 0.0499; 	Mode:valid, Macro_f1: 0.0339; Micro_f1: 0.0434; 	Mode:test, Macro_f1: 0.0439; Micro_f1: 0.0601; 
Thu 07 Mar 2024 21:49:09 INFO  [Train Info] Epoch: 1, Train loss: 0.5313, Valid loss: 0.2823. [Evaluation metric]	Mode:train, Macro_f1: 0.0136; Micro_f1: 0.0146; 	Mode:valid, Macro_f1: 0.0106; Micro_f1: 0.0118; 	Mode:test, Macro_f1: 0.0134; Micro_f1: 0.0153; 
Thu 07 Mar 2024 21:49:09 INFO  [Train Info] Epoch: 2, Train loss: 0.2788, Valid loss: 0.1896. [Evaluation metric]	Mode:train, Macro_f1: 0.0103; Micro_f1: 0.0109; 	Mode:valid, Macro_f1: 0.0066; Micro_f1: 0.0066; 	Mode:test, Macro_f1: 0.0074; Micro_f1: 0.0079; 
Thu 07 Mar 2024 21:49:09 INFO  [Train Info] Epoch: 3, Train loss: 0.1915, Valid loss: 0.2185. [Evaluation metric]	Mode:train, Macro_f1: 0.0085; Micro_f1: 0.0083; 	Mode:valid, Macro_f1: 0.0055; Micro_f1: 0.0051; 	Mode:test, Macro_f1: 0.0075; Micro_f1: 0.0082; 
Thu 07 Mar 2024 21:49:09 INFO  [Train Info] Epoch: 4, Train loss: 0.2234, Valid loss: 0.2421. [Evaluation metric]	Mode:train, Macro_f1: 0.0072; Micro_f1: 0.0067; 	Mode:valid, Macro_f1: 0.0011; Micro_f1: 0.0017; 	Mode:test, Macro_f1: 0.0076; Micro_f1: 0.0083; 
Thu 07 Mar 2024 21:49:09 INFO  [Train Info] Epoch: 5, Train loss: 0.2477, Valid loss: 0.2429. [Evaluation metric]	Mode:train, Macro_f1: 0.0074; Micro_f1: 0.0067; 	Mode:valid, Macro_f1: 0.0012; Micro_f1: 0.0017; 	Mode:test, Macro_f1: 0.0077; Micro_f1: 0.0083; 
Thu 07 Mar 2024 21:49:10 INFO  [Train Info] Epoch: 6, Train loss: 0.2476, Valid loss: 0.2289. [Evaluation metric]	Mode:train, Macro_f1: 0.0071; Micro_f1: 0.0063; 	Mode:valid, Macro_f1: 0.0012; Micro_f1: 0.0017; 	Mode:test, Macro_f1: 0.0067; Micro_f1: 0.0069; 
Thu 07 Mar 2024 21:49:10 INFO  [Train Info] Epoch: 7, Train loss: 0.2323, Valid loss: 0.2062. [Evaluation metric]	Mode:train, Macro_f1: 0.0072; Micro_f1: 0.0064; 	Mode:valid, Macro_f1: 0.0012; Micro_f1: 0.0017; 	Mode:test, Macro_f1: 0.0067; Micro_f1: 0.0069; 
Thu 07 Mar 2024 21:49:10 INFO  [Train Info] Epoch: 8, Train loss: 0.2081, Valid loss: 0.1833. [Evaluation metric]	Mode:train, Macro_f1: 0.0076; Micro_f1: 0.0068; 	Mode:valid, Macro_f1: 0.0027; Micro_f1: 0.0035; 	Mode:test, Macro_f1: 0.0066; Micro_f1: 0.0069; 
Thu 07 Mar 2024 21:49:10 INFO  [Train Info] Epoch: 9, Train loss: 0.1834, Valid loss: 0.1762. [Evaluation metric]	Mode:train, Macro_f1: 0.0079; Micro_f1: 0.0073; 	Mode:valid, Macro_f1: 0.0027; Micro_f1: 0.0034; 	Mode:test, Macro_f1: 0.0065; Micro_f1: 0.0068; 
Thu 07 Mar 2024 21:49:10 INFO  [Train Info] Epoch: 10, Train loss: 0.1747, Valid loss: 0.1846. [Evaluation metric]	Mode:train, Macro_f1: 0.0078; Micro_f1: 0.0073; 	Mode:valid, Macro_f1: 0.0026; Micro_f1: 0.0034; 	Mode:test, Macro_f1: 0.0088; Micro_f1: 0.0095; 
Thu 07 Mar 2024 21:49:10 INFO  [Train Info] Epoch: 11, Train loss: 0.1824, Valid loss: 0.1834. [Evaluation metric]	Mode:train, Macro_f1: 0.0082; Micro_f1: 0.0078; 	Mode:valid, Macro_f1: 0.0027; Micro_f1: 0.0034; 	Mode:test, Macro_f1: 0.0096; Micro_f1: 0.0108; 
Thu 07 Mar 2024 21:49:10 INFO  [Train Info] Epoch: 12, Train loss: 0.1810, Valid loss: 0.1697. [Evaluation metric]	Mode:train, Macro_f1: 0.0083; Micro_f1: 0.0079; 	Mode:valid, Macro_f1: 0.0027; Micro_f1: 0.0034; 	Mode:test, Macro_f1: 0.0083; Micro_f1: 0.0094; 
Thu 07 Mar 2024 21:49:10 INFO  [Train Info] Epoch: 13, Train loss: 0.1674, Valid loss: 0.1638. [Evaluation metric]	Mode:train, Macro_f1: 0.0053; Micro_f1: 0.0058; 	Mode:valid, Macro_f1: 0.0012; Micro_f1: 0.0017; 	Mode:test, Macro_f1: 0.0083; Micro_f1: 0.0094; 
Thu 07 Mar 2024 21:49:10 INFO  [Train Info] Epoch: 14, Train loss: 0.1615, Valid loss: 0.1656. [Evaluation metric]	Mode:train, Macro_f1: 0.0047; Micro_f1: 0.0049; 	Mode:valid, Macro_f1: 0.0012; Micro_f1: 0.0017; 	Mode:test, Macro_f1: 0.0083; Micro_f1: 0.0094; 
Thu 07 Mar 2024 21:49:11 INFO  [Train Info] Epoch: 15, Train loss: 0.1635, Valid loss: 0.1646. [Evaluation metric]	Mode:train, Macro_f1: 0.0040; Micro_f1: 0.0041; 	Mode:valid, Macro_f1: 0.0012; Micro_f1: 0.0017; 	Mode:test, Macro_f1: 0.0066; Micro_f1: 0.0067; 
Thu 07 Mar 2024 21:49:11 INFO  [Train Info] Epoch: 16, Train loss: 0.1627, Valid loss: 0.1629. [Evaluation metric]	Mode:train, Macro_f1: 0.0040; Micro_f1: 0.0041; 	Mode:valid, Macro_f1: 0.0012; Micro_f1: 0.0017; 	Mode:test, Macro_f1: 0.0066; Micro_f1: 0.0067; 
Thu 07 Mar 2024 21:49:11 INFO  [Train Info] Epoch: 17, Train loss: 0.1613, Valid loss: 0.1618. [Evaluation metric]	Mode:train, Macro_f1: 0.0024; Micro_f1: 0.0032; 	Mode:valid, Macro_f1: 0.0013; Micro_f1: 0.0017; 	Mode:test, Macro_f1: 0.0066; Micro_f1: 0.0068; 
Thu 07 Mar 2024 21:49:11 INFO  [Train Info] Epoch: 18, Train loss: 0.1604, Valid loss: 0.1600. [Evaluation metric]	Mode:train, Macro_f1: 0.0024; Micro_f1: 0.0032; 	Mode:valid, Macro_f1: 0.0013; Micro_f1: 0.0017; 	Mode:test, Macro_f1: 0.0066; Micro_f1: 0.0068; 
Thu 07 Mar 2024 21:49:11 INFO  [Train Info] Epoch: 19, Train loss: 0.1585, Valid loss: 0.1578. [Evaluation metric]	Mode:train, Macro_f1: 0.0024; Micro_f1: 0.0032; 	Mode:valid, Macro_f1: 0.0012; Micro_f1: 0.0017; 	Mode:test, Macro_f1: 0.0066; Micro_f1: 0.0068; 
Thu 07 Mar 2024 21:49:11 INFO  [Train Info] Epoch: 20, Train loss: 0.1561, Valid loss: 0.1560. [Evaluation metric]	Mode:train, Macro_f1: 0.0024; Micro_f1: 0.0032; 	Mode:valid, Macro_f1: 0.0012; Micro_f1: 0.0017; 	Mode:test, Macro_f1: 0.0067; Micro_f1: 0.0068; 
Thu 07 Mar 2024 21:49:11 INFO  [Train Info] Epoch: 21, Train loss: 0.1540, Valid loss: 0.1549. [Evaluation metric]	Mode:train, Macro_f1: 0.0020; Micro_f1: 0.0028; 	Mode:valid, Macro_f1: 0.0012; Micro_f1: 0.0017; 	Mode:test, Macro_f1: 0.0067; Micro_f1: 0.0068; 
Thu 07 Mar 2024 21:49:11 INFO  [Train Info] Epoch: 22, Train loss: 0.1527, Valid loss: 0.1546. [Evaluation metric]	Mode:train, Macro_f1: 0.0021; Micro_f1: 0.0028; 	Mode:valid, Macro_f1: 0.0012; Micro_f1: 0.0017; 	Mode:test, Macro_f1: 0.0067; Micro_f1: 0.0068; 
Thu 07 Mar 2024 21:49:11 INFO  [Train Info] Epoch: 23, Train loss: 0.1523, Valid loss: 0.1548. [Evaluation metric]	Mode:train, Macro_f1: 0.0021; Micro_f1: 0.0028; 	Mode:valid, Macro_f1: 0.0012; Micro_f1: 0.0017; 	Mode:test, Macro_f1: 0.0067; Micro_f1: 0.0068; 
Thu 07 Mar 2024 21:49:12 INFO  [Train Info] Epoch: 24, Train loss: 0.1523, Valid loss: 0.1551. [Evaluation metric]	Mode:train, Macro_f1: 0.0021; Micro_f1: 0.0028; 	Mode:valid, Macro_f1: 0.0012; Micro_f1: 0.0017; 	Mode:test, Macro_f1: 0.0067; Micro_f1: 0.0068; 
Thu 07 Mar 2024 21:49:12 INFO  [Train Info] Epoch: 25, Train loss: 0.1525, Valid loss: 0.1552. [Evaluation metric]	Mode:train, Macro_f1: 0.0021; Micro_f1: 0.0028; 	Mode:valid, Macro_f1: 0.0012; Micro_f1: 0.0017; 	Mode:test, Macro_f1: 0.0057; Micro_f1: 0.0055; 
Thu 07 Mar 2024 21:49:12 INFO  [Train Info] Epoch: 26, Train loss: 0.1525, Valid loss: 0.1550. [Evaluation metric]	Mode:train, Macro_f1: 0.0017; Micro_f1: 0.0023; 	Mode:valid, Macro_f1: 0.0012; Micro_f1: 0.0017; 	Mode:test, Macro_f1: 0.0057; Micro_f1: 0.0055; 
Thu 07 Mar 2024 21:49:12 INFO  [Train Info] Epoch: 27, Train loss: 0.1523, Valid loss: 0.1546. [Evaluation metric]	Mode:train, Macro_f1: 0.0017; Micro_f1: 0.0023; 	Mode:valid, Macro_f1: 0.0012; Micro_f1: 0.0017; 	Mode:test, Macro_f1: 0.0057; Micro_f1: 0.0055; 
Thu 07 Mar 2024 21:49:12 INFO  [Train Info] Epoch: 28, Train loss: 0.1518, Valid loss: 0.1542. [Evaluation metric]	Mode:train, Macro_f1: 0.0014; Micro_f1: 0.0019; 	Mode:valid, Macro_f1: 0.0027; Micro_f1: 0.0035; 	Mode:test, Macro_f1: 0.0057; Micro_f1: 0.0055; 
Thu 07 Mar 2024 21:49:12 INFO  [Train Info] Epoch: 29, Train loss: 0.1513, Valid loss: 0.1537. [Evaluation metric]	Mode:train, Macro_f1: 0.0011; Micro_f1: 0.0014; 	Mode:valid, Macro_f1: 0.0027; Micro_f1: 0.0035; 	Mode:test, Macro_f1: 0.0067; Micro_f1: 0.0069; 
Thu 07 Mar 2024 21:49:12 INFO  [Train Info] Epoch: 30, Train loss: 0.1508, Valid loss: 0.1533. [Evaluation metric]	Mode:train, Macro_f1: 0.0007; Micro_f1: 0.0009; 	Mode:valid, Macro_f1: 0.0027; Micro_f1: 0.0035; 	Mode:test, Macro_f1: 0.0067; Micro_f1: 0.0069; 
Thu 07 Mar 2024 21:49:12 INFO  [Train Info] Epoch: 31, Train loss: 0.1504, Valid loss: 0.1529. [Evaluation metric]	Mode:train, Macro_f1: 0.0000; Micro_f1: 0.0000; 	Mode:valid, Macro_f1: 0.0027; Micro_f1: 0.0035; 	Mode:test, Macro_f1: 0.0067; Micro_f1: 0.0069; 
Thu 07 Mar 2024 21:49:12 INFO  [Train Info] Epoch: 32, Train loss: 0.1499, Valid loss: 0.1526. [Evaluation metric]	Mode:train, Macro_f1: 0.0000; Micro_f1: 0.0000; 	Mode:valid, Macro_f1: 0.0027; Micro_f1: 0.0035; 	Mode:test, Macro_f1: 0.0067; Micro_f1: 0.0069; 
Thu 07 Mar 2024 21:49:12 INFO  [Train Info] Epoch: 33, Train loss: 0.1496, Valid loss: 0.1524. [Evaluation metric]	Mode:train, Macro_f1: 0.0000; Micro_f1: 0.0000; 	Mode:valid, Macro_f1: 0.0027; Micro_f1: 0.0035; 	Mode:test, Macro_f1: 0.0067; Micro_f1: 0.0069; 
Thu 07 Mar 2024 21:49:12 INFO  [Train Info] Epoch: 34, Train loss: 0.1494, Valid loss: 0.1523. [Evaluation metric]	Mode:train, Macro_f1: 0.0000; Micro_f1: 0.0000; 	Mode:valid, Macro_f1: 0.0027; Micro_f1: 0.0035; 	Mode:test, Macro_f1: 0.0067; Micro_f1: 0.0069; 
Thu 07 Mar 2024 21:49:13 INFO  [Train Info] Epoch: 35, Train loss: 0.1493, Valid loss: 0.1523. [Evaluation metric]	Mode:train, Macro_f1: 0.0000; Micro_f1: 0.0000; 	Mode:valid, Macro_f1: 0.0027; Micro_f1: 0.0035; 	Mode:test, Macro_f1: 0.0067; Micro_f1: 0.0070; 
Thu 07 Mar 2024 21:49:13 INFO  [Train Info] Epoch: 36, Train loss: 0.1493, Valid loss: 0.1522. [Evaluation metric]	Mode:train, Macro_f1: 0.0000; Micro_f1: 0.0000; 	Mode:valid, Macro_f1: 0.0027; Micro_f1: 0.0035; 	Mode:test, Macro_f1: 0.0067; Micro_f1: 0.0070; 
Thu 07 Mar 2024 21:49:13 INFO  [Train Info] Epoch: 37, Train loss: 0.1493, Valid loss: 0.1521. [Evaluation metric]	Mode:train, Macro_f1: 0.0000; Micro_f1: 0.0000; 	Mode:valid, Macro_f1: 0.0027; Micro_f1: 0.0035; 	Mode:test, Macro_f1: 0.0067; Micro_f1: 0.0070; 
Thu 07 Mar 2024 21:49:13 INFO  [Train Info] Epoch: 38, Train loss: 0.1493, Valid loss: 0.1520. [Evaluation metric]	Mode:train, Macro_f1: 0.0000; Micro_f1: 0.0000; 	Mode:valid, Macro_f1: 0.0027; Micro_f1: 0.0035; 	Mode:test, Macro_f1: 0.0067; Micro_f1: 0.0070; 
Thu 07 Mar 2024 21:49:13 INFO  [Train Info] Epoch: 39, Train loss: 0.1491, Valid loss: 0.1518. [Evaluation metric]	Mode:train, Macro_f1: 0.0000; Micro_f1: 0.0000; 	Mode:valid, Macro_f1: 0.0027; Micro_f1: 0.0035; 	Mode:test, Macro_f1: 0.0066; Micro_f1: 0.0070; 
Thu 07 Mar 2024 21:49:13 INFO  [Train Info] Epoch: 40, Train loss: 0.1490, Valid loss: 0.1515. [Evaluation metric]	Mode:train, Macro_f1: 0.0000; Micro_f1: 0.0000; 	Mode:valid, Macro_f1: 0.0027; Micro_f1: 0.0035; 	Mode:test, Macro_f1: 0.0066; Micro_f1: 0.0070; 
Thu 07 Mar 2024 21:49:13 INFO  [Train Info] Epoch: 41, Train loss: 0.1487, Valid loss: 0.1513. [Evaluation metric]	Mode:train, Macro_f1: 0.0000; Micro_f1: 0.0000; 	Mode:valid, Macro_f1: 0.0027; Micro_f1: 0.0035; 	Mode:test, Macro_f1: 0.0066; Micro_f1: 0.0070; 
Thu 07 Mar 2024 21:49:13 INFO  [Train Info] Epoch: 42, Train loss: 0.1485, Valid loss: 0.1511. [Evaluation metric]	Mode:train, Macro_f1: 0.0000; Micro_f1: 0.0000; 	Mode:valid, Macro_f1: 0.0027; Micro_f1: 0.0035; 	Mode:test, Macro_f1: 0.0066; Micro_f1: 0.0070; 
Thu 07 Mar 2024 21:49:13 INFO  [Train Info] Epoch: 43, Train loss: 0.1484, Valid loss: 0.1510. [Evaluation metric]	Mode:train, Macro_f1: 0.0000; Micro_f1: 0.0000; 	Mode:valid, Macro_f1: 0.0027; Micro_f1: 0.0035; 	Mode:test, Macro_f1: 0.0066; Micro_f1: 0.0070; 
Thu 07 Mar 2024 21:49:13 INFO  [Train Info] Epoch: 44, Train loss: 0.1482, Valid loss: 0.1509. [Evaluation metric]	Mode:train, Macro_f1: 0.0000; Micro_f1: 0.0000; 	Mode:valid, Macro_f1: 0.0027; Micro_f1: 0.0035; 	Mode:test, Macro_f1: 0.0066; Micro_f1: 0.0070; 
Thu 07 Mar 2024 21:49:14 INFO  [Train Info] Epoch: 45, Train loss: 0.1481, Valid loss: 0.1508. [Evaluation metric]	Mode:train, Macro_f1: 0.0000; Micro_f1: 0.0000; 	Mode:valid, Macro_f1: 0.0027; Micro_f1: 0.0035; 	Mode:test, Macro_f1: 0.0066; Micro_f1: 0.0070; 
Thu 07 Mar 2024 21:49:14 INFO  [Train Info] Epoch: 46, Train loss: 0.1480, Valid loss: 0.1507. [Evaluation metric]	Mode:train, Macro_f1: 0.0000; Micro_f1: 0.0000; 	Mode:valid, Macro_f1: 0.0027; Micro_f1: 0.0035; 	Mode:test, Macro_f1: 0.0066; Micro_f1: 0.0070; 
Thu 07 Mar 2024 21:49:14 INFO  [Train Info] Epoch: 47, Train loss: 0.1479, Valid loss: 0.1507. [Evaluation metric]	Mode:train, Macro_f1: 0.0000; Micro_f1: 0.0000; 	Mode:valid, Macro_f1: 0.0027; Micro_f1: 0.0035; 	Mode:test, Macro_f1: 0.0066; Micro_f1: 0.0070; 
Thu 07 Mar 2024 21:49:14 INFO  [Train Info] Epoch: 48, Train loss: 0.1479, Valid loss: 0.1507. [Evaluation metric]	Mode:train, Macro_f1: 0.0000; Micro_f1: 0.0000; 	Mode:valid, Macro_f1: 0.0027; Micro_f1: 0.0035; 	Mode:test, Macro_f1: 0.0066; Micro_f1: 0.0070; 
Thu 07 Mar 2024 21:49:14 INFO  [Train Info] Epoch: 49, Train loss: 0.1478, Valid loss: 0.1506. [Evaluation metric]	Mode:train, Macro_f1: 0.0000; Micro_f1: 0.0000; 	Mode:valid, Macro_f1: 0.0027; Micro_f1: 0.0035; 	Mode:test, Macro_f1: 0.0066; Micro_f1: 0.0070; 
Thu 07 Mar 2024 21:49:14 INFO  [Train Info] Epoch: 50, Train loss: 0.1478, Valid loss: 0.1506. [Evaluation metric]	Mode:train, Macro_f1: 0.0000; Micro_f1: 0.0000; 	Mode:valid, Macro_f1: 0.0012; Micro_f1: 0.0018; 	Mode:test, Macro_f1: 0.0066; Micro_f1: 0.0070; 
Thu 07 Mar 2024 21:49:14 INFO  [Train Info] Epoch: 51, Train loss: 0.1477, Valid loss: 0.1505. [Evaluation metric]	Mode:train, Macro_f1: 0.0000; Micro_f1: 0.0000; 	Mode:valid, Macro_f1: 0.0012; Micro_f1: 0.0018; 	Mode:test, Macro_f1: 0.0066; Micro_f1: 0.0070; 
Thu 07 Mar 2024 21:49:14 INFO  [Train Info] Epoch: 52, Train loss: 0.1477, Valid loss: 0.1504. [Evaluation metric]	Mode:train, Macro_f1: 0.0000; Micro_f1: 0.0000; 	Mode:valid, Macro_f1: 0.0000; Micro_f1: 0.0000; 	Mode:test, Macro_f1: 0.0066; Micro_f1: 0.0070; 
Thu 07 Mar 2024 21:49:14 INFO  [Train Info] Epoch: 53, Train loss: 0.1476, Valid loss: 0.1503. [Evaluation metric]	Mode:train, Macro_f1: 0.0000; Micro_f1: 0.0000; 	Mode:valid, Macro_f1: 0.0000; Micro_f1: 0.0000; 	Mode:test, Macro_f1: 0.0066; Micro_f1: 0.0070; 
Thu 07 Mar 2024 21:49:14 INFO  [Train Info] Epoch: 54, Train loss: 0.1475, Valid loss: 0.1502. [Evaluation metric]	Mode:train, Macro_f1: 0.0000; Micro_f1: 0.0000; 	Mode:valid, Macro_f1: 0.0000; Micro_f1: 0.0000; 	Mode:test, Macro_f1: 0.0066; Micro_f1: 0.0070; 
Thu 07 Mar 2024 21:49:15 INFO  [Train Info] Epoch: 55, Train loss: 0.1474, Valid loss: 0.1501. [Evaluation metric]	Mode:train, Macro_f1: 0.0000; Micro_f1: 0.0000; 	Mode:valid, Macro_f1: 0.0000; Micro_f1: 0.0000; 	Mode:test, Macro_f1: 0.0066; Micro_f1: 0.0070; 
Thu 07 Mar 2024 21:49:15 INFO  [Train Info] Epoch: 56, Train loss: 0.1474, Valid loss: 0.1501. [Evaluation metric]	Mode:train, Macro_f1: 0.0000; Micro_f1: 0.0000; 	Mode:valid, Macro_f1: 0.0000; Micro_f1: 0.0000; 	Mode:test, Macro_f1: 0.0066; Micro_f1: 0.0070; 
Thu 07 Mar 2024 21:49:15 INFO  [Train Info] Epoch: 57, Train loss: 0.1474, Valid loss: 0.1500. [Evaluation metric]	Mode:train, Macro_f1: 0.0000; Micro_f1: 0.0000; 	Mode:valid, Macro_f1: 0.0000; Micro_f1: 0.0000; 	Mode:test, Macro_f1: 0.0066; Micro_f1: 0.0070; 
Thu 07 Mar 2024 21:49:15 INFO  [Train Info] Epoch: 58, Train loss: 0.1474, Valid loss: 0.1500. [Evaluation metric]	Mode:train, Macro_f1: 0.0000; Micro_f1: 0.0000; 	Mode:valid, Macro_f1: 0.0000; Micro_f1: 0.0000; 	Mode:test, Macro_f1: 0.0066; Micro_f1: 0.0070; 
Thu 07 Mar 2024 21:49:15 INFO  [Train Info] Epoch: 59, Train loss: 0.1474, Valid loss: 0.1500. [Evaluation metric]	Mode:train, Macro_f1: 0.0000; Micro_f1: 0.0000; 	Mode:valid, Macro_f1: 0.0000; Micro_f1: 0.0000; 	Mode:test, Macro_f1: 0.0066; Micro_f1: 0.0070; 
Thu 07 Mar 2024 21:49:15 INFO  [Train Info] Epoch: 60, Train loss: 0.1474, Valid loss: 0.1500. [Evaluation metric]	Mode:train, Macro_f1: 0.0000; Micro_f1: 0.0000; 	Mode:valid, Macro_f1: 0.0000; Micro_f1: 0.0000; 	Mode:test, Macro_f1: 0.0066; Micro_f1: 0.0070; 
Thu 07 Mar 2024 21:49:15 INFO  [Train Info] Epoch: 61, Train loss: 0.1474, Valid loss: 0.1499. [Evaluation metric]	Mode:train, Macro_f1: 0.0000; Micro_f1: 0.0000; 	Mode:valid, Macro_f1: 0.0000; Micro_f1: 0.0000; 	Mode:test, Macro_f1: 0.0066; Micro_f1: 0.0070; 
Thu 07 Mar 2024 21:49:15 INFO  [Train Info] Epoch: 62, Train loss: 0.1474, Valid loss: 0.1499. [Evaluation metric]	Mode:train, Macro_f1: 0.0000; Micro_f1: 0.0000; 	Mode:valid, Macro_f1: 0.0000; Micro_f1: 0.0000; 	Mode:test, Macro_f1: 0.0066; Micro_f1: 0.0070; 
Thu 07 Mar 2024 21:49:15 INFO  [Train Info] Epoch: 63, Train loss: 0.1474, Valid loss: 0.1499. [Evaluation metric]	Mode:train, Macro_f1: 0.0000; Micro_f1: 0.0000; 	Mode:valid, Macro_f1: 0.0000; Micro_f1: 0.0000; 	Mode:test, Macro_f1: 0.0066; Micro_f1: 0.0070; 
Thu 07 Mar 2024 21:49:16 INFO  [Train Info] Epoch: 64, Train loss: 0.1474, Valid loss: 0.1499. [Evaluation metric]	Mode:train, Macro_f1: 0.0000; Micro_f1: 0.0000; 	Mode:valid, Macro_f1: 0.0000; Micro_f1: 0.0000; 	Mode:test, Macro_f1: 0.0066; Micro_f1: 0.0070; 
Thu 07 Mar 2024 21:49:16 INFO  [Train Info] Epoch: 65, Train loss: 0.1474, Valid loss: 0.1498. [Evaluation metric]	Mode:train, Macro_f1: 0.0000; Micro_f1: 0.0000; 	Mode:valid, Macro_f1: 0.0000; Micro_f1: 0.0000; 	Mode:test, Macro_f1: 0.0067; Micro_f1: 0.0071; 
Thu 07 Mar 2024 21:49:16 INFO  [Train Info] Epoch: 66, Train loss: 0.1473, Valid loss: 0.1497. [Evaluation metric]	Mode:train, Macro_f1: 0.0000; Micro_f1: 0.0000; 	Mode:valid, Macro_f1: 0.0000; Micro_f1: 0.0000; 	Mode:test, Macro_f1: 0.0067; Micro_f1: 0.0071; 
Thu 07 Mar 2024 21:49:16 INFO  [Train Info] Epoch: 67, Train loss: 0.1473, Valid loss: 0.1497. [Evaluation metric]	Mode:train, Macro_f1: 0.0000; Micro_f1: 0.0000; 	Mode:valid, Macro_f1: 0.0000; Micro_f1: 0.0000; 	Mode:test, Macro_f1: 0.0057; Micro_f1: 0.0057; 
Thu 07 Mar 2024 21:49:16 INFO  [Train Info] Epoch: 68, Train loss: 0.1472, Valid loss: 0.1496. [Evaluation metric]	Mode:train, Macro_f1: 0.0000; Micro_f1: 0.0000; 	Mode:valid, Macro_f1: 0.0000; Micro_f1: 0.0000; 	Mode:test, Macro_f1: 0.0043; Micro_f1: 0.0043; 
Thu 07 Mar 2024 21:49:16 INFO  [Train Info] Epoch: 69, Train loss: 0.1472, Valid loss: 0.1496. [Evaluation metric]	Mode:train, Macro_f1: 0.0000; Micro_f1: 0.0000; 	Mode:valid, Macro_f1: 0.0000; Micro_f1: 0.0000; 	Mode:test, Macro_f1: 0.0034; Micro_f1: 0.0029; 
Thu 07 Mar 2024 21:49:16 INFO  [Train Info] Epoch: 70, Train loss: 0.1472, Valid loss: 0.1496. [Evaluation metric]	Mode:train, Macro_f1: 0.0000; Micro_f1: 0.0000; 	Mode:valid, Macro_f1: 0.0000; Micro_f1: 0.0000; 	Mode:test, Macro_f1: 0.0034; Micro_f1: 0.0029; 
Thu 07 Mar 2024 21:49:16 INFO  [Train Info] Epoch: 71, Train loss: 0.1472, Valid loss: 0.1496. [Evaluation metric]	Mode:train, Macro_f1: 0.0000; Micro_f1: 0.0000; 	Mode:valid, Macro_f1: 0.0000; Micro_f1: 0.0000; 	Mode:test, Macro_f1: 0.0034; Micro_f1: 0.0029; 
Thu 07 Mar 2024 21:49:16 INFO  [Train Info] Epoch: 72, Train loss: 0.1472, Valid loss: 0.1495. [Evaluation metric]	Mode:train, Macro_f1: 0.0000; Micro_f1: 0.0000; 	Mode:valid, Macro_f1: 0.0000; Micro_f1: 0.0000; 	Mode:test, Macro_f1: 0.0035; Micro_f1: 0.0029; 
Thu 07 Mar 2024 21:49:17 INFO  [Train Info] Epoch: 73, Train loss: 0.1472, Valid loss: 0.1495. [Evaluation metric]	Mode:train, Macro_f1: 0.0000; Micro_f1: 0.0000; 	Mode:valid, Macro_f1: 0.0000; Micro_f1: 0.0000; 	Mode:test, Macro_f1: 0.0035; Micro_f1: 0.0029; 
Thu 07 Mar 2024 21:49:17 INFO  [Train Info] Epoch: 74, Train loss: 0.1472, Valid loss: 0.1495. [Evaluation metric]	Mode:train, Macro_f1: 0.0000; Micro_f1: 0.0000; 	Mode:valid, Macro_f1: 0.0000; Micro_f1: 0.0000; 	Mode:test, Macro_f1: 0.0035; Micro_f1: 0.0029; 
Thu 07 Mar 2024 21:49:17 INFO  [Train Info] Epoch: 75, Train loss: 0.1471, Valid loss: 0.1494. [Evaluation metric]	Mode:train, Macro_f1: 0.0000; Micro_f1: 0.0000; 	Mode:valid, Macro_f1: 0.0000; Micro_f1: 0.0000; 	Mode:test, Macro_f1: 0.0035; Micro_f1: 0.0029; 
Thu 07 Mar 2024 21:49:17 INFO  [Train Info] Epoch: 76, Train loss: 0.1471, Valid loss: 0.1494. [Evaluation metric]	Mode:train, Macro_f1: 0.0000; Micro_f1: 0.0000; 	Mode:valid, Macro_f1: 0.0000; Micro_f1: 0.0000; 	Mode:test, Macro_f1: 0.0035; Micro_f1: 0.0029; 
Thu 07 Mar 2024 21:49:17 INFO  [Train Info] Epoch: 77, Train loss: 0.1471, Valid loss: 0.1493. [Evaluation metric]	Mode:train, Macro_f1: 0.0000; Micro_f1: 0.0000; 	Mode:valid, Macro_f1: 0.0000; Micro_f1: 0.0000; 	Mode:test, Macro_f1: 0.0035; Micro_f1: 0.0029; 
Thu 07 Mar 2024 21:49:17 INFO  [Train Info] Epoch: 78, Train loss: 0.1471, Valid loss: 0.1492. [Evaluation metric]	Mode:train, Macro_f1: 0.0000; Micro_f1: 0.0000; 	Mode:valid, Macro_f1: 0.0000; Micro_f1: 0.0000; 	Mode:test, Macro_f1: 0.0035; Micro_f1: 0.0029; 
Thu 07 Mar 2024 21:49:17 INFO  [Train Info] Epoch: 79, Train loss: 0.1471, Valid loss: 0.1492. [Evaluation metric]	Mode:train, Macro_f1: 0.0000; Micro_f1: 0.0000; 	Mode:valid, Macro_f1: 0.0000; Micro_f1: 0.0000; 	Mode:test, Macro_f1: 0.0035; Micro_f1: 0.0029; 
Thu 07 Mar 2024 21:49:17 INFO  [Train Info] Epoch: 80, Train loss: 0.1470, Valid loss: 0.1491. [Evaluation metric]	Mode:train, Macro_f1: 0.0000; Micro_f1: 0.0000; 	Mode:valid, Macro_f1: 0.0000; Micro_f1: 0.0000; 	Mode:test, Macro_f1: 0.0035; Micro_f1: 0.0029; 
Thu 07 Mar 2024 21:49:17 INFO  [Train Info] Epoch: 81, Train loss: 0.1470, Valid loss: 0.1491. [Evaluation metric]	Mode:train, Macro_f1: 0.0000; Micro_f1: 0.0000; 	Mode:valid, Macro_f1: 0.0000; Micro_f1: 0.0000; 	Mode:test, Macro_f1: 0.0035; Micro_f1: 0.0029; 
Thu 07 Mar 2024 21:49:17 INFO  [Train Info] Epoch: 82, Train loss: 0.1470, Valid loss: 0.1491. [Evaluation metric]	Mode:train, Macro_f1: 0.0000; Micro_f1: 0.0000; 	Mode:valid, Macro_f1: 0.0000; Micro_f1: 0.0000; 	Mode:test, Macro_f1: 0.0035; Micro_f1: 0.0029; 
Thu 07 Mar 2024 21:49:17 INFO  [Train Info] Epoch: 83, Train loss: 0.1470, Valid loss: 0.1491. [Evaluation metric]	Mode:train, Macro_f1: 0.0000; Micro_f1: 0.0000; 	Mode:valid, Macro_f1: 0.0000; Micro_f1: 0.0000; 	Mode:test, Macro_f1: 0.0035; Micro_f1: 0.0029; 
Thu 07 Mar 2024 21:49:18 INFO  [Train Info] Epoch: 84, Train loss: 0.1470, Valid loss: 0.1491. [Evaluation metric]	Mode:train, Macro_f1: 0.0000; Micro_f1: 0.0000; 	Mode:valid, Macro_f1: 0.0000; Micro_f1: 0.0000; 	Mode:test, Macro_f1: 0.0035; Micro_f1: 0.0029; 
Thu 07 Mar 2024 21:49:18 INFO  [Train Info] Epoch: 85, Train loss: 0.1470, Valid loss: 0.1491. [Evaluation metric]	Mode:train, Macro_f1: 0.0000; Micro_f1: 0.0000; 	Mode:valid, Macro_f1: 0.0000; Micro_f1: 0.0000; 	Mode:test, Macro_f1: 0.0035; Micro_f1: 0.0029; 
Thu 07 Mar 2024 21:49:18 INFO  [Train Info] Epoch: 86, Train loss: 0.1470, Valid loss: 0.1490. [Evaluation metric]	Mode:train, Macro_f1: 0.0000; Micro_f1: 0.0000; 	Mode:valid, Macro_f1: 0.0000; Micro_f1: 0.0000; 	Mode:test, Macro_f1: 0.0035; Micro_f1: 0.0029; 
Thu 07 Mar 2024 21:49:18 INFO  [Train Info] Epoch: 87, Train loss: 0.1470, Valid loss: 0.1490. [Evaluation metric]	Mode:train, Macro_f1: 0.0000; Micro_f1: 0.0000; 	Mode:valid, Macro_f1: 0.0000; Micro_f1: 0.0000; 	Mode:test, Macro_f1: 0.0035; Micro_f1: 0.0030; 
Thu 07 Mar 2024 21:49:18 INFO  [Train Info] Epoch: 88, Train loss: 0.1470, Valid loss: 0.1490. [Evaluation metric]	Mode:train, Macro_f1: 0.0000; Micro_f1: 0.0000; 	Mode:valid, Macro_f1: 0.0000; Micro_f1: 0.0000; 	Mode:test, Macro_f1: 0.0035; Micro_f1: 0.0030; 
Thu 07 Mar 2024 21:49:18 INFO  [Train Info] Epoch: 89, Train loss: 0.1470, Valid loss: 0.1490. [Evaluation metric]	Mode:train, Macro_f1: 0.0000; Micro_f1: 0.0000; 	Mode:valid, Macro_f1: 0.0000; Micro_f1: 0.0000; 	Mode:test, Macro_f1: 0.0035; Micro_f1: 0.0030; 
Thu 07 Mar 2024 21:49:18 INFO  [Train Info] Epoch: 90, Train loss: 0.1470, Valid loss: 0.1489. [Evaluation metric]	Mode:train, Macro_f1: 0.0000; Micro_f1: 0.0000; 	Mode:valid, Macro_f1: 0.0000; Micro_f1: 0.0000; 	Mode:test, Macro_f1: 0.0035; Micro_f1: 0.0030; 
Thu 07 Mar 2024 21:49:18 INFO  [Train Info] Epoch: 91, Train loss: 0.1470, Valid loss: 0.1489. [Evaluation metric]	Mode:train, Macro_f1: 0.0000; Micro_f1: 0.0000; 	Mode:valid, Macro_f1: 0.0000; Micro_f1: 0.0000; 	Mode:test, Macro_f1: 0.0035; Micro_f1: 0.0030; 
Thu 07 Mar 2024 21:49:18 INFO  [Train Info] Epoch: 92, Train loss: 0.1470, Valid loss: 0.1489. [Evaluation metric]	Mode:train, Macro_f1: 0.0000; Micro_f1: 0.0000; 	Mode:valid, Macro_f1: 0.0000; Micro_f1: 0.0000; 	Mode:test, Macro_f1: 0.0035; Micro_f1: 0.0030; 
Thu 07 Mar 2024 21:49:18 INFO  [Train Info] Epoch: 93, Train loss: 0.1470, Valid loss: 0.1488. [Evaluation metric]	Mode:train, Macro_f1: 0.0000; Micro_f1: 0.0000; 	Mode:valid, Macro_f1: 0.0000; Micro_f1: 0.0000; 	Mode:test, Macro_f1: 0.0035; Micro_f1: 0.0030; 
Thu 07 Mar 2024 21:49:19 INFO  [Train Info] Epoch: 94, Train loss: 0.1470, Valid loss: 0.1488. [Evaluation metric]	Mode:train, Macro_f1: 0.0000; Micro_f1: 0.0000; 	Mode:valid, Macro_f1: 0.0000; Micro_f1: 0.0000; 	Mode:test, Macro_f1: 0.0015; Micro_f1: 0.0015; 
Thu 07 Mar 2024 21:49:19 INFO  [Train Info] Epoch: 95, Train loss: 0.1470, Valid loss: 0.1488. [Evaluation metric]	Mode:train, Macro_f1: 0.0000; Micro_f1: 0.0000; 	Mode:valid, Macro_f1: 0.0000; Micro_f1: 0.0000; 	Mode:test, Macro_f1: 0.0015; Micro_f1: 0.0015; 
Thu 07 Mar 2024 21:49:19 INFO  [Train Info] Epoch: 96, Train loss: 0.1470, Valid loss: 0.1488. [Evaluation metric]	Mode:train, Macro_f1: 0.0000; Micro_f1: 0.0000; 	Mode:valid, Macro_f1: 0.0000; Micro_f1: 0.0000; 	Mode:test, Macro_f1: 0.0015; Micro_f1: 0.0015; 
Thu 07 Mar 2024 21:49:19 INFO  [Train Info] Epoch: 97, Train loss: 0.1470, Valid loss: 0.1488. [Evaluation metric]	Mode:train, Macro_f1: 0.0000; Micro_f1: 0.0000; 	Mode:valid, Macro_f1: 0.0000; Micro_f1: 0.0000; 	Mode:test, Macro_f1: 0.0015; Micro_f1: 0.0015; 
Thu 07 Mar 2024 21:49:19 INFO  [Train Info] Epoch: 98, Train loss: 0.1470, Valid loss: 0.1487. [Evaluation metric]	Mode:train, Macro_f1: 0.0000; Micro_f1: 0.0000; 	Mode:valid, Macro_f1: 0.0000; Micro_f1: 0.0000; 	Mode:test, Macro_f1: 0.0000; Micro_f1: 0.0000; 
Thu 07 Mar 2024 21:49:19 INFO  [Train Info] Epoch: 99, Train loss: 0.1470, Valid loss: 0.1487. [Evaluation metric]	Mode:train, Macro_f1: 0.0000; Micro_f1: 0.0000; 	Mode:valid, Macro_f1: 0.0000; Micro_f1: 0.0000; 	Mode:test, Macro_f1: 0.0000; Micro_f1: 0.0000; 
Thu 07 Mar 2024 21:49:19 INFO  [Train Info] Epoch: 100, Train loss: 0.1470, Valid loss: 0.1487. [Evaluation metric]	Mode:train, Macro_f1: 0.0000; Micro_f1: 0.0000; 	Mode:valid, Macro_f1: 0.0000; Micro_f1: 0.0000; 	Mode:test, Macro_f1: 0.0000; Micro_f1: 0.0000; 
Thu 07 Mar 2024 21:49:19 INFO  [Train Info] Epoch: 101, Train loss: 0.1470, Valid loss: 0.1487. [Evaluation metric]	Mode:train, Macro_f1: 0.0000; Micro_f1: 0.0000; 	Mode:valid, Macro_f1: 0.0000; Micro_f1: 0.0000; 	Mode:test, Macro_f1: 0.0000; Micro_f1: 0.0000; 
Thu 07 Mar 2024 21:49:19 INFO  [Train Info] Epoch: 102, Train loss: 0.1470, Valid loss: 0.1486. [Evaluation metric]	Mode:train, Macro_f1: 0.0000; Micro_f1: 0.0000; 	Mode:valid, Macro_f1: 0.0000; Micro_f1: 0.0000; 	Mode:test, Macro_f1: 0.0000; Micro_f1: 0.0000; 
Thu 07 Mar 2024 21:49:19 INFO  [Train Info] Epoch: 103, Train loss: 0.1470, Valid loss: 0.1486. [Evaluation metric]	Mode:train, Macro_f1: 0.0000; Micro_f1: 0.0000; 	Mode:valid, Macro_f1: 0.0000; Micro_f1: 0.0000; 	Mode:test, Macro_f1: 0.0000; Micro_f1: 0.0000; 
Thu 07 Mar 2024 21:49:19 INFO  [Train Info] Epoch: 104, Train loss: 0.1470, Valid loss: 0.1486. [Evaluation metric]	Mode:train, Macro_f1: 0.0000; Micro_f1: 0.0000; 	Mode:valid, Macro_f1: 0.0000; Micro_f1: 0.0000; 	Mode:test, Macro_f1: 0.0000; Micro_f1: 0.0000; 
Thu 07 Mar 2024 21:49:19 INFO  [Train Info] Epoch: 105, Train loss: 0.1470, Valid loss: 0.1486. [Evaluation metric]	Mode:train, Macro_f1: 0.0000; Micro_f1: 0.0000; 	Mode:valid, Macro_f1: 0.0000; Micro_f1: 0.0000; 	Mode:test, Macro_f1: 0.0000; Micro_f1: 0.0000; 
Thu 07 Mar 2024 21:49:20 INFO  [Train Info] Epoch: 106, Train loss: 0.1470, Valid loss: 0.1486. [Evaluation metric]	Mode:train, Macro_f1: 0.0000; Micro_f1: 0.0000; 	Mode:valid, Macro_f1: 0.0000; Micro_f1: 0.0000; 	Mode:test, Macro_f1: 0.0000; Micro_f1: 0.0000; 
Thu 07 Mar 2024 21:49:20 INFO  [Train Info] Epoch: 107, Train loss: 0.1470, Valid loss: 0.1486. [Evaluation metric]	Mode:train, Macro_f1: 0.0000; Micro_f1: 0.0000; 	Mode:valid, Macro_f1: 0.0000; Micro_f1: 0.0000; 	Mode:test, Macro_f1: 0.0000; Micro_f1: 0.0000; 
Thu 07 Mar 2024 21:49:20 INFO  [Train Info] Epoch: 108, Train loss: 0.1470, Valid loss: 0.1485. [Evaluation metric]	Mode:train, Macro_f1: 0.0000; Micro_f1: 0.0000; 	Mode:valid, Macro_f1: 0.0000; Micro_f1: 0.0000; 	Mode:test, Macro_f1: 0.0000; Micro_f1: 0.0000; 
Thu 07 Mar 2024 21:49:20 INFO  [Train Info] Epoch: 109, Train loss: 0.1470, Valid loss: 0.1485. [Evaluation metric]	Mode:train, Macro_f1: 0.0000; Micro_f1: 0.0000; 	Mode:valid, Macro_f1: 0.0000; Micro_f1: 0.0000; 	Mode:test, Macro_f1: 0.0000; Micro_f1: 0.0000; 
Thu 07 Mar 2024 21:49:20 INFO  [Train Info] Epoch: 110, Train loss: 0.1470, Valid loss: 0.1485. [Evaluation metric]	Mode:train, Macro_f1: 0.0000; Micro_f1: 0.0000; 	Mode:valid, Macro_f1: 0.0000; Micro_f1: 0.0000; 	Mode:test, Macro_f1: 0.0000; Micro_f1: 0.0000; 
Thu 07 Mar 2024 21:49:20 INFO  [Train Info] Epoch: 111, Train loss: 0.1470, Valid loss: 0.1485. [Evaluation metric]	Mode:train, Macro_f1: 0.0000; Micro_f1: 0.0000; 	Mode:valid, Macro_f1: 0.0000; Micro_f1: 0.0000; 	Mode:test, Macro_f1: 0.0000; Micro_f1: 0.0000; 
Thu 07 Mar 2024 21:49:20 INFO  [Train Info] Epoch: 112, Train loss: 0.1470, Valid loss: 0.1485. [Evaluation metric]	Mode:train, Macro_f1: 0.0000; Micro_f1: 0.0000; 	Mode:valid, Macro_f1: 0.0000; Micro_f1: 0.0000; 	Mode:test, Macro_f1: 0.0000; Micro_f1: 0.0000; 
Thu 07 Mar 2024 21:49:20 INFO  [Train Info] Epoch: 113, Train loss: 0.1470, Valid loss: 0.1484. [Evaluation metric]	Mode:train, Macro_f1: 0.0000; Micro_f1: 0.0000; 	Mode:valid, Macro_f1: 0.0000; Micro_f1: 0.0000; 	Mode:test, Macro_f1: 0.0000; Micro_f1: 0.0000; 
Thu 07 Mar 2024 21:49:20 INFO  [Train Info] Epoch: 114, Train loss: 0.1470, Valid loss: 0.1484. [Evaluation metric]	Mode:train, Macro_f1: 0.0000; Micro_f1: 0.0000; 	Mode:valid, Macro_f1: 0.0000; Micro_f1: 0.0000; 	Mode:test, Macro_f1: 0.0000; Micro_f1: 0.0000; 
Thu 07 Mar 2024 21:49:20 INFO  [Train Info] Epoch: 115, Train loss: 0.1470, Valid loss: 0.1484. [Evaluation metric]	Mode:train, Macro_f1: 0.0000; Micro_f1: 0.0000; 	Mode:valid, Macro_f1: 0.0000; Micro_f1: 0.0000; 	Mode:test, Macro_f1: 0.0000; Micro_f1: 0.0000; 
Thu 07 Mar 2024 21:49:21 INFO  [Train Info] Epoch: 116, Train loss: 0.1470, Valid loss: 0.1484. [Evaluation metric]	Mode:train, Macro_f1: 0.0000; Micro_f1: 0.0000; 	Mode:valid, Macro_f1: 0.0000; Micro_f1: 0.0000; 	Mode:test, Macro_f1: 0.0000; Micro_f1: 0.0000; 
Thu 07 Mar 2024 21:49:21 INFO  [Train Info] Epoch: 117, Train loss: 0.1470, Valid loss: 0.1484. [Evaluation metric]	Mode:train, Macro_f1: 0.0000; Micro_f1: 0.0000; 	Mode:valid, Macro_f1: 0.0000; Micro_f1: 0.0000; 	Mode:test, Macro_f1: 0.0000; Micro_f1: 0.0000; 
Thu 07 Mar 2024 21:49:21 INFO  [Train Info] Epoch: 118, Train loss: 0.1471, Valid loss: 0.1484. [Evaluation metric]	Mode:train, Macro_f1: 0.0000; Micro_f1: 0.0000; 	Mode:valid, Macro_f1: 0.0000; Micro_f1: 0.0000; 	Mode:test, Macro_f1: 0.0000; Micro_f1: 0.0000; 
Thu 07 Mar 2024 21:49:21 INFO  [Train Info] Epoch: 119, Train loss: 0.1471, Valid loss: 0.1483. [Evaluation metric]	Mode:train, Macro_f1: 0.0000; Micro_f1: 0.0000; 	Mode:valid, Macro_f1: 0.0000; Micro_f1: 0.0000; 	Mode:test, Macro_f1: 0.0000; Micro_f1: 0.0000; 
Thu 07 Mar 2024 21:49:21 INFO  [Train Info] Epoch: 120, Train loss: 0.1471, Valid loss: 0.1483. [Evaluation metric]	Mode:train, Macro_f1: 0.0000; Micro_f1: 0.0000; 	Mode:valid, Macro_f1: 0.0000; Micro_f1: 0.0000; 	Mode:test, Macro_f1: 0.0000; Micro_f1: 0.0000; 
Thu 07 Mar 2024 21:49:21 INFO  [Train Info] Epoch: 121, Train loss: 0.1471, Valid loss: 0.1483. [Evaluation metric]	Mode:train, Macro_f1: 0.0000; Micro_f1: 0.0000; 	Mode:valid, Macro_f1: 0.0000; Micro_f1: 0.0000; 	Mode:test, Macro_f1: 0.0000; Micro_f1: 0.0000; 
Thu 07 Mar 2024 21:49:21 INFO  [Train Info] Epoch: 122, Train loss: 0.1471, Valid loss: 0.1483. [Evaluation metric]	Mode:train, Macro_f1: 0.0000; Micro_f1: 0.0000; 	Mode:valid, Macro_f1: 0.0000; Micro_f1: 0.0000; 	Mode:test, Macro_f1: 0.0000; Micro_f1: 0.0000; 
Thu 07 Mar 2024 21:49:21 INFO  [Train Info] Epoch: 123, Train loss: 0.1471, Valid loss: 0.1483. [Evaluation metric]	Mode:train, Macro_f1: 0.0000; Micro_f1: 0.0000; 	Mode:valid, Macro_f1: 0.0000; Micro_f1: 0.0000; 	Mode:test, Macro_f1: 0.0000; Micro_f1: 0.0000; 
Thu 07 Mar 2024 21:49:21 INFO  [Train Info] Epoch: 124, Train loss: 0.1471, Valid loss: 0.1483. [Evaluation metric]	Mode:train, Macro_f1: 0.0000; Micro_f1: 0.0000; 	Mode:valid, Macro_f1: 0.0000; Micro_f1: 0.0000; 	Mode:test, Macro_f1: 0.0000; Micro_f1: 0.0000; 
Thu 07 Mar 2024 21:49:21 INFO  [Train Info] Epoch: 125, Train loss: 0.1471, Valid loss: 0.1482. [Evaluation metric]	Mode:train, Macro_f1: 0.0000; Micro_f1: 0.0000; 	Mode:valid, Macro_f1: 0.0000; Micro_f1: 0.0000; 	Mode:test, Macro_f1: 0.0000; Micro_f1: 0.0000; 
Thu 07 Mar 2024 21:49:21 INFO  [Train Info] Epoch: 126, Train loss: 0.1471, Valid loss: 0.1482. [Evaluation metric]	Mode:train, Macro_f1: 0.0000; Micro_f1: 0.0000; 	Mode:valid, Macro_f1: 0.0000; Micro_f1: 0.0000; 	Mode:test, Macro_f1: 0.0000; Micro_f1: 0.0000; 
Thu 07 Mar 2024 21:49:22 INFO  [Train Info] Epoch: 127, Train loss: 0.1471, Valid loss: 0.1482. [Evaluation metric]	Mode:train, Macro_f1: 0.0000; Micro_f1: 0.0000; 	Mode:valid, Macro_f1: 0.0000; Micro_f1: 0.0000; 	Mode:test, Macro_f1: 0.0000; Micro_f1: 0.0000; 
Thu 07 Mar 2024 21:49:22 INFO  [Train Info] Epoch: 128, Train loss: 0.1471, Valid loss: 0.1482. [Evaluation metric]	Mode:train, Macro_f1: 0.0000; Micro_f1: 0.0000; 	Mode:valid, Macro_f1: 0.0000; Micro_f1: 0.0000; 	Mode:test, Macro_f1: 0.0000; Micro_f1: 0.0000; 
Thu 07 Mar 2024 21:49:22 INFO  [Train Info] Epoch: 129, Train loss: 0.1471, Valid loss: 0.1482. [Evaluation metric]	Mode:train, Macro_f1: 0.0000; Micro_f1: 0.0000; 	Mode:valid, Macro_f1: 0.0000; Micro_f1: 0.0000; 	Mode:test, Macro_f1: 0.0000; Micro_f1: 0.0000; 
Thu 07 Mar 2024 21:49:22 INFO  [Train Info] Epoch: 130, Train loss: 0.1471, Valid loss: 0.1482. [Evaluation metric]	Mode:train, Macro_f1: 0.0000; Micro_f1: 0.0000; 	Mode:valid, Macro_f1: 0.0000; Micro_f1: 0.0000; 	Mode:test, Macro_f1: 0.0000; Micro_f1: 0.0000; 
Thu 07 Mar 2024 21:49:22 INFO  [Train Info] Epoch: 131, Train loss: 0.1471, Valid loss: 0.1481. [Evaluation metric]	Mode:train, Macro_f1: 0.0000; Micro_f1: 0.0000; 	Mode:valid, Macro_f1: 0.0000; Micro_f1: 0.0000; 	Mode:test, Macro_f1: 0.0000; Micro_f1: 0.0000; 
Thu 07 Mar 2024 21:49:22 INFO  [Train Info] Epoch: 132, Train loss: 0.1471, Valid loss: 0.1481. [Evaluation metric]	Mode:train, Macro_f1: 0.0000; Micro_f1: 0.0000; 	Mode:valid, Macro_f1: 0.0000; Micro_f1: 0.0000; 	Mode:test, Macro_f1: 0.0000; Micro_f1: 0.0000; 
Thu 07 Mar 2024 21:49:22 INFO  [Train Info] Epoch: 133, Train loss: 0.1471, Valid loss: 0.1481. [Evaluation metric]	Mode:train, Macro_f1: 0.0000; Micro_f1: 0.0000; 	Mode:valid, Macro_f1: 0.0000; Micro_f1: 0.0000; 	Mode:test, Macro_f1: 0.0000; Micro_f1: 0.0000; 
Thu 07 Mar 2024 21:49:22 INFO  [Train Info] Epoch: 134, Train loss: 0.1471, Valid loss: 0.1481. [Evaluation metric]	Mode:train, Macro_f1: 0.0000; Micro_f1: 0.0000; 	Mode:valid, Macro_f1: 0.0000; Micro_f1: 0.0000; 	Mode:test, Macro_f1: 0.0000; Micro_f1: 0.0000; 
Thu 07 Mar 2024 21:49:22 INFO  [Train Info] Epoch: 135, Train loss: 0.1471, Valid loss: 0.1481. [Evaluation metric]	Mode:train, Macro_f1: 0.0000; Micro_f1: 0.0000; 	Mode:valid, Macro_f1: 0.0000; Micro_f1: 0.0000; 	Mode:test, Macro_f1: 0.0000; Micro_f1: 0.0000; 
Thu 07 Mar 2024 21:49:22 INFO  [Train Info] Epoch: 136, Train loss: 0.1471, Valid loss: 0.1481. [Evaluation metric]	Mode:train, Macro_f1: 0.0000; Micro_f1: 0.0000; 	Mode:valid, Macro_f1: 0.0000; Micro_f1: 0.0000; 	Mode:test, Macro_f1: 0.0000; Micro_f1: 0.0000; 
Thu 07 Mar 2024 21:49:22 INFO  [Train Info] Epoch: 137, Train loss: 0.1471, Valid loss: 0.1480. [Evaluation metric]	Mode:train, Macro_f1: 0.0000; Micro_f1: 0.0000; 	Mode:valid, Macro_f1: 0.0000; Micro_f1: 0.0000; 	Mode:test, Macro_f1: 0.0000; Micro_f1: 0.0000; 
Thu 07 Mar 2024 21:49:23 INFO  [Train Info] Epoch: 138, Train loss: 0.1471, Valid loss: 0.1480. [Evaluation metric]	Mode:train, Macro_f1: 0.0000; Micro_f1: 0.0000; 	Mode:valid, Macro_f1: 0.0000; Micro_f1: 0.0000; 	Mode:test, Macro_f1: 0.0000; Micro_f1: 0.0000; 
Thu 07 Mar 2024 21:49:23 INFO  [Train Info] Epoch: 139, Train loss: 0.1472, Valid loss: 0.1480. [Evaluation metric]	Mode:train, Macro_f1: 0.0000; Micro_f1: 0.0000; 	Mode:valid, Macro_f1: 0.0000; Micro_f1: 0.0000; 	Mode:test, Macro_f1: 0.0000; Micro_f1: 0.0000; 
Thu 07 Mar 2024 21:49:23 INFO  [Train Info] Epoch: 140, Train loss: 0.1472, Valid loss: 0.1480. [Evaluation metric]	Mode:train, Macro_f1: 0.0000; Micro_f1: 0.0000; 	Mode:valid, Macro_f1: 0.0000; Micro_f1: 0.0000; 	Mode:test, Macro_f1: 0.0000; Micro_f1: 0.0000; 
Thu 07 Mar 2024 21:49:23 INFO  [Train Info] Epoch: 141, Train loss: 0.1472, Valid loss: 0.1480. [Evaluation metric]	Mode:train, Macro_f1: 0.0000; Micro_f1: 0.0000; 	Mode:valid, Macro_f1: 0.0000; Micro_f1: 0.0000; 	Mode:test, Macro_f1: 0.0000; Micro_f1: 0.0000; 
Thu 07 Mar 2024 21:49:23 INFO  [Train Info] Epoch: 142, Train loss: 0.1472, Valid loss: 0.1479. [Evaluation metric]	Mode:train, Macro_f1: 0.0000; Micro_f1: 0.0000; 	Mode:valid, Macro_f1: 0.0000; Micro_f1: 0.0000; 	Mode:test, Macro_f1: 0.0000; Micro_f1: 0.0000; 
Thu 07 Mar 2024 21:49:23 INFO  [Train Info] Epoch: 143, Train loss: 0.1472, Valid loss: 0.1479. [Evaluation metric]	Mode:train, Macro_f1: 0.0000; Micro_f1: 0.0000; 	Mode:valid, Macro_f1: 0.0000; Micro_f1: 0.0000; 	Mode:test, Macro_f1: 0.0000; Micro_f1: 0.0000; 
Thu 07 Mar 2024 21:49:23 INFO  [Train Info] Epoch: 144, Train loss: 0.1472, Valid loss: 0.1479. [Evaluation metric]	Mode:train, Macro_f1: 0.0000; Micro_f1: 0.0000; 	Mode:valid, Macro_f1: 0.0000; Micro_f1: 0.0000; 	Mode:test, Macro_f1: 0.0000; Micro_f1: 0.0000; 
Thu 07 Mar 2024 21:49:23 INFO  [Train Info] Epoch: 145, Train loss: 0.1472, Valid loss: 0.1479. [Evaluation metric]	Mode:train, Macro_f1: 0.0000; Micro_f1: 0.0000; 	Mode:valid, Macro_f1: 0.0000; Micro_f1: 0.0000; 	Mode:test, Macro_f1: 0.0000; Micro_f1: 0.0000; 
Thu 07 Mar 2024 21:49:23 INFO  [Train Info] Epoch: 146, Train loss: 0.1472, Valid loss: 0.1479. [Evaluation metric]	Mode:train, Macro_f1: 0.0000; Micro_f1: 0.0000; 	Mode:valid, Macro_f1: 0.0000; Micro_f1: 0.0000; 	Mode:test, Macro_f1: 0.0000; Micro_f1: 0.0000; 
Thu 07 Mar 2024 21:49:24 INFO  [Train Info] Epoch: 147, Train loss: 0.1472, Valid loss: 0.1478. [Evaluation metric]	Mode:train, Macro_f1: 0.0000; Micro_f1: 0.0000; 	Mode:valid, Macro_f1: 0.0000; Micro_f1: 0.0000; 	Mode:test, Macro_f1: 0.0000; Micro_f1: 0.0000; 
Thu 07 Mar 2024 21:49:24 INFO  [Train Info] Epoch: 148, Train loss: 0.1472, Valid loss: 0.1478. [Evaluation metric]	Mode:train, Macro_f1: 0.0000; Micro_f1: 0.0000; 	Mode:valid, Macro_f1: 0.0000; Micro_f1: 0.0000; 	Mode:test, Macro_f1: 0.0000; Micro_f1: 0.0000; 
Thu 07 Mar 2024 21:49:24 INFO  [Train Info] Epoch: 149, Train loss: 0.1472, Valid loss: 0.1478. [Evaluation metric]	Mode:train, Macro_f1: 0.0000; Micro_f1: 0.0000; 	Mode:valid, Macro_f1: 0.0000; Micro_f1: 0.0000; 	Mode:test, Macro_f1: 0.0000; Micro_f1: 0.0000; 
Thu 07 Mar 2024 21:49:24 INFO  [Train Info] Epoch: 150, Train loss: 0.1472, Valid loss: 0.1478. [Evaluation metric]	Mode:train, Macro_f1: 0.0000; Micro_f1: 0.0000; 	Mode:valid, Macro_f1: 0.0000; Micro_f1: 0.0000; 	Mode:test, Macro_f1: 0.0000; Micro_f1: 0.0000; 
Thu 07 Mar 2024 21:49:24 INFO  [Train Info] Epoch: 151, Train loss: 0.1472, Valid loss: 0.1478. [Evaluation metric]	Mode:train, Macro_f1: 0.0000; Micro_f1: 0.0000; 	Mode:valid, Macro_f1: 0.0000; Micro_f1: 0.0000; 	Mode:test, Macro_f1: 0.0000; Micro_f1: 0.0000; 
Thu 07 Mar 2024 21:49:24 INFO  [Train Info] Epoch: 152, Train loss: 0.1472, Valid loss: 0.1477. [Evaluation metric]	Mode:train, Macro_f1: 0.0000; Micro_f1: 0.0000; 	Mode:valid, Macro_f1: 0.0000; Micro_f1: 0.0000; 	Mode:test, Macro_f1: 0.0000; Micro_f1: 0.0000; 
Thu 07 Mar 2024 21:49:24 INFO  [Train Info] Epoch: 153, Train loss: 0.1472, Valid loss: 0.1477. [Evaluation metric]	Mode:train, Macro_f1: 0.0000; Micro_f1: 0.0000; 	Mode:valid, Macro_f1: 0.0000; Micro_f1: 0.0000; 	Mode:test, Macro_f1: 0.0000; Micro_f1: 0.0000; 
Thu 07 Mar 2024 21:49:24 INFO  [Train Info] Epoch: 154, Train loss: 0.1472, Valid loss: 0.1477. [Evaluation metric]	Mode:train, Macro_f1: 0.0000; Micro_f1: 0.0000; 	Mode:valid, Macro_f1: 0.0000; Micro_f1: 0.0000; 	Mode:test, Macro_f1: 0.0000; Micro_f1: 0.0000; 
Thu 07 Mar 2024 21:49:24 INFO  [Train Info] Epoch: 155, Train loss: 0.1472, Valid loss: 0.1477. [Evaluation metric]	Mode:train, Macro_f1: 0.0000; Micro_f1: 0.0000; 	Mode:valid, Macro_f1: 0.0000; Micro_f1: 0.0000; 	Mode:test, Macro_f1: 0.0000; Micro_f1: 0.0000; 
Thu 07 Mar 2024 21:49:24 INFO  [Train Info] Epoch: 156, Train loss: 0.1472, Valid loss: 0.1477. [Evaluation metric]	Mode:train, Macro_f1: 0.0000; Micro_f1: 0.0000; 	Mode:valid, Macro_f1: 0.0000; Micro_f1: 0.0000; 	Mode:test, Macro_f1: 0.0000; Micro_f1: 0.0000; 
Thu 07 Mar 2024 21:49:24 INFO  [Train Info] Epoch: 157, Train loss: 0.1472, Valid loss: 0.1476. [Evaluation metric]	Mode:train, Macro_f1: 0.0000; Micro_f1: 0.0000; 	Mode:valid, Macro_f1: 0.0000; Micro_f1: 0.0000; 	Mode:test, Macro_f1: 0.0000; Micro_f1: 0.0000; 
Thu 07 Mar 2024 21:49:25 INFO  [Train Info] Epoch: 158, Train loss: 0.1472, Valid loss: 0.1476. [Evaluation metric]	Mode:train, Macro_f1: 0.0000; Micro_f1: 0.0000; 	Mode:valid, Macro_f1: 0.0000; Micro_f1: 0.0000; 	Mode:test, Macro_f1: 0.0000; Micro_f1: 0.0000; 
Thu 07 Mar 2024 21:49:25 INFO  [Train Info] Epoch: 159, Train loss: 0.1472, Valid loss: 0.1476. [Evaluation metric]	Mode:train, Macro_f1: 0.0000; Micro_f1: 0.0000; 	Mode:valid, Macro_f1: 0.0000; Micro_f1: 0.0000; 	Mode:test, Macro_f1: 0.0000; Micro_f1: 0.0000; 
Thu 07 Mar 2024 21:49:25 INFO  [Train Info] Epoch: 160, Train loss: 0.1472, Valid loss: 0.1476. [Evaluation metric]	Mode:train, Macro_f1: 0.0000; Micro_f1: 0.0000; 	Mode:valid, Macro_f1: 0.0000; Micro_f1: 0.0000; 	Mode:test, Macro_f1: 0.0000; Micro_f1: 0.0000; 
Thu 07 Mar 2024 21:49:25 INFO  [Train Info] Epoch: 161, Train loss: 0.1472, Valid loss: 0.1476. [Evaluation metric]	Mode:train, Macro_f1: 0.0000; Micro_f1: 0.0000; 	Mode:valid, Macro_f1: 0.0000; Micro_f1: 0.0000; 	Mode:test, Macro_f1: 0.0000; Micro_f1: 0.0000; 
Thu 07 Mar 2024 21:49:25 INFO  [Train Info] Epoch: 162, Train loss: 0.1472, Valid loss: 0.1475. [Evaluation metric]	Mode:train, Macro_f1: 0.0000; Micro_f1: 0.0000; 	Mode:valid, Macro_f1: 0.0000; Micro_f1: 0.0000; 	Mode:test, Macro_f1: 0.0000; Micro_f1: 0.0000; 
Thu 07 Mar 2024 21:49:25 INFO  [Train Info] Epoch: 163, Train loss: 0.1472, Valid loss: 0.1475. [Evaluation metric]	Mode:train, Macro_f1: 0.0000; Micro_f1: 0.0000; 	Mode:valid, Macro_f1: 0.0000; Micro_f1: 0.0000; 	Mode:test, Macro_f1: 0.0000; Micro_f1: 0.0000; 
Thu 07 Mar 2024 21:49:25 INFO  [Train Info] Epoch: 164, Train loss: 0.1472, Valid loss: 0.1475. [Evaluation metric]	Mode:train, Macro_f1: 0.0000; Micro_f1: 0.0000; 	Mode:valid, Macro_f1: 0.0000; Micro_f1: 0.0000; 	Mode:test, Macro_f1: 0.0000; Micro_f1: 0.0000; 
Thu 07 Mar 2024 21:49:25 INFO  [Train Info] Epoch: 165, Train loss: 0.1472, Valid loss: 0.1475. [Evaluation metric]	Mode:train, Macro_f1: 0.0000; Micro_f1: 0.0000; 	Mode:valid, Macro_f1: 0.0000; Micro_f1: 0.0000; 	Mode:test, Macro_f1: 0.0000; Micro_f1: 0.0000; 
Thu 07 Mar 2024 21:49:25 INFO  [Train Info] Epoch: 166, Train loss: 0.1472, Valid loss: 0.1475. [Evaluation metric]	Mode:train, Macro_f1: 0.0000; Micro_f1: 0.0000; 	Mode:valid, Macro_f1: 0.0000; Micro_f1: 0.0000; 	Mode:test, Macro_f1: 0.0000; Micro_f1: 0.0000; 
Thu 07 Mar 2024 21:49:25 INFO  [Train Info] Epoch: 167, Train loss: 0.1472, Valid loss: 0.1474. [Evaluation metric]	Mode:train, Macro_f1: 0.0000; Micro_f1: 0.0000; 	Mode:valid, Macro_f1: 0.0000; Micro_f1: 0.0000; 	Mode:test, Macro_f1: 0.0000; Micro_f1: 0.0000; 
Thu 07 Mar 2024 21:49:26 INFO  [Train Info] Epoch: 168, Train loss: 0.1472, Valid loss: 0.1474. [Evaluation metric]	Mode:train, Macro_f1: 0.0000; Micro_f1: 0.0000; 	Mode:valid, Macro_f1: 0.0000; Micro_f1: 0.0000; 	Mode:test, Macro_f1: 0.0000; Micro_f1: 0.0000; 
Thu 07 Mar 2024 21:49:26 INFO  [Train Info] Epoch: 169, Train loss: 0.1472, Valid loss: 0.1474. [Evaluation metric]	Mode:train, Macro_f1: 0.0000; Micro_f1: 0.0000; 	Mode:valid, Macro_f1: 0.0000; Micro_f1: 0.0000; 	Mode:test, Macro_f1: 0.0000; Micro_f1: 0.0000; 
Thu 07 Mar 2024 21:49:26 INFO  [Train Info] Epoch: 170, Train loss: 0.1472, Valid loss: 0.1474. [Evaluation metric]	Mode:train, Macro_f1: 0.0000; Micro_f1: 0.0000; 	Mode:valid, Macro_f1: 0.0000; Micro_f1: 0.0000; 	Mode:test, Macro_f1: 0.0000; Micro_f1: 0.0000; 
Thu 07 Mar 2024 21:49:26 INFO  [Train Info] Epoch: 171, Train loss: 0.1472, Valid loss: 0.1474. [Evaluation metric]	Mode:train, Macro_f1: 0.0000; Micro_f1: 0.0000; 	Mode:valid, Macro_f1: 0.0000; Micro_f1: 0.0000; 	Mode:test, Macro_f1: 0.0000; Micro_f1: 0.0000; 
Thu 07 Mar 2024 21:49:26 INFO  [Train Info] Epoch: 172, Train loss: 0.1472, Valid loss: 0.1474. [Evaluation metric]	Mode:train, Macro_f1: 0.0000; Micro_f1: 0.0000; 	Mode:valid, Macro_f1: 0.0000; Micro_f1: 0.0000; 	Mode:test, Macro_f1: 0.0000; Micro_f1: 0.0000; 
Thu 07 Mar 2024 21:49:26 INFO  [Train Info] Epoch: 173, Train loss: 0.1472, Valid loss: 0.1473. [Evaluation metric]	Mode:train, Macro_f1: 0.0000; Micro_f1: 0.0000; 	Mode:valid, Macro_f1: 0.0000; Micro_f1: 0.0000; 	Mode:test, Macro_f1: 0.0000; Micro_f1: 0.0000; 
Thu 07 Mar 2024 21:49:26 INFO  [Train Info] Epoch: 174, Train loss: 0.1472, Valid loss: 0.1473. [Evaluation metric]	Mode:train, Macro_f1: 0.0000; Micro_f1: 0.0000; 	Mode:valid, Macro_f1: 0.0000; Micro_f1: 0.0000; 	Mode:test, Macro_f1: 0.0000; Micro_f1: 0.0000; 
Thu 07 Mar 2024 21:49:26 INFO  [Train Info] Epoch: 175, Train loss: 0.1472, Valid loss: 0.1473. [Evaluation metric]	Mode:train, Macro_f1: 0.0000; Micro_f1: 0.0000; 	Mode:valid, Macro_f1: 0.0000; Micro_f1: 0.0000; 	Mode:test, Macro_f1: 0.0000; Micro_f1: 0.0000; 
Thu 07 Mar 2024 21:49:26 INFO  [Train Info] Epoch: 176, Train loss: 0.1472, Valid loss: 0.1473. [Evaluation metric]	Mode:train, Macro_f1: 0.0000; Micro_f1: 0.0000; 	Mode:valid, Macro_f1: 0.0000; Micro_f1: 0.0000; 	Mode:test, Macro_f1: 0.0000; Micro_f1: 0.0000; 
Thu 07 Mar 2024 21:49:26 INFO  [Train Info] Epoch: 177, Train loss: 0.1472, Valid loss: 0.1473. [Evaluation metric]	Mode:train, Macro_f1: 0.0000; Micro_f1: 0.0000; 	Mode:valid, Macro_f1: 0.0000; Micro_f1: 0.0000; 	Mode:test, Macro_f1: 0.0000; Micro_f1: 0.0000; 
Thu 07 Mar 2024 21:49:26 INFO  [Train Info] Epoch: 178, Train loss: 0.1472, Valid loss: 0.1472. [Evaluation metric]	Mode:train, Macro_f1: 0.0000; Micro_f1: 0.0000; 	Mode:valid, Macro_f1: 0.0000; Micro_f1: 0.0000; 	Mode:test, Macro_f1: 0.0000; Micro_f1: 0.0000; 
Thu 07 Mar 2024 21:49:27 INFO  [Train Info] Epoch: 179, Train loss: 0.1472, Valid loss: 0.1472. [Evaluation metric]	Mode:train, Macro_f1: 0.0000; Micro_f1: 0.0000; 	Mode:valid, Macro_f1: 0.0000; Micro_f1: 0.0000; 	Mode:test, Macro_f1: 0.0000; Micro_f1: 0.0000; 
Thu 07 Mar 2024 21:49:27 INFO  [Train Info] Epoch: 180, Train loss: 0.1472, Valid loss: 0.1472. [Evaluation metric]	Mode:train, Macro_f1: 0.0000; Micro_f1: 0.0000; 	Mode:valid, Macro_f1: 0.0000; Micro_f1: 0.0000; 	Mode:test, Macro_f1: 0.0000; Micro_f1: 0.0000; 
Thu 07 Mar 2024 21:49:27 INFO  [Train Info] Epoch: 181, Train loss: 0.1472, Valid loss: 0.1472. [Evaluation metric]	Mode:train, Macro_f1: 0.0000; Micro_f1: 0.0000; 	Mode:valid, Macro_f1: 0.0000; Micro_f1: 0.0000; 	Mode:test, Macro_f1: 0.0000; Micro_f1: 0.0000; 
Thu 07 Mar 2024 21:49:27 INFO  [Train Info] Epoch: 182, Train loss: 0.1472, Valid loss: 0.1472. [Evaluation metric]	Mode:train, Macro_f1: 0.0000; Micro_f1: 0.0000; 	Mode:valid, Macro_f1: 0.0000; Micro_f1: 0.0000; 	Mode:test, Macro_f1: 0.0000; Micro_f1: 0.0000; 
Thu 07 Mar 2024 21:49:27 INFO  [Train Info] Epoch: 183, Train loss: 0.1472, Valid loss: 0.1472. [Evaluation metric]	Mode:train, Macro_f1: 0.0000; Micro_f1: 0.0000; 	Mode:valid, Macro_f1: 0.0000; Micro_f1: 0.0000; 	Mode:test, Macro_f1: 0.0000; Micro_f1: 0.0000; 
Thu 07 Mar 2024 21:49:27 INFO  [Train Info] Epoch: 184, Train loss: 0.1472, Valid loss: 0.1471. [Evaluation metric]	Mode:train, Macro_f1: 0.0000; Micro_f1: 0.0000; 	Mode:valid, Macro_f1: 0.0000; Micro_f1: 0.0000; 	Mode:test, Macro_f1: 0.0000; Micro_f1: 0.0000; 
Thu 07 Mar 2024 21:49:27 INFO  [Train Info] Epoch: 185, Train loss: 0.1472, Valid loss: 0.1471. [Evaluation metric]	Mode:train, Macro_f1: 0.0000; Micro_f1: 0.0000; 	Mode:valid, Macro_f1: 0.0000; Micro_f1: 0.0000; 	Mode:test, Macro_f1: 0.0000; Micro_f1: 0.0000; 
Thu 07 Mar 2024 21:49:27 INFO  [Train Info] Epoch: 186, Train loss: 0.1472, Valid loss: 0.1471. [Evaluation metric]	Mode:train, Macro_f1: 0.0000; Micro_f1: 0.0000; 	Mode:valid, Macro_f1: 0.0000; Micro_f1: 0.0000; 	Mode:test, Macro_f1: 0.0000; Micro_f1: 0.0000; 
Thu 07 Mar 2024 21:49:27 INFO  [Train Info] Epoch: 187, Train loss: 0.1472, Valid loss: 0.1471. [Evaluation metric]	Mode:train, Macro_f1: 0.0000; Micro_f1: 0.0000; 	Mode:valid, Macro_f1: 0.0000; Micro_f1: 0.0000; 	Mode:test, Macro_f1: 0.0000; Micro_f1: 0.0000; 
Thu 07 Mar 2024 21:49:28 INFO  [Train Info] Epoch: 188, Train loss: 0.1472, Valid loss: 0.1471. [Evaluation metric]	Mode:train, Macro_f1: 0.0000; Micro_f1: 0.0000; 	Mode:valid, Macro_f1: 0.0000; Micro_f1: 0.0000; 	Mode:test, Macro_f1: 0.0000; Micro_f1: 0.0000; 
Thu 07 Mar 2024 21:49:28 INFO  [Train Info] Epoch: 189, Train loss: 0.1472, Valid loss: 0.1471. [Evaluation metric]	Mode:train, Macro_f1: 0.0000; Micro_f1: 0.0000; 	Mode:valid, Macro_f1: 0.0000; Micro_f1: 0.0000; 	Mode:test, Macro_f1: 0.0000; Micro_f1: 0.0000; 
Thu 07 Mar 2024 21:49:28 INFO  [Train Info] Epoch: 190, Train loss: 0.1472, Valid loss: 0.1470. [Evaluation metric]	Mode:train, Macro_f1: 0.0000; Micro_f1: 0.0000; 	Mode:valid, Macro_f1: 0.0000; Micro_f1: 0.0000; 	Mode:test, Macro_f1: 0.0000; Micro_f1: 0.0000; 
Thu 07 Mar 2024 21:49:28 INFO  [Train Info] Epoch: 191, Train loss: 0.1472, Valid loss: 0.1470. [Evaluation metric]	Mode:train, Macro_f1: 0.0000; Micro_f1: 0.0000; 	Mode:valid, Macro_f1: 0.0000; Micro_f1: 0.0000; 	Mode:test, Macro_f1: 0.0000; Micro_f1: 0.0000; 
Thu 07 Mar 2024 21:49:28 INFO  [Train Info] Epoch: 192, Train loss: 0.1472, Valid loss: 0.1470. [Evaluation metric]	Mode:train, Macro_f1: 0.0000; Micro_f1: 0.0000; 	Mode:valid, Macro_f1: 0.0000; Micro_f1: 0.0000; 	Mode:test, Macro_f1: 0.0000; Micro_f1: 0.0000; 
Thu 07 Mar 2024 21:49:28 INFO  [Train Info] Epoch: 193, Train loss: 0.1472, Valid loss: 0.1470. [Evaluation metric]	Mode:train, Macro_f1: 0.0000; Micro_f1: 0.0000; 	Mode:valid, Macro_f1: 0.0000; Micro_f1: 0.0000; 	Mode:test, Macro_f1: 0.0000; Micro_f1: 0.0000; 
Thu 07 Mar 2024 21:49:28 INFO  [Train Info] Epoch: 194, Train loss: 0.1472, Valid loss: 0.1470. [Evaluation metric]	Mode:train, Macro_f1: 0.0000; Micro_f1: 0.0000; 	Mode:valid, Macro_f1: 0.0000; Micro_f1: 0.0000; 	Mode:test, Macro_f1: 0.0000; Micro_f1: 0.0000; 
Thu 07 Mar 2024 21:49:28 INFO  [Train Info] Epoch: 195, Train loss: 0.1472, Valid loss: 0.1470. [Evaluation metric]	Mode:train, Macro_f1: 0.0000; Micro_f1: 0.0000; 	Mode:valid, Macro_f1: 0.0000; Micro_f1: 0.0000; 	Mode:test, Macro_f1: 0.0000; Micro_f1: 0.0000; 
Thu 07 Mar 2024 21:49:28 INFO  [Train Info] Epoch: 196, Train loss: 0.1472, Valid loss: 0.1470. [Evaluation metric]	Mode:train, Macro_f1: 0.0000; Micro_f1: 0.0000; 	Mode:valid, Macro_f1: 0.0000; Micro_f1: 0.0000; 	Mode:test, Macro_f1: 0.0000; Micro_f1: 0.0000; 
Thu 07 Mar 2024 21:49:28 INFO  [Train Info] Epoch: 197, Train loss: 0.1472, Valid loss: 0.1469. [Evaluation metric]	Mode:train, Macro_f1: 0.0000; Micro_f1: 0.0000; 	Mode:valid, Macro_f1: 0.0000; Micro_f1: 0.0000; 	Mode:test, Macro_f1: 0.0000; Micro_f1: 0.0000; 
Thu 07 Mar 2024 21:49:28 INFO  [Train Info] Epoch: 198, Train loss: 0.1472, Valid loss: 0.1469. [Evaluation metric]	Mode:train, Macro_f1: 0.0000; Micro_f1: 0.0000; 	Mode:valid, Macro_f1: 0.0000; Micro_f1: 0.0000; 	Mode:test, Macro_f1: 0.0000; Micro_f1: 0.0000; 
Thu 07 Mar 2024 21:49:29 INFO  [Train Info] Epoch: 199, Train loss: 0.1472, Valid loss: 0.1469. [Evaluation metric]	Mode:train, Macro_f1: 0.0000; Micro_f1: 0.0000; 	Mode:valid, Macro_f1: 0.0000; Micro_f1: 0.0000; 	Mode:test, Macro_f1: 0.0000; Micro_f1: 0.0000; 
Thu 07 Mar 2024 21:49:29 INFO  [Train Info] Epoch: 200, Train loss: 0.1472, Valid loss: 0.1469. [Evaluation metric]	Mode:train, Macro_f1: 0.0000; Micro_f1: 0.0000; 	Mode:valid, Macro_f1: 0.0000; Micro_f1: 0.0000; 	Mode:test, Macro_f1: 0.0000; Micro_f1: 0.0000; 
Thu 07 Mar 2024 21:49:29 INFO  [Train Info] Epoch: 201, Train loss: 0.1472, Valid loss: 0.1469. [Evaluation metric]	Mode:train, Macro_f1: 0.0000; Micro_f1: 0.0000; 	Mode:valid, Macro_f1: 0.0000; Micro_f1: 0.0000; 	Mode:test, Macro_f1: 0.0000; Micro_f1: 0.0000; 
Thu 07 Mar 2024 21:49:29 INFO  [Train Info] Epoch: 202, Train loss: 0.1472, Valid loss: 0.1469. [Evaluation metric]	Mode:train, Macro_f1: 0.0000; Micro_f1: 0.0000; 	Mode:valid, Macro_f1: 0.0000; Micro_f1: 0.0000; 	Mode:test, Macro_f1: 0.0000; Micro_f1: 0.0000; 
Thu 07 Mar 2024 21:49:29 INFO  [Train Info] Epoch: 203, Train loss: 0.1472, Valid loss: 0.1469. [Evaluation metric]	Mode:train, Macro_f1: 0.0000; Micro_f1: 0.0000; 	Mode:valid, Macro_f1: 0.0000; Micro_f1: 0.0000; 	Mode:test, Macro_f1: 0.0000; Micro_f1: 0.0000; 
Thu 07 Mar 2024 21:49:29 INFO  [Train Info] Epoch: 204, Train loss: 0.1472, Valid loss: 0.1469. [Evaluation metric]	Mode:train, Macro_f1: 0.0000; Micro_f1: 0.0000; 	Mode:valid, Macro_f1: 0.0000; Micro_f1: 0.0000; 	Mode:test, Macro_f1: 0.0000; Micro_f1: 0.0000; 
Thu 07 Mar 2024 21:49:29 INFO  [Train Info] Epoch: 205, Train loss: 0.1472, Valid loss: 0.1469. [Evaluation metric]	Mode:train, Macro_f1: 0.0000; Micro_f1: 0.0000; 	Mode:valid, Macro_f1: 0.0000; Micro_f1: 0.0000; 	Mode:test, Macro_f1: 0.0000; Micro_f1: 0.0000; 
Thu 07 Mar 2024 21:49:29 INFO  [Train Info] Epoch: 206, Train loss: 0.1472, Valid loss: 0.1468. [Evaluation metric]	Mode:train, Macro_f1: 0.0000; Micro_f1: 0.0000; 	Mode:valid, Macro_f1: 0.0000; Micro_f1: 0.0000; 	Mode:test, Macro_f1: 0.0000; Micro_f1: 0.0000; 
Thu 07 Mar 2024 21:49:29 INFO  [Train Info] Epoch: 207, Train loss: 0.1472, Valid loss: 0.1468. [Evaluation metric]	Mode:train, Macro_f1: 0.0000; Micro_f1: 0.0000; 	Mode:valid, Macro_f1: 0.0000; Micro_f1: 0.0000; 	Mode:test, Macro_f1: 0.0000; Micro_f1: 0.0000; 
Thu 07 Mar 2024 21:49:29 INFO  [Train Info] Epoch: 208, Train loss: 0.1472, Valid loss: 0.1468. [Evaluation metric]	Mode:train, Macro_f1: 0.0000; Micro_f1: 0.0000; 	Mode:valid, Macro_f1: 0.0000; Micro_f1: 0.0000; 	Mode:test, Macro_f1: 0.0000; Micro_f1: 0.0000; 
Thu 07 Mar 2024 21:49:30 INFO  [Train Info] Epoch: 209, Train loss: 0.1472, Valid loss: 0.1468. [Evaluation metric]	Mode:train, Macro_f1: 0.0000; Micro_f1: 0.0000; 	Mode:valid, Macro_f1: 0.0000; Micro_f1: 0.0000; 	Mode:test, Macro_f1: 0.0000; Micro_f1: 0.0000; 
Thu 07 Mar 2024 21:49:30 INFO  [Train Info] Epoch: 210, Train loss: 0.1472, Valid loss: 0.1468. [Evaluation metric]	Mode:train, Macro_f1: 0.0000; Micro_f1: 0.0000; 	Mode:valid, Macro_f1: 0.0000; Micro_f1: 0.0000; 	Mode:test, Macro_f1: 0.0000; Micro_f1: 0.0000; 
Thu 07 Mar 2024 21:49:30 INFO  [Train Info] Epoch: 211, Train loss: 0.1472, Valid loss: 0.1468. [Evaluation metric]	Mode:train, Macro_f1: 0.0000; Micro_f1: 0.0000; 	Mode:valid, Macro_f1: 0.0000; Micro_f1: 0.0000; 	Mode:test, Macro_f1: 0.0000; Micro_f1: 0.0000; 
Thu 07 Mar 2024 21:49:30 INFO  [Train Info] Epoch: 212, Train loss: 0.1472, Valid loss: 0.1468. [Evaluation metric]	Mode:train, Macro_f1: 0.0000; Micro_f1: 0.0000; 	Mode:valid, Macro_f1: 0.0000; Micro_f1: 0.0000; 	Mode:test, Macro_f1: 0.0000; Micro_f1: 0.0000; 
Thu 07 Mar 2024 21:49:30 INFO  [Train Info] Epoch: 213, Train loss: 0.1472, Valid loss: 0.1468. [Evaluation metric]	Mode:train, Macro_f1: 0.0000; Micro_f1: 0.0000; 	Mode:valid, Macro_f1: 0.0000; Micro_f1: 0.0000; 	Mode:test, Macro_f1: 0.0000; Micro_f1: 0.0000; 
Thu 07 Mar 2024 21:49:30 INFO  [Train Info] Epoch: 214, Train loss: 0.1472, Valid loss: 0.1468. [Evaluation metric]	Mode:train, Macro_f1: 0.0000; Micro_f1: 0.0000; 	Mode:valid, Macro_f1: 0.0000; Micro_f1: 0.0000; 	Mode:test, Macro_f1: 0.0000; Micro_f1: 0.0000; 
Thu 07 Mar 2024 21:49:30 INFO  [Train Info] Epoch: 215, Train loss: 0.1472, Valid loss: 0.1468. [Evaluation metric]	Mode:train, Macro_f1: 0.0000; Micro_f1: 0.0000; 	Mode:valid, Macro_f1: 0.0000; Micro_f1: 0.0000; 	Mode:test, Macro_f1: 0.0000; Micro_f1: 0.0000; 
Thu 07 Mar 2024 21:49:30 INFO  [Train Info] Epoch: 216, Train loss: 0.1472, Valid loss: 0.1467. [Evaluation metric]	Mode:train, Macro_f1: 0.0000; Micro_f1: 0.0000; 	Mode:valid, Macro_f1: 0.0000; Micro_f1: 0.0000; 	Mode:test, Macro_f1: 0.0000; Micro_f1: 0.0000; 
Thu 07 Mar 2024 21:49:30 INFO  [Train Info] Epoch: 217, Train loss: 0.1472, Valid loss: 0.1467. [Evaluation metric]	Mode:train, Macro_f1: 0.0000; Micro_f1: 0.0000; 	Mode:valid, Macro_f1: 0.0000; Micro_f1: 0.0000; 	Mode:test, Macro_f1: 0.0000; Micro_f1: 0.0000; 
Thu 07 Mar 2024 21:49:30 INFO  [Train Info] Epoch: 218, Train loss: 0.1472, Valid loss: 0.1467. [Evaluation metric]	Mode:train, Macro_f1: 0.0000; Micro_f1: 0.0000; 	Mode:valid, Macro_f1: 0.0000; Micro_f1: 0.0000; 	Mode:test, Macro_f1: 0.0000; Micro_f1: 0.0000; 
Thu 07 Mar 2024 21:49:30 INFO  [Train Info] Epoch: 219, Train loss: 0.1472, Valid loss: 0.1467. [Evaluation metric]	Mode:train, Macro_f1: 0.0000; Micro_f1: 0.0000; 	Mode:valid, Macro_f1: 0.0000; Micro_f1: 0.0000; 	Mode:test, Macro_f1: 0.0000; Micro_f1: 0.0000; 
Thu 07 Mar 2024 21:49:31 INFO  [Train Info] Epoch: 220, Train loss: 0.1472, Valid loss: 0.1467. [Evaluation metric]	Mode:train, Macro_f1: 0.0000; Micro_f1: 0.0000; 	Mode:valid, Macro_f1: 0.0000; Micro_f1: 0.0000; 	Mode:test, Macro_f1: 0.0000; Micro_f1: 0.0000; 
Thu 07 Mar 2024 21:49:31 INFO  [Train Info] Epoch: 221, Train loss: 0.1472, Valid loss: 0.1467. [Evaluation metric]	Mode:train, Macro_f1: 0.0000; Micro_f1: 0.0000; 	Mode:valid, Macro_f1: 0.0000; Micro_f1: 0.0000; 	Mode:test, Macro_f1: 0.0000; Micro_f1: 0.0000; 
Thu 07 Mar 2024 21:49:31 INFO  [Train Info] Epoch: 222, Train loss: 0.1472, Valid loss: 0.1467. [Evaluation metric]	Mode:train, Macro_f1: 0.0000; Micro_f1: 0.0000; 	Mode:valid, Macro_f1: 0.0000; Micro_f1: 0.0000; 	Mode:test, Macro_f1: 0.0000; Micro_f1: 0.0000; 
Thu 07 Mar 2024 21:49:31 INFO  [Train Info] Epoch: 223, Train loss: 0.1472, Valid loss: 0.1467. [Evaluation metric]	Mode:train, Macro_f1: 0.0000; Micro_f1: 0.0000; 	Mode:valid, Macro_f1: 0.0000; Micro_f1: 0.0000; 	Mode:test, Macro_f1: 0.0000; Micro_f1: 0.0000; 
Thu 07 Mar 2024 21:49:31 INFO  [Train Info] Epoch: 224, Train loss: 0.1472, Valid loss: 0.1467. [Evaluation metric]	Mode:train, Macro_f1: 0.0000; Micro_f1: 0.0000; 	Mode:valid, Macro_f1: 0.0000; Micro_f1: 0.0000; 	Mode:test, Macro_f1: 0.0000; Micro_f1: 0.0000; 
Thu 07 Mar 2024 21:49:31 INFO  [Train Info] Epoch: 225, Train loss: 0.1472, Valid loss: 0.1467. [Evaluation metric]	Mode:train, Macro_f1: 0.0000; Micro_f1: 0.0000; 	Mode:valid, Macro_f1: 0.0000; Micro_f1: 0.0000; 	Mode:test, Macro_f1: 0.0000; Micro_f1: 0.0000; 
Thu 07 Mar 2024 21:49:31 INFO  [Train Info] Epoch: 226, Train loss: 0.1473, Valid loss: 0.1467. [Evaluation metric]	Mode:train, Macro_f1: 0.0000; Micro_f1: 0.0000; 	Mode:valid, Macro_f1: 0.0000; Micro_f1: 0.0000; 	Mode:test, Macro_f1: 0.0000; Micro_f1: 0.0000; 
Thu 07 Mar 2024 21:49:31 INFO  [Train Info] Epoch: 227, Train loss: 0.1473, Valid loss: 0.1467. [Evaluation metric]	Mode:train, Macro_f1: 0.0000; Micro_f1: 0.0000; 	Mode:valid, Macro_f1: 0.0000; Micro_f1: 0.0000; 	Mode:test, Macro_f1: 0.0000; Micro_f1: 0.0000; 
Thu 07 Mar 2024 21:49:31 INFO  [Train Info] Epoch: 228, Train loss: 0.1473, Valid loss: 0.1466. [Evaluation metric]	Mode:train, Macro_f1: 0.0000; Micro_f1: 0.0000; 	Mode:valid, Macro_f1: 0.0000; Micro_f1: 0.0000; 	Mode:test, Macro_f1: 0.0000; Micro_f1: 0.0000; 
Thu 07 Mar 2024 21:49:31 INFO  [Train Info] Epoch: 229, Train loss: 0.1473, Valid loss: 0.1466. [Evaluation metric]	Mode:train, Macro_f1: 0.0000; Micro_f1: 0.0000; 	Mode:valid, Macro_f1: 0.0000; Micro_f1: 0.0000; 	Mode:test, Macro_f1: 0.0000; Micro_f1: 0.0000; 
Thu 07 Mar 2024 21:49:32 INFO  [Train Info] Epoch: 230, Train loss: 0.1473, Valid loss: 0.1466. [Evaluation metric]	Mode:train, Macro_f1: 0.0000; Micro_f1: 0.0000; 	Mode:valid, Macro_f1: 0.0000; Micro_f1: 0.0000; 	Mode:test, Macro_f1: 0.0000; Micro_f1: 0.0000; 
Thu 07 Mar 2024 21:49:32 INFO  [Train Info] Epoch: 231, Train loss: 0.1473, Valid loss: 0.1466. [Evaluation metric]	Mode:train, Macro_f1: 0.0000; Micro_f1: 0.0000; 	Mode:valid, Macro_f1: 0.0000; Micro_f1: 0.0000; 	Mode:test, Macro_f1: 0.0000; Micro_f1: 0.0000; 
Thu 07 Mar 2024 21:49:32 INFO  [Train Info] Epoch: 232, Train loss: 0.1473, Valid loss: 0.1466. [Evaluation metric]	Mode:train, Macro_f1: 0.0000; Micro_f1: 0.0000; 	Mode:valid, Macro_f1: 0.0000; Micro_f1: 0.0000; 	Mode:test, Macro_f1: 0.0000; Micro_f1: 0.0000; 
Thu 07 Mar 2024 21:49:32 INFO  [Train Info] Epoch: 233, Train loss: 0.1473, Valid loss: 0.1466. [Evaluation metric]	Mode:train, Macro_f1: 0.0000; Micro_f1: 0.0000; 	Mode:valid, Macro_f1: 0.0000; Micro_f1: 0.0000; 	Mode:test, Macro_f1: 0.0000; Micro_f1: 0.0000; 
Thu 07 Mar 2024 21:49:32 INFO  [Train Info] Epoch: 234, Train loss: 0.1473, Valid loss: 0.1466. [Evaluation metric]	Mode:train, Macro_f1: 0.0000; Micro_f1: 0.0000; 	Mode:valid, Macro_f1: 0.0000; Micro_f1: 0.0000; 	Mode:test, Macro_f1: 0.0000; Micro_f1: 0.0000; 
Thu 07 Mar 2024 21:49:32 INFO  [Train Info] Epoch: 235, Train loss: 0.1473, Valid loss: 0.1466. [Evaluation metric]	Mode:train, Macro_f1: 0.0000; Micro_f1: 0.0000; 	Mode:valid, Macro_f1: 0.0000; Micro_f1: 0.0000; 	Mode:test, Macro_f1: 0.0000; Micro_f1: 0.0000; 
Thu 07 Mar 2024 21:49:32 INFO  [Train Info] Epoch: 236, Train loss: 0.1473, Valid loss: 0.1466. [Evaluation metric]	Mode:train, Macro_f1: 0.0000; Micro_f1: 0.0000; 	Mode:valid, Macro_f1: 0.0000; Micro_f1: 0.0000; 	Mode:test, Macro_f1: 0.0000; Micro_f1: 0.0000; 
Thu 07 Mar 2024 21:49:32 INFO  [Train Info] Epoch: 237, Train loss: 0.1473, Valid loss: 0.1466. [Evaluation metric]	Mode:train, Macro_f1: 0.0000; Micro_f1: 0.0000; 	Mode:valid, Macro_f1: 0.0000; Micro_f1: 0.0000; 	Mode:test, Macro_f1: 0.0000; Micro_f1: 0.0000; 
Thu 07 Mar 2024 21:49:32 INFO  [Train Info] Epoch: 238, Train loss: 0.1473, Valid loss: 0.1466. [Evaluation metric]	Mode:train, Macro_f1: 0.0000; Micro_f1: 0.0000; 	Mode:valid, Macro_f1: 0.0000; Micro_f1: 0.0000; 	Mode:test, Macro_f1: 0.0000; Micro_f1: 0.0000; 
Thu 07 Mar 2024 21:49:32 INFO  [Train Info] Epoch: 239, Train loss: 0.1473, Valid loss: 0.1466. [Evaluation metric]	Mode:train, Macro_f1: 0.0000; Micro_f1: 0.0000; 	Mode:valid, Macro_f1: 0.0000; Micro_f1: 0.0000; 	Mode:test, Macro_f1: 0.0000; Micro_f1: 0.0000; 
Thu 07 Mar 2024 21:49:32 INFO  [Train Info] Epoch: 240, Train loss: 0.1473, Valid loss: 0.1466. [Evaluation metric]	Mode:train, Macro_f1: 0.0000; Micro_f1: 0.0000; 	Mode:valid, Macro_f1: 0.0000; Micro_f1: 0.0000; 	Mode:test, Macro_f1: 0.0000; Micro_f1: 0.0000; 
Thu 07 Mar 2024 21:49:33 INFO  [Train Info] Epoch: 241, Train loss: 0.1473, Valid loss: 0.1466. [Evaluation metric]	Mode:train, Macro_f1: 0.0000; Micro_f1: 0.0000; 	Mode:valid, Macro_f1: 0.0000; Micro_f1: 0.0000; 	Mode:test, Macro_f1: 0.0000; Micro_f1: 0.0000; 
Thu 07 Mar 2024 21:49:33 INFO  [Train Info] Epoch: 242, Train loss: 0.1473, Valid loss: 0.1466. [Evaluation metric]	Mode:train, Macro_f1: 0.0000; Micro_f1: 0.0000; 	Mode:valid, Macro_f1: 0.0000; Micro_f1: 0.0000; 	Mode:test, Macro_f1: 0.0000; Micro_f1: 0.0000; 
Thu 07 Mar 2024 21:49:33 INFO  [Train Info] Epoch: 243, Train loss: 0.1473, Valid loss: 0.1465. [Evaluation metric]	Mode:train, Macro_f1: 0.0000; Micro_f1: 0.0000; 	Mode:valid, Macro_f1: 0.0000; Micro_f1: 0.0000; 	Mode:test, Macro_f1: 0.0000; Micro_f1: 0.0000; 
Thu 07 Mar 2024 21:49:33 INFO  [Train Info] Epoch: 244, Train loss: 0.1473, Valid loss: 0.1465. [Evaluation metric]	Mode:train, Macro_f1: 0.0000; Micro_f1: 0.0000; 	Mode:valid, Macro_f1: 0.0000; Micro_f1: 0.0000; 	Mode:test, Macro_f1: 0.0000; Micro_f1: 0.0000; 
Thu 07 Mar 2024 21:49:33 INFO  [Train Info] Epoch: 245, Train loss: 0.1473, Valid loss: 0.1465. [Evaluation metric]	Mode:train, Macro_f1: 0.0000; Micro_f1: 0.0000; 	Mode:valid, Macro_f1: 0.0000; Micro_f1: 0.0000; 	Mode:test, Macro_f1: 0.0000; Micro_f1: 0.0000; 
Thu 07 Mar 2024 21:49:33 INFO  [Train Info] Epoch: 246, Train loss: 0.1473, Valid loss: 0.1465. [Evaluation metric]	Mode:train, Macro_f1: 0.0000; Micro_f1: 0.0000; 	Mode:valid, Macro_f1: 0.0000; Micro_f1: 0.0000; 	Mode:test, Macro_f1: 0.0000; Micro_f1: 0.0000; 
Thu 07 Mar 2024 21:49:33 INFO  [Train Info] Epoch: 247, Train loss: 0.1473, Valid loss: 0.1465. [Evaluation metric]	Mode:train, Macro_f1: 0.0000; Micro_f1: 0.0000; 	Mode:valid, Macro_f1: 0.0000; Micro_f1: 0.0000; 	Mode:test, Macro_f1: 0.0000; Micro_f1: 0.0000; 
Thu 07 Mar 2024 21:49:33 INFO  [Train Info] Epoch: 248, Train loss: 0.1473, Valid loss: 0.1465. [Evaluation metric]	Mode:train, Macro_f1: 0.0000; Micro_f1: 0.0000; 	Mode:valid, Macro_f1: 0.0000; Micro_f1: 0.0000; 	Mode:test, Macro_f1: 0.0000; Micro_f1: 0.0000; 
Thu 07 Mar 2024 21:49:33 INFO  [Train Info] Epoch: 249, Train loss: 0.1473, Valid loss: 0.1465. [Evaluation metric]	Mode:train, Macro_f1: 0.0000; Micro_f1: 0.0000; 	Mode:valid, Macro_f1: 0.0000; Micro_f1: 0.0000; 	Mode:test, Macro_f1: 0.0000; Micro_f1: 0.0000; 
Thu 07 Mar 2024 21:49:33 INFO  [Train Info] Epoch: 250, Train loss: 0.1473, Valid loss: 0.1465. [Evaluation metric]	Mode:train, Macro_f1: 0.0000; Micro_f1: 0.0000; 	Mode:valid, Macro_f1: 0.0000; Micro_f1: 0.0000; 	Mode:test, Macro_f1: 0.0000; Micro_f1: 0.0000; 
Thu 07 Mar 2024 21:49:33 INFO  [Train Info] Epoch: 251, Train loss: 0.1473, Valid loss: 0.1465. [Evaluation metric]	Mode:train, Macro_f1: 0.0000; Micro_f1: 0.0000; 	Mode:valid, Macro_f1: 0.0000; Micro_f1: 0.0000; 	Mode:test, Macro_f1: 0.0000; Micro_f1: 0.0000; 
Thu 07 Mar 2024 21:49:33 INFO  [Train Info] Epoch: 252, Train loss: 0.1473, Valid loss: 0.1465. [Evaluation metric]	Mode:train, Macro_f1: 0.0000; Micro_f1: 0.0000; 	Mode:valid, Macro_f1: 0.0000; Micro_f1: 0.0000; 	Mode:test, Macro_f1: 0.0000; Micro_f1: 0.0000; 
Thu 07 Mar 2024 21:49:34 INFO  [Train Info] Epoch: 253, Train loss: 0.1473, Valid loss: 0.1465. [Evaluation metric]	Mode:train, Macro_f1: 0.0000; Micro_f1: 0.0000; 	Mode:valid, Macro_f1: 0.0000; Micro_f1: 0.0000; 	Mode:test, Macro_f1: 0.0000; Micro_f1: 0.0000; 
Thu 07 Mar 2024 21:49:34 INFO  [Train Info] Epoch: 254, Train loss: 0.1474, Valid loss: 0.1465. [Evaluation metric]	Mode:train, Macro_f1: 0.0000; Micro_f1: 0.0000; 	Mode:valid, Macro_f1: 0.0000; Micro_f1: 0.0000; 	Mode:test, Macro_f1: 0.0000; Micro_f1: 0.0000; 
Thu 07 Mar 2024 21:49:34 INFO  [Train Info] Epoch: 255, Train loss: 0.1474, Valid loss: 0.1465. [Evaluation metric]	Mode:train, Macro_f1: 0.0000; Micro_f1: 0.0000; 	Mode:valid, Macro_f1: 0.0000; Micro_f1: 0.0000; 	Mode:test, Macro_f1: 0.0000; Micro_f1: 0.0000; 
Thu 07 Mar 2024 21:49:34 INFO  [Train Info] Epoch: 256, Train loss: 0.1474, Valid loss: 0.1465. [Evaluation metric]	Mode:train, Macro_f1: 0.0000; Micro_f1: 0.0000; 	Mode:valid, Macro_f1: 0.0000; Micro_f1: 0.0000; 	Mode:test, Macro_f1: 0.0000; Micro_f1: 0.0000; 
Thu 07 Mar 2024 21:49:34 INFO  [Train Info] Epoch: 257, Train loss: 0.1474, Valid loss: 0.1465. [Evaluation metric]	Mode:train, Macro_f1: 0.0000; Micro_f1: 0.0000; 	Mode:valid, Macro_f1: 0.0000; Micro_f1: 0.0000; 	Mode:test, Macro_f1: 0.0000; Micro_f1: 0.0000; 
Thu 07 Mar 2024 21:49:34 INFO  [Train Info] Epoch: 258, Train loss: 0.1474, Valid loss: 0.1465. [Evaluation metric]	Mode:train, Macro_f1: 0.0000; Micro_f1: 0.0000; 	Mode:valid, Macro_f1: 0.0000; Micro_f1: 0.0000; 	Mode:test, Macro_f1: 0.0000; Micro_f1: 0.0000; 
Thu 07 Mar 2024 21:49:34 INFO  [Train Info] Epoch: 259, Train loss: 0.1474, Valid loss: 0.1465. [Evaluation metric]	Mode:train, Macro_f1: 0.0000; Micro_f1: 0.0000; 	Mode:valid, Macro_f1: 0.0000; Micro_f1: 0.0000; 	Mode:test, Macro_f1: 0.0000; Micro_f1: 0.0000; 
Thu 07 Mar 2024 21:49:34 INFO  [Train Info] Epoch: 260, Train loss: 0.1474, Valid loss: 0.1465. [Evaluation metric]	Mode:train, Macro_f1: 0.0000; Micro_f1: 0.0000; 	Mode:valid, Macro_f1: 0.0000; Micro_f1: 0.0000; 	Mode:test, Macro_f1: 0.0000; Micro_f1: 0.0000; 
Thu 07 Mar 2024 21:49:34 INFO  [Train Info] Epoch: 261, Train loss: 0.1474, Valid loss: 0.1465. [Evaluation metric]	Mode:train, Macro_f1: 0.0000; Micro_f1: 0.0000; 	Mode:valid, Macro_f1: 0.0000; Micro_f1: 0.0000; 	Mode:test, Macro_f1: 0.0000; Micro_f1: 0.0000; 
Thu 07 Mar 2024 21:49:34 INFO  [Train Info] Epoch: 262, Train loss: 0.1474, Valid loss: 0.1465. [Evaluation metric]	Mode:train, Macro_f1: 0.0000; Micro_f1: 0.0000; 	Mode:valid, Macro_f1: 0.0000; Micro_f1: 0.0000; 	Mode:test, Macro_f1: 0.0000; Micro_f1: 0.0000; 
Thu 07 Mar 2024 21:49:34 INFO  [Train Info] Epoch: 263, Train loss: 0.1474, Valid loss: 0.1465. [Evaluation metric]	Mode:train, Macro_f1: 0.0000; Micro_f1: 0.0000; 	Mode:valid, Macro_f1: 0.0000; Micro_f1: 0.0000; 	Mode:test, Macro_f1: 0.0000; Micro_f1: 0.0000; 
Thu 07 Mar 2024 21:49:35 INFO  [Train Info] Epoch: 264, Train loss: 0.1474, Valid loss: 0.1465. [Evaluation metric]	Mode:train, Macro_f1: 0.0000; Micro_f1: 0.0000; 	Mode:valid, Macro_f1: 0.0000; Micro_f1: 0.0000; 	Mode:test, Macro_f1: 0.0000; Micro_f1: 0.0000; 
Thu 07 Mar 2024 21:49:35 INFO  [Train Info] Epoch: 265, Train loss: 0.1474, Valid loss: 0.1465. [Evaluation metric]	Mode:train, Macro_f1: 0.0000; Micro_f1: 0.0000; 	Mode:valid, Macro_f1: 0.0000; Micro_f1: 0.0000; 	Mode:test, Macro_f1: 0.0000; Micro_f1: 0.0000; 
Thu 07 Mar 2024 21:49:35 INFO  [Train Info] Epoch: 266, Train loss: 0.1474, Valid loss: 0.1465. [Evaluation metric]	Mode:train, Macro_f1: 0.0000; Micro_f1: 0.0000; 	Mode:valid, Macro_f1: 0.0000; Micro_f1: 0.0000; 	Mode:test, Macro_f1: 0.0000; Micro_f1: 0.0000; 
Thu 07 Mar 2024 21:49:35 INFO  [Train Info] Epoch: 267, Train loss: 0.1474, Valid loss: 0.1465. [Evaluation metric]	Mode:train, Macro_f1: 0.0000; Micro_f1: 0.0000; 	Mode:valid, Macro_f1: 0.0000; Micro_f1: 0.0000; 	Mode:test, Macro_f1: 0.0000; Micro_f1: 0.0000; 
Thu 07 Mar 2024 21:49:35 INFO  [Train Info] Epoch: 268, Train loss: 0.1474, Valid loss: 0.1465. [Evaluation metric]	Mode:train, Macro_f1: 0.0000; Micro_f1: 0.0000; 	Mode:valid, Macro_f1: 0.0000; Micro_f1: 0.0000; 	Mode:test, Macro_f1: 0.0000; Micro_f1: 0.0000; 
Thu 07 Mar 2024 21:49:35 INFO  [Train Info] Epoch: 269, Train loss: 0.1474, Valid loss: 0.1465. [Evaluation metric]	Mode:train, Macro_f1: 0.0000; Micro_f1: 0.0000; 	Mode:valid, Macro_f1: 0.0000; Micro_f1: 0.0000; 	Mode:test, Macro_f1: 0.0000; Micro_f1: 0.0000; 
Thu 07 Mar 2024 21:49:35 INFO  [Train Info] Epoch: 270, Train loss: 0.1474, Valid loss: 0.1465. [Evaluation metric]	Mode:train, Macro_f1: 0.0000; Micro_f1: 0.0000; 	Mode:valid, Macro_f1: 0.0000; Micro_f1: 0.0000; 	Mode:test, Macro_f1: 0.0000; Micro_f1: 0.0000; 
Thu 07 Mar 2024 21:49:35 INFO  [Train Info] Epoch: 271, Train loss: 0.1474, Valid loss: 0.1465. [Evaluation metric]	Mode:train, Macro_f1: 0.0000; Micro_f1: 0.0000; 	Mode:valid, Macro_f1: 0.0000; Micro_f1: 0.0000; 	Mode:test, Macro_f1: 0.0000; Micro_f1: 0.0000; 
Thu 07 Mar 2024 21:49:35 INFO  [Train Info] Epoch: 272, Train loss: 0.1474, Valid loss: 0.1465. [Evaluation metric]	Mode:train, Macro_f1: 0.0000; Micro_f1: 0.0000; 	Mode:valid, Macro_f1: 0.0000; Micro_f1: 0.0000; 	Mode:test, Macro_f1: 0.0000; Micro_f1: 0.0000; 
Thu 07 Mar 2024 21:49:35 INFO  [Train Info] Epoch: 273, Train loss: 0.1474, Valid loss: 0.1465. [Evaluation metric]	Mode:train, Macro_f1: 0.0000; Micro_f1: 0.0000; 	Mode:valid, Macro_f1: 0.0000; Micro_f1: 0.0000; 	Mode:test, Macro_f1: 0.0000; Micro_f1: 0.0000; 
Thu 07 Mar 2024 21:49:35 INFO  [Train Info] Epoch: 274, Train loss: 0.1475, Valid loss: 0.1465. [Evaluation metric]	Mode:train, Macro_f1: 0.0000; Micro_f1: 0.0000; 	Mode:valid, Macro_f1: 0.0000; Micro_f1: 0.0000; 	Mode:test, Macro_f1: 0.0000; Micro_f1: 0.0000; 
Thu 07 Mar 2024 21:49:36 INFO  [Train Info] Epoch: 275, Train loss: 0.1475, Valid loss: 0.1465. [Evaluation metric]	Mode:train, Macro_f1: 0.0000; Micro_f1: 0.0000; 	Mode:valid, Macro_f1: 0.0000; Micro_f1: 0.0000; 	Mode:test, Macro_f1: 0.0000; Micro_f1: 0.0000; 
Thu 07 Mar 2024 21:49:36 INFO  [Train Info] Epoch: 276, Train loss: 0.1475, Valid loss: 0.1465. [Evaluation metric]	Mode:train, Macro_f1: 0.0000; Micro_f1: 0.0000; 	Mode:valid, Macro_f1: 0.0000; Micro_f1: 0.0000; 	Mode:test, Macro_f1: 0.0000; Micro_f1: 0.0000; 
Thu 07 Mar 2024 21:49:36 INFO  [Train Info] Epoch: 277, Train loss: 0.1475, Valid loss: 0.1464. [Evaluation metric]	Mode:train, Macro_f1: 0.0000; Micro_f1: 0.0000; 	Mode:valid, Macro_f1: 0.0000; Micro_f1: 0.0000; 	Mode:test, Macro_f1: 0.0000; Micro_f1: 0.0000; 
Thu 07 Mar 2024 21:49:36 INFO  [Train Info] Epoch: 278, Train loss: 0.1475, Valid loss: 0.1464. [Evaluation metric]	Mode:train, Macro_f1: 0.0000; Micro_f1: 0.0000; 	Mode:valid, Macro_f1: 0.0000; Micro_f1: 0.0000; 	Mode:test, Macro_f1: 0.0000; Micro_f1: 0.0000; 
Thu 07 Mar 2024 21:49:36 INFO  [Train Info] Epoch: 279, Train loss: 0.1475, Valid loss: 0.1464. [Evaluation metric]	Mode:train, Macro_f1: 0.0000; Micro_f1: 0.0000; 	Mode:valid, Macro_f1: 0.0000; Micro_f1: 0.0000; 	Mode:test, Macro_f1: 0.0000; Micro_f1: 0.0000; 
Thu 07 Mar 2024 21:49:36 INFO  [Train Info] Epoch: 280, Train loss: 0.1475, Valid loss: 0.1464. [Evaluation metric]	Mode:train, Macro_f1: 0.0000; Micro_f1: 0.0000; 	Mode:valid, Macro_f1: 0.0000; Micro_f1: 0.0000; 	Mode:test, Macro_f1: 0.0000; Micro_f1: 0.0000; 
Thu 07 Mar 2024 21:49:36 INFO  [Train Info] Epoch: 281, Train loss: 0.1475, Valid loss: 0.1464. [Evaluation metric]	Mode:train, Macro_f1: 0.0000; Micro_f1: 0.0000; 	Mode:valid, Macro_f1: 0.0000; Micro_f1: 0.0000; 	Mode:test, Macro_f1: 0.0000; Micro_f1: 0.0000; 
Thu 07 Mar 2024 21:49:36 INFO  [Train Info] Epoch: 282, Train loss: 0.1475, Valid loss: 0.1464. [Evaluation metric]	Mode:train, Macro_f1: 0.0000; Micro_f1: 0.0000; 	Mode:valid, Macro_f1: 0.0000; Micro_f1: 0.0000; 	Mode:test, Macro_f1: 0.0000; Micro_f1: 0.0000; 
Thu 07 Mar 2024 21:49:36 INFO  [Train Info] Epoch: 283, Train loss: 0.1475, Valid loss: 0.1464. [Evaluation metric]	Mode:train, Macro_f1: 0.0000; Micro_f1: 0.0000; 	Mode:valid, Macro_f1: 0.0000; Micro_f1: 0.0000; 	Mode:test, Macro_f1: 0.0000; Micro_f1: 0.0000; 
Thu 07 Mar 2024 21:49:36 INFO  [Train Info] Epoch: 284, Train loss: 0.1475, Valid loss: 0.1464. [Evaluation metric]	Mode:train, Macro_f1: 0.0000; Micro_f1: 0.0000; 	Mode:valid, Macro_f1: 0.0000; Micro_f1: 0.0000; 	Mode:test, Macro_f1: 0.0000; Micro_f1: 0.0000; 
Thu 07 Mar 2024 21:49:36 INFO  [Train Info] Epoch: 285, Train loss: 0.1475, Valid loss: 0.1464. [Evaluation metric]	Mode:train, Macro_f1: 0.0000; Micro_f1: 0.0000; 	Mode:valid, Macro_f1: 0.0000; Micro_f1: 0.0000; 	Mode:test, Macro_f1: 0.0000; Micro_f1: 0.0000; 
Thu 07 Mar 2024 21:49:37 INFO  [Train Info] Epoch: 286, Train loss: 0.1475, Valid loss: 0.1464. [Evaluation metric]	Mode:train, Macro_f1: 0.0000; Micro_f1: 0.0000; 	Mode:valid, Macro_f1: 0.0000; Micro_f1: 0.0000; 	Mode:test, Macro_f1: 0.0000; Micro_f1: 0.0000; 
Thu 07 Mar 2024 21:49:37 INFO  [Train Info] Epoch: 287, Train loss: 0.1475, Valid loss: 0.1464. [Evaluation metric]	Mode:train, Macro_f1: 0.0000; Micro_f1: 0.0000; 	Mode:valid, Macro_f1: 0.0000; Micro_f1: 0.0000; 	Mode:test, Macro_f1: 0.0000; Micro_f1: 0.0000; 
Thu 07 Mar 2024 21:49:37 INFO  [Train Info] Epoch: 288, Train loss: 0.1475, Valid loss: 0.1464. [Evaluation metric]	Mode:train, Macro_f1: 0.0000; Micro_f1: 0.0000; 	Mode:valid, Macro_f1: 0.0000; Micro_f1: 0.0000; 	Mode:test, Macro_f1: 0.0000; Micro_f1: 0.0000; 
Thu 07 Mar 2024 21:49:37 INFO  [Train Info] Epoch: 289, Train loss: 0.1475, Valid loss: 0.1464. [Evaluation metric]	Mode:train, Macro_f1: 0.0000; Micro_f1: 0.0000; 	Mode:valid, Macro_f1: 0.0000; Micro_f1: 0.0000; 	Mode:test, Macro_f1: 0.0000; Micro_f1: 0.0000; 
Thu 07 Mar 2024 21:49:37 INFO  [Train Info] Epoch: 290, Train loss: 0.1475, Valid loss: 0.1464. [Evaluation metric]	Mode:train, Macro_f1: 0.0000; Micro_f1: 0.0000; 	Mode:valid, Macro_f1: 0.0000; Micro_f1: 0.0000; 	Mode:test, Macro_f1: 0.0000; Micro_f1: 0.0000; 
Thu 07 Mar 2024 21:49:37 INFO  [Train Info] Epoch: 291, Train loss: 0.1475, Valid loss: 0.1464. [Evaluation metric]	Mode:train, Macro_f1: 0.0000; Micro_f1: 0.0000; 	Mode:valid, Macro_f1: 0.0000; Micro_f1: 0.0000; 	Mode:test, Macro_f1: 0.0000; Micro_f1: 0.0000; 
Thu 07 Mar 2024 21:49:37 INFO  [Train Info] Epoch: 292, Train loss: 0.1475, Valid loss: 0.1464. [Evaluation metric]	Mode:train, Macro_f1: 0.0000; Micro_f1: 0.0000; 	Mode:valid, Macro_f1: 0.0000; Micro_f1: 0.0000; 	Mode:test, Macro_f1: 0.0000; Micro_f1: 0.0000; 
Thu 07 Mar 2024 21:49:37 INFO  [Train Info] Epoch: 293, Train loss: 0.1475, Valid loss: 0.1464. [Evaluation metric]	Mode:train, Macro_f1: 0.0000; Micro_f1: 0.0000; 	Mode:valid, Macro_f1: 0.0000; Micro_f1: 0.0000; 	Mode:test, Macro_f1: 0.0000; Micro_f1: 0.0000; 
Thu 07 Mar 2024 21:49:37 INFO  [Train Info] Epoch: 294, Train loss: 0.1475, Valid loss: 0.1464. [Evaluation metric]	Mode:train, Macro_f1: 0.0000; Micro_f1: 0.0000; 	Mode:valid, Macro_f1: 0.0000; Micro_f1: 0.0000; 	Mode:test, Macro_f1: 0.0000; Micro_f1: 0.0000; 
Thu 07 Mar 2024 21:49:37 INFO  [Train Info] Epoch: 295, Train loss: 0.1476, Valid loss: 0.1464. [Evaluation metric]	Mode:train, Macro_f1: 0.0000; Micro_f1: 0.0000; 	Mode:valid, Macro_f1: 0.0000; Micro_f1: 0.0000; 	Mode:test, Macro_f1: 0.0000; Micro_f1: 0.0000; 
Thu 07 Mar 2024 21:49:38 INFO  [Train Info] Epoch: 296, Train loss: 0.1476, Valid loss: 0.1464. [Evaluation metric]	Mode:train, Macro_f1: 0.0000; Micro_f1: 0.0000; 	Mode:valid, Macro_f1: 0.0000; Micro_f1: 0.0000; 	Mode:test, Macro_f1: 0.0000; Micro_f1: 0.0000; 
Thu 07 Mar 2024 21:49:38 INFO  [Train Info] Epoch: 297, Train loss: 0.1476, Valid loss: 0.1464. [Evaluation metric]	Mode:train, Macro_f1: 0.0000; Micro_f1: 0.0000; 	Mode:valid, Macro_f1: 0.0000; Micro_f1: 0.0000; 	Mode:test, Macro_f1: 0.0000; Micro_f1: 0.0000; 
Thu 07 Mar 2024 21:49:38 INFO  [Train Info] Epoch: 298, Train loss: 0.1476, Valid loss: 0.1464. [Evaluation metric]	Mode:train, Macro_f1: 0.0000; Micro_f1: 0.0000; 	Mode:valid, Macro_f1: 0.0000; Micro_f1: 0.0000; 	Mode:test, Macro_f1: 0.0000; Micro_f1: 0.0000; 
Thu 07 Mar 2024 21:49:38 INFO  [Train Info] Epoch: 299, Train loss: 0.1476, Valid loss: 0.1464. [Evaluation metric]	Mode:train, Macro_f1: 0.0000; Micro_f1: 0.0000; 	Mode:valid, Macro_f1: 0.0000; Micro_f1: 0.0000; 	Mode:test, Macro_f1: 0.0000; Micro_f1: 0.0000; 
Thu 07 Mar 2024 21:49:38 INFO  [Train Info] Epoch: 300, Train loss: 0.1476, Valid loss: 0.1464. [Evaluation metric]	Mode:train, Macro_f1: 0.0000; Micro_f1: 0.0000; 	Mode:valid, Macro_f1: 0.0000; Micro_f1: 0.0000; 	Mode:test, Macro_f1: 0.0000; Micro_f1: 0.0000; 
Thu 07 Mar 2024 21:49:38 INFO  [Train Info] Epoch: 301, Train loss: 0.1476, Valid loss: 0.1464. [Evaluation metric]	Mode:train, Macro_f1: 0.0000; Micro_f1: 0.0000; 	Mode:valid, Macro_f1: 0.0000; Micro_f1: 0.0000; 	Mode:test, Macro_f1: 0.0000; Micro_f1: 0.0000; 
Thu 07 Mar 2024 21:49:38 INFO  [Train Info] Epoch: 302, Train loss: 0.1476, Valid loss: 0.1464. [Evaluation metric]	Mode:train, Macro_f1: 0.0000; Micro_f1: 0.0000; 	Mode:valid, Macro_f1: 0.0000; Micro_f1: 0.0000; 	Mode:test, Macro_f1: 0.0000; Micro_f1: 0.0000; 
Thu 07 Mar 2024 21:49:38 INFO  [Train Info] Epoch: 303, Train loss: 0.1476, Valid loss: 0.1464. [Evaluation metric]	Mode:train, Macro_f1: 0.0000; Micro_f1: 0.0000; 	Mode:valid, Macro_f1: 0.0000; Micro_f1: 0.0000; 	Mode:test, Macro_f1: 0.0000; Micro_f1: 0.0000; 
Thu 07 Mar 2024 21:49:38 INFO  [Train Info] Epoch: 304, Train loss: 0.1476, Valid loss: 0.1464. [Evaluation metric]	Mode:train, Macro_f1: 0.0000; Micro_f1: 0.0000; 	Mode:valid, Macro_f1: 0.0000; Micro_f1: 0.0000; 	Mode:test, Macro_f1: 0.0000; Micro_f1: 0.0000; 
Thu 07 Mar 2024 21:49:38 INFO  [Train Info] Epoch: 305, Train loss: 0.1476, Valid loss: 0.1464. [Evaluation metric]	Mode:train, Macro_f1: 0.0000; Micro_f1: 0.0000; 	Mode:valid, Macro_f1: 0.0000; Micro_f1: 0.0000; 	Mode:test, Macro_f1: 0.0000; Micro_f1: 0.0000; 
Thu 07 Mar 2024 21:49:39 INFO  [Train Info] Epoch: 306, Train loss: 0.1476, Valid loss: 0.1464. [Evaluation metric]	Mode:train, Macro_f1: 0.0000; Micro_f1: 0.0000; 	Mode:valid, Macro_f1: 0.0000; Micro_f1: 0.0000; 	Mode:test, Macro_f1: 0.0000; Micro_f1: 0.0000; 
Thu 07 Mar 2024 21:49:39 INFO  [Train Info] Epoch: 307, Train loss: 0.1476, Valid loss: 0.1464. [Evaluation metric]	Mode:train, Macro_f1: 0.0000; Micro_f1: 0.0000; 	Mode:valid, Macro_f1: 0.0000; Micro_f1: 0.0000; 	Mode:test, Macro_f1: 0.0000; Micro_f1: 0.0000; 
Thu 07 Mar 2024 21:49:39 INFO  [Train Info] Epoch: 308, Train loss: 0.1476, Valid loss: 0.1464. [Evaluation metric]	Mode:train, Macro_f1: 0.0000; Micro_f1: 0.0000; 	Mode:valid, Macro_f1: 0.0000; Micro_f1: 0.0000; 	Mode:test, Macro_f1: 0.0000; Micro_f1: 0.0000; 
Thu 07 Mar 2024 21:49:39 INFO  [Train Info] Epoch: 309, Train loss: 0.1476, Valid loss: 0.1464. [Evaluation metric]	Mode:train, Macro_f1: 0.0000; Micro_f1: 0.0000; 	Mode:valid, Macro_f1: 0.0000; Micro_f1: 0.0000; 	Mode:test, Macro_f1: 0.0000; Micro_f1: 0.0000; 
Thu 07 Mar 2024 21:49:39 INFO  [Train Info] Epoch: 310, Train loss: 0.1476, Valid loss: 0.1464. [Evaluation metric]	Mode:train, Macro_f1: 0.0000; Micro_f1: 0.0000; 	Mode:valid, Macro_f1: 0.0000; Micro_f1: 0.0000; 	Mode:test, Macro_f1: 0.0000; Micro_f1: 0.0000; 
Thu 07 Mar 2024 21:49:39 INFO  [Train Info] Epoch: 311, Train loss: 0.1476, Valid loss: 0.1464. [Evaluation metric]	Mode:train, Macro_f1: 0.0000; Micro_f1: 0.0000; 	Mode:valid, Macro_f1: 0.0000; Micro_f1: 0.0000; 	Mode:test, Macro_f1: 0.0000; Micro_f1: 0.0000; 
Thu 07 Mar 2024 21:49:39 INFO  [Train Info] Epoch: 312, Train loss: 0.1476, Valid loss: 0.1464. [Evaluation metric]	Mode:train, Macro_f1: 0.0000; Micro_f1: 0.0000; 	Mode:valid, Macro_f1: 0.0000; Micro_f1: 0.0000; 	Mode:test, Macro_f1: 0.0000; Micro_f1: 0.0000; 
Thu 07 Mar 2024 21:49:39 INFO  [Train Info] Epoch: 313, Train loss: 0.1476, Valid loss: 0.1464. [Evaluation metric]	Mode:train, Macro_f1: 0.0000; Micro_f1: 0.0000; 	Mode:valid, Macro_f1: 0.0000; Micro_f1: 0.0000; 	Mode:test, Macro_f1: 0.0000; Micro_f1: 0.0000; 
Thu 07 Mar 2024 21:49:39 INFO  [Train Info] Epoch: 314, Train loss: 0.1476, Valid loss: 0.1464. [Evaluation metric]	Mode:train, Macro_f1: 0.0000; Micro_f1: 0.0000; 	Mode:valid, Macro_f1: 0.0000; Micro_f1: 0.0000; 	Mode:test, Macro_f1: 0.0000; Micro_f1: 0.0000; 
Thu 07 Mar 2024 21:49:40 INFO  [Train Info] Epoch: 315, Train loss: 0.1476, Valid loss: 0.1464. [Evaluation metric]	Mode:train, Macro_f1: 0.0000; Micro_f1: 0.0000; 	Mode:valid, Macro_f1: 0.0000; Micro_f1: 0.0000; 	Mode:test, Macro_f1: 0.0000; Micro_f1: 0.0000; 
Thu 07 Mar 2024 21:49:40 INFO  [Train Info] Epoch: 316, Train loss: 0.1476, Valid loss: 0.1464. [Evaluation metric]	Mode:train, Macro_f1: 0.0000; Micro_f1: 0.0000; 	Mode:valid, Macro_f1: 0.0000; Micro_f1: 0.0000; 	Mode:test, Macro_f1: 0.0000; Micro_f1: 0.0000; 
Thu 07 Mar 2024 21:49:40 INFO  [Train Info] Epoch: 317, Train loss: 0.1476, Valid loss: 0.1464. [Evaluation metric]	Mode:train, Macro_f1: 0.0000; Micro_f1: 0.0000; 	Mode:valid, Macro_f1: 0.0000; Micro_f1: 0.0000; 	Mode:test, Macro_f1: 0.0000; Micro_f1: 0.0000; 
Thu 07 Mar 2024 21:49:40 INFO  [Train Info] Epoch: 318, Train loss: 0.1476, Valid loss: 0.1464. [Evaluation metric]	Mode:train, Macro_f1: 0.0000; Micro_f1: 0.0000; 	Mode:valid, Macro_f1: 0.0000; Micro_f1: 0.0000; 	Mode:test, Macro_f1: 0.0000; Micro_f1: 0.0000; 
Thu 07 Mar 2024 21:49:40 INFO  [Train Info] Epoch: 319, Train loss: 0.1476, Valid loss: 0.1464. [Evaluation metric]	Mode:train, Macro_f1: 0.0000; Micro_f1: 0.0000; 	Mode:valid, Macro_f1: 0.0000; Micro_f1: 0.0000; 	Mode:test, Macro_f1: 0.0000; Micro_f1: 0.0000; 
Thu 07 Mar 2024 21:49:40 INFO  [Train Info] Epoch: 320, Train loss: 0.1476, Valid loss: 0.1464. [Evaluation metric]	Mode:train, Macro_f1: 0.0000; Micro_f1: 0.0000; 	Mode:valid, Macro_f1: 0.0000; Micro_f1: 0.0000; 	Mode:test, Macro_f1: 0.0000; Micro_f1: 0.0000; 
Thu 07 Mar 2024 21:49:40 INFO  [Train Info] Epoch: 321, Train loss: 0.1476, Valid loss: 0.1464. [Evaluation metric]	Mode:train, Macro_f1: 0.0000; Micro_f1: 0.0000; 	Mode:valid, Macro_f1: 0.0000; Micro_f1: 0.0000; 	Mode:test, Macro_f1: 0.0000; Micro_f1: 0.0000; 
Thu 07 Mar 2024 21:49:40 INFO  [Train Info] Epoch: 322, Train loss: 0.1476, Valid loss: 0.1464. [Evaluation metric]	Mode:train, Macro_f1: 0.0000; Micro_f1: 0.0000; 	Mode:valid, Macro_f1: 0.0000; Micro_f1: 0.0000; 	Mode:test, Macro_f1: 0.0000; Micro_f1: 0.0000; 
Thu 07 Mar 2024 21:49:40 INFO  [Train Info] Epoch: 323, Train loss: 0.1476, Valid loss: 0.1464. [Evaluation metric]	Mode:train, Macro_f1: 0.0000; Micro_f1: 0.0000; 	Mode:valid, Macro_f1: 0.0000; Micro_f1: 0.0000; 	Mode:test, Macro_f1: 0.0000; Micro_f1: 0.0000; 
Thu 07 Mar 2024 21:49:40 INFO  [Train Info] Epoch: 324, Train loss: 0.1476, Valid loss: 0.1464. [Evaluation metric]	Mode:train, Macro_f1: 0.0000; Micro_f1: 0.0000; 	Mode:valid, Macro_f1: 0.0000; Micro_f1: 0.0000; 	Mode:test, Macro_f1: 0.0000; Micro_f1: 0.0000; 
Thu 07 Mar 2024 21:49:40 INFO  [Train Info] Epoch: 325, Train loss: 0.1476, Valid loss: 0.1464. [Evaluation metric]	Mode:train, Macro_f1: 0.0000; Micro_f1: 0.0000; 	Mode:valid, Macro_f1: 0.0000; Micro_f1: 0.0000; 	Mode:test, Macro_f1: 0.0000; Micro_f1: 0.0000; 
Thu 07 Mar 2024 21:49:41 INFO  [Train Info] Epoch: 326, Train loss: 0.1476, Valid loss: 0.1464. [Evaluation metric]	Mode:train, Macro_f1: 0.0000; Micro_f1: 0.0000; 	Mode:valid, Macro_f1: 0.0000; Micro_f1: 0.0000; 	Mode:test, Macro_f1: 0.0000; Micro_f1: 0.0000; 
Thu 07 Mar 2024 21:49:41 INFO  [Train Info] Epoch: 327, Train loss: 0.1476, Valid loss: 0.1464. [Evaluation metric]	Mode:train, Macro_f1: 0.0000; Micro_f1: 0.0000; 	Mode:valid, Macro_f1: 0.0000; Micro_f1: 0.0000; 	Mode:test, Macro_f1: 0.0000; Micro_f1: 0.0000; 
Thu 07 Mar 2024 21:49:41 INFO  [Train Info] Epoch: 328, Train loss: 0.1476, Valid loss: 0.1464. [Evaluation metric]	Mode:train, Macro_f1: 0.0000; Micro_f1: 0.0000; 	Mode:valid, Macro_f1: 0.0000; Micro_f1: 0.0000; 	Mode:test, Macro_f1: 0.0000; Micro_f1: 0.0000; 
Thu 07 Mar 2024 21:49:41 INFO  [Train Info] Epoch: 329, Train loss: 0.1476, Valid loss: 0.1464. [Evaluation metric]	Mode:train, Macro_f1: 0.0000; Micro_f1: 0.0000; 	Mode:valid, Macro_f1: 0.0000; Micro_f1: 0.0000; 	Mode:test, Macro_f1: 0.0000; Micro_f1: 0.0000; 
Thu 07 Mar 2024 21:49:41 INFO  [Train Info] Epoch: 330, Train loss: 0.1476, Valid loss: 0.1464. [Evaluation metric]	Mode:train, Macro_f1: 0.0000; Micro_f1: 0.0000; 	Mode:valid, Macro_f1: 0.0000; Micro_f1: 0.0000; 	Mode:test, Macro_f1: 0.0000; Micro_f1: 0.0000; 
Thu 07 Mar 2024 21:49:41 INFO  [Train Info] Epoch: 331, Train loss: 0.1476, Valid loss: 0.1464. [Evaluation metric]	Mode:train, Macro_f1: 0.0000; Micro_f1: 0.0000; 	Mode:valid, Macro_f1: 0.0000; Micro_f1: 0.0000; 	Mode:test, Macro_f1: 0.0000; Micro_f1: 0.0000; 
Thu 07 Mar 2024 21:49:41 INFO  [Train Info] Epoch: 332, Train loss: 0.1476, Valid loss: 0.1464. [Evaluation metric]	Mode:train, Macro_f1: 0.0000; Micro_f1: 0.0000; 	Mode:valid, Macro_f1: 0.0000; Micro_f1: 0.0000; 	Mode:test, Macro_f1: 0.0000; Micro_f1: 0.0000; 
Thu 07 Mar 2024 21:49:41 INFO  [Train Info] Epoch: 333, Train loss: 0.1476, Valid loss: 0.1464. [Evaluation metric]	Mode:train, Macro_f1: 0.0000; Micro_f1: 0.0000; 	Mode:valid, Macro_f1: 0.0000; Micro_f1: 0.0000; 	Mode:test, Macro_f1: 0.0000; Micro_f1: 0.0000; 
Thu 07 Mar 2024 21:49:41 INFO  [Train Info] Epoch: 334, Train loss: 0.1476, Valid loss: 0.1464. [Evaluation metric]	Mode:train, Macro_f1: 0.0000; Micro_f1: 0.0000; 	Mode:valid, Macro_f1: 0.0000; Micro_f1: 0.0000; 	Mode:test, Macro_f1: 0.0000; Micro_f1: 0.0000; 
Thu 07 Mar 2024 21:49:41 INFO  [Train Info] Epoch: 335, Train loss: 0.1476, Valid loss: 0.1464. [Evaluation metric]	Mode:train, Macro_f1: 0.0000; Micro_f1: 0.0000; 	Mode:valid, Macro_f1: 0.0000; Micro_f1: 0.0000; 	Mode:test, Macro_f1: 0.0000; Micro_f1: 0.0000; 
Thu 07 Mar 2024 21:49:42 INFO  [Train Info] Epoch: 336, Train loss: 0.1477, Valid loss: 0.1464. [Evaluation metric]	Mode:train, Macro_f1: 0.0000; Micro_f1: 0.0000; 	Mode:valid, Macro_f1: 0.0000; Micro_f1: 0.0000; 	Mode:test, Macro_f1: 0.0000; Micro_f1: 0.0000; 
Thu 07 Mar 2024 21:49:42 INFO  [Train Info] Epoch: 337, Train loss: 0.1477, Valid loss: 0.1464. [Evaluation metric]	Mode:train, Macro_f1: 0.0000; Micro_f1: 0.0000; 	Mode:valid, Macro_f1: 0.0000; Micro_f1: 0.0000; 	Mode:test, Macro_f1: 0.0000; Micro_f1: 0.0000; 
Thu 07 Mar 2024 21:49:42 INFO  [Train Info] Epoch: 338, Train loss: 0.1477, Valid loss: 0.1464. [Evaluation metric]	Mode:train, Macro_f1: 0.0000; Micro_f1: 0.0000; 	Mode:valid, Macro_f1: 0.0000; Micro_f1: 0.0000; 	Mode:test, Macro_f1: 0.0000; Micro_f1: 0.0000; 
Thu 07 Mar 2024 21:49:42 INFO  [Train Info] Epoch: 339, Train loss: 0.1477, Valid loss: 0.1464. [Evaluation metric]	Mode:train, Macro_f1: 0.0000; Micro_f1: 0.0000; 	Mode:valid, Macro_f1: 0.0000; Micro_f1: 0.0000; 	Mode:test, Macro_f1: 0.0000; Micro_f1: 0.0000; 
Thu 07 Mar 2024 21:49:42 INFO  [Train Info] Epoch: 340, Train loss: 0.1477, Valid loss: 0.1464. [Evaluation metric]	Mode:train, Macro_f1: 0.0000; Micro_f1: 0.0000; 	Mode:valid, Macro_f1: 0.0000; Micro_f1: 0.0000; 	Mode:test, Macro_f1: 0.0000; Micro_f1: 0.0000; 
Thu 07 Mar 2024 21:49:42 INFO  [Train Info] Epoch: 341, Train loss: 0.1477, Valid loss: 0.1464. [Evaluation metric]	Mode:train, Macro_f1: 0.0000; Micro_f1: 0.0000; 	Mode:valid, Macro_f1: 0.0000; Micro_f1: 0.0000; 	Mode:test, Macro_f1: 0.0000; Micro_f1: 0.0000; 
Thu 07 Mar 2024 21:49:42 INFO  [Train Info] Epoch: 342, Train loss: 0.1477, Valid loss: 0.1464. [Evaluation metric]	Mode:train, Macro_f1: 0.0000; Micro_f1: 0.0000; 	Mode:valid, Macro_f1: 0.0000; Micro_f1: 0.0000; 	Mode:test, Macro_f1: 0.0000; Micro_f1: 0.0000; 
Thu 07 Mar 2024 21:49:42 INFO  [Train Info] Epoch: 343, Train loss: 0.1477, Valid loss: 0.1464. [Evaluation metric]	Mode:train, Macro_f1: 0.0000; Micro_f1: 0.0000; 	Mode:valid, Macro_f1: 0.0000; Micro_f1: 0.0000; 	Mode:test, Macro_f1: 0.0000; Micro_f1: 0.0000; 
Thu 07 Mar 2024 21:49:42 INFO  [Train Info] Epoch: 344, Train loss: 0.1477, Valid loss: 0.1464. [Evaluation metric]	Mode:train, Macro_f1: 0.0000; Micro_f1: 0.0000; 	Mode:valid, Macro_f1: 0.0000; Micro_f1: 0.0000; 	Mode:test, Macro_f1: 0.0000; Micro_f1: 0.0000; 
Thu 07 Mar 2024 21:49:42 INFO  [Train Info] Epoch: 345, Train loss: 0.1477, Valid loss: 0.1464. [Evaluation metric]	Mode:train, Macro_f1: 0.0000; Micro_f1: 0.0000; 	Mode:valid, Macro_f1: 0.0000; Micro_f1: 0.0000; 	Mode:test, Macro_f1: 0.0000; Micro_f1: 0.0000; 
Thu 07 Mar 2024 21:49:42 INFO  [Train Info] Epoch: 346, Train loss: 0.1477, Valid loss: 0.1464. [Evaluation metric]	Mode:train, Macro_f1: 0.0000; Micro_f1: 0.0000; 	Mode:valid, Macro_f1: 0.0000; Micro_f1: 0.0000; 	Mode:test, Macro_f1: 0.0000; Micro_f1: 0.0000; 
Thu 07 Mar 2024 21:49:42 INFO  [Train Info] Epoch: 347, Train loss: 0.1477, Valid loss: 0.1464. [Evaluation metric]	Mode:train, Macro_f1: 0.0000; Micro_f1: 0.0000; 	Mode:valid, Macro_f1: 0.0000; Micro_f1: 0.0000; 	Mode:test, Macro_f1: 0.0000; Micro_f1: 0.0000; 
Thu 07 Mar 2024 21:49:43 INFO  [Train Info] Epoch: 348, Train loss: 0.1477, Valid loss: 0.1464. [Evaluation metric]	Mode:train, Macro_f1: 0.0000; Micro_f1: 0.0000; 	Mode:valid, Macro_f1: 0.0000; Micro_f1: 0.0000; 	Mode:test, Macro_f1: 0.0000; Micro_f1: 0.0000; 
Thu 07 Mar 2024 21:49:43 INFO  [Train Info] Epoch: 349, Train loss: 0.1477, Valid loss: 0.1464. [Evaluation metric]	Mode:train, Macro_f1: 0.0000; Micro_f1: 0.0000; 	Mode:valid, Macro_f1: 0.0000; Micro_f1: 0.0000; 	Mode:test, Macro_f1: 0.0000; Micro_f1: 0.0000; 
Thu 07 Mar 2024 21:49:43 INFO  [Train Info] [Test Info][Evaluation metric]	Mode:valid, Macro_f1: 0.0000; Micro_f1: 0.0000; 	Mode:test, Macro_f1: 0.0000; Micro_f1: 0.0000; 
