Thu 07 Mar 2024 20:57:17 INFO  [Config Info]	Model: RGAT,	Task: link_prediction,	Dataset: CTD_DDA
Thu 07 Mar 2024 20:57:19 INFO  [Init Task] The task: link prediction, the dataset: CTD_DDA, the evaluation metric is roc_auc, the score function: distmult 
Thu 07 Mar 2024 20:57:24 INFO  [Feature Transformation] Assign embedding as features, because hg.ndata is empty.
Thu 07 Mar 2024 20:57:29 INFO  [Train Info] Epoch: 000, train loss: 0.6950. [Evaluation metric]	Mode:valid, roc_auc: 0.4140; loss: 0.7245; pr_auc: 0.4369; acc: 0.4728; f1: 0.1823; 
Thu 07 Mar 2024 20:57:30 INFO  [Train Info] Epoch: 001, train loss: 0.8606. [Evaluation metric]	Mode:valid, roc_auc: 0.6571; loss: 0.7999; pr_auc: 0.5972; acc: 0.5027; f1: 0.6678; 
Thu 07 Mar 2024 20:57:30 INFO  [Train Info] Epoch: 002, train loss: 4.0242. [Evaluation metric]	Mode:valid, roc_auc: 0.6382; loss: 0.7270; pr_auc: 0.5763; acc: 0.5365; f1: 0.6790; 
Thu 07 Mar 2024 20:57:30 INFO  [Train Info] Epoch: 003, train loss: 0.6822. [Evaluation metric]	Mode:valid, roc_auc: 0.4965; loss: 0.7226; pr_auc: 0.4815; acc: 0.4824; f1: 0.2614; 
Thu 07 Mar 2024 20:57:30 INFO  [Train Info] Epoch: 004, train loss: 0.6952. [Evaluation metric]	Mode:valid, roc_auc: 0.5936; loss: 0.7289; pr_auc: 0.5523; acc: 0.5307; f1: 0.6651; 
Thu 07 Mar 2024 20:57:30 INFO  [Train Info] Epoch: 005, train loss: 0.6941. [Evaluation metric]	Mode:valid, roc_auc: 0.6992; loss: 0.7221; pr_auc: 0.6701; acc: 0.5556; f1: 0.6793; 
Thu 07 Mar 2024 20:57:30 INFO  [Train Info] Epoch: 006, train loss: 0.6646. [Evaluation metric]	Mode:valid, roc_auc: 0.7436; loss: 0.7016; pr_auc: 0.7425; acc: 0.6965; f1: 0.7087; 
Thu 07 Mar 2024 20:57:30 INFO  [Train Info] Epoch: 007, train loss: 0.6189. [Evaluation metric]	Mode:valid, roc_auc: 0.7881; loss: 0.6876; pr_auc: 0.7581; acc: 0.7287; f1: 0.7610; 
Thu 07 Mar 2024 20:57:30 INFO  [Train Info] Epoch: 008, train loss: 0.7298. [Evaluation metric]	Mode:valid, roc_auc: 0.5579; loss: 0.6942; pr_auc: 0.5409; acc: 0.5085; f1: 0.0428; 
Thu 07 Mar 2024 20:57:30 INFO  [Train Info] Epoch: 009, train loss: 1.1528. [Evaluation metric]	Mode:valid, roc_auc: 0.7895; loss: 0.6944; pr_auc: 0.7697; acc: 0.7431; f1: 0.7554; 
Thu 07 Mar 2024 20:57:30 INFO  [Train Info] Epoch: 010, train loss: 0.5901. [Evaluation metric]	Mode:valid, roc_auc: 0.7820; loss: 0.7029; pr_auc: 0.7600; acc: 0.7173; f1: 0.7470; 
Thu 07 Mar 2024 20:57:31 INFO  [Train Info] Epoch: 011, train loss: 0.6027. [Evaluation metric]	Mode:valid, roc_auc: 0.7700; loss: 0.6954; pr_auc: 0.7595; acc: 0.7264; f1: 0.7168; 
Thu 07 Mar 2024 20:57:31 INFO  [Train Info] Epoch: 012, train loss: 0.5973. [Evaluation metric]	Mode:valid, roc_auc: 0.7658; loss: 0.6795; pr_auc: 0.7530; acc: 0.7194; f1: 0.6951; 
Thu 07 Mar 2024 20:57:31 INFO  [Train Info] Epoch: 013, train loss: 0.5781. [Evaluation metric]	Mode:valid, roc_auc: 0.7820; loss: 0.6667; pr_auc: 0.7631; acc: 0.7345; f1: 0.7277; 
Thu 07 Mar 2024 20:57:31 INFO  [Train Info] Epoch: 014, train loss: 0.5887. [Evaluation metric]	Mode:valid, roc_auc: 0.7900; loss: 0.6582; pr_auc: 0.7680; acc: 0.7353; f1: 0.7280; 
Thu 07 Mar 2024 20:57:31 INFO  [Train Info] Epoch: 015, train loss: 0.5631. [Evaluation metric]	Mode:valid, roc_auc: 0.7977; loss: 0.6580; pr_auc: 0.7687; acc: 0.7423; f1: 0.7242; 
Thu 07 Mar 2024 20:57:31 INFO  [Train Info] Epoch: 016, train loss: 0.5708. [Evaluation metric]	Mode:valid, roc_auc: 0.8120; loss: 0.6706; pr_auc: 0.7726; acc: 0.7410; f1: 0.7700; 
Thu 07 Mar 2024 20:57:31 INFO  [Train Info] Epoch: 017, train loss: 0.6192. [Evaluation metric]	Mode:valid, roc_auc: 0.8136; loss: 0.6593; pr_auc: 0.7903; acc: 0.7644; f1: 0.7681; 
Thu 07 Mar 2024 20:57:31 INFO  [Train Info] Epoch: 018, train loss: 0.5328. [Evaluation metric]	Mode:valid, roc_auc: 0.8011; loss: 0.6584; pr_auc: 0.7850; acc: 0.7318; f1: 0.7013; 
Thu 07 Mar 2024 20:57:31 INFO  [Train Info] Epoch: 019, train loss: 0.5548. [Evaluation metric]	Mode:valid, roc_auc: 0.8221; loss: 0.6650; pr_auc: 0.7998; acc: 0.7596; f1: 0.7750; 
Thu 07 Mar 2024 20:57:31 INFO  [Train Info] Epoch: 020, train loss: 0.5359. [Evaluation metric]	Mode:valid, roc_auc: 0.8260; loss: 0.6669; pr_auc: 0.8048; acc: 0.7614; f1: 0.7781; 
Thu 07 Mar 2024 20:57:31 INFO  [Train Info] Epoch: 021, train loss: 0.5346. [Evaluation metric]	Mode:valid, roc_auc: 0.8220; loss: 0.6638; pr_auc: 0.8045; acc: 0.7630; f1: 0.7641; 
Thu 07 Mar 2024 20:57:32 INFO  [Train Info] Epoch: 022, train loss: 0.5263. [Evaluation metric]	Mode:valid, roc_auc: 0.8209; loss: 0.6631; pr_auc: 0.8046; acc: 0.7648; f1: 0.7601; 
Thu 07 Mar 2024 20:57:32 INFO  [Train Info] Epoch: 023, train loss: 0.5313. [Evaluation metric]	Mode:valid, roc_auc: 0.8282; loss: 0.6622; pr_auc: 0.8088; acc: 0.7637; f1: 0.7761; 
Thu 07 Mar 2024 20:57:32 INFO  [Train Info] Epoch: 024, train loss: 0.5151. [Evaluation metric]	Mode:valid, roc_auc: 0.8332; loss: 0.6614; pr_auc: 0.8149; acc: 0.7611; f1: 0.7791; 
Thu 07 Mar 2024 20:57:32 INFO  [Train Info] Epoch: 025, train loss: 0.5230. [Evaluation metric]	Mode:valid, roc_auc: 0.8326; loss: 0.6551; pr_auc: 0.8156; acc: 0.7699; f1: 0.7788; 
Thu 07 Mar 2024 20:57:32 INFO  [Train Info] Epoch: 026, train loss: 0.5104. [Evaluation metric]	Mode:valid, roc_auc: 0.8332; loss: 0.6508; pr_auc: 0.8203; acc: 0.7725; f1: 0.7688; 
Thu 07 Mar 2024 20:57:32 INFO  [Train Info] Epoch: 027, train loss: 0.5139. [Evaluation metric]	Mode:valid, roc_auc: 0.8260; loss: 0.6526; pr_auc: 0.8078; acc: 0.7668; f1: 0.7691; 
Thu 07 Mar 2024 20:57:32 INFO  [Train Info] Epoch: 028, train loss: 0.5084. [Evaluation metric]	Mode:valid, roc_auc: 0.8381; loss: 0.6500; pr_auc: 0.8191; acc: 0.7677; f1: 0.7782; 
Thu 07 Mar 2024 20:57:32 INFO  [Train Info] Epoch: 029, train loss: 0.5053. [Evaluation metric]	Mode:valid, roc_auc: 0.8398; loss: 0.6509; pr_auc: 0.8206; acc: 0.7718; f1: 0.7837; 
Thu 07 Mar 2024 20:57:32 INFO  [Train Info] Epoch: 030, train loss: 0.5072. [Evaluation metric]	Mode:valid, roc_auc: 0.8414; loss: 0.6499; pr_auc: 0.8284; acc: 0.7715; f1: 0.7794; 
Thu 07 Mar 2024 20:57:32 INFO  [Train Info] Epoch: 031, train loss: 0.4976. [Evaluation metric]	Mode:valid, roc_auc: 0.8358; loss: 0.6504; pr_auc: 0.8171; acc: 0.7731; f1: 0.7760; 
Thu 07 Mar 2024 20:57:33 INFO  [Train Info] Epoch: 032, train loss: 0.5012. [Evaluation metric]	Mode:valid, roc_auc: 0.8385; loss: 0.6500; pr_auc: 0.8218; acc: 0.7736; f1: 0.7781; 
Thu 07 Mar 2024 20:57:33 INFO  [Train Info] Epoch: 033, train loss: 0.4969. [Evaluation metric]	Mode:valid, roc_auc: 0.8440; loss: 0.6499; pr_auc: 0.8275; acc: 0.7775; f1: 0.7882; 
Thu 07 Mar 2024 20:57:33 INFO  [Train Info] Epoch: 034, train loss: 0.4938. [Evaluation metric]	Mode:valid, roc_auc: 0.8478; loss: 0.6504; pr_auc: 0.8345; acc: 0.7767; f1: 0.7912; 
Thu 07 Mar 2024 20:57:33 INFO  [Train Info] Epoch: 035, train loss: 0.4959. [Evaluation metric]	Mode:valid, roc_auc: 0.8470; loss: 0.6494; pr_auc: 0.8328; acc: 0.7812; f1: 0.7921; 
Thu 07 Mar 2024 20:57:33 INFO  [Train Info] Epoch: 036, train loss: 0.4919. [Evaluation metric]	Mode:valid, roc_auc: 0.8461; loss: 0.6491; pr_auc: 0.8349; acc: 0.7811; f1: 0.7858; 
Thu 07 Mar 2024 20:57:33 INFO  [Train Info] Epoch: 037, train loss: 0.4900. [Evaluation metric]	Mode:valid, roc_auc: 0.8477; loss: 0.6477; pr_auc: 0.8355; acc: 0.7833; f1: 0.7856; 
Thu 07 Mar 2024 20:57:33 INFO  [Train Info] Epoch: 038, train loss: 0.4905. [Evaluation metric]	Mode:valid, roc_auc: 0.8475; loss: 0.6486; pr_auc: 0.8343; acc: 0.7845; f1: 0.7926; 
Thu 07 Mar 2024 20:57:33 INFO  [Train Info] Epoch: 039, train loss: 0.4860. [Evaluation metric]	Mode:valid, roc_auc: 0.8518; loss: 0.6477; pr_auc: 0.8375; acc: 0.7813; f1: 0.7940; 
Thu 07 Mar 2024 20:57:33 INFO  [Train Info] Epoch: 040, train loss: 0.4848. [Evaluation metric]	Mode:valid, roc_auc: 0.8539; loss: 0.6461; pr_auc: 0.8417; acc: 0.7829; f1: 0.7952; 
Thu 07 Mar 2024 20:57:34 INFO  [Train Info] Epoch: 041, train loss: 0.4842. [Evaluation metric]	Mode:valid, roc_auc: 0.8509; loss: 0.6454; pr_auc: 0.8374; acc: 0.7840; f1: 0.7919; 
Thu 07 Mar 2024 20:57:34 INFO  [Train Info] Epoch: 042, train loss: 0.4784. [Evaluation metric]	Mode:valid, roc_auc: 0.8507; loss: 0.6434; pr_auc: 0.8381; acc: 0.7827; f1: 0.7869; 
Thu 07 Mar 2024 20:57:34 INFO  [Train Info] Epoch: 043, train loss: 0.4800. [Evaluation metric]	Mode:valid, roc_auc: 0.8519; loss: 0.6425; pr_auc: 0.8404; acc: 0.7843; f1: 0.7906; 
Thu 07 Mar 2024 20:57:34 INFO  [Train Info] Epoch: 044, train loss: 0.4766. [Evaluation metric]	Mode:valid, roc_auc: 0.8549; loss: 0.6424; pr_auc: 0.8434; acc: 0.7871; f1: 0.7969; 
Thu 07 Mar 2024 20:57:34 INFO  [Train Info] Epoch: 045, train loss: 0.4776. [Evaluation metric]	Mode:valid, roc_auc: 0.8532; loss: 0.6429; pr_auc: 0.8406; acc: 0.7845; f1: 0.7947; 
Thu 07 Mar 2024 20:57:34 INFO  [Train Info] Epoch: 046, train loss: 0.4768. [Evaluation metric]	Mode:valid, roc_auc: 0.8559; loss: 0.6419; pr_auc: 0.8442; acc: 0.7897; f1: 0.7951; 
Thu 07 Mar 2024 20:57:34 INFO  [Train Info] Epoch: 047, train loss: 0.4749. [Evaluation metric]	Mode:valid, roc_auc: 0.8559; loss: 0.6422; pr_auc: 0.8452; acc: 0.7880; f1: 0.7925; 
Thu 07 Mar 2024 20:57:34 INFO  [Train Info] Epoch: 048, train loss: 0.4750. [Evaluation metric]	Mode:valid, roc_auc: 0.8581; loss: 0.6435; pr_auc: 0.8483; acc: 0.7872; f1: 0.7952; 
Thu 07 Mar 2024 20:57:34 INFO  [Train Info] Epoch: 049, train loss: 0.4703. [Evaluation metric]	Mode:valid, roc_auc: 0.8602; loss: 0.6439; pr_auc: 0.8493; acc: 0.7901; f1: 0.8003; 
Thu 07 Mar 2024 20:57:34 INFO  [Train Info] Epoch: 050, train loss: 0.4694. [Evaluation metric]	Mode:valid, roc_auc: 0.8570; loss: 0.6448; pr_auc: 0.8470; acc: 0.7835; f1: 0.7949; 
Thu 07 Mar 2024 20:57:34 INFO  [Train Info] Epoch: 051, train loss: 0.4689. [Evaluation metric]	Mode:valid, roc_auc: 0.8621; loss: 0.6405; pr_auc: 0.8524; acc: 0.7945; f1: 0.7996; 
Thu 07 Mar 2024 20:57:35 INFO  [Train Info] Epoch: 052, train loss: 0.4666. [Evaluation metric]	Mode:valid, roc_auc: 0.8575; loss: 0.6409; pr_auc: 0.8484; acc: 0.7913; f1: 0.7963; 
Thu 07 Mar 2024 20:57:35 INFO  [Train Info] Epoch: 053, train loss: 0.4661. [Evaluation metric]	Mode:valid, roc_auc: 0.8593; loss: 0.6394; pr_auc: 0.8483; acc: 0.7912; f1: 0.7984; 
Thu 07 Mar 2024 20:57:35 INFO  [Train Info] Epoch: 054, train loss: 0.4663. [Evaluation metric]	Mode:valid, roc_auc: 0.8575; loss: 0.6394; pr_auc: 0.8453; acc: 0.7895; f1: 0.7973; 
Thu 07 Mar 2024 20:57:35 INFO  [Train Info] Epoch: 055, train loss: 0.4635. [Evaluation metric]	Mode:valid, roc_auc: 0.8613; loss: 0.6368; pr_auc: 0.8499; acc: 0.7927; f1: 0.7957; 
Thu 07 Mar 2024 20:57:35 INFO  [Train Info] Epoch: 056, train loss: 0.4628. [Evaluation metric]	Mode:valid, roc_auc: 0.8623; loss: 0.6374; pr_auc: 0.8520; acc: 0.7944; f1: 0.7983; 
Thu 07 Mar 2024 20:57:35 INFO  [Train Info] Epoch: 057, train loss: 0.4592. [Evaluation metric]	Mode:valid, roc_auc: 0.8648; loss: 0.6390; pr_auc: 0.8548; acc: 0.7938; f1: 0.8032; 
Thu 07 Mar 2024 20:57:35 INFO  [Train Info] Epoch: 058, train loss: 0.4599. [Evaluation metric]	Mode:valid, roc_auc: 0.8610; loss: 0.6380; pr_auc: 0.8518; acc: 0.7892; f1: 0.7852; 
Thu 07 Mar 2024 20:57:35 INFO  [Train Info] Epoch: 059, train loss: 0.4680. [Evaluation metric]	Mode:valid, roc_auc: 0.8597; loss: 0.6492; pr_auc: 0.8450; acc: 0.7724; f1: 0.7961; 
Thu 07 Mar 2024 20:57:35 INFO  [Train Info] Epoch: 060, train loss: 0.5175. [Evaluation metric]	Mode:valid, roc_auc: 0.8627; loss: 0.6411; pr_auc: 0.8479; acc: 0.7957; f1: 0.8033; 
Thu 07 Mar 2024 20:57:35 INFO  [Train Info] Epoch: 061, train loss: 0.4627. [Evaluation metric]	Mode:valid, roc_auc: 0.8497; loss: 0.6430; pr_auc: 0.8301; acc: 0.7593; f1: 0.7291; 
Thu 07 Mar 2024 20:57:35 INFO  [Train Info] Epoch: 062, train loss: 0.5050. [Evaluation metric]	Mode:valid, roc_auc: 0.8524; loss: 0.6459; pr_auc: 0.8387; acc: 0.7877; f1: 0.7910; 
Thu 07 Mar 2024 20:57:35 INFO  [Train Info] Epoch: 063, train loss: 0.4693. [Evaluation metric]	Mode:valid, roc_auc: 0.8570; loss: 0.6523; pr_auc: 0.8398; acc: 0.7772; f1: 0.7976; 
Thu 07 Mar 2024 20:57:36 INFO  [Train Info] Epoch: 064, train loss: 0.4876. [Evaluation metric]	Mode:valid, roc_auc: 0.8595; loss: 0.6528; pr_auc: 0.8434; acc: 0.7774; f1: 0.7984; 
Thu 07 Mar 2024 20:57:36 INFO  [Train Info] Epoch: 065, train loss: 0.4894. [Evaluation metric]	Mode:valid, roc_auc: 0.8595; loss: 0.6480; pr_auc: 0.8438; acc: 0.7902; f1: 0.8007; 
Thu 07 Mar 2024 20:57:36 INFO  [Train Info] Epoch: 066, train loss: 0.4694. [Evaluation metric]	Mode:valid, roc_auc: 0.8596; loss: 0.6446; pr_auc: 0.8496; acc: 0.7884; f1: 0.7837; 
Thu 07 Mar 2024 20:57:36 INFO  [Train Info] Epoch: 067, train loss: 0.4752. [Evaluation metric]	Mode:valid, roc_auc: 0.8579; loss: 0.6423; pr_auc: 0.8501; acc: 0.7874; f1: 0.7830; 
Thu 07 Mar 2024 20:57:36 INFO  [Train Info] Epoch: 068, train loss: 0.4768. [Evaluation metric]	Mode:valid, roc_auc: 0.8591; loss: 0.6394; pr_auc: 0.8485; acc: 0.7882; f1: 0.7952; 
Thu 07 Mar 2024 20:57:36 INFO  [Train Info] Epoch: 069, train loss: 0.4657. [Evaluation metric]	Mode:valid, roc_auc: 0.8575; loss: 0.6396; pr_auc: 0.8437; acc: 0.7861; f1: 0.7989; 
Thu 07 Mar 2024 20:57:36 INFO  [Train Info] Epoch: 070, train loss: 0.4743. [Evaluation metric]	Mode:valid, roc_auc: 0.8614; loss: 0.6364; pr_auc: 0.8516; acc: 0.7893; f1: 0.7983; 
Thu 07 Mar 2024 20:57:36 INFO  [Train Info] Epoch: 071, train loss: 0.4666. [Evaluation metric]	Mode:valid, roc_auc: 0.8611; loss: 0.6351; pr_auc: 0.8530; acc: 0.7920; f1: 0.7887; 
Thu 07 Mar 2024 20:57:36 INFO  [Train Info] Epoch: 072, train loss: 0.4631. [Evaluation metric]	Mode:valid, roc_auc: 0.8606; loss: 0.6367; pr_auc: 0.8516; acc: 0.7891; f1: 0.7821; 
Thu 07 Mar 2024 20:57:36 INFO  [Train Info] Epoch: 073, train loss: 0.4680. [Evaluation metric]	Mode:valid, roc_auc: 0.8625; loss: 0.6394; pr_auc: 0.8509; acc: 0.7967; f1: 0.7999; 
Thu 07 Mar 2024 20:57:37 INFO  [Train Info] Epoch: 074, train loss: 0.4607. [Evaluation metric]	Mode:valid, roc_auc: 0.8681; loss: 0.6417; pr_auc: 0.8571; acc: 0.7960; f1: 0.8071; 
Thu 07 Mar 2024 20:57:37 INFO  [Train Info] Epoch: 075, train loss: 0.4648. [Evaluation metric]	Mode:valid, roc_auc: 0.8619; loss: 0.6460; pr_auc: 0.8514; acc: 0.7846; f1: 0.7999; 
Thu 07 Mar 2024 20:57:37 INFO  [Train Info] Epoch: 076, train loss: 0.4635. [Evaluation metric]	Mode:valid, roc_auc: 0.8638; loss: 0.6428; pr_auc: 0.8550; acc: 0.7922; f1: 0.8021; 
Thu 07 Mar 2024 20:57:37 INFO  [Train Info] Epoch: 077, train loss: 0.4608. [Evaluation metric]	Mode:valid, roc_auc: 0.8629; loss: 0.6393; pr_auc: 0.8532; acc: 0.7946; f1: 0.7983; 
Thu 07 Mar 2024 20:57:37 INFO  [Train Info] Epoch: 078, train loss: 0.4562. [Evaluation metric]	Mode:valid, roc_auc: 0.8606; loss: 0.6367; pr_auc: 0.8525; acc: 0.7925; f1: 0.7945; 
Thu 07 Mar 2024 20:57:37 INFO  [Train Info] Epoch: 079, train loss: 0.4562. [Evaluation metric]	Mode:valid, roc_auc: 0.8655; loss: 0.6333; pr_auc: 0.8534; acc: 0.7960; f1: 0.8000; 
Thu 07 Mar 2024 20:57:37 INFO  [Train Info] Epoch: 080, train loss: 0.4561. [Evaluation metric]	Mode:valid, roc_auc: 0.8646; loss: 0.6348; pr_auc: 0.8536; acc: 0.7938; f1: 0.8014; 
Thu 07 Mar 2024 20:57:37 INFO  [Train Info] Epoch: 081, train loss: 0.4561. [Evaluation metric]	Mode:valid, roc_auc: 0.8675; loss: 0.6348; pr_auc: 0.8564; acc: 0.7962; f1: 0.8029; 
Thu 07 Mar 2024 20:57:37 INFO  [Train Info] Epoch: 082, train loss: 0.4517. [Evaluation metric]	Mode:valid, roc_auc: 0.8677; loss: 0.6357; pr_auc: 0.8566; acc: 0.7963; f1: 0.8010; 
Thu 07 Mar 2024 20:57:37 INFO  [Train Info] Epoch: 083, train loss: 0.4530. [Evaluation metric]	Mode:valid, roc_auc: 0.8694; loss: 0.6359; pr_auc: 0.8572; acc: 0.7981; f1: 0.8040; 
Thu 07 Mar 2024 20:57:38 INFO  [Train Info] Epoch: 084, train loss: 0.4511. [Evaluation metric]	Mode:valid, roc_auc: 0.8712; loss: 0.6360; pr_auc: 0.8605; acc: 0.7991; f1: 0.8077; 
Thu 07 Mar 2024 20:57:38 INFO  [Train Info] Epoch: 085, train loss: 0.4469. [Evaluation metric]	Mode:valid, roc_auc: 0.8692; loss: 0.6339; pr_auc: 0.8566; acc: 0.7956; f1: 0.8045; 
Thu 07 Mar 2024 20:57:38 INFO  [Train Info] Epoch: 086, train loss: 0.4431. [Evaluation metric]	Mode:valid, roc_auc: 0.8696; loss: 0.6308; pr_auc: 0.8608; acc: 0.7978; f1: 0.8020; 
Thu 07 Mar 2024 20:57:38 INFO  [Train Info] Epoch: 087, train loss: 0.4456. [Evaluation metric]	Mode:valid, roc_auc: 0.8709; loss: 0.6293; pr_auc: 0.8582; acc: 0.7994; f1: 0.8013; 
Thu 07 Mar 2024 20:57:38 INFO  [Train Info] Epoch: 088, train loss: 0.4447. [Evaluation metric]	Mode:valid, roc_auc: 0.8695; loss: 0.6337; pr_auc: 0.8556; acc: 0.7991; f1: 0.8067; 
Thu 07 Mar 2024 20:57:38 INFO  [Train Info] Epoch: 089, train loss: 0.4438. [Evaluation metric]	Mode:valid, roc_auc: 0.8723; loss: 0.6356; pr_auc: 0.8602; acc: 0.7988; f1: 0.8077; 
Thu 07 Mar 2024 20:57:38 INFO  [Train Info] Epoch: 090, train loss: 0.4409. [Evaluation metric]	Mode:valid, roc_auc: 0.8720; loss: 0.6357; pr_auc: 0.8609; acc: 0.7996; f1: 0.8059; 
Thu 07 Mar 2024 20:57:38 INFO  [Train Info] Epoch: 091, train loss: 0.4399. [Evaluation metric]	Mode:valid, roc_auc: 0.8713; loss: 0.6343; pr_auc: 0.8589; acc: 0.7988; f1: 0.8050; 
Thu 07 Mar 2024 20:57:38 INFO  [Train Info] Epoch: 092, train loss: 0.4391. [Evaluation metric]	Mode:valid, roc_auc: 0.8725; loss: 0.6319; pr_auc: 0.8619; acc: 0.7959; f1: 0.8030; 
Thu 07 Mar 2024 20:57:38 INFO  [Train Info] Epoch: 093, train loss: 0.4361. [Evaluation metric]	Mode:valid, roc_auc: 0.8749; loss: 0.6286; pr_auc: 0.8657; acc: 0.7973; f1: 0.8022; 
Thu 07 Mar 2024 20:57:38 INFO  [Train Info] Epoch: 094, train loss: 0.4356. [Evaluation metric]	Mode:valid, roc_auc: 0.8738; loss: 0.6287; pr_auc: 0.8619; acc: 0.7991; f1: 0.8024; 
Thu 07 Mar 2024 20:57:39 INFO  [Train Info] Epoch: 095, train loss: 0.4344. [Evaluation metric]	Mode:valid, roc_auc: 0.8798; loss: 0.6281; pr_auc: 0.8689; acc: 0.8064; f1: 0.8108; 
Thu 07 Mar 2024 20:57:39 INFO  [Train Info] Epoch: 096, train loss: 0.4333. [Evaluation metric]	Mode:valid, roc_auc: 0.8762; loss: 0.6314; pr_auc: 0.8646; acc: 0.8034; f1: 0.8093; 
Thu 07 Mar 2024 20:57:39 INFO  [Train Info] Epoch: 097, train loss: 0.4324. [Evaluation metric]	Mode:valid, roc_auc: 0.8747; loss: 0.6322; pr_auc: 0.8634; acc: 0.7995; f1: 0.8047; 
Thu 07 Mar 2024 20:57:39 INFO  [Train Info] Epoch: 098, train loss: 0.4311. [Evaluation metric]	Mode:valid, roc_auc: 0.8756; loss: 0.6313; pr_auc: 0.8664; acc: 0.7982; f1: 0.8045; 
Thu 07 Mar 2024 20:57:39 INFO  [Train Info] Epoch: 099, train loss: 0.4293. [Evaluation metric]	Mode:valid, roc_auc: 0.8758; loss: 0.6293; pr_auc: 0.8656; acc: 0.8000; f1: 0.8053; 
Thu 07 Mar 2024 20:57:39 INFO  [Train Info] Epoch: 100, train loss: 0.4293. [Evaluation metric]	Mode:valid, roc_auc: 0.8767; loss: 0.6277; pr_auc: 0.8668; acc: 0.8006; f1: 0.8036; 
Thu 07 Mar 2024 20:57:39 INFO  [Train Info] Epoch: 101, train loss: 0.4261. [Evaluation metric]	Mode:valid, roc_auc: 0.8780; loss: 0.6286; pr_auc: 0.8675; acc: 0.8022; f1: 0.8075; 
Thu 07 Mar 2024 20:57:39 INFO  [Train Info] Epoch: 102, train loss: 0.4272. [Evaluation metric]	Mode:valid, roc_auc: 0.8720; loss: 0.6310; pr_auc: 0.8603; acc: 0.7951; f1: 0.8009; 
Thu 07 Mar 2024 20:57:39 INFO  [Train Info] Epoch: 103, train loss: 0.4257. [Evaluation metric]	Mode:valid, roc_auc: 0.8771; loss: 0.6289; pr_auc: 0.8655; acc: 0.8002; f1: 0.8046; 
Thu 07 Mar 2024 20:57:39 INFO  [Train Info] Epoch: 104, train loss: 0.4269. [Evaluation metric]	Mode:valid, roc_auc: 0.8769; loss: 0.6291; pr_auc: 0.8641; acc: 0.8031; f1: 0.8085; 
Thu 07 Mar 2024 20:57:39 INFO  [Train Info] Epoch: 105, train loss: 0.4257. [Evaluation metric]	Mode:valid, roc_auc: 0.8755; loss: 0.6294; pr_auc: 0.8643; acc: 0.7989; f1: 0.8041; 
Thu 07 Mar 2024 20:57:39 INFO  [Train Info] Epoch: 106, train loss: 0.4226. [Evaluation metric]	Mode:valid, roc_auc: 0.8794; loss: 0.6273; pr_auc: 0.8708; acc: 0.8027; f1: 0.8076; 
Thu 07 Mar 2024 20:57:40 INFO  [Train Info] Epoch: 107, train loss: 0.4239. [Evaluation metric]	Mode:valid, roc_auc: 0.8809; loss: 0.6257; pr_auc: 0.8706; acc: 0.8050; f1: 0.8089; 
Thu 07 Mar 2024 20:57:40 INFO  [Train Info] Epoch: 108, train loss: 0.4215. [Evaluation metric]	Mode:valid, roc_auc: 0.8784; loss: 0.6269; pr_auc: 0.8684; acc: 0.8000; f1: 0.8063; 
Thu 07 Mar 2024 20:57:40 INFO  [Train Info] Epoch: 109, train loss: 0.4200. [Evaluation metric]	Mode:valid, roc_auc: 0.8801; loss: 0.6253; pr_auc: 0.8678; acc: 0.8054; f1: 0.8089; 
Thu 07 Mar 2024 20:57:40 INFO  [Train Info] Epoch: 110, train loss: 0.4194. [Evaluation metric]	Mode:valid, roc_auc: 0.8799; loss: 0.6267; pr_auc: 0.8698; acc: 0.8032; f1: 0.8093; 
Thu 07 Mar 2024 20:57:40 INFO  [Train Info] Epoch: 111, train loss: 0.4182. [Evaluation metric]	Mode:valid, roc_auc: 0.8809; loss: 0.6262; pr_auc: 0.8708; acc: 0.8038; f1: 0.8073; 
Thu 07 Mar 2024 20:57:40 INFO  [Train Info] Epoch: 112, train loss: 0.4149. [Evaluation metric]	Mode:valid, roc_auc: 0.8826; loss: 0.6268; pr_auc: 0.8722; acc: 0.8044; f1: 0.8123; 
Thu 07 Mar 2024 20:57:40 INFO  [Train Info] Epoch: 113, train loss: 0.4157. [Evaluation metric]	Mode:valid, roc_auc: 0.8809; loss: 0.6246; pr_auc: 0.8698; acc: 0.8018; f1: 0.7991; 
Thu 07 Mar 2024 20:57:40 INFO  [Train Info] Epoch: 114, train loss: 0.4228. [Evaluation metric]	Mode:valid, roc_auc: 0.8818; loss: 0.6302; pr_auc: 0.8693; acc: 0.7958; f1: 0.8119; 
Thu 07 Mar 2024 20:57:40 INFO  [Train Info] Epoch: 115, train loss: 0.4405. [Evaluation metric]	Mode:valid, roc_auc: 0.8764; loss: 0.6290; pr_auc: 0.8628; acc: 0.7739; f1: 0.7468; 
Thu 07 Mar 2024 20:57:40 INFO  [Train Info] Epoch: 116, train loss: 0.4640. [Evaluation metric]	Mode:valid, roc_auc: 0.8759; loss: 0.6427; pr_auc: 0.8611; acc: 0.7848; f1: 0.8074; 
Thu 07 Mar 2024 20:57:41 INFO  [Train Info] Epoch: 117, train loss: 0.4706. [Evaluation metric]	Mode:valid, roc_auc: 0.8759; loss: 0.6423; pr_auc: 0.8633; acc: 0.7946; f1: 0.8089; 
Thu 07 Mar 2024 20:57:41 INFO  [Train Info] Epoch: 118, train loss: 0.4426. [Evaluation metric]	Mode:valid, roc_auc: 0.8776; loss: 0.6352; pr_auc: 0.8668; acc: 0.7828; f1: 0.7643; 
Thu 07 Mar 2024 20:57:41 INFO  [Train Info] Epoch: 119, train loss: 0.4505. [Evaluation metric]	Mode:valid, roc_auc: 0.8790; loss: 0.6282; pr_auc: 0.8691; acc: 0.7906; f1: 0.7754; 
Thu 07 Mar 2024 20:57:41 INFO  [Train Info] Epoch: 120, train loss: 0.4407. [Evaluation metric]	Mode:valid, roc_auc: 0.8757; loss: 0.6275; pr_auc: 0.8627; acc: 0.8011; f1: 0.8081; 
Thu 07 Mar 2024 20:57:41 INFO  [Train Info] Epoch: 121, train loss: 0.4344. [Evaluation metric]	Mode:valid, roc_auc: 0.8757; loss: 0.6280; pr_auc: 0.8657; acc: 0.7986; f1: 0.8058; 
Thu 07 Mar 2024 20:57:41 INFO  [Train Info] Epoch: 122, train loss: 0.4355. [Evaluation metric]	Mode:valid, roc_auc: 0.8620; loss: 0.6326; pr_auc: 0.8553; acc: 0.7813; f1: 0.7676; 
Thu 07 Mar 2024 20:57:41 INFO  [Train Info] Epoch: 123, train loss: 0.4533. [Evaluation metric]	Mode:valid, roc_auc: 0.8760; loss: 0.6346; pr_auc: 0.8636; acc: 0.8021; f1: 0.8097; 
Thu 07 Mar 2024 20:57:41 INFO  [Train Info] Epoch: 124, train loss: 0.4350. [Evaluation metric]	Mode:valid, roc_auc: 0.8724; loss: 0.6349; pr_auc: 0.8594; acc: 0.7965; f1: 0.8011; 
Thu 07 Mar 2024 20:57:41 INFO  [Train Info] Epoch: 125, train loss: 0.4401. [Evaluation metric]	Mode:valid, roc_auc: 0.8718; loss: 0.6321; pr_auc: 0.8598; acc: 0.7913; f1: 0.7867; 
Thu 07 Mar 2024 20:57:41 INFO  [Train Info] Epoch: 126, train loss: 0.4425. [Evaluation metric]	Mode:valid, roc_auc: 0.8754; loss: 0.6290; pr_auc: 0.8626; acc: 0.7959; f1: 0.7917; 
Thu 07 Mar 2024 20:57:41 INFO  [Train Info] Epoch: 127, train loss: 0.4360. [Evaluation metric]	Mode:valid, roc_auc: 0.8737; loss: 0.6291; pr_auc: 0.8624; acc: 0.7960; f1: 0.8036; 
Thu 07 Mar 2024 20:57:41 INFO  [Train Info] Epoch: 128, train loss: 0.4274. [Evaluation metric]	Mode:valid, roc_auc: 0.8751; loss: 0.6272; pr_auc: 0.8611; acc: 0.7976; f1: 0.8081; 
Thu 07 Mar 2024 20:57:42 INFO  [Train Info] Epoch: 129, train loss: 0.4320. [Evaluation metric]	Mode:valid, roc_auc: 0.8754; loss: 0.6247; pr_auc: 0.8612; acc: 0.7984; f1: 0.7979; 
Thu 07 Mar 2024 20:57:42 INFO  [Train Info] Epoch: 130, train loss: 0.4333. [Evaluation metric]	Mode:valid, roc_auc: 0.8735; loss: 0.6276; pr_auc: 0.8582; acc: 0.7986; f1: 0.8046; 
Thu 07 Mar 2024 20:57:42 INFO  [Train Info] Epoch: 131, train loss: 0.4275. [Evaluation metric]	Mode:valid, roc_auc: 0.8790; loss: 0.6296; pr_auc: 0.8687; acc: 0.8000; f1: 0.8119; 
Thu 07 Mar 2024 20:57:42 INFO  [Train Info] Epoch: 132, train loss: 0.4305. [Evaluation metric]	Mode:valid, roc_auc: 0.8772; loss: 0.6299; pr_auc: 0.8620; acc: 0.8036; f1: 0.8091; 
Thu 07 Mar 2024 20:57:42 INFO  [Train Info] Epoch: 133, train loss: 0.4253. [Evaluation metric]	Mode:valid, roc_auc: 0.8770; loss: 0.6297; pr_auc: 0.8628; acc: 0.8012; f1: 0.8053; 
Thu 07 Mar 2024 20:57:42 INFO  [Train Info] Epoch: 134, train loss: 0.4268. [Evaluation metric]	Mode:valid, roc_auc: 0.8762; loss: 0.6298; pr_auc: 0.8614; acc: 0.8007; f1: 0.8097; 
Thu 07 Mar 2024 20:57:42 INFO  [Train Info] Epoch: 135, train loss: 0.4245. [Evaluation metric]	Mode:valid, roc_auc: 0.8772; loss: 0.6279; pr_auc: 0.8624; acc: 0.8029; f1: 0.8114; 
Thu 07 Mar 2024 20:57:42 INFO  [Train Info] Epoch: 136, train loss: 0.4253. [Evaluation metric]	Mode:valid, roc_auc: 0.8764; loss: 0.6271; pr_auc: 0.8614; acc: 0.8002; f1: 0.8043; 
Thu 07 Mar 2024 20:57:42 INFO  [Train Info] Epoch: 137, train loss: 0.4228. [Evaluation metric]	Mode:valid, roc_auc: 0.8794; loss: 0.6249; pr_auc: 0.8633; acc: 0.8037; f1: 0.8064; 
Thu 07 Mar 2024 20:57:42 INFO  [Train Info] Epoch: 138, train loss: 0.4215. [Evaluation metric]	Mode:valid, roc_auc: 0.8760; loss: 0.6266; pr_auc: 0.8614; acc: 0.7990; f1: 0.8070; 
Thu 07 Mar 2024 20:57:42 INFO  [Train Info] Epoch: 139, train loss: 0.4199. [Evaluation metric]	Mode:valid, roc_auc: 0.8797; loss: 0.6250; pr_auc: 0.8658; acc: 0.8046; f1: 0.8091; 
Thu 07 Mar 2024 20:57:42 INFO  [Train Info] Epoch: 140, train loss: 0.4176. [Evaluation metric]	Mode:valid, roc_auc: 0.8789; loss: 0.6268; pr_auc: 0.8646; acc: 0.8007; f1: 0.8025; 
Thu 07 Mar 2024 20:57:43 INFO  [Train Info] Epoch: 141, train loss: 0.4216. [Evaluation metric]	Mode:valid, roc_auc: 0.8813; loss: 0.6273; pr_auc: 0.8709; acc: 0.8016; f1: 0.8088; 
Thu 07 Mar 2024 20:57:43 INFO  [Train Info] Epoch: 142, train loss: 0.4172. [Evaluation metric]	Mode:valid, roc_auc: 0.8853; loss: 0.6250; pr_auc: 0.8743; acc: 0.8066; f1: 0.8143; 
Thu 07 Mar 2024 20:57:43 INFO  [Train Info] Epoch: 143, train loss: 0.4168. [Evaluation metric]	Mode:valid, roc_auc: 0.8811; loss: 0.6253; pr_auc: 0.8686; acc: 0.8024; f1: 0.8059; 
Thu 07 Mar 2024 20:57:43 INFO  [Train Info] Epoch: 144, train loss: 0.4162. [Evaluation metric]	Mode:valid, roc_auc: 0.8808; loss: 0.6243; pr_auc: 0.8687; acc: 0.8008; f1: 0.8026; 
Thu 07 Mar 2024 20:57:43 INFO  [Train Info] Epoch: 145, train loss: 0.4124. [Evaluation metric]	Mode:valid, roc_auc: 0.8813; loss: 0.6235; pr_auc: 0.8674; acc: 0.8026; f1: 0.8093; 
Thu 07 Mar 2024 20:57:43 INFO  [Train Info] Epoch: 146, train loss: 0.4145. [Evaluation metric]	Mode:valid, roc_auc: 0.8815; loss: 0.6233; pr_auc: 0.8657; acc: 0.8054; f1: 0.8099; 
Thu 07 Mar 2024 20:57:43 INFO  [Train Info] Epoch: 147, train loss: 0.4109. [Evaluation metric]	Mode:valid, roc_auc: 0.8837; loss: 0.6235; pr_auc: 0.8683; acc: 0.8045; f1: 0.8060; 
Thu 07 Mar 2024 20:57:43 INFO  [Train Info] Epoch: 148, train loss: 0.4118. [Evaluation metric]	Mode:valid, roc_auc: 0.8833; loss: 0.6245; pr_auc: 0.8702; acc: 0.8058; f1: 0.8131; 
Thu 07 Mar 2024 20:57:43 INFO  [Train Info] Epoch: 149, train loss: 0.4104. [Evaluation metric]	Mode:valid, roc_auc: 0.8810; loss: 0.6249; pr_auc: 0.8683; acc: 0.8030; f1: 0.8100; 
Thu 07 Mar 2024 20:57:43 INFO  [Train Info] Epoch: 150, train loss: 0.4082. [Evaluation metric]	Mode:valid, roc_auc: 0.8841; loss: 0.6220; pr_auc: 0.8715; acc: 0.8056; f1: 0.8060; 
Thu 07 Mar 2024 20:57:43 INFO  [Train Info] Epoch: 151, train loss: 0.4114. [Evaluation metric]	Mode:valid, roc_auc: 0.8840; loss: 0.6221; pr_auc: 0.8712; acc: 0.8029; f1: 0.8104; 
Thu 07 Mar 2024 20:57:44 INFO  [Train Info] Epoch: 152, train loss: 0.4054. [Evaluation metric]	Mode:valid, roc_auc: 0.8883; loss: 0.6200; pr_auc: 0.8781; acc: 0.8107; f1: 0.8143; 
Thu 07 Mar 2024 20:57:44 INFO  [Train Info] Epoch: 153, train loss: 0.4067. [Evaluation metric]	Mode:valid, roc_auc: 0.8830; loss: 0.6234; pr_auc: 0.8723; acc: 0.8015; f1: 0.8030; 
Thu 07 Mar 2024 20:57:44 INFO  [Train Info] Epoch: 154, train loss: 0.4073. [Evaluation metric]	Mode:valid, roc_auc: 0.8872; loss: 0.6235; pr_auc: 0.8774; acc: 0.8075; f1: 0.8163; 
Thu 07 Mar 2024 20:57:44 INFO  [Train Info] Epoch: 155, train loss: 0.4099. [Evaluation metric]	Mode:valid, roc_auc: 0.8858; loss: 0.6221; pr_auc: 0.8731; acc: 0.8058; f1: 0.8097; 
Thu 07 Mar 2024 20:57:44 INFO  [Train Info] Epoch: 156, train loss: 0.4035. [Evaluation metric]	Mode:valid, roc_auc: 0.8881; loss: 0.6197; pr_auc: 0.8792; acc: 0.8068; f1: 0.8062; 
Thu 07 Mar 2024 20:57:44 INFO  [Train Info] Epoch: 157, train loss: 0.4057. [Evaluation metric]	Mode:valid, roc_auc: 0.8856; loss: 0.6217; pr_auc: 0.8742; acc: 0.8041; f1: 0.8119; 
Thu 07 Mar 2024 20:57:44 INFO  [Train Info] Epoch: 158, train loss: 0.4078. [Evaluation metric]	Mode:valid, roc_auc: 0.8874; loss: 0.6206; pr_auc: 0.8773; acc: 0.8084; f1: 0.8088; 
Thu 07 Mar 2024 20:57:44 INFO  [Train Info] Epoch: 159, train loss: 0.4044. [Evaluation metric]	Mode:valid, roc_auc: 0.8864; loss: 0.6223; pr_auc: 0.8751; acc: 0.8101; f1: 0.8141; 
Thu 07 Mar 2024 20:57:44 INFO  [Train Info] Epoch: 160, train loss: 0.4014. [Evaluation metric]	Mode:valid, roc_auc: 0.8872; loss: 0.6228; pr_auc: 0.8775; acc: 0.8056; f1: 0.8136; 
Thu 07 Mar 2024 20:57:44 INFO  [Train Info] Epoch: 161, train loss: 0.4023. [Evaluation metric]	Mode:valid, roc_auc: 0.8901; loss: 0.6185; pr_auc: 0.8777; acc: 0.8100; f1: 0.8089; 
Thu 07 Mar 2024 20:57:45 INFO  [Train Info] Epoch: 162, train loss: 0.4053. [Evaluation metric]	Mode:valid, roc_auc: 0.8917; loss: 0.6191; pr_auc: 0.8817; acc: 0.8123; f1: 0.8192; 
Thu 07 Mar 2024 20:57:45 INFO  [Train Info] Epoch: 163, train loss: 0.4042. [Evaluation metric]	Mode:valid, roc_auc: 0.8889; loss: 0.6190; pr_auc: 0.8780; acc: 0.8100; f1: 0.8095; 
Thu 07 Mar 2024 20:57:45 INFO  [Train Info] Epoch: 164, train loss: 0.3998. [Evaluation metric]	Mode:valid, roc_auc: 0.8866; loss: 0.6225; pr_auc: 0.8742; acc: 0.8058; f1: 0.8154; 
Thu 07 Mar 2024 20:57:45 INFO  [Train Info] Epoch: 165, train loss: 0.4008. [Evaluation metric]	Mode:valid, roc_auc: 0.8852; loss: 0.6209; pr_auc: 0.8740; acc: 0.8039; f1: 0.8031; 
Thu 07 Mar 2024 20:57:45 INFO  [Train Info] Epoch: 166, train loss: 0.4015. [Evaluation metric]	Mode:valid, roc_auc: 0.8867; loss: 0.6230; pr_auc: 0.8724; acc: 0.8073; f1: 0.8187; 
Thu 07 Mar 2024 20:57:45 INFO  [Train Info] Epoch: 167, train loss: 0.4067. [Evaluation metric]	Mode:valid, roc_auc: 0.8897; loss: 0.6186; pr_auc: 0.8773; acc: 0.8057; f1: 0.7980; 
Thu 07 Mar 2024 20:57:45 INFO  [Train Info] Epoch: 168, train loss: 0.4080. [Evaluation metric]	Mode:valid, roc_auc: 0.8860; loss: 0.6245; pr_auc: 0.8743; acc: 0.8048; f1: 0.8159; 
Thu 07 Mar 2024 20:57:45 INFO  [Train Info] Epoch: 169, train loss: 0.4068. [Evaluation metric]	Mode:valid, roc_auc: 0.8905; loss: 0.6203; pr_auc: 0.8795; acc: 0.8103; f1: 0.8110; 
Thu 07 Mar 2024 20:57:45 INFO  [Train Info] Epoch: 170, train loss: 0.3960. [Evaluation metric]	Mode:valid, roc_auc: 0.8921; loss: 0.6193; pr_auc: 0.8837; acc: 0.8084; f1: 0.8043; 
Thu 07 Mar 2024 20:57:45 INFO  [Train Info] Epoch: 171, train loss: 0.4004. [Evaluation metric]	Mode:valid, roc_auc: 0.8881; loss: 0.6215; pr_auc: 0.8746; acc: 0.8104; f1: 0.8191; 
Thu 07 Mar 2024 20:57:45 INFO  [Train Info] Epoch: 172, train loss: 0.4019. [Evaluation metric]	Mode:valid, roc_auc: 0.8915; loss: 0.6174; pr_auc: 0.8805; acc: 0.8122; f1: 0.8119; 
Thu 07 Mar 2024 20:57:46 INFO  [Train Info] Epoch: 173, train loss: 0.3943. [Evaluation metric]	Mode:valid, roc_auc: 0.8922; loss: 0.6165; pr_auc: 0.8816; acc: 0.8101; f1: 0.8050; 
Thu 07 Mar 2024 20:57:46 INFO  [Train Info] Epoch: 174, train loss: 0.3950. [Evaluation metric]	Mode:valid, roc_auc: 0.8906; loss: 0.6205; pr_auc: 0.8788; acc: 0.8100; f1: 0.8205; 
Thu 07 Mar 2024 20:57:46 INFO  [Train Info] Epoch: 175, train loss: 0.4066. [Evaluation metric]	Mode:valid, roc_auc: 0.8909; loss: 0.6182; pr_auc: 0.8781; acc: 0.8130; f1: 0.8111; 
Thu 07 Mar 2024 20:57:46 INFO  [Train Info] Epoch: 176, train loss: 0.3943. [Evaluation metric]	Mode:valid, roc_auc: 0.8912; loss: 0.6186; pr_auc: 0.8806; acc: 0.8099; f1: 0.8083; 
Thu 07 Mar 2024 20:57:46 INFO  [Train Info] Epoch: 177, train loss: 0.3943. [Evaluation metric]	Mode:valid, roc_auc: 0.8942; loss: 0.6190; pr_auc: 0.8824; acc: 0.8147; f1: 0.8237; 
Thu 07 Mar 2024 20:57:46 INFO  [Train Info] Epoch: 178, train loss: 0.3994. [Evaluation metric]	Mode:valid, roc_auc: 0.8875; loss: 0.6185; pr_auc: 0.8753; acc: 0.8066; f1: 0.8066; 
Thu 07 Mar 2024 20:57:46 INFO  [Train Info] Epoch: 179, train loss: 0.3934. [Evaluation metric]	Mode:valid, roc_auc: 0.8899; loss: 0.6175; pr_auc: 0.8814; acc: 0.8094; f1: 0.8085; 
Thu 07 Mar 2024 20:57:46 INFO  [Train Info] Epoch: 180, train loss: 0.3925. [Evaluation metric]	Mode:valid, roc_auc: 0.8918; loss: 0.6185; pr_auc: 0.8809; acc: 0.8148; f1: 0.8219; 
Thu 07 Mar 2024 20:57:46 INFO  [Train Info] Epoch: 181, train loss: 0.3960. [Evaluation metric]	Mode:valid, roc_auc: 0.8928; loss: 0.6172; pr_auc: 0.8783; acc: 0.8140; f1: 0.8151; 
Thu 07 Mar 2024 20:57:46 INFO  [Train Info] Epoch: 182, train loss: 0.3915. [Evaluation metric]	Mode:valid, roc_auc: 0.8931; loss: 0.6175; pr_auc: 0.8796; acc: 0.8132; f1: 0.8119; 
Thu 07 Mar 2024 20:57:46 INFO  [Train Info] Epoch: 183, train loss: 0.3933. [Evaluation metric]	Mode:valid, roc_auc: 0.8941; loss: 0.6183; pr_auc: 0.8815; acc: 0.8159; f1: 0.8224; 
Thu 07 Mar 2024 20:57:47 INFO  [Train Info] Epoch: 184, train loss: 0.3939. [Evaluation metric]	Mode:valid, roc_auc: 0.8918; loss: 0.6173; pr_auc: 0.8793; acc: 0.8146; f1: 0.8165; 
Thu 07 Mar 2024 20:57:47 INFO  [Train Info] Epoch: 185, train loss: 0.3900. [Evaluation metric]	Mode:valid, roc_auc: 0.8878; loss: 0.6174; pr_auc: 0.8739; acc: 0.8084; f1: 0.8077; 
Thu 07 Mar 2024 20:57:47 INFO  [Train Info] Epoch: 186, train loss: 0.3902. [Evaluation metric]	Mode:valid, roc_auc: 0.8929; loss: 0.6180; pr_auc: 0.8830; acc: 0.8132; f1: 0.8213; 
Thu 07 Mar 2024 20:57:47 INFO  [Train Info] Epoch: 187, train loss: 0.3940. [Evaluation metric]	Mode:valid, roc_auc: 0.8938; loss: 0.6158; pr_auc: 0.8840; acc: 0.8139; f1: 0.8135; 
Thu 07 Mar 2024 20:57:47 INFO  [Train Info] Epoch: 188, train loss: 0.3892. [Evaluation metric]	Mode:valid, roc_auc: 0.8914; loss: 0.6173; pr_auc: 0.8780; acc: 0.8144; f1: 0.8154; 
Thu 07 Mar 2024 20:57:47 INFO  [Train Info] Epoch: 189, train loss: 0.3875. [Evaluation metric]	Mode:valid, roc_auc: 0.8912; loss: 0.6195; pr_auc: 0.8812; acc: 0.8123; f1: 0.8204; 
Thu 07 Mar 2024 20:57:47 INFO  [Train Info] Epoch: 190, train loss: 0.3900. [Evaluation metric]	Mode:valid, roc_auc: 0.8949; loss: 0.6153; pr_auc: 0.8854; acc: 0.8140; f1: 0.8127; 
Thu 07 Mar 2024 20:57:47 INFO  [Train Info] Epoch: 191, train loss: 0.3883. [Evaluation metric]	Mode:valid, roc_auc: 0.8968; loss: 0.6142; pr_auc: 0.8875; acc: 0.8178; f1: 0.8188; 
Thu 07 Mar 2024 20:57:47 INFO  [Train Info] Epoch: 192, train loss: 0.3874. [Evaluation metric]	Mode:valid, roc_auc: 0.8939; loss: 0.6165; pr_auc: 0.8820; acc: 0.8174; f1: 0.8227; 
Thu 07 Mar 2024 20:57:47 INFO  [Train Info] Epoch: 193, train loss: 0.3857. [Evaluation metric]	Mode:valid, roc_auc: 0.8962; loss: 0.6150; pr_auc: 0.8874; acc: 0.8159; f1: 0.8156; 
Thu 07 Mar 2024 20:57:48 INFO  [Train Info] Epoch: 194, train loss: 0.3866. [Evaluation metric]	Mode:valid, roc_auc: 0.8939; loss: 0.6163; pr_auc: 0.8838; acc: 0.8156; f1: 0.8191; 
Thu 07 Mar 2024 20:57:48 INFO  [Train Info] Epoch: 195, train loss: 0.3842. [Evaluation metric]	Mode:valid, roc_auc: 0.8939; loss: 0.6160; pr_auc: 0.8854; acc: 0.8142; f1: 0.8191; 
Thu 07 Mar 2024 20:57:48 INFO  [Train Info] Epoch: 196, train loss: 0.3845. [Evaluation metric]	Mode:valid, roc_auc: 0.8944; loss: 0.6143; pr_auc: 0.8835; acc: 0.8145; f1: 0.8138; 
Thu 07 Mar 2024 20:57:48 INFO  [Train Info] Epoch: 197, train loss: 0.3861. [Evaluation metric]	Mode:valid, roc_auc: 0.8965; loss: 0.6155; pr_auc: 0.8872; acc: 0.8179; f1: 0.8244; 
Thu 07 Mar 2024 20:57:48 INFO  [Train Info] Epoch: 198, train loss: 0.3897. [Evaluation metric]	Mode:valid, roc_auc: 0.8936; loss: 0.6154; pr_auc: 0.8815; acc: 0.8117; f1: 0.8084; 
Thu 07 Mar 2024 20:57:48 INFO  [Train Info] Epoch: 199, train loss: 0.3882. [Evaluation metric]	Mode:valid, roc_auc: 0.8939; loss: 0.6171; pr_auc: 0.8816; acc: 0.8195; f1: 0.8264; 
Thu 07 Mar 2024 20:57:48 INFO  [Train Info] Epoch: 200, train loss: 0.3885. [Evaluation metric]	Mode:valid, roc_auc: 0.8924; loss: 0.6161; pr_auc: 0.8796; acc: 0.8144; f1: 0.8153; 
Thu 07 Mar 2024 20:57:48 INFO  [Train Info] Epoch: 201, train loss: 0.3856. [Evaluation metric]	Mode:valid, roc_auc: 0.8935; loss: 0.6152; pr_auc: 0.8825; acc: 0.8142; f1: 0.8143; 
Thu 07 Mar 2024 20:57:48 INFO  [Train Info] Epoch: 202, train loss: 0.3873. [Evaluation metric]	Mode:valid, roc_auc: 0.8967; loss: 0.6148; pr_auc: 0.8866; acc: 0.8177; f1: 0.8226; 
Thu 07 Mar 2024 20:57:48 INFO  [Train Info] Epoch: 203, train loss: 0.3827. [Evaluation metric]	Mode:valid, roc_auc: 0.8940; loss: 0.6151; pr_auc: 0.8813; acc: 0.8161; f1: 0.8171; 
Thu 07 Mar 2024 20:57:48 INFO  [Train Info] Epoch: 204, train loss: 0.3861. [Evaluation metric]	Mode:valid, roc_auc: 0.8932; loss: 0.6163; pr_auc: 0.8830; acc: 0.8152; f1: 0.8169; 
Thu 07 Mar 2024 20:57:48 INFO  [Train Info] Epoch: 205, train loss: 0.3848. [Evaluation metric]	Mode:valid, roc_auc: 0.8960; loss: 0.6162; pr_auc: 0.8864; acc: 0.8176; f1: 0.8232; 
Thu 07 Mar 2024 20:57:48 INFO  [Train Info] Epoch: 206, train loss: 0.3856. [Evaluation metric]	Mode:valid, roc_auc: 0.8942; loss: 0.6138; pr_auc: 0.8830; acc: 0.8126; f1: 0.8100; 
Thu 07 Mar 2024 20:57:49 INFO  [Train Info] Epoch: 207, train loss: 0.3873. [Evaluation metric]	Mode:valid, roc_auc: 0.8925; loss: 0.6187; pr_auc: 0.8823; acc: 0.8105; f1: 0.8218; 
Thu 07 Mar 2024 20:57:49 INFO  [Train Info] Epoch: 208, train loss: 0.3934. [Evaluation metric]	Mode:valid, roc_auc: 0.8934; loss: 0.6152; pr_auc: 0.8799; acc: 0.8073; f1: 0.7993; 
Thu 07 Mar 2024 20:57:49 INFO  [Train Info] Epoch: 209, train loss: 0.3963. [Evaluation metric]	Mode:valid, roc_auc: 0.8970; loss: 0.6168; pr_auc: 0.8869; acc: 0.8224; f1: 0.8287; 
Thu 07 Mar 2024 20:57:49 INFO  [Train Info] Epoch: 210, train loss: 0.3859. [Evaluation metric]	Mode:valid, roc_auc: 0.8925; loss: 0.6179; pr_auc: 0.8805; acc: 0.8162; f1: 0.8193; 
Thu 07 Mar 2024 20:57:49 INFO  [Train Info] Epoch: 211, train loss: 0.3887. [Evaluation metric]	Mode:valid, roc_auc: 0.8952; loss: 0.6156; pr_auc: 0.8869; acc: 0.8148; f1: 0.8150; 
Thu 07 Mar 2024 20:57:49 INFO  [Train Info] Epoch: 212, train loss: 0.3865. [Evaluation metric]	Mode:valid, roc_auc: 0.8967; loss: 0.6140; pr_auc: 0.8871; acc: 0.8176; f1: 0.8207; 
Thu 07 Mar 2024 20:57:49 INFO  [Train Info] Epoch: 213, train loss: 0.3811. [Evaluation metric]	Mode:valid, roc_auc: 0.8933; loss: 0.6137; pr_auc: 0.8821; acc: 0.8140; f1: 0.8145; 
Thu 07 Mar 2024 20:57:49 INFO  [Train Info] Epoch: 214, train loss: 0.3885. [Evaluation metric]	Mode:valid, roc_auc: 0.8955; loss: 0.6144; pr_auc: 0.8854; acc: 0.8182; f1: 0.8220; 
Thu 07 Mar 2024 20:57:49 INFO  [Train Info] Epoch: 215, train loss: 0.3845. [Evaluation metric]	Mode:valid, roc_auc: 0.8949; loss: 0.6155; pr_auc: 0.8863; acc: 0.8165; f1: 0.8176; 
Thu 07 Mar 2024 20:57:50 INFO  [Train Info] Epoch: 216, train loss: 0.3822. [Evaluation metric]	Mode:valid, roc_auc: 0.8944; loss: 0.6169; pr_auc: 0.8841; acc: 0.8161; f1: 0.8241; 
Thu 07 Mar 2024 20:57:50 INFO  [Train Info] Epoch: 217, train loss: 0.3868. [Evaluation metric]	Mode:valid, roc_auc: 0.8937; loss: 0.6141; pr_auc: 0.8808; acc: 0.8123; f1: 0.8079; 
Thu 07 Mar 2024 20:57:50 INFO  [Train Info] Epoch: 218, train loss: 0.3894. [Evaluation metric]	Mode:valid, roc_auc: 0.8932; loss: 0.6167; pr_auc: 0.8823; acc: 0.8166; f1: 0.8247; 
Thu 07 Mar 2024 20:57:50 INFO  [Train Info] Epoch: 219, train loss: 0.3958. [Evaluation metric]	Mode:valid, roc_auc: 0.8909; loss: 0.6167; pr_auc: 0.8762; acc: 0.8125; f1: 0.8096; 
Thu 07 Mar 2024 20:57:50 INFO  [Train Info] Epoch: 220, train loss: 0.3958. [Evaluation metric]	Mode:valid, roc_auc: 0.8946; loss: 0.6171; pr_auc: 0.8816; acc: 0.8178; f1: 0.8193; 
Thu 07 Mar 2024 20:57:50 INFO  [Train Info] Epoch: 221, train loss: 0.3856. [Evaluation metric]	Mode:valid, roc_auc: 0.8922; loss: 0.6171; pr_auc: 0.8797; acc: 0.8148; f1: 0.8162; 
Thu 07 Mar 2024 20:57:50 INFO  [Train Info] Epoch: 222, train loss: 0.3862. [Evaluation metric]	Mode:valid, roc_auc: 0.8934; loss: 0.6173; pr_auc: 0.8834; acc: 0.8141; f1: 0.8195; 
Thu 07 Mar 2024 20:57:50 INFO  [Train Info] Epoch: 223, train loss: 0.3893. [Evaluation metric]	Mode:valid, roc_auc: 0.8942; loss: 0.6159; pr_auc: 0.8845; acc: 0.8147; f1: 0.8159; 
Thu 07 Mar 2024 20:57:50 INFO  [Train Info] Epoch: 224, train loss: 0.3846. [Evaluation metric]	Mode:valid, roc_auc: 0.8928; loss: 0.6154; pr_auc: 0.8800; acc: 0.8160; f1: 0.8196; 
Thu 07 Mar 2024 20:57:50 INFO  [Train Info] Epoch: 225, train loss: 0.3853. [Evaluation metric]	Mode:valid, roc_auc: 0.8932; loss: 0.6140; pr_auc: 0.8831; acc: 0.8143; f1: 0.8156; 
Thu 07 Mar 2024 20:57:50 INFO  [Train Info] Epoch: 226, train loss: 0.3850. [Evaluation metric]	Mode:valid, roc_auc: 0.8949; loss: 0.6137; pr_auc: 0.8836; acc: 0.8193; f1: 0.8221; 
Thu 07 Mar 2024 20:57:50 INFO  [Train Info] Epoch: 227, train loss: 0.3829. [Evaluation metric]	Mode:valid, roc_auc: 0.8960; loss: 0.6143; pr_auc: 0.8875; acc: 0.8151; f1: 0.8133; 
Thu 07 Mar 2024 20:57:51 INFO  [Train Info] Epoch: 228, train loss: 0.3835. [Evaluation metric]	Mode:valid, roc_auc: 0.8954; loss: 0.6174; pr_auc: 0.8851; acc: 0.8169; f1: 0.8256; 
Thu 07 Mar 2024 20:57:51 INFO  [Train Info] Epoch: 229, train loss: 0.3895. [Evaluation metric]	Mode:valid, roc_auc: 0.8960; loss: 0.6152; pr_auc: 0.8846; acc: 0.8152; f1: 0.8116; 
Thu 07 Mar 2024 20:57:51 INFO  [Train Info] Epoch: 230, train loss: 0.3876. [Evaluation metric]	Mode:valid, roc_auc: 0.8961; loss: 0.6153; pr_auc: 0.8850; acc: 0.8207; f1: 0.8257; 
Thu 07 Mar 2024 20:57:51 INFO  [Train Info] Epoch: 231, train loss: 0.3881. [Evaluation metric]	Mode:valid, roc_auc: 0.8960; loss: 0.6135; pr_auc: 0.8852; acc: 0.8205; f1: 0.8208; 
Thu 07 Mar 2024 20:57:51 INFO  [Train Info] Epoch: 232, train loss: 0.3846. [Evaluation metric]	Mode:valid, roc_auc: 0.8985; loss: 0.6124; pr_auc: 0.8899; acc: 0.8194; f1: 0.8182; 
Thu 07 Mar 2024 20:57:51 INFO  [Train Info] Epoch: 233, train loss: 0.3817. [Evaluation metric]	Mode:valid, roc_auc: 0.8956; loss: 0.6142; pr_auc: 0.8858; acc: 0.8170; f1: 0.8209; 
Thu 07 Mar 2024 20:57:51 INFO  [Train Info] Epoch: 234, train loss: 0.3815. [Evaluation metric]	Mode:valid, roc_auc: 0.8942; loss: 0.6145; pr_auc: 0.8822; acc: 0.8167; f1: 0.8176; 
Thu 07 Mar 2024 20:57:51 INFO  [Train Info] Epoch: 235, train loss: 0.3861. [Evaluation metric]	Mode:valid, roc_auc: 0.8966; loss: 0.6164; pr_auc: 0.8853; acc: 0.8175; f1: 0.8240; 
Thu 07 Mar 2024 20:57:51 INFO  [Train Info] Epoch: 236, train loss: 0.3811. [Evaluation metric]	Mode:valid, roc_auc: 0.8931; loss: 0.6160; pr_auc: 0.8834; acc: 0.8134; f1: 0.8127; 
Thu 07 Mar 2024 20:57:51 INFO  [Train Info] Epoch: 237, train loss: 0.3831. [Evaluation metric]	Mode:valid, roc_auc: 0.8959; loss: 0.6138; pr_auc: 0.8866; acc: 0.8196; f1: 0.8226; 
Thu 07 Mar 2024 20:57:52 INFO  [Train Info] Epoch: 238, train loss: 0.3840. [Evaluation metric]	Mode:valid, roc_auc: 0.8971; loss: 0.6119; pr_auc: 0.8857; acc: 0.8196; f1: 0.8208; 
Thu 07 Mar 2024 20:57:52 INFO  [Train Info] Epoch: 239, train loss: 0.3810. [Evaluation metric]	Mode:valid, roc_auc: 0.8949; loss: 0.6135; pr_auc: 0.8840; acc: 0.8140; f1: 0.8132; 
Thu 07 Mar 2024 20:57:52 INFO  [Train Info] Epoch: 240, train loss: 0.3823. [Evaluation metric]	Mode:valid, roc_auc: 0.8932; loss: 0.6170; pr_auc: 0.8823; acc: 0.8168; f1: 0.8234; 
Thu 07 Mar 2024 20:57:52 INFO  [Train Info] Epoch: 241, train loss: 0.3820. [Evaluation metric]	Mode:valid, roc_auc: 0.8950; loss: 0.6157; pr_auc: 0.8840; acc: 0.8157; f1: 0.8168; 
Thu 07 Mar 2024 20:57:52 INFO  [Train Info] Epoch: 242, train loss: 0.3813. [Evaluation metric]	Mode:valid, roc_auc: 0.8960; loss: 0.6147; pr_auc: 0.8843; acc: 0.8201; f1: 0.8242; 
Thu 07 Mar 2024 20:57:52 INFO  [Train Info] Epoch: 243, train loss: 0.3783. [Evaluation metric]	Mode:valid, roc_auc: 0.8992; loss: 0.6113; pr_auc: 0.8881; acc: 0.8186; f1: 0.8196; 
Thu 07 Mar 2024 20:57:52 INFO  [Train Info] Epoch: 244, train loss: 0.3808. [Evaluation metric]	Mode:valid, roc_auc: 0.8954; loss: 0.6121; pr_auc: 0.8831; acc: 0.8182; f1: 0.8187; 
Thu 07 Mar 2024 20:57:52 INFO  [Train Info] Epoch: 245, train loss: 0.3784. [Evaluation metric]	Mode:valid, roc_auc: 0.8967; loss: 0.6139; pr_auc: 0.8867; acc: 0.8191; f1: 0.8240; 
Thu 07 Mar 2024 20:57:52 INFO  [Train Info] Epoch: 246, train loss: 0.3779. [Evaluation metric]	Mode:valid, roc_auc: 0.8973; loss: 0.6136; pr_auc: 0.8873; acc: 0.8191; f1: 0.8174; 
Thu 07 Mar 2024 20:57:52 INFO  [Train Info] Epoch: 247, train loss: 0.3833. [Evaluation metric]	Mode:valid, roc_auc: 0.8956; loss: 0.6178; pr_auc: 0.8869; acc: 0.8179; f1: 0.8275; 
Thu 07 Mar 2024 20:57:52 INFO  [Train Info] Epoch: 248, train loss: 0.3880. [Evaluation metric]	Mode:valid, roc_auc: 0.8942; loss: 0.6150; pr_auc: 0.8810; acc: 0.8125; f1: 0.8061; 
Thu 07 Mar 2024 20:57:53 INFO  [Train Info] Epoch: 249, train loss: 0.3872. [Evaluation metric]	Mode:valid, roc_auc: 0.8982; loss: 0.6139; pr_auc: 0.8883; acc: 0.8203; f1: 0.8263; 
Thu 07 Mar 2024 20:57:53 INFO  [Train Info] Epoch: 250, train loss: 0.3824. [Evaluation metric]	Mode:valid, roc_auc: 0.8968; loss: 0.6129; pr_auc: 0.8849; acc: 0.8210; f1: 0.8238; 
Thu 07 Mar 2024 20:57:53 INFO  [Train Info] Epoch: 251, train loss: 0.3775. [Evaluation metric]	Mode:valid, roc_auc: 0.8928; loss: 0.6144; pr_auc: 0.8811; acc: 0.8107; f1: 0.8057; 
Thu 07 Mar 2024 20:57:53 INFO  [Train Info] Epoch: 252, train loss: 0.3865. [Evaluation metric]	Mode:valid, roc_auc: 0.8965; loss: 0.6159; pr_auc: 0.8852; acc: 0.8212; f1: 0.8286; 
Thu 07 Mar 2024 20:57:53 INFO  [Train Info] Epoch: 253, train loss: 0.3855. [Evaluation metric]	Mode:valid, roc_auc: 0.8967; loss: 0.6151; pr_auc: 0.8853; acc: 0.8212; f1: 0.8238; 
Thu 07 Mar 2024 20:57:53 INFO  [Train Info] Epoch: 254, train loss: 0.3800. [Evaluation metric]	Mode:valid, roc_auc: 0.8972; loss: 0.6136; pr_auc: 0.8872; acc: 0.8148; f1: 0.8094; 
Thu 07 Mar 2024 20:57:53 INFO  [Train Info] Epoch: 255, train loss: 0.3852. [Evaluation metric]	Mode:valid, roc_auc: 0.8973; loss: 0.6163; pr_auc: 0.8874; acc: 0.8187; f1: 0.8283; 
Thu 07 Mar 2024 20:57:53 INFO  [Train Info] Epoch: 256, train loss: 0.3883. [Evaluation metric]	Mode:valid, roc_auc: 0.8945; loss: 0.6146; pr_auc: 0.8842; acc: 0.8180; f1: 0.8190; 
Thu 07 Mar 2024 20:57:53 INFO  [Train Info] Epoch: 257, train loss: 0.3790. [Evaluation metric]	Mode:valid, roc_auc: 0.8973; loss: 0.6133; pr_auc: 0.8892; acc: 0.8135; f1: 0.8072; 
Thu 07 Mar 2024 20:57:53 INFO  [Train Info] Epoch: 258, train loss: 0.3879. [Evaluation metric]	Mode:valid, roc_auc: 0.8967; loss: 0.6168; pr_auc: 0.8891; acc: 0.8164; f1: 0.8250; 
Thu 07 Mar 2024 20:57:53 INFO  [Train Info] Epoch: 259, train loss: 0.3898. [Evaluation metric]	Mode:valid, roc_auc: 0.8988; loss: 0.6139; pr_auc: 0.8872; acc: 0.8212; f1: 0.8242; 
Thu 07 Mar 2024 20:57:54 INFO  [Train Info] Epoch: 260, train loss: 0.3805. [Evaluation metric]	Mode:valid, roc_auc: 0.8978; loss: 0.6137; pr_auc: 0.8871; acc: 0.8144; f1: 0.8074; 
Thu 07 Mar 2024 20:57:54 INFO  [Train Info] Epoch: 261, train loss: 0.3873. [Evaluation metric]	Mode:valid, roc_auc: 0.8954; loss: 0.6158; pr_auc: 0.8836; acc: 0.8196; f1: 0.8257; 
Thu 07 Mar 2024 20:57:54 INFO  [Train Info] Epoch: 262, train loss: 0.3843. [Evaluation metric]	Mode:valid, roc_auc: 0.8972; loss: 0.6145; pr_auc: 0.8879; acc: 0.8211; f1: 0.8260; 
Thu 07 Mar 2024 20:57:54 INFO  [Train Info] Epoch: 263, train loss: 0.3827. [Evaluation metric]	Mode:valid, roc_auc: 0.8963; loss: 0.6135; pr_auc: 0.8856; acc: 0.8125; f1: 0.8060; 
Thu 07 Mar 2024 20:57:54 INFO  [Train Info] Epoch: 264, train loss: 0.3875. [Evaluation metric]	Mode:valid, roc_auc: 0.8962; loss: 0.6152; pr_auc: 0.8858; acc: 0.8198; f1: 0.8254; 
Thu 07 Mar 2024 20:57:54 INFO  [Train Info] Epoch: 265, train loss: 0.3785. [Evaluation metric]	Mode:valid, roc_auc: 0.8957; loss: 0.6154; pr_auc: 0.8859; acc: 0.8200; f1: 0.8262; 
Thu 07 Mar 2024 20:57:54 INFO  [Train Info] Epoch: 266, train loss: 0.3807. [Evaluation metric]	Mode:valid, roc_auc: 0.8989; loss: 0.6123; pr_auc: 0.8916; acc: 0.8168; f1: 0.8123; 
Thu 07 Mar 2024 20:57:54 INFO  [Train Info] Epoch: 267, train loss: 0.3814. [Evaluation metric]	Mode:valid, roc_auc: 0.8980; loss: 0.6127; pr_auc: 0.8880; acc: 0.8201; f1: 0.8218; 
Thu 07 Mar 2024 20:57:54 INFO  [Train Info] Epoch: 268, train loss: 0.3765. [Evaluation metric]	Mode:valid, roc_auc: 0.8986; loss: 0.6139; pr_auc: 0.8898; acc: 0.8221; f1: 0.8284; 
Thu 07 Mar 2024 20:57:54 INFO  [Train Info] Epoch: 269, train loss: 0.3816. [Evaluation metric]	Mode:valid, roc_auc: 0.8975; loss: 0.6130; pr_auc: 0.8876; acc: 0.8188; f1: 0.8182; 
Thu 07 Mar 2024 20:57:54 INFO  [Train Info] Epoch: 270, train loss: 0.3797. [Evaluation metric]	Mode:valid, roc_auc: 0.8937; loss: 0.6146; pr_auc: 0.8811; acc: 0.8174; f1: 0.8177; 
Thu 07 Mar 2024 20:57:55 INFO  [Train Info] Epoch: 271, train loss: 0.3792. [Evaluation metric]	Mode:valid, roc_auc: 0.8969; loss: 0.6141; pr_auc: 0.8869; acc: 0.8207; f1: 0.8263; 
Thu 07 Mar 2024 20:57:55 INFO  [Train Info] Epoch: 272, train loss: 0.3799. [Evaluation metric]	Mode:valid, roc_auc: 0.8969; loss: 0.6131; pr_auc: 0.8862; acc: 0.8212; f1: 0.8222; 
Thu 07 Mar 2024 20:57:55 INFO  [Train Info] Epoch: 273, train loss: 0.3771. [Evaluation metric]	Mode:valid, roc_auc: 0.8966; loss: 0.6128; pr_auc: 0.8863; acc: 0.8167; f1: 0.8155; 
Thu 07 Mar 2024 20:57:55 INFO  [Train Info] Epoch: 274, train loss: 0.3779. [Evaluation metric]	Mode:valid, roc_auc: 0.8966; loss: 0.6147; pr_auc: 0.8861; acc: 0.8193; f1: 0.8257; 
Thu 07 Mar 2024 20:57:55 INFO  [Train Info] Epoch: 275, train loss: 0.3812. [Evaluation metric]	Mode:valid, roc_auc: 0.8993; loss: 0.6123; pr_auc: 0.8906; acc: 0.8210; f1: 0.8220; 
Thu 07 Mar 2024 20:57:55 INFO  [Train Info] Epoch: 276, train loss: 0.3776. [Evaluation metric]	Mode:valid, roc_auc: 0.8964; loss: 0.6134; pr_auc: 0.8846; acc: 0.8186; f1: 0.8180; 
Thu 07 Mar 2024 20:57:55 INFO  [Train Info] Epoch: 277, train loss: 0.3782. [Evaluation metric]	Mode:valid, roc_auc: 0.8980; loss: 0.6142; pr_auc: 0.8884; acc: 0.8201; f1: 0.8262; 
Thu 07 Mar 2024 20:57:55 INFO  [Train Info] Epoch: 278, train loss: 0.3793. [Evaluation metric]	Mode:valid, roc_auc: 0.8981; loss: 0.6126; pr_auc: 0.8880; acc: 0.8205; f1: 0.8218; 
Thu 07 Mar 2024 20:57:55 INFO  [Train Info] Epoch: 279, train loss: 0.3757. [Evaluation metric]	Mode:valid, roc_auc: 0.8987; loss: 0.6115; pr_auc: 0.8899; acc: 0.8203; f1: 0.8190; 
Thu 07 Mar 2024 20:57:55 INFO  [Train Info] Epoch: 280, train loss: 0.3782. [Evaluation metric]	Mode:valid, roc_auc: 0.8971; loss: 0.6142; pr_auc: 0.8888; acc: 0.8222; f1: 0.8277; 
Thu 07 Mar 2024 20:57:56 INFO  [Train Info] Epoch: 281, train loss: 0.3776. [Evaluation metric]	Mode:valid, roc_auc: 0.8999; loss: 0.6120; pr_auc: 0.8908; acc: 0.8208; f1: 0.8219; 
Thu 07 Mar 2024 20:57:56 INFO  [Train Info] Epoch: 282, train loss: 0.3744. [Evaluation metric]	Mode:valid, roc_auc: 0.8996; loss: 0.6122; pr_auc: 0.8908; acc: 0.8221; f1: 0.8230; 
Thu 07 Mar 2024 20:57:56 INFO  [Train Info] Epoch: 283, train loss: 0.3754. [Evaluation metric]	Mode:valid, roc_auc: 0.8959; loss: 0.6139; pr_auc: 0.8834; acc: 0.8205; f1: 0.8254; 
Thu 07 Mar 2024 20:57:56 INFO  [Train Info] Epoch: 284, train loss: 0.3759. [Evaluation metric]	Mode:valid, roc_auc: 0.9004; loss: 0.6106; pr_auc: 0.8899; acc: 0.8259; f1: 0.8253; 
Thu 07 Mar 2024 20:57:56 INFO  [Train Info] Epoch: 285, train loss: 0.3778. [Evaluation metric]	Mode:valid, roc_auc: 0.8978; loss: 0.6120; pr_auc: 0.8866; acc: 0.8207; f1: 0.8212; 
Thu 07 Mar 2024 20:57:56 INFO  [Train Info] Epoch: 286, train loss: 0.3778. [Evaluation metric]	Mode:valid, roc_auc: 0.8985; loss: 0.6131; pr_auc: 0.8893; acc: 0.8212; f1: 0.8258; 
Thu 07 Mar 2024 20:57:56 INFO  [Train Info] Epoch: 287, train loss: 0.3780. [Evaluation metric]	Mode:valid, roc_auc: 0.8978; loss: 0.6134; pr_auc: 0.8899; acc: 0.8176; f1: 0.8178; 
Thu 07 Mar 2024 20:57:56 INFO  [Train Info] Epoch: 288, train loss: 0.3764. [Evaluation metric]	Mode:valid, roc_auc: 0.9006; loss: 0.6115; pr_auc: 0.8889; acc: 0.8270; f1: 0.8296; 
Thu 07 Mar 2024 20:57:56 INFO  [Train Info] Epoch: 289, train loss: 0.3754. [Evaluation metric]	Mode:valid, roc_auc: 0.8978; loss: 0.6130; pr_auc: 0.8877; acc: 0.8204; f1: 0.8228; 
Thu 07 Mar 2024 20:57:56 INFO  [Train Info] Epoch: 290, train loss: 0.3724. [Evaluation metric]	Mode:valid, roc_auc: 0.8984; loss: 0.6116; pr_auc: 0.8901; acc: 0.8190; f1: 0.8198; 
Thu 07 Mar 2024 20:57:56 INFO  [Train Info] Epoch: 291, train loss: 0.3762. [Evaluation metric]	Mode:valid, roc_auc: 0.8987; loss: 0.6117; pr_auc: 0.8892; acc: 0.8225; f1: 0.8254; 
Thu 07 Mar 2024 20:57:57 INFO  [Train Info] Epoch: 292, train loss: 0.3749. [Evaluation metric]	Mode:valid, roc_auc: 0.8978; loss: 0.6129; pr_auc: 0.8874; acc: 0.8226; f1: 0.8245; 
Thu 07 Mar 2024 20:57:57 INFO  [Train Info] Epoch: 293, train loss: 0.3734. [Evaluation metric]	Mode:valid, roc_auc: 0.8979; loss: 0.6125; pr_auc: 0.8877; acc: 0.8225; f1: 0.8246; 
Thu 07 Mar 2024 20:57:57 INFO  [Train Info] Epoch: 294, train loss: 0.3770. [Evaluation metric]	Mode:valid, roc_auc: 0.8984; loss: 0.6123; pr_auc: 0.8889; acc: 0.8223; f1: 0.8243; 
Thu 07 Mar 2024 20:57:57 INFO  [Train Info] Epoch: 295, train loss: 0.3751. [Evaluation metric]	Mode:valid, roc_auc: 0.8984; loss: 0.6118; pr_auc: 0.8866; acc: 0.8246; f1: 0.8268; 
Thu 07 Mar 2024 20:57:57 INFO  [Train Info] Epoch: 296, train loss: 0.3782. [Evaluation metric]	Mode:valid, roc_auc: 0.9005; loss: 0.6106; pr_auc: 0.8903; acc: 0.8237; f1: 0.8234; 
Thu 07 Mar 2024 20:57:57 INFO  [Train Info] Epoch: 297, train loss: 0.3757. [Evaluation metric]	Mode:valid, roc_auc: 0.8968; loss: 0.6144; pr_auc: 0.8880; acc: 0.8182; f1: 0.8246; 
Thu 07 Mar 2024 20:57:57 INFO  [Train Info] Epoch: 298, train loss: 0.3764. [Evaluation metric]	Mode:valid, roc_auc: 0.9005; loss: 0.6106; pr_auc: 0.8895; acc: 0.8193; f1: 0.8161; 
Thu 07 Mar 2024 20:57:57 INFO  [Train Info] Epoch: 299, train loss: 0.3775. [Evaluation metric]	Mode:valid, roc_auc: 0.8986; loss: 0.6143; pr_auc: 0.8901; acc: 0.8219; f1: 0.8299; 
Thu 07 Mar 2024 20:57:57 INFO  [Train Info] Epoch: 300, train loss: 0.3814. [Evaluation metric]	Mode:valid, roc_auc: 0.8970; loss: 0.6123; pr_auc: 0.8864; acc: 0.8188; f1: 0.8147; 
Thu 07 Mar 2024 20:57:57 INFO  [Train Info] Epoch: 301, train loss: 0.3789. [Evaluation metric]	Mode:valid, roc_auc: 0.8990; loss: 0.6136; pr_auc: 0.8912; acc: 0.8211; f1: 0.8260; 
Thu 07 Mar 2024 20:57:57 INFO  [Train Info] Epoch: 302, train loss: 0.3802. [Evaluation metric]	Mode:valid, roc_auc: 0.8968; loss: 0.6134; pr_auc: 0.8853; acc: 0.8228; f1: 0.8244; 
Thu 07 Mar 2024 20:57:57 INFO  [Train Info] Epoch: 303, train loss: 0.3765. [Evaluation metric]	Mode:valid, roc_auc: 0.8976; loss: 0.6128; pr_auc: 0.8858; acc: 0.8194; f1: 0.8185; 
Thu 07 Mar 2024 20:57:58 INFO  [Train Info] Epoch: 304, train loss: 0.3768. [Evaluation metric]	Mode:valid, roc_auc: 0.8987; loss: 0.6137; pr_auc: 0.8902; acc: 0.8216; f1: 0.8276; 
Thu 07 Mar 2024 20:57:58 INFO  [Train Info] Epoch: 305, train loss: 0.3791. [Evaluation metric]	Mode:valid, roc_auc: 0.8980; loss: 0.6118; pr_auc: 0.8879; acc: 0.8189; f1: 0.8171; 
Thu 07 Mar 2024 20:57:58 INFO  [Train Info] Epoch: 306, train loss: 0.3782. [Evaluation metric]	Mode:valid, roc_auc: 0.8992; loss: 0.6119; pr_auc: 0.8891; acc: 0.8217; f1: 0.8250; 
Thu 07 Mar 2024 20:57:58 INFO  [Train Info] Epoch: 307, train loss: 0.3752. [Evaluation metric]	Mode:valid, roc_auc: 0.8997; loss: 0.6119; pr_auc: 0.8903; acc: 0.8233; f1: 0.8261; 
Thu 07 Mar 2024 20:57:58 INFO  [Train Info] Epoch: 308, train loss: 0.3766. [Evaluation metric]	Mode:valid, roc_auc: 0.8964; loss: 0.6129; pr_auc: 0.8838; acc: 0.8199; f1: 0.8191; 
Thu 07 Mar 2024 20:57:58 INFO  [Train Info] Epoch: 309, train loss: 0.3776. [Evaluation metric]	Mode:valid, roc_auc: 0.8965; loss: 0.6152; pr_auc: 0.8871; acc: 0.8202; f1: 0.8269; 
Thu 07 Mar 2024 20:57:58 INFO  [Train Info] Epoch: 310, train loss: 0.3782. [Evaluation metric]	Mode:valid, roc_auc: 0.8996; loss: 0.6117; pr_auc: 0.8916; acc: 0.8239; f1: 0.8217; 
Thu 07 Mar 2024 20:57:58 INFO  [Train Info] Epoch: 311, train loss: 0.3769. [Evaluation metric]	Mode:valid, roc_auc: 0.8972; loss: 0.6130; pr_auc: 0.8864; acc: 0.8215; f1: 0.8256; 
Thu 07 Mar 2024 20:57:58 INFO  [Train Info] Epoch: 312, train loss: 0.3765. [Evaluation metric]	Mode:valid, roc_auc: 0.8969; loss: 0.6125; pr_auc: 0.8871; acc: 0.8202; f1: 0.8216; 
Thu 07 Mar 2024 20:57:58 INFO  [Train Info] Epoch: 313, train loss: 0.3743. [Evaluation metric]	Mode:valid, roc_auc: 0.9006; loss: 0.6108; pr_auc: 0.8904; acc: 0.8251; f1: 0.8256; 
Thu 07 Mar 2024 20:57:58 INFO  [Train Info] Epoch: 314, train loss: 0.3717. [Evaluation metric]	Mode:valid, roc_auc: 0.8985; loss: 0.6133; pr_auc: 0.8873; acc: 0.8238; f1: 0.8298; 
Thu 07 Mar 2024 20:57:58 INFO  [Train Info] Epoch: 315, train loss: 0.3756. [Evaluation metric]	Mode:valid, roc_auc: 0.8993; loss: 0.6105; pr_auc: 0.8877; acc: 0.8193; f1: 0.8151; 
Thu 07 Mar 2024 20:57:59 INFO  [Train Info] Epoch: 316, train loss: 0.3807. [Evaluation metric]	Mode:valid, roc_auc: 0.8990; loss: 0.6149; pr_auc: 0.8921; acc: 0.8188; f1: 0.8280; 
Thu 07 Mar 2024 20:57:59 INFO  [Train Info] Epoch: 317, train loss: 0.3840. [Evaluation metric]	Mode:valid, roc_auc: 0.8966; loss: 0.6119; pr_auc: 0.8853; acc: 0.8160; f1: 0.8112; 
Thu 07 Mar 2024 20:57:59 INFO  [Train Info] Epoch: 318, train loss: 0.3800. [Evaluation metric]	Mode:valid, roc_auc: 0.8978; loss: 0.6135; pr_auc: 0.8871; acc: 0.8222; f1: 0.8265; 
Thu 07 Mar 2024 20:57:59 INFO  [Train Info] Epoch: 319, train loss: 0.3750. [Evaluation metric]	Mode:valid, roc_auc: 0.9002; loss: 0.6129; pr_auc: 0.8915; acc: 0.8242; f1: 0.8275; 
Thu 07 Mar 2024 20:57:59 INFO  [Train Info] Epoch: 320, train loss: 0.3767. [Evaluation metric]	Mode:valid, roc_auc: 0.8997; loss: 0.6120; pr_auc: 0.8904; acc: 0.8206; f1: 0.8168; 
Thu 07 Mar 2024 20:57:59 INFO  [Train Info] Epoch: 321, train loss: 0.3792. [Evaluation metric]	Mode:valid, roc_auc: 0.8987; loss: 0.6141; pr_auc: 0.8891; acc: 0.8224; f1: 0.8285; 
Thu 07 Mar 2024 20:57:59 INFO  [Train Info] Epoch: 322, train loss: 0.3787. [Evaluation metric]	Mode:valid, roc_auc: 0.8976; loss: 0.6130; pr_auc: 0.8864; acc: 0.8204; f1: 0.8225; 
Thu 07 Mar 2024 20:57:59 INFO  [Train Info] Epoch: 323, train loss: 0.3747. [Evaluation metric]	Mode:valid, roc_auc: 0.8961; loss: 0.6123; pr_auc: 0.8858; acc: 0.8177; f1: 0.8162; 
Thu 07 Mar 2024 20:57:59 INFO  [Train Info] Epoch: 324, train loss: 0.3774. [Evaluation metric]	Mode:valid, roc_auc: 0.8980; loss: 0.6142; pr_auc: 0.8876; acc: 0.8189; f1: 0.8264; 
Thu 07 Mar 2024 20:57:59 INFO  [Train Info] Epoch: 325, train loss: 0.3771. [Evaluation metric]	Mode:valid, roc_auc: 0.8991; loss: 0.6109; pr_auc: 0.8904; acc: 0.8194; f1: 0.8173; 
Thu 07 Mar 2024 20:57:59 INFO  [Train Info] Epoch: 326, train loss: 0.3747. [Evaluation metric]	Mode:valid, roc_auc: 0.8987; loss: 0.6126; pr_auc: 0.8896; acc: 0.8224; f1: 0.8259; 
Thu 07 Mar 2024 20:58:00 INFO  [Train Info] Epoch: 327, train loss: 0.3761. [Evaluation metric]	Mode:valid, roc_auc: 0.8991; loss: 0.6121; pr_auc: 0.8892; acc: 0.8239; f1: 0.8262; 
Thu 07 Mar 2024 20:58:00 INFO  [Train Info] Epoch: 328, train loss: 0.3743. [Evaluation metric]	Mode:valid, roc_auc: 0.8978; loss: 0.6121; pr_auc: 0.8876; acc: 0.8204; f1: 0.8208; 
Thu 07 Mar 2024 20:58:00 INFO  [Train Info] Epoch: 329, train loss: 0.3746. [Evaluation metric]	Mode:valid, roc_auc: 0.8990; loss: 0.6117; pr_auc: 0.8886; acc: 0.8242; f1: 0.8278; 
Thu 07 Mar 2024 20:58:00 INFO  [Train Info] Epoch: 330, train loss: 0.3751. [Evaluation metric]	Mode:valid, roc_auc: 0.8991; loss: 0.6109; pr_auc: 0.8882; acc: 0.8224; f1: 0.8232; 
Thu 07 Mar 2024 20:58:00 INFO  [Train Info] Epoch: 331, train loss: 0.3738. [Evaluation metric]	Mode:valid, roc_auc: 0.8997; loss: 0.6118; pr_auc: 0.8896; acc: 0.8238; f1: 0.8277; 
Thu 07 Mar 2024 20:58:00 INFO  [Train Info] Epoch: 332, train loss: 0.3721. [Evaluation metric]	Mode:valid, roc_auc: 0.8980; loss: 0.6121; pr_auc: 0.8893; acc: 0.8208; f1: 0.8221; 
Thu 07 Mar 2024 20:58:00 INFO  [Train Info] Epoch: 333, train loss: 0.3734. [Evaluation metric]	Mode:valid, roc_auc: 0.8978; loss: 0.6122; pr_auc: 0.8860; acc: 0.8216; f1: 0.8252; 
Thu 07 Mar 2024 20:58:00 INFO  [Train Info] Epoch: 334, train loss: 0.3755. [Evaluation metric]	Mode:valid, roc_auc: 0.8991; loss: 0.6116; pr_auc: 0.8896; acc: 0.8214; f1: 0.8219; 
Thu 07 Mar 2024 20:58:00 INFO  [Train Info] Epoch: 335, train loss: 0.3757. [Evaluation metric]	Mode:valid, roc_auc: 0.8999; loss: 0.6123; pr_auc: 0.8922; acc: 0.8247; f1: 0.8282; 
Thu 07 Mar 2024 20:58:00 INFO  [Train Info] Epoch: 336, train loss: 0.3746. [Evaluation metric]	Mode:valid, roc_auc: 0.9008; loss: 0.6111; pr_auc: 0.8915; acc: 0.8239; f1: 0.8243; 
Thu 07 Mar 2024 20:58:00 INFO  [Train Info] Epoch: 337, train loss: 0.3734. [Evaluation metric]	Mode:valid, roc_auc: 0.8985; loss: 0.6125; pr_auc: 0.8885; acc: 0.8230; f1: 0.8270; 
Thu 07 Mar 2024 20:58:01 INFO  [Train Info] Epoch: 338, train loss: 0.3749. [Evaluation metric]	Mode:valid, roc_auc: 0.8979; loss: 0.6115; pr_auc: 0.8870; acc: 0.8218; f1: 0.8220; 
Thu 07 Mar 2024 20:58:01 INFO  [Train Info] Epoch: 339, train loss: 0.3746. [Evaluation metric]	Mode:valid, roc_auc: 0.8971; loss: 0.6133; pr_auc: 0.8862; acc: 0.8208; f1: 0.8254; 
Thu 07 Mar 2024 20:58:01 INFO  [Train Info] Epoch: 340, train loss: 0.3758. [Evaluation metric]	Mode:valid, roc_auc: 0.8994; loss: 0.6109; pr_auc: 0.8902; acc: 0.8210; f1: 0.8200; 
Thu 07 Mar 2024 20:58:01 INFO  [Train Info] Epoch: 341, train loss: 0.3749. [Evaluation metric]	Mode:valid, roc_auc: 0.8994; loss: 0.6134; pr_auc: 0.8893; acc: 0.8226; f1: 0.8295; 
Thu 07 Mar 2024 20:58:01 INFO  [Train Info] Epoch: 342, train loss: 0.3754. [Evaluation metric]	Mode:valid, roc_auc: 0.8962; loss: 0.6122; pr_auc: 0.8824; acc: 0.8158; f1: 0.8124; 
Thu 07 Mar 2024 20:58:01 INFO  [Train Info] Epoch: 343, train loss: 0.3782. [Evaluation metric]	Mode:valid, roc_auc: 0.8967; loss: 0.6155; pr_auc: 0.8869; acc: 0.8179; f1: 0.8260; 
Thu 07 Mar 2024 20:58:01 INFO  [Train Info] Epoch: 344, train loss: 0.3805. [Evaluation metric]	Mode:valid, roc_auc: 0.8937; loss: 0.6135; pr_auc: 0.8810; acc: 0.8188; f1: 0.8169; 
Thu 07 Mar 2024 20:58:01 INFO  [Train Info] Epoch: 345, train loss: 0.3777. [Evaluation metric]	Mode:valid, roc_auc: 0.8958; loss: 0.6137; pr_auc: 0.8856; acc: 0.8207; f1: 0.8243; 
Thu 07 Mar 2024 20:58:01 INFO  [Train Info] Epoch: 346, train loss: 0.3744. [Evaluation metric]	Mode:valid, roc_auc: 0.8933; loss: 0.6153; pr_auc: 0.8828; acc: 0.8167; f1: 0.8213; 
Thu 07 Mar 2024 20:58:01 INFO  [Train Info] Epoch: 347, train loss: 0.3784. [Evaluation metric]	Mode:valid, roc_auc: 0.8975; loss: 0.6118; pr_auc: 0.8879; acc: 0.8173; f1: 0.8138; 
Thu 07 Mar 2024 20:58:01 INFO  [Train Info] Epoch: 348, train loss: 0.3781. [Evaluation metric]	Mode:valid, roc_auc: 0.8964; loss: 0.6161; pr_auc: 0.8857; acc: 0.8177; f1: 0.8279; 
Thu 07 Mar 2024 20:58:02 INFO  [Train Info] Epoch: 349, train loss: 0.3819. [Evaluation metric]	Mode:valid, roc_auc: 0.8996; loss: 0.6109; pr_auc: 0.8896; acc: 0.8187; f1: 0.8140; 
Thu 07 Mar 2024 20:58:02 INFO  [Train Info] [Evaluation metric]	Mode:test, roc_auc: 0.8991; loss: 0.6098; pr_auc: 0.8876; acc: 0.8208; f1: 0.8163; 
