Thu 07 Mar 2024 22:08:30 INFO  [Config Info]	Model: RGAT,	Task: link_prediction,	Dataset: NDFRT_DDA
Thu 07 Mar 2024 22:08:31 INFO  [Init Task] The task: link prediction, the dataset: NDFRT_DDA, the evaluation metric is roc_auc, the score function: distmult 
Thu 07 Mar 2024 22:08:32 INFO  [Feature Transformation] Assign embedding as features, because hg.ndata is empty.
Thu 07 Mar 2024 22:08:33 INFO  [Train Info] Epoch: 000, train loss: 0.7115. [Evaluation metric]	Mode:valid, roc_auc: 0.4547; loss: 0.7121; pr_auc: 0.4554; acc: 0.4789; f1: 0.0800; 
Thu 07 Mar 2024 22:08:33 INFO  [Train Info] Epoch: 001, train loss: 1.0928. [Evaluation metric]	Mode:valid, roc_auc: 0.6234; loss: 0.7279; pr_auc: 0.5865; acc: 0.5602; f1: 0.6823; 
Thu 07 Mar 2024 22:08:33 INFO  [Train Info] Epoch: 002, train loss: 0.7084. [Evaluation metric]	Mode:valid, roc_auc: 0.5848; loss: 0.7075; pr_auc: 0.5384; acc: 0.5109; f1: 0.2927; 
Thu 07 Mar 2024 22:08:33 INFO  [Train Info] Epoch: 003, train loss: 0.6968. [Evaluation metric]	Mode:valid, roc_auc: 0.6593; loss: 0.7121; pr_auc: 0.5941; acc: 0.5957; f1: 0.5464; 
Thu 07 Mar 2024 22:08:33 INFO  [Train Info] Epoch: 004, train loss: 0.6569. [Evaluation metric]	Mode:valid, roc_auc: 0.6982; loss: 0.7133; pr_auc: 0.6253; acc: 0.6647; f1: 0.7116; 
Thu 07 Mar 2024 22:08:34 INFO  [Train Info] Epoch: 005, train loss: 0.6517. [Evaluation metric]	Mode:valid, roc_auc: 0.7197; loss: 0.7109; pr_auc: 0.6411; acc: 0.6728; f1: 0.7313; 
Thu 07 Mar 2024 22:08:34 INFO  [Train Info] Epoch: 006, train loss: 0.6403. [Evaluation metric]	Mode:valid, roc_auc: 0.7387; loss: 0.7037; pr_auc: 0.6638; acc: 0.6753; f1: 0.7293; 
Thu 07 Mar 2024 22:08:34 INFO  [Train Info] Epoch: 007, train loss: 0.6193. [Evaluation metric]	Mode:valid, roc_auc: 0.7496; loss: 0.6921; pr_auc: 0.6661; acc: 0.6945; f1: 0.7038; 
Thu 07 Mar 2024 22:08:34 INFO  [Train Info] Epoch: 008, train loss: 0.5984. [Evaluation metric]	Mode:valid, roc_auc: 0.7612; loss: 0.6884; pr_auc: 0.6978; acc: 0.6970; f1: 0.7365; 
Thu 07 Mar 2024 22:08:34 INFO  [Train Info] Epoch: 009, train loss: 0.5825. [Evaluation metric]	Mode:valid, roc_auc: 0.7896; loss: 0.6735; pr_auc: 0.7154; acc: 0.7170; f1: 0.7070; 
Thu 07 Mar 2024 22:08:34 INFO  [Train Info] Epoch: 010, train loss: 0.5630. [Evaluation metric]	Mode:valid, roc_auc: 0.8094; loss: 0.6811; pr_auc: 0.7480; acc: 0.7080; f1: 0.7607; 
Thu 07 Mar 2024 22:08:34 INFO  [Train Info] Epoch: 011, train loss: 0.5503. [Evaluation metric]	Mode:valid, roc_auc: 0.8288; loss: 0.6640; pr_auc: 0.7770; acc: 0.7512; f1: 0.7673; 
Thu 07 Mar 2024 22:08:34 INFO  [Train Info] Epoch: 012, train loss: 0.5016. [Evaluation metric]	Mode:valid, roc_auc: 0.8244; loss: 0.6534; pr_auc: 0.7671; acc: 0.7190; f1: 0.6831; 
Thu 07 Mar 2024 22:08:34 INFO  [Train Info] Epoch: 013, train loss: 0.4992. [Evaluation metric]	Mode:valid, roc_auc: 0.8549; loss: 0.6483; pr_auc: 0.8075; acc: 0.7746; f1: 0.7812; 
Thu 07 Mar 2024 22:08:34 INFO  [Train Info] Epoch: 014, train loss: 0.4567. [Evaluation metric]	Mode:valid, roc_auc: 0.8640; loss: 0.6423; pr_auc: 0.8288; acc: 0.7764; f1: 0.7821; 
Thu 07 Mar 2024 22:08:34 INFO  [Train Info] Epoch: 015, train loss: 0.4336. [Evaluation metric]	Mode:valid, roc_auc: 0.8656; loss: 0.6291; pr_auc: 0.8342; acc: 0.7696; f1: 0.7502; 
Thu 07 Mar 2024 22:08:34 INFO  [Train Info] Epoch: 016, train loss: 0.4197. [Evaluation metric]	Mode:valid, roc_auc: 0.8765; loss: 0.6279; pr_auc: 0.8551; acc: 0.7907; f1: 0.7875; 
Thu 07 Mar 2024 22:08:35 INFO  [Train Info] Epoch: 017, train loss: 0.3932. [Evaluation metric]	Mode:valid, roc_auc: 0.8770; loss: 0.6235; pr_auc: 0.8462; acc: 0.7869; f1: 0.7704; 
Thu 07 Mar 2024 22:08:35 INFO  [Train Info] Epoch: 018, train loss: 0.3882. [Evaluation metric]	Mode:valid, roc_auc: 0.8912; loss: 0.6254; pr_auc: 0.8675; acc: 0.7998; f1: 0.8054; 
Thu 07 Mar 2024 22:08:35 INFO  [Train Info] Epoch: 019, train loss: 0.3697. [Evaluation metric]	Mode:valid, roc_auc: 0.8984; loss: 0.6174; pr_auc: 0.8820; acc: 0.8054; f1: 0.7977; 
Thu 07 Mar 2024 22:08:35 INFO  [Train Info] Epoch: 020, train loss: 0.3457. [Evaluation metric]	Mode:valid, roc_auc: 0.8985; loss: 0.6155; pr_auc: 0.8775; acc: 0.8111; f1: 0.8049; 
Thu 07 Mar 2024 22:08:35 INFO  [Train Info] Epoch: 021, train loss: 0.3304. [Evaluation metric]	Mode:valid, roc_auc: 0.9102; loss: 0.6090; pr_auc: 0.8939; acc: 0.8212; f1: 0.8185; 
Thu 07 Mar 2024 22:08:35 INFO  [Train Info] Epoch: 022, train loss: 0.3204. [Evaluation metric]	Mode:valid, roc_auc: 0.9035; loss: 0.6068; pr_auc: 0.8839; acc: 0.8075; f1: 0.7902; 
Thu 07 Mar 2024 22:08:35 INFO  [Train Info] Epoch: 023, train loss: 0.3246. [Evaluation metric]	Mode:valid, roc_auc: 0.9100; loss: 0.6154; pr_auc: 0.8903; acc: 0.8177; f1: 0.8280; 
Thu 07 Mar 2024 22:08:35 INFO  [Train Info] Epoch: 024, train loss: 0.3485. [Evaluation metric]	Mode:valid, roc_auc: 0.9075; loss: 0.6048; pr_auc: 0.8876; acc: 0.8211; f1: 0.8104; 
Thu 07 Mar 2024 22:08:35 INFO  [Train Info] Epoch: 025, train loss: 0.3051. [Evaluation metric]	Mode:valid, roc_auc: 0.9200; loss: 0.5991; pr_auc: 0.9026; acc: 0.8316; f1: 0.8204; 
Thu 07 Mar 2024 22:08:35 INFO  [Train Info] Epoch: 026, train loss: 0.2758. [Evaluation metric]	Mode:valid, roc_auc: 0.9155; loss: 0.6050; pr_auc: 0.8994; acc: 0.8283; f1: 0.8282; 
Thu 07 Mar 2024 22:08:35 INFO  [Train Info] Epoch: 027, train loss: 0.2894. [Evaluation metric]	Mode:valid, roc_auc: 0.9186; loss: 0.5998; pr_auc: 0.9019; acc: 0.8308; f1: 0.8206; 
Thu 07 Mar 2024 22:08:36 INFO  [Train Info] Epoch: 028, train loss: 0.2742. [Evaluation metric]	Mode:valid, roc_auc: 0.9220; loss: 0.5962; pr_auc: 0.9053; acc: 0.8399; f1: 0.8326; 
Thu 07 Mar 2024 22:08:36 INFO  [Train Info] Epoch: 029, train loss: 0.2653. [Evaluation metric]	Mode:valid, roc_auc: 0.9281; loss: 0.5938; pr_auc: 0.9165; acc: 0.8455; f1: 0.8384; 
Thu 07 Mar 2024 22:08:36 INFO  [Train Info] Epoch: 030, train loss: 0.2520. [Evaluation metric]	Mode:valid, roc_auc: 0.9313; loss: 0.5914; pr_auc: 0.9194; acc: 0.8509; f1: 0.8447; 
Thu 07 Mar 2024 22:08:36 INFO  [Train Info] Epoch: 031, train loss: 0.2410. [Evaluation metric]	Mode:valid, roc_auc: 0.9328; loss: 0.5887; pr_auc: 0.9170; acc: 0.8526; f1: 0.8481; 
Thu 07 Mar 2024 22:08:36 INFO  [Train Info] Epoch: 032, train loss: 0.2421. [Evaluation metric]	Mode:valid, roc_auc: 0.9378; loss: 0.5865; pr_auc: 0.9220; acc: 0.8577; f1: 0.8511; 
Thu 07 Mar 2024 22:08:36 INFO  [Train Info] Epoch: 033, train loss: 0.2298. [Evaluation metric]	Mode:valid, roc_auc: 0.9386; loss: 0.5874; pr_auc: 0.9278; acc: 0.8599; f1: 0.8550; 
Thu 07 Mar 2024 22:08:36 INFO  [Train Info] Epoch: 034, train loss: 0.2254. [Evaluation metric]	Mode:valid, roc_auc: 0.9371; loss: 0.5867; pr_auc: 0.9265; acc: 0.8570; f1: 0.8535; 
Thu 07 Mar 2024 22:08:36 INFO  [Train Info] Epoch: 035, train loss: 0.2191. [Evaluation metric]	Mode:valid, roc_auc: 0.9353; loss: 0.5886; pr_auc: 0.9212; acc: 0.8384; f1: 0.8221; 
Thu 07 Mar 2024 22:08:36 INFO  [Train Info] Epoch: 036, train loss: 0.2397. [Evaluation metric]	Mode:valid, roc_auc: 0.9304; loss: 0.6119; pr_auc: 0.9240; acc: 0.8230; f1: 0.8381; 
Thu 07 Mar 2024 22:08:36 INFO  [Train Info] Epoch: 037, train loss: 0.4224. [Evaluation metric]	Mode:valid, roc_auc: 0.9358; loss: 0.5878; pr_auc: 0.9241; acc: 0.8579; f1: 0.8537; 
Thu 07 Mar 2024 22:08:36 INFO  [Train Info] Epoch: 038, train loss: 0.2248. [Evaluation metric]	Mode:valid, roc_auc: 0.8972; loss: 0.6155; pr_auc: 0.8765; acc: 0.7230; f1: 0.6365; 
Thu 07 Mar 2024 22:08:36 INFO  [Train Info] Epoch: 039, train loss: 0.4034. [Evaluation metric]	Mode:valid, roc_auc: 0.8965; loss: 0.6316; pr_auc: 0.8858; acc: 0.7866; f1: 0.8087; 
Thu 07 Mar 2024 22:08:36 INFO  [Train Info] Epoch: 040, train loss: 0.4704. [Evaluation metric]	Mode:valid, roc_auc: 0.9048; loss: 0.6266; pr_auc: 0.8942; acc: 0.7988; f1: 0.8150; 
Thu 07 Mar 2024 22:08:37 INFO  [Train Info] Epoch: 041, train loss: 0.4088. [Evaluation metric]	Mode:valid, roc_auc: 0.8982; loss: 0.6124; pr_auc: 0.8881; acc: 0.8099; f1: 0.8044; 
Thu 07 Mar 2024 22:08:37 INFO  [Train Info] Epoch: 042, train loss: 0.3568. [Evaluation metric]	Mode:valid, roc_auc: 0.8834; loss: 0.6141; pr_auc: 0.8716; acc: 0.7796; f1: 0.7475; 
Thu 07 Mar 2024 22:08:37 INFO  [Train Info] Epoch: 043, train loss: 0.3883. [Evaluation metric]	Mode:valid, roc_auc: 0.8884; loss: 0.6255; pr_auc: 0.8828; acc: 0.7889; f1: 0.7927; 
Thu 07 Mar 2024 22:08:37 INFO  [Train Info] Epoch: 044, train loss: 0.3901. [Evaluation metric]	Mode:valid, roc_auc: 0.9123; loss: 0.6124; pr_auc: 0.9040; acc: 0.8251; f1: 0.8202; 
Thu 07 Mar 2024 22:08:37 INFO  [Train Info] Epoch: 045, train loss: 0.3110. [Evaluation metric]	Mode:valid, roc_auc: 0.9139; loss: 0.6104; pr_auc: 0.9016; acc: 0.8216; f1: 0.8045; 
Thu 07 Mar 2024 22:08:37 INFO  [Train Info] Epoch: 046, train loss: 0.3109. [Evaluation metric]	Mode:valid, roc_auc: 0.9099; loss: 0.6121; pr_auc: 0.8976; acc: 0.8226; f1: 0.8110; 
Thu 07 Mar 2024 22:08:37 INFO  [Train Info] Epoch: 047, train loss: 0.3136. [Evaluation metric]	Mode:valid, roc_auc: 0.9184; loss: 0.6108; pr_auc: 0.9060; acc: 0.8418; f1: 0.8392; 
Thu 07 Mar 2024 22:08:37 INFO  [Train Info] Epoch: 048, train loss: 0.3050. [Evaluation metric]	Mode:valid, roc_auc: 0.9235; loss: 0.6073; pr_auc: 0.9102; acc: 0.8501; f1: 0.8487; 
Thu 07 Mar 2024 22:08:37 INFO  [Train Info] Epoch: 049, train loss: 0.2938. [Evaluation metric]	Mode:valid, roc_auc: 0.9200; loss: 0.6043; pr_auc: 0.9057; acc: 0.8431; f1: 0.8393; 
Thu 07 Mar 2024 22:08:37 INFO  [Train Info] Epoch: 050, train loss: 0.2894. [Evaluation metric]	Mode:valid, roc_auc: 0.9214; loss: 0.6006; pr_auc: 0.9061; acc: 0.8425; f1: 0.8344; 
Thu 07 Mar 2024 22:08:37 INFO  [Train Info] Epoch: 051, train loss: 0.2880. [Evaluation metric]	Mode:valid, roc_auc: 0.9254; loss: 0.5966; pr_auc: 0.9100; acc: 0.8429; f1: 0.8355; 
Thu 07 Mar 2024 22:08:37 INFO  [Train Info] Epoch: 052, train loss: 0.2715. [Evaluation metric]	Mode:valid, roc_auc: 0.9298; loss: 0.5936; pr_auc: 0.9194; acc: 0.8477; f1: 0.8425; 
Thu 07 Mar 2024 22:08:37 INFO  [Train Info] Epoch: 053, train loss: 0.2584. [Evaluation metric]	Mode:valid, roc_auc: 0.9289; loss: 0.5932; pr_auc: 0.9150; acc: 0.8492; f1: 0.8432; 
Thu 07 Mar 2024 22:08:38 INFO  [Train Info] Epoch: 054, train loss: 0.2526. [Evaluation metric]	Mode:valid, roc_auc: 0.9322; loss: 0.5905; pr_auc: 0.9182; acc: 0.8480; f1: 0.8385; 
Thu 07 Mar 2024 22:08:38 INFO  [Train Info] Epoch: 055, train loss: 0.2467. [Evaluation metric]	Mode:valid, roc_auc: 0.9342; loss: 0.5893; pr_auc: 0.9208; acc: 0.8521; f1: 0.8426; 
Thu 07 Mar 2024 22:08:38 INFO  [Train Info] Epoch: 056, train loss: 0.2399. [Evaluation metric]	Mode:valid, roc_auc: 0.9356; loss: 0.5889; pr_auc: 0.9250; acc: 0.8597; f1: 0.8555; 
Thu 07 Mar 2024 22:08:38 INFO  [Train Info] Epoch: 057, train loss: 0.2301. [Evaluation metric]	Mode:valid, roc_auc: 0.9421; loss: 0.5862; pr_auc: 0.9353; acc: 0.8680; f1: 0.8645; 
Thu 07 Mar 2024 22:08:38 INFO  [Train Info] Epoch: 058, train loss: 0.2266. [Evaluation metric]	Mode:valid, roc_auc: 0.9382; loss: 0.5869; pr_auc: 0.9261; acc: 0.8547; f1: 0.8480; 
Thu 07 Mar 2024 22:08:38 INFO  [Train Info] Epoch: 059, train loss: 0.2212. [Evaluation metric]	Mode:valid, roc_auc: 0.9416; loss: 0.5845; pr_auc: 0.9323; acc: 0.8555; f1: 0.8472; 
Thu 07 Mar 2024 22:08:38 INFO  [Train Info] Epoch: 060, train loss: 0.2135. [Evaluation metric]	Mode:valid, roc_auc: 0.9430; loss: 0.5823; pr_auc: 0.9314; acc: 0.8609; f1: 0.8537; 
Thu 07 Mar 2024 22:08:38 INFO  [Train Info] Epoch: 061, train loss: 0.2145. [Evaluation metric]	Mode:valid, roc_auc: 0.9453; loss: 0.5807; pr_auc: 0.9361; acc: 0.8637; f1: 0.8558; 
Thu 07 Mar 2024 22:08:38 INFO  [Train Info] Epoch: 062, train loss: 0.2065. [Evaluation metric]	Mode:valid, roc_auc: 0.9455; loss: 0.5811; pr_auc: 0.9386; acc: 0.8629; f1: 0.8555; 
Thu 07 Mar 2024 22:08:38 INFO  [Train Info] Epoch: 063, train loss: 0.2022. [Evaluation metric]	Mode:valid, roc_auc: 0.9506; loss: 0.5776; pr_auc: 0.9443; acc: 0.8731; f1: 0.8677; 
Thu 07 Mar 2024 22:08:38 INFO  [Train Info] Epoch: 064, train loss: 0.2010. [Evaluation metric]	Mode:valid, roc_auc: 0.9486; loss: 0.5772; pr_auc: 0.9374; acc: 0.8720; f1: 0.8665; 
Thu 07 Mar 2024 22:08:38 INFO  [Train Info] Epoch: 065, train loss: 0.1908. [Evaluation metric]	Mode:valid, roc_auc: 0.9500; loss: 0.5774; pr_auc: 0.9396; acc: 0.8698; f1: 0.8624; 
Thu 07 Mar 2024 22:08:38 INFO  [Train Info] Epoch: 066, train loss: 0.1905. [Evaluation metric]	Mode:valid, roc_auc: 0.9509; loss: 0.5765; pr_auc: 0.9447; acc: 0.8718; f1: 0.8661; 
Thu 07 Mar 2024 22:08:39 INFO  [Train Info] Epoch: 067, train loss: 0.1876. [Evaluation metric]	Mode:valid, roc_auc: 0.9513; loss: 0.5752; pr_auc: 0.9420; acc: 0.8749; f1: 0.8692; 
Thu 07 Mar 2024 22:08:39 INFO  [Train Info] Epoch: 068, train loss: 0.1813. [Evaluation metric]	Mode:valid, roc_auc: 0.9508; loss: 0.5763; pr_auc: 0.9433; acc: 0.8721; f1: 0.8658; 
Thu 07 Mar 2024 22:08:39 INFO  [Train Info] Epoch: 069, train loss: 0.1786. [Evaluation metric]	Mode:valid, roc_auc: 0.9534; loss: 0.5735; pr_auc: 0.9462; acc: 0.8756; f1: 0.8708; 
Thu 07 Mar 2024 22:08:39 INFO  [Train Info] Epoch: 070, train loss: 0.1815. [Evaluation metric]	Mode:valid, roc_auc: 0.9532; loss: 0.5743; pr_auc: 0.9438; acc: 0.8749; f1: 0.8667; 
Thu 07 Mar 2024 22:08:39 INFO  [Train Info] Epoch: 071, train loss: 0.1780. [Evaluation metric]	Mode:valid, roc_auc: 0.9536; loss: 0.5723; pr_auc: 0.9438; acc: 0.8774; f1: 0.8723; 
Thu 07 Mar 2024 22:08:39 INFO  [Train Info] Epoch: 072, train loss: 0.1755. [Evaluation metric]	Mode:valid, roc_auc: 0.9529; loss: 0.5749; pr_auc: 0.9432; acc: 0.8746; f1: 0.8675; 
Thu 07 Mar 2024 22:08:39 INFO  [Train Info] Epoch: 073, train loss: 0.1701. [Evaluation metric]	Mode:valid, roc_auc: 0.9506; loss: 0.5737; pr_auc: 0.9380; acc: 0.8753; f1: 0.8701; 
Thu 07 Mar 2024 22:08:39 INFO  [Train Info] Epoch: 074, train loss: 0.1639. [Evaluation metric]	Mode:valid, roc_auc: 0.9542; loss: 0.5730; pr_auc: 0.9450; acc: 0.8774; f1: 0.8715; 
Thu 07 Mar 2024 22:08:39 INFO  [Train Info] Epoch: 075, train loss: 0.1655. [Evaluation metric]	Mode:valid, roc_auc: 0.9559; loss: 0.5730; pr_auc: 0.9472; acc: 0.8785; f1: 0.8716; 
Thu 07 Mar 2024 22:08:39 INFO  [Train Info] Epoch: 076, train loss: 0.1627. [Evaluation metric]	Mode:valid, roc_auc: 0.9539; loss: 0.5715; pr_auc: 0.9458; acc: 0.8790; f1: 0.8749; 
Thu 07 Mar 2024 22:08:39 INFO  [Train Info] Epoch: 077, train loss: 0.1714. [Evaluation metric]	Mode:valid, roc_auc: 0.9506; loss: 0.5772; pr_auc: 0.9400; acc: 0.8648; f1: 0.8530; 
Thu 07 Mar 2024 22:08:39 INFO  [Train Info] Epoch: 078, train loss: 0.1723. [Evaluation metric]	Mode:valid, roc_auc: 0.9525; loss: 0.5743; pr_auc: 0.9416; acc: 0.8757; f1: 0.8751; 
Thu 07 Mar 2024 22:08:40 INFO  [Train Info] Epoch: 079, train loss: 0.2039. [Evaluation metric]	Mode:valid, roc_auc: 0.9542; loss: 0.5733; pr_auc: 0.9448; acc: 0.8740; f1: 0.8656; 
Thu 07 Mar 2024 22:08:40 INFO  [Train Info] Epoch: 080, train loss: 0.1538. [Evaluation metric]	Mode:valid, roc_auc: 0.9494; loss: 0.5800; pr_auc: 0.9404; acc: 0.8514; f1: 0.8343; 
Thu 07 Mar 2024 22:08:40 INFO  [Train Info] Epoch: 081, train loss: 0.1860. [Evaluation metric]	Mode:valid, roc_auc: 0.9523; loss: 0.5799; pr_auc: 0.9439; acc: 0.8688; f1: 0.8705; 
Thu 07 Mar 2024 22:08:40 INFO  [Train Info] Epoch: 082, train loss: 0.2365. [Evaluation metric]	Mode:valid, roc_auc: 0.9540; loss: 0.5736; pr_auc: 0.9437; acc: 0.8794; f1: 0.8765; 
Thu 07 Mar 2024 22:08:40 INFO  [Train Info] Epoch: 083, train loss: 0.1871. [Evaluation metric]	Mode:valid, roc_auc: 0.9353; loss: 0.5958; pr_auc: 0.9255; acc: 0.7915; f1: 0.7462; 
Thu 07 Mar 2024 22:08:40 INFO  [Train Info] Epoch: 084, train loss: 0.2801. [Evaluation metric]	Mode:valid, roc_auc: 0.9351; loss: 0.5976; pr_auc: 0.9257; acc: 0.8438; f1: 0.8491; 
Thu 07 Mar 2024 22:08:40 INFO  [Train Info] Epoch: 085, train loss: 0.3391. [Evaluation metric]	Mode:valid, roc_auc: 0.9386; loss: 0.5967; pr_auc: 0.9308; acc: 0.8493; f1: 0.8538; 
Thu 07 Mar 2024 22:08:40 INFO  [Train Info] Epoch: 086, train loss: 0.3021. [Evaluation metric]	Mode:valid, roc_auc: 0.9438; loss: 0.5867; pr_auc: 0.9367; acc: 0.8630; f1: 0.8600; 
Thu 07 Mar 2024 22:08:40 INFO  [Train Info] Epoch: 087, train loss: 0.2218. [Evaluation metric]	Mode:valid, roc_auc: 0.9287; loss: 0.5975; pr_auc: 0.9233; acc: 0.8067; f1: 0.7736; 
Thu 07 Mar 2024 22:08:40 INFO  [Train Info] Epoch: 088, train loss: 0.2894. [Evaluation metric]	Mode:valid, roc_auc: 0.9337; loss: 0.5946; pr_auc: 0.9237; acc: 0.8527; f1: 0.8478; 
Thu 07 Mar 2024 22:08:40 INFO  [Train Info] Epoch: 089, train loss: 0.2410. [Evaluation metric]	Mode:valid, roc_auc: 0.9454; loss: 0.5893; pr_auc: 0.9381; acc: 0.8654; f1: 0.8622; 
Thu 07 Mar 2024 22:08:40 INFO  [Train Info] Epoch: 090, train loss: 0.2189. [Evaluation metric]	Mode:valid, roc_auc: 0.9376; loss: 0.5916; pr_auc: 0.9269; acc: 0.8480; f1: 0.8352; 
Thu 07 Mar 2024 22:08:40 INFO  [Train Info] Epoch: 091, train loss: 0.2358. [Evaluation metric]	Mode:valid, roc_auc: 0.9427; loss: 0.5876; pr_auc: 0.9325; acc: 0.8616; f1: 0.8554; 
Thu 07 Mar 2024 22:08:41 INFO  [Train Info] Epoch: 092, train loss: 0.2187. [Evaluation metric]	Mode:valid, roc_auc: 0.9431; loss: 0.5884; pr_auc: 0.9356; acc: 0.8635; f1: 0.8611; 
Thu 07 Mar 2024 22:08:41 INFO  [Train Info] Epoch: 093, train loss: 0.2255. [Evaluation metric]	Mode:valid, roc_auc: 0.9456; loss: 0.5842; pr_auc: 0.9375; acc: 0.8656; f1: 0.8602; 
Thu 07 Mar 2024 22:08:41 INFO  [Train Info] Epoch: 094, train loss: 0.2103. [Evaluation metric]	Mode:valid, roc_auc: 0.9452; loss: 0.5841; pr_auc: 0.9385; acc: 0.8572; f1: 0.8456; 
Thu 07 Mar 2024 22:08:41 INFO  [Train Info] Epoch: 095, train loss: 0.2139. [Evaluation metric]	Mode:valid, roc_auc: 0.9510; loss: 0.5799; pr_auc: 0.9444; acc: 0.8706; f1: 0.8635; 
Thu 07 Mar 2024 22:08:41 INFO  [Train Info] Epoch: 096, train loss: 0.2009. [Evaluation metric]	Mode:valid, roc_auc: 0.9495; loss: 0.5792; pr_auc: 0.9389; acc: 0.8714; f1: 0.8663; 
Thu 07 Mar 2024 22:08:41 INFO  [Train Info] Epoch: 097, train loss: 0.2022. [Evaluation metric]	Mode:valid, roc_auc: 0.9490; loss: 0.5790; pr_auc: 0.9413; acc: 0.8662; f1: 0.8587; 
Thu 07 Mar 2024 22:08:41 INFO  [Train Info] Epoch: 098, train loss: 0.1907. [Evaluation metric]	Mode:valid, roc_auc: 0.9480; loss: 0.5797; pr_auc: 0.9405; acc: 0.8602; f1: 0.8492; 
Thu 07 Mar 2024 22:08:41 INFO  [Train Info] Epoch: 099, train loss: 0.1944. [Evaluation metric]	Mode:valid, roc_auc: 0.9525; loss: 0.5762; pr_auc: 0.9472; acc: 0.8712; f1: 0.8652; 
Thu 07 Mar 2024 22:08:41 INFO  [Train Info] Epoch: 100, train loss: 0.1864. [Evaluation metric]	Mode:valid, roc_auc: 0.9521; loss: 0.5753; pr_auc: 0.9443; acc: 0.8705; f1: 0.8650; 
Thu 07 Mar 2024 22:08:41 INFO  [Train Info] Epoch: 101, train loss: 0.1808. [Evaluation metric]	Mode:valid, roc_auc: 0.9540; loss: 0.5748; pr_auc: 0.9459; acc: 0.8694; f1: 0.8599; 
Thu 07 Mar 2024 22:08:41 INFO  [Train Info] Epoch: 102, train loss: 0.1764. [Evaluation metric]	Mode:valid, roc_auc: 0.9506; loss: 0.5743; pr_auc: 0.9403; acc: 0.8744; f1: 0.8689; 
Thu 07 Mar 2024 22:08:41 INFO  [Train Info] Epoch: 103, train loss: 0.1709. [Evaluation metric]	Mode:valid, roc_auc: 0.9564; loss: 0.5707; pr_auc: 0.9485; acc: 0.8809; f1: 0.8757; 
Thu 07 Mar 2024 22:08:42 INFO  [Train Info] Epoch: 104, train loss: 0.1685. [Evaluation metric]	Mode:valid, roc_auc: 0.9552; loss: 0.5726; pr_auc: 0.9441; acc: 0.8775; f1: 0.8693; 
Thu 07 Mar 2024 22:08:42 INFO  [Train Info] Epoch: 105, train loss: 0.1711. [Evaluation metric]	Mode:valid, roc_auc: 0.9556; loss: 0.5696; pr_auc: 0.9457; acc: 0.8824; f1: 0.8775; 
Thu 07 Mar 2024 22:08:42 INFO  [Train Info] Epoch: 106, train loss: 0.1717. [Evaluation metric]	Mode:valid, roc_auc: 0.9557; loss: 0.5704; pr_auc: 0.9463; acc: 0.8807; f1: 0.8744; 
Thu 07 Mar 2024 22:08:42 INFO  [Train Info] Epoch: 107, train loss: 0.1638. [Evaluation metric]	Mode:valid, roc_auc: 0.9562; loss: 0.5741; pr_auc: 0.9478; acc: 0.8716; f1: 0.8612; 
Thu 07 Mar 2024 22:08:42 INFO  [Train Info] Epoch: 108, train loss: 0.1727. [Evaluation metric]	Mode:valid, roc_auc: 0.9570; loss: 0.5701; pr_auc: 0.9486; acc: 0.8829; f1: 0.8785; 
Thu 07 Mar 2024 22:08:42 INFO  [Train Info] Epoch: 109, train loss: 0.1585. [Evaluation metric]	Mode:valid, roc_auc: 0.9561; loss: 0.5708; pr_auc: 0.9483; acc: 0.8786; f1: 0.8728; 
Thu 07 Mar 2024 22:08:42 INFO  [Train Info] Epoch: 110, train loss: 0.1587. [Evaluation metric]	Mode:valid, roc_auc: 0.9579; loss: 0.5718; pr_auc: 0.9492; acc: 0.8797; f1: 0.8711; 
Thu 07 Mar 2024 22:08:42 INFO  [Train Info] Epoch: 111, train loss: 0.1569. [Evaluation metric]	Mode:valid, roc_auc: 0.9560; loss: 0.5723; pr_auc: 0.9475; acc: 0.8798; f1: 0.8744; 
Thu 07 Mar 2024 22:08:42 INFO  [Train Info] Epoch: 112, train loss: 0.1614. [Evaluation metric]	Mode:valid, roc_auc: 0.9600; loss: 0.5692; pr_auc: 0.9541; acc: 0.8847; f1: 0.8795; 
Thu 07 Mar 2024 22:08:42 INFO  [Train Info] Epoch: 113, train loss: 0.1502. [Evaluation metric]	Mode:valid, roc_auc: 0.9553; loss: 0.5731; pr_auc: 0.9485; acc: 0.8711; f1: 0.8609; 
Thu 07 Mar 2024 22:08:42 INFO  [Train Info] Epoch: 114, train loss: 0.1638. [Evaluation metric]	Mode:valid, roc_auc: 0.9589; loss: 0.5693; pr_auc: 0.9522; acc: 0.8832; f1: 0.8793; 
Thu 07 Mar 2024 22:08:42 INFO  [Train Info] Epoch: 115, train loss: 0.1536. [Evaluation metric]	Mode:valid, roc_auc: 0.9579; loss: 0.5706; pr_auc: 0.9510; acc: 0.8832; f1: 0.8778; 
Thu 07 Mar 2024 22:08:42 INFO  [Train Info] Epoch: 116, train loss: 0.1540. [Evaluation metric]	Mode:valid, roc_auc: 0.9595; loss: 0.5717; pr_auc: 0.9506; acc: 0.8744; f1: 0.8631; 
Thu 07 Mar 2024 22:08:42 INFO  [Train Info] Epoch: 117, train loss: 0.1558. [Evaluation metric]	Mode:valid, roc_auc: 0.9599; loss: 0.5671; pr_auc: 0.9516; acc: 0.8843; f1: 0.8795; 
Thu 07 Mar 2024 22:08:43 INFO  [Train Info] Epoch: 118, train loss: 0.1547. [Evaluation metric]	Mode:valid, roc_auc: 0.9596; loss: 0.5675; pr_auc: 0.9495; acc: 0.8844; f1: 0.8795; 
Thu 07 Mar 2024 22:08:43 INFO  [Train Info] Epoch: 119, train loss: 0.1497. [Evaluation metric]	Mode:valid, roc_auc: 0.9612; loss: 0.5702; pr_auc: 0.9560; acc: 0.8776; f1: 0.8676; 
Thu 07 Mar 2024 22:08:43 INFO  [Train Info] Epoch: 120, train loss: 0.1467. [Evaluation metric]	Mode:valid, roc_auc: 0.9595; loss: 0.5680; pr_auc: 0.9517; acc: 0.8838; f1: 0.8782; 
Thu 07 Mar 2024 22:08:43 INFO  [Train Info] Epoch: 121, train loss: 0.1424. [Evaluation metric]	Mode:valid, roc_auc: 0.9616; loss: 0.5651; pr_auc: 0.9542; acc: 0.8888; f1: 0.8842; 
Thu 07 Mar 2024 22:08:43 INFO  [Train Info] Epoch: 122, train loss: 0.1432. [Evaluation metric]	Mode:valid, roc_auc: 0.9620; loss: 0.5667; pr_auc: 0.9539; acc: 0.8821; f1: 0.8739; 
Thu 07 Mar 2024 22:08:43 INFO  [Train Info] Epoch: 123, train loss: 0.1382. [Evaluation metric]	Mode:valid, roc_auc: 0.9662; loss: 0.5646; pr_auc: 0.9605; acc: 0.8906; f1: 0.8824; 
Thu 07 Mar 2024 22:08:43 INFO  [Train Info] Epoch: 124, train loss: 0.1356. [Evaluation metric]	Mode:valid, roc_auc: 0.9619; loss: 0.5656; pr_auc: 0.9549; acc: 0.8875; f1: 0.8830; 
Thu 07 Mar 2024 22:08:43 INFO  [Train Info] Epoch: 125, train loss: 0.1377. [Evaluation metric]	Mode:valid, roc_auc: 0.9621; loss: 0.5652; pr_auc: 0.9540; acc: 0.8876; f1: 0.8819; 
Thu 07 Mar 2024 22:08:43 INFO  [Train Info] Epoch: 126, train loss: 0.1311. [Evaluation metric]	Mode:valid, roc_auc: 0.9612; loss: 0.5681; pr_auc: 0.9536; acc: 0.8781; f1: 0.8681; 
Thu 07 Mar 2024 22:08:43 INFO  [Train Info] Epoch: 127, train loss: 0.1377. [Evaluation metric]	Mode:valid, roc_auc: 0.9634; loss: 0.5629; pr_auc: 0.9567; acc: 0.8913; f1: 0.8865; 
Thu 07 Mar 2024 22:08:43 INFO  [Train Info] Epoch: 128, train loss: 0.1377. [Evaluation metric]	Mode:valid, roc_auc: 0.9632; loss: 0.5641; pr_auc: 0.9566; acc: 0.8889; f1: 0.8828; 
Thu 07 Mar 2024 22:08:43 INFO  [Train Info] Epoch: 129, train loss: 0.1330. [Evaluation metric]	Mode:valid, roc_auc: 0.9599; loss: 0.5691; pr_auc: 0.9512; acc: 0.8755; f1: 0.8651; 
Thu 07 Mar 2024 22:08:44 INFO  [Train Info] Epoch: 130, train loss: 0.1351. [Evaluation metric]	Mode:valid, roc_auc: 0.9642; loss: 0.5624; pr_auc: 0.9576; acc: 0.8905; f1: 0.8859; 
Thu 07 Mar 2024 22:08:44 INFO  [Train Info] Epoch: 131, train loss: 0.1392. [Evaluation metric]	Mode:valid, roc_auc: 0.9672; loss: 0.5614; pr_auc: 0.9630; acc: 0.8924; f1: 0.8866; 
Thu 07 Mar 2024 22:08:44 INFO  [Train Info] Epoch: 132, train loss: 0.1253. [Evaluation metric]	Mode:valid, roc_auc: 0.9623; loss: 0.5688; pr_auc: 0.9537; acc: 0.8730; f1: 0.8607; 
Thu 07 Mar 2024 22:08:44 INFO  [Train Info] Epoch: 133, train loss: 0.1400. [Evaluation metric]	Mode:valid, roc_auc: 0.9581; loss: 0.5655; pr_auc: 0.9487; acc: 0.8850; f1: 0.8807; 
Thu 07 Mar 2024 22:08:44 INFO  [Train Info] Epoch: 134, train loss: 0.1492. [Evaluation metric]	Mode:valid, roc_auc: 0.9641; loss: 0.5623; pr_auc: 0.9571; acc: 0.8909; f1: 0.8855; 
Thu 07 Mar 2024 22:08:44 INFO  [Train Info] Epoch: 135, train loss: 0.1316. [Evaluation metric]	Mode:valid, roc_auc: 0.9612; loss: 0.5718; pr_auc: 0.9570; acc: 0.8652; f1: 0.8508; 
Thu 07 Mar 2024 22:08:44 INFO  [Train Info] Epoch: 136, train loss: 0.1496. [Evaluation metric]	Mode:valid, roc_auc: 0.9621; loss: 0.5655; pr_auc: 0.9566; acc: 0.8876; f1: 0.8840; 
Thu 07 Mar 2024 22:08:44 INFO  [Train Info] Epoch: 137, train loss: 0.1361. [Evaluation metric]	Mode:valid, roc_auc: 0.9606; loss: 0.5650; pr_auc: 0.9501; acc: 0.8886; f1: 0.8843; 
Thu 07 Mar 2024 22:08:44 INFO  [Train Info] Epoch: 138, train loss: 0.1348. [Evaluation metric]	Mode:valid, roc_auc: 0.9568; loss: 0.5711; pr_auc: 0.9490; acc: 0.8719; f1: 0.8605; 
Thu 07 Mar 2024 22:08:44 INFO  [Train Info] Epoch: 139, train loss: 0.1418. [Evaluation metric]	Mode:valid, roc_auc: 0.9645; loss: 0.5652; pr_auc: 0.9608; acc: 0.8882; f1: 0.8818; 
Thu 07 Mar 2024 22:08:44 INFO  [Train Info] Epoch: 140, train loss: 0.1311. [Evaluation metric]	Mode:valid, roc_auc: 0.9619; loss: 0.5662; pr_auc: 0.9522; acc: 0.8885; f1: 0.8828; 
Thu 07 Mar 2024 22:08:44 INFO  [Train Info] Epoch: 141, train loss: 0.1398. [Evaluation metric]	Mode:valid, roc_auc: 0.9650; loss: 0.5645; pr_auc: 0.9592; acc: 0.8899; f1: 0.8826; 
Thu 07 Mar 2024 22:08:45 INFO  [Train Info] Epoch: 142, train loss: 0.1261. [Evaluation metric]	Mode:valid, roc_auc: 0.9603; loss: 0.5664; pr_auc: 0.9504; acc: 0.8827; f1: 0.8743; 
Thu 07 Mar 2024 22:08:45 INFO  [Train Info] Epoch: 143, train loss: 0.1282. [Evaluation metric]	Mode:valid, roc_auc: 0.9633; loss: 0.5634; pr_auc: 0.9548; acc: 0.8882; f1: 0.8827; 
Thu 07 Mar 2024 22:08:45 INFO  [Train Info] Epoch: 144, train loss: 0.1287. [Evaluation metric]	Mode:valid, roc_auc: 0.9631; loss: 0.5638; pr_auc: 0.9545; acc: 0.8901; f1: 0.8847; 
Thu 07 Mar 2024 22:08:45 INFO  [Train Info] Epoch: 145, train loss: 0.1245. [Evaluation metric]	Mode:valid, roc_auc: 0.9640; loss: 0.5669; pr_auc: 0.9580; acc: 0.8835; f1: 0.8738; 
Thu 07 Mar 2024 22:08:45 INFO  [Train Info] Epoch: 146, train loss: 0.1321. [Evaluation metric]	Mode:valid, roc_auc: 0.9671; loss: 0.5618; pr_auc: 0.9630; acc: 0.8935; f1: 0.8876; 
Thu 07 Mar 2024 22:08:45 INFO  [Train Info] Epoch: 147, train loss: 0.1177. [Evaluation metric]	Mode:valid, roc_auc: 0.9648; loss: 0.5621; pr_auc: 0.9560; acc: 0.8903; f1: 0.8847; 
Thu 07 Mar 2024 22:08:45 INFO  [Train Info] Epoch: 148, train loss: 0.1211. [Evaluation metric]	Mode:valid, roc_auc: 0.9651; loss: 0.5632; pr_auc: 0.9587; acc: 0.8880; f1: 0.8798; 
Thu 07 Mar 2024 22:08:45 INFO  [Train Info] Epoch: 149, train loss: 0.1203. [Evaluation metric]	Mode:valid, roc_auc: 0.9681; loss: 0.5617; pr_auc: 0.9642; acc: 0.8912; f1: 0.8836; 
Thu 07 Mar 2024 22:08:45 INFO  [Train Info] Epoch: 150, train loss: 0.1151. [Evaluation metric]	Mode:valid, roc_auc: 0.9638; loss: 0.5624; pr_auc: 0.9571; acc: 0.8898; f1: 0.8845; 
Thu 07 Mar 2024 22:08:45 INFO  [Train Info] Epoch: 151, train loss: 0.1160. [Evaluation metric]	Mode:valid, roc_auc: 0.9673; loss: 0.5603; pr_auc: 0.9620; acc: 0.8919; f1: 0.8849; 
Thu 07 Mar 2024 22:08:45 INFO  [Train Info] Epoch: 152, train loss: 0.1171. [Evaluation metric]	Mode:valid, roc_auc: 0.9640; loss: 0.5647; pr_auc: 0.9574; acc: 0.8822; f1: 0.8725; 
Thu 07 Mar 2024 22:08:45 INFO  [Train Info] Epoch: 153, train loss: 0.1175. [Evaluation metric]	Mode:valid, roc_auc: 0.9669; loss: 0.5599; pr_auc: 0.9623; acc: 0.8923; f1: 0.8869; 
Thu 07 Mar 2024 22:08:46 INFO  [Train Info] Epoch: 154, train loss: 0.1162. [Evaluation metric]	Mode:valid, roc_auc: 0.9661; loss: 0.5612; pr_auc: 0.9615; acc: 0.8906; f1: 0.8839; 
Thu 07 Mar 2024 22:08:46 INFO  [Train Info] Epoch: 155, train loss: 0.1125. [Evaluation metric]	Mode:valid, roc_auc: 0.9614; loss: 0.5674; pr_auc: 0.9553; acc: 0.8746; f1: 0.8634; 
Thu 07 Mar 2024 22:08:46 INFO  [Train Info] Epoch: 156, train loss: 0.1237. [Evaluation metric]	Mode:valid, roc_auc: 0.9665; loss: 0.5598; pr_auc: 0.9585; acc: 0.8935; f1: 0.8898; 
Thu 07 Mar 2024 22:08:46 INFO  [Train Info] Epoch: 157, train loss: 0.1440. [Evaluation metric]	Mode:valid, roc_auc: 0.9652; loss: 0.5613; pr_auc: 0.9562; acc: 0.8883; f1: 0.8810; 
Thu 07 Mar 2024 22:08:46 INFO  [Train Info] Epoch: 158, train loss: 0.1188. [Evaluation metric]	Mode:valid, roc_auc: 0.9616; loss: 0.5683; pr_auc: 0.9535; acc: 0.8704; f1: 0.8567; 
Thu 07 Mar 2024 22:08:46 INFO  [Train Info] Epoch: 159, train loss: 0.1348. [Evaluation metric]	Mode:valid, roc_auc: 0.9651; loss: 0.5613; pr_auc: 0.9583; acc: 0.8943; f1: 0.8907; 
Thu 07 Mar 2024 22:08:46 INFO  [Train Info] Epoch: 160, train loss: 0.1392. [Evaluation metric]	Mode:valid, roc_auc: 0.9646; loss: 0.5628; pr_auc: 0.9576; acc: 0.8933; f1: 0.8890; 
Thu 07 Mar 2024 22:08:46 INFO  [Train Info] Epoch: 161, train loss: 0.1382. [Evaluation metric]	Mode:valid, roc_auc: 0.9628; loss: 0.5686; pr_auc: 0.9572; acc: 0.8703; f1: 0.8569; 
Thu 07 Mar 2024 22:08:46 INFO  [Train Info] Epoch: 162, train loss: 0.1346. [Evaluation metric]	Mode:valid, roc_auc: 0.9554; loss: 0.5663; pr_auc: 0.9445; acc: 0.8770; f1: 0.8691; 
Thu 07 Mar 2024 22:08:46 INFO  [Train Info] Epoch: 163, train loss: 0.1568. [Evaluation metric]	Mode:valid, roc_auc: 0.9607; loss: 0.5635; pr_auc: 0.9515; acc: 0.8876; f1: 0.8824; 
Thu 07 Mar 2024 22:08:46 INFO  [Train Info] Epoch: 164, train loss: 0.1459. [Evaluation metric]	Mode:valid, roc_auc: 0.9664; loss: 0.5623; pr_auc: 0.9621; acc: 0.8896; f1: 0.8823; 
Thu 07 Mar 2024 22:08:47 INFO  [Train Info] Epoch: 165, train loss: 0.1263. [Evaluation metric]	Mode:valid, roc_auc: 0.9599; loss: 0.5703; pr_auc: 0.9537; acc: 0.8683; f1: 0.8552; 
Thu 07 Mar 2024 22:08:47 INFO  [Train Info] Epoch: 166, train loss: 0.1508. [Evaluation metric]	Mode:valid, roc_auc: 0.9642; loss: 0.5651; pr_auc: 0.9574; acc: 0.8893; f1: 0.8830; 
Thu 07 Mar 2024 22:08:47 INFO  [Train Info] Epoch: 167, train loss: 0.1256. [Evaluation metric]	Mode:valid, roc_auc: 0.9622; loss: 0.5653; pr_auc: 0.9544; acc: 0.8908; f1: 0.8854; 
Thu 07 Mar 2024 22:08:47 INFO  [Train Info] Epoch: 168, train loss: 0.1303. [Evaluation metric]	Mode:valid, roc_auc: 0.9598; loss: 0.5674; pr_auc: 0.9522; acc: 0.8852; f1: 0.8783; 
Thu 07 Mar 2024 22:08:47 INFO  [Train Info] Epoch: 169, train loss: 0.1382. [Evaluation metric]	Mode:valid, roc_auc: 0.9627; loss: 0.5653; pr_auc: 0.9535; acc: 0.8878; f1: 0.8808; 
Thu 07 Mar 2024 22:08:47 INFO  [Train Info] Epoch: 170, train loss: 0.1258. [Evaluation metric]	Mode:valid, roc_auc: 0.9657; loss: 0.5645; pr_auc: 0.9602; acc: 0.8909; f1: 0.8842; 
Thu 07 Mar 2024 22:08:47 INFO  [Train Info] Epoch: 171, train loss: 0.1270. [Evaluation metric]	Mode:valid, roc_auc: 0.9644; loss: 0.5668; pr_auc: 0.9612; acc: 0.8849; f1: 0.8764; 
Thu 07 Mar 2024 22:08:47 INFO  [Train Info] Epoch: 172, train loss: 0.1292. [Evaluation metric]	Mode:valid, roc_auc: 0.9654; loss: 0.5639; pr_auc: 0.9602; acc: 0.8918; f1: 0.8849; 
Thu 07 Mar 2024 22:08:47 INFO  [Train Info] Epoch: 173, train loss: 0.1195. [Evaluation metric]	Mode:valid, roc_auc: 0.9658; loss: 0.5617; pr_auc: 0.9612; acc: 0.8919; f1: 0.8860; 
Thu 07 Mar 2024 22:08:47 INFO  [Train Info] Epoch: 174, train loss: 0.1183. [Evaluation metric]	Mode:valid, roc_auc: 0.9640; loss: 0.5624; pr_auc: 0.9599; acc: 0.8874; f1: 0.8793; 
Thu 07 Mar 2024 22:08:47 INFO  [Train Info] Epoch: 175, train loss: 0.1213. [Evaluation metric]	Mode:valid, roc_auc: 0.9652; loss: 0.5610; pr_auc: 0.9592; acc: 0.8899; f1: 0.8825; 
Thu 07 Mar 2024 22:08:47 INFO  [Train Info] Epoch: 176, train loss: 0.1163. [Evaluation metric]	Mode:valid, roc_auc: 0.9635; loss: 0.5626; pr_auc: 0.9569; acc: 0.8880; f1: 0.8811; 
Thu 07 Mar 2024 22:08:48 INFO  [Train Info] Epoch: 177, train loss: 0.1100. [Evaluation metric]	Mode:valid, roc_auc: 0.9630; loss: 0.5640; pr_auc: 0.9570; acc: 0.8843; f1: 0.8763; 
Thu 07 Mar 2024 22:08:48 INFO  [Train Info] Epoch: 178, train loss: 0.1134. [Evaluation metric]	Mode:valid, roc_auc: 0.9676; loss: 0.5599; pr_auc: 0.9618; acc: 0.8912; f1: 0.8835; 
Thu 07 Mar 2024 22:08:48 INFO  [Train Info] Epoch: 179, train loss: 0.1060. [Evaluation metric]	Mode:valid, roc_auc: 0.9638; loss: 0.5605; pr_auc: 0.9564; acc: 0.8906; f1: 0.8834; 
Thu 07 Mar 2024 22:08:48 INFO  [Train Info] Epoch: 180, train loss: 0.1092. [Evaluation metric]	Mode:valid, roc_auc: 0.9647; loss: 0.5604; pr_auc: 0.9590; acc: 0.8897; f1: 0.8820; 
Thu 07 Mar 2024 22:08:48 INFO  [Train Info] Epoch: 181, train loss: 0.1064. [Evaluation metric]	Mode:valid, roc_auc: 0.9670; loss: 0.5597; pr_auc: 0.9628; acc: 0.8906; f1: 0.8827; 
Thu 07 Mar 2024 22:08:48 INFO  [Train Info] Epoch: 182, train loss: 0.1071. [Evaluation metric]	Mode:valid, roc_auc: 0.9646; loss: 0.5610; pr_auc: 0.9584; acc: 0.8886; f1: 0.8814; 
Thu 07 Mar 2024 22:08:48 INFO  [Train Info] Epoch: 183, train loss: 0.1051. [Evaluation metric]	Mode:valid, roc_auc: 0.9660; loss: 0.5608; pr_auc: 0.9606; acc: 0.8878; f1: 0.8791; 
Thu 07 Mar 2024 22:08:48 INFO  [Train Info] Epoch: 184, train loss: 0.1063. [Evaluation metric]	Mode:valid, roc_auc: 0.9650; loss: 0.5592; pr_auc: 0.9576; acc: 0.8907; f1: 0.8842; 
Thu 07 Mar 2024 22:08:48 INFO  [Train Info] Epoch: 185, train loss: 0.1041. [Evaluation metric]	Mode:valid, roc_auc: 0.9677; loss: 0.5596; pr_auc: 0.9623; acc: 0.8900; f1: 0.8811; 
Thu 07 Mar 2024 22:08:48 INFO  [Train Info] Epoch: 186, train loss: 0.1022. [Evaluation metric]	Mode:valid, roc_auc: 0.9691; loss: 0.5577; pr_auc: 0.9659; acc: 0.8921; f1: 0.8845; 
Thu 07 Mar 2024 22:08:49 INFO  [Train Info] Epoch: 187, train loss: 0.1017. [Evaluation metric]	Mode:valid, roc_auc: 0.9663; loss: 0.5603; pr_auc: 0.9609; acc: 0.8872; f1: 0.8784; 
Thu 07 Mar 2024 22:08:49 INFO  [Train Info] Epoch: 188, train loss: 0.0992. [Evaluation metric]	Mode:valid, roc_auc: 0.9663; loss: 0.5593; pr_auc: 0.9610; acc: 0.8906; f1: 0.8834; 
Thu 07 Mar 2024 22:08:49 INFO  [Train Info] Epoch: 189, train loss: 0.0990. [Evaluation metric]	Mode:valid, roc_auc: 0.9673; loss: 0.5591; pr_auc: 0.9605; acc: 0.8924; f1: 0.8853; 
Thu 07 Mar 2024 22:08:49 INFO  [Train Info] Epoch: 190, train loss: 0.1017. [Evaluation metric]	Mode:valid, roc_auc: 0.9670; loss: 0.5594; pr_auc: 0.9602; acc: 0.8906; f1: 0.8826; 
Thu 07 Mar 2024 22:08:49 INFO  [Train Info] Epoch: 191, train loss: 0.1001. [Evaluation metric]	Mode:valid, roc_auc: 0.9670; loss: 0.5589; pr_auc: 0.9619; acc: 0.8886; f1: 0.8806; 
Thu 07 Mar 2024 22:08:49 INFO  [Train Info] Epoch: 192, train loss: 0.0996. [Evaluation metric]	Mode:valid, roc_auc: 0.9691; loss: 0.5582; pr_auc: 0.9652; acc: 0.8913; f1: 0.8832; 
Thu 07 Mar 2024 22:08:49 INFO  [Train Info] Epoch: 193, train loss: 0.0981. [Evaluation metric]	Mode:valid, roc_auc: 0.9681; loss: 0.5576; pr_auc: 0.9618; acc: 0.8940; f1: 0.8873; 
Thu 07 Mar 2024 22:08:49 INFO  [Train Info] Epoch: 194, train loss: 0.0950. [Evaluation metric]	Mode:valid, roc_auc: 0.9642; loss: 0.5622; pr_auc: 0.9549; acc: 0.8850; f1: 0.8755; 
Thu 07 Mar 2024 22:08:49 INFO  [Train Info] Epoch: 195, train loss: 0.1003. [Evaluation metric]	Mode:valid, roc_auc: 0.9688; loss: 0.5564; pr_auc: 0.9646; acc: 0.8974; f1: 0.8930; 
Thu 07 Mar 2024 22:08:49 INFO  [Train Info] Epoch: 196, train loss: 0.1249. [Evaluation metric]	Mode:valid, roc_auc: 0.9601; loss: 0.5747; pr_auc: 0.9551; acc: 0.8496; f1: 0.8281; 
Thu 07 Mar 2024 22:08:49 INFO  [Train Info] Epoch: 197, train loss: 0.1496. [Evaluation metric]	Mode:valid, roc_auc: 0.9488; loss: 0.5854; pr_auc: 0.9393; acc: 0.8529; f1: 0.8583; 
Thu 07 Mar 2024 22:08:49 INFO  [Train Info] Epoch: 198, train loss: 0.3968. [Evaluation metric]	Mode:valid, roc_auc: 0.9618; loss: 0.5646; pr_auc: 0.9553; acc: 0.8863; f1: 0.8840; 
Thu 07 Mar 2024 22:08:50 INFO  [Train Info] Epoch: 199, train loss: 0.1684. [Evaluation metric]	Mode:valid, roc_auc: 0.9459; loss: 0.5832; pr_auc: 0.9409; acc: 0.8120; f1: 0.7770; 
Thu 07 Mar 2024 22:08:50 INFO  [Train Info] Epoch: 200, train loss: 0.2410. [Evaluation metric]	Mode:valid, roc_auc: 0.9426; loss: 0.5813; pr_auc: 0.9336; acc: 0.8587; f1: 0.8556; 
Thu 07 Mar 2024 22:08:50 INFO  [Train Info] Epoch: 201, train loss: 0.2406. [Evaluation metric]	Mode:valid, roc_auc: 0.9578; loss: 0.5753; pr_auc: 0.9514; acc: 0.8826; f1: 0.8771; 
Thu 07 Mar 2024 22:08:50 INFO  [Train Info] Epoch: 202, train loss: 0.1817. [Evaluation metric]	Mode:valid, roc_auc: 0.9388; loss: 0.5868; pr_auc: 0.9293; acc: 0.8411; f1: 0.8237; 
Thu 07 Mar 2024 22:08:50 INFO  [Train Info] Epoch: 203, train loss: 0.2228. [Evaluation metric]	Mode:valid, roc_auc: 0.9409; loss: 0.5866; pr_auc: 0.9358; acc: 0.8542; f1: 0.8481; 
Thu 07 Mar 2024 22:08:50 INFO  [Train Info] Epoch: 204, train loss: 0.2197. [Evaluation metric]	Mode:valid, roc_auc: 0.9470; loss: 0.5825; pr_auc: 0.9402; acc: 0.8654; f1: 0.8586; 
Thu 07 Mar 2024 22:08:50 INFO  [Train Info] Epoch: 205, train loss: 0.2021. [Evaluation metric]	Mode:valid, roc_auc: 0.9475; loss: 0.5834; pr_auc: 0.9386; acc: 0.8547; f1: 0.8408; 
Thu 07 Mar 2024 22:08:50 INFO  [Train Info] Epoch: 206, train loss: 0.2142. [Evaluation metric]	Mode:valid, roc_auc: 0.9529; loss: 0.5793; pr_auc: 0.9470; acc: 0.8763; f1: 0.8723; 
Thu 07 Mar 2024 22:08:50 INFO  [Train Info] Epoch: 207, train loss: 0.1973. [Evaluation metric]	Mode:valid, roc_auc: 0.9531; loss: 0.5776; pr_auc: 0.9446; acc: 0.8741; f1: 0.8710; 
Thu 07 Mar 2024 22:08:50 INFO  [Train Info] Epoch: 208, train loss: 0.1976. [Evaluation metric]	Mode:valid, roc_auc: 0.9562; loss: 0.5741; pr_auc: 0.9497; acc: 0.8756; f1: 0.8677; 
Thu 07 Mar 2024 22:08:50 INFO  [Train Info] Epoch: 209, train loss: 0.1793. [Evaluation metric]	Mode:valid, roc_auc: 0.9556; loss: 0.5772; pr_auc: 0.9518; acc: 0.8615; f1: 0.8486; 
Thu 07 Mar 2024 22:08:51 INFO  [Train Info] Epoch: 210, train loss: 0.1822. [Evaluation metric]	Mode:valid, roc_auc: 0.9571; loss: 0.5727; pr_auc: 0.9492; acc: 0.8830; f1: 0.8779; 
Thu 07 Mar 2024 22:08:51 INFO  [Train Info] Epoch: 211, train loss: 0.1653. [Evaluation metric]	Mode:valid, roc_auc: 0.9576; loss: 0.5724; pr_auc: 0.9494; acc: 0.8802; f1: 0.8769; 
Thu 07 Mar 2024 22:08:51 INFO  [Train Info] Epoch: 212, train loss: 0.1626. [Evaluation metric]	Mode:valid, roc_auc: 0.9587; loss: 0.5730; pr_auc: 0.9499; acc: 0.8803; f1: 0.8734; 
Thu 07 Mar 2024 22:08:51 INFO  [Train Info] Epoch: 213, train loss: 0.1553. [Evaluation metric]	Mode:valid, roc_auc: 0.9599; loss: 0.5704; pr_auc: 0.9524; acc: 0.8786; f1: 0.8711; 
Thu 07 Mar 2024 22:08:51 INFO  [Train Info] Epoch: 214, train loss: 0.1500. [Evaluation metric]	Mode:valid, roc_auc: 0.9631; loss: 0.5651; pr_auc: 0.9573; acc: 0.8881; f1: 0.8826; 
Thu 07 Mar 2024 22:08:51 INFO  [Train Info] Epoch: 215, train loss: 0.1431. [Evaluation metric]	Mode:valid, roc_auc: 0.9628; loss: 0.5649; pr_auc: 0.9564; acc: 0.8860; f1: 0.8796; 
Thu 07 Mar 2024 22:08:51 INFO  [Train Info] Epoch: 216, train loss: 0.1420. [Evaluation metric]	Mode:valid, roc_auc: 0.9626; loss: 0.5652; pr_auc: 0.9545; acc: 0.8805; f1: 0.8726; 
Thu 07 Mar 2024 22:08:51 INFO  [Train Info] Epoch: 217, train loss: 0.1440. [Evaluation metric]	Mode:valid, roc_auc: 0.9625; loss: 0.5631; pr_auc: 0.9530; acc: 0.8853; f1: 0.8779; 
Thu 07 Mar 2024 22:08:51 INFO  [Train Info] Epoch: 218, train loss: 0.1361. [Evaluation metric]	Mode:valid, roc_auc: 0.9650; loss: 0.5627; pr_auc: 0.9583; acc: 0.8861; f1: 0.8789; 
Thu 07 Mar 2024 22:08:51 INFO  [Train Info] Epoch: 219, train loss: 0.1317. [Evaluation metric]	Mode:valid, roc_auc: 0.9605; loss: 0.5668; pr_auc: 0.9525; acc: 0.8805; f1: 0.8728; 
Thu 07 Mar 2024 22:08:51 INFO  [Train Info] Epoch: 220, train loss: 0.1347. [Evaluation metric]	Mode:valid, roc_auc: 0.9628; loss: 0.5625; pr_auc: 0.9537; acc: 0.8896; f1: 0.8848; 
Thu 07 Mar 2024 22:08:51 INFO  [Train Info] Epoch: 221, train loss: 0.1339. [Evaluation metric]	Mode:valid, roc_auc: 0.9645; loss: 0.5627; pr_auc: 0.9579; acc: 0.8882; f1: 0.8816; 
Thu 07 Mar 2024 22:08:52 INFO  [Train Info] Epoch: 222, train loss: 0.1237. [Evaluation metric]	Mode:valid, roc_auc: 0.9626; loss: 0.5653; pr_auc: 0.9533; acc: 0.8799; f1: 0.8706; 
Thu 07 Mar 2024 22:08:52 INFO  [Train Info] Epoch: 223, train loss: 0.1264. [Evaluation metric]	Mode:valid, roc_auc: 0.9632; loss: 0.5606; pr_auc: 0.9531; acc: 0.8897; f1: 0.8845; 
Thu 07 Mar 2024 22:08:52 INFO  [Train Info] Epoch: 224, train loss: 0.1314. [Evaluation metric]	Mode:valid, roc_auc: 0.9635; loss: 0.5622; pr_auc: 0.9553; acc: 0.8875; f1: 0.8811; 
Thu 07 Mar 2024 22:08:52 INFO  [Train Info] Epoch: 225, train loss: 0.1212. [Evaluation metric]	Mode:valid, roc_auc: 0.9638; loss: 0.5660; pr_auc: 0.9538; acc: 0.8778; f1: 0.8672; 
Thu 07 Mar 2024 22:08:52 INFO  [Train Info] Epoch: 226, train loss: 0.1313. [Evaluation metric]	Mode:valid, roc_auc: 0.9659; loss: 0.5595; pr_auc: 0.9581; acc: 0.8929; f1: 0.8875; 
Thu 07 Mar 2024 22:08:52 INFO  [Train Info] Epoch: 227, train loss: 0.1255. [Evaluation metric]	Mode:valid, roc_auc: 0.9664; loss: 0.5601; pr_auc: 0.9603; acc: 0.8906; f1: 0.8850; 
Thu 07 Mar 2024 22:08:52 INFO  [Train Info] Epoch: 228, train loss: 0.1227. [Evaluation metric]	Mode:valid, roc_auc: 0.9642; loss: 0.5652; pr_auc: 0.9584; acc: 0.8794; f1: 0.8693; 
Thu 07 Mar 2024 22:08:52 INFO  [Train Info] Epoch: 229, train loss: 0.1236. [Evaluation metric]	Mode:valid, roc_auc: 0.9646; loss: 0.5636; pr_auc: 0.9583; acc: 0.8874; f1: 0.8800; 
Thu 07 Mar 2024 22:08:52 INFO  [Train Info] Epoch: 230, train loss: 0.1176. [Evaluation metric]	Mode:valid, roc_auc: 0.9659; loss: 0.5610; pr_auc: 0.9595; acc: 0.8936; f1: 0.8881; 
Thu 07 Mar 2024 22:08:52 INFO  [Train Info] Epoch: 231, train loss: 0.1162. [Evaluation metric]	Mode:valid, roc_auc: 0.9657; loss: 0.5612; pr_auc: 0.9580; acc: 0.8926; f1: 0.8865; 
Thu 07 Mar 2024 22:08:52 INFO  [Train Info] Epoch: 232, train loss: 0.1136. [Evaluation metric]	Mode:valid, roc_auc: 0.9669; loss: 0.5630; pr_auc: 0.9602; acc: 0.8879; f1: 0.8795; 
Thu 07 Mar 2024 22:08:52 INFO  [Train Info] Epoch: 233, train loss: 0.1159. [Evaluation metric]	Mode:valid, roc_auc: 0.9699; loss: 0.5592; pr_auc: 0.9642; acc: 0.8972; f1: 0.8913; 
Thu 07 Mar 2024 22:08:53 INFO  [Train Info] Epoch: 234, train loss: 0.1116. [Evaluation metric]	Mode:valid, roc_auc: 0.9665; loss: 0.5600; pr_auc: 0.9577; acc: 0.8954; f1: 0.8903; 
Thu 07 Mar 2024 22:08:53 INFO  [Train Info] Epoch: 235, train loss: 0.1132. [Evaluation metric]	Mode:valid, roc_auc: 0.9691; loss: 0.5601; pr_auc: 0.9653; acc: 0.8951; f1: 0.8878; 
Thu 07 Mar 2024 22:08:53 INFO  [Train Info] Epoch: 236, train loss: 0.1070. [Evaluation metric]	Mode:valid, roc_auc: 0.9674; loss: 0.5616; pr_auc: 0.9628; acc: 0.8906; f1: 0.8830; 
Thu 07 Mar 2024 22:08:53 INFO  [Train Info] Epoch: 237, train loss: 0.1118. [Evaluation metric]	Mode:valid, roc_auc: 0.9701; loss: 0.5579; pr_auc: 0.9638; acc: 0.8982; f1: 0.8923; 
Thu 07 Mar 2024 22:08:53 INFO  [Train Info] Epoch: 238, train loss: 0.1061. [Evaluation metric]	Mode:valid, roc_auc: 0.9695; loss: 0.5577; pr_auc: 0.9645; acc: 0.8968; f1: 0.8910; 
Thu 07 Mar 2024 22:08:53 INFO  [Train Info] Epoch: 239, train loss: 0.1040. [Evaluation metric]	Mode:valid, roc_auc: 0.9681; loss: 0.5599; pr_auc: 0.9633; acc: 0.8910; f1: 0.8832; 
Thu 07 Mar 2024 22:08:53 INFO  [Train Info] Epoch: 240, train loss: 0.1072. [Evaluation metric]	Mode:valid, roc_auc: 0.9681; loss: 0.5587; pr_auc: 0.9618; acc: 0.8929; f1: 0.8855; 
Thu 07 Mar 2024 22:08:53 INFO  [Train Info] Epoch: 241, train loss: 0.1039. [Evaluation metric]	Mode:valid, roc_auc: 0.9675; loss: 0.5579; pr_auc: 0.9608; acc: 0.8943; f1: 0.8878; 
Thu 07 Mar 2024 22:08:53 INFO  [Train Info] Epoch: 242, train loss: 0.1021. [Evaluation metric]	Mode:valid, roc_auc: 0.9677; loss: 0.5591; pr_auc: 0.9611; acc: 0.8924; f1: 0.8850; 
Thu 07 Mar 2024 22:08:53 INFO  [Train Info] Epoch: 243, train loss: 0.1012. [Evaluation metric]	Mode:valid, roc_auc: 0.9679; loss: 0.5592; pr_auc: 0.9637; acc: 0.8899; f1: 0.8822; 
Thu 07 Mar 2024 22:08:53 INFO  [Train Info] Epoch: 244, train loss: 0.1033. [Evaluation metric]	Mode:valid, roc_auc: 0.9679; loss: 0.5580; pr_auc: 0.9620; acc: 0.8937; f1: 0.8870; 
Thu 07 Mar 2024 22:08:53 INFO  [Train Info] Epoch: 245, train loss: 0.1009. [Evaluation metric]	Mode:valid, roc_auc: 0.9689; loss: 0.5591; pr_auc: 0.9649; acc: 0.8913; f1: 0.8836; 
Thu 07 Mar 2024 22:08:53 INFO  [Train Info] Epoch: 246, train loss: 0.1000. [Evaluation metric]	Mode:valid, roc_auc: 0.9677; loss: 0.5569; pr_auc: 0.9611; acc: 0.8944; f1: 0.8878; 
Thu 07 Mar 2024 22:08:53 INFO  [Train Info] Epoch: 247, train loss: 0.1007. [Evaluation metric]	Mode:valid, roc_auc: 0.9680; loss: 0.5595; pr_auc: 0.9624; acc: 0.8898; f1: 0.8812; 
Thu 07 Mar 2024 22:08:54 INFO  [Train Info] Epoch: 248, train loss: 0.0993. [Evaluation metric]	Mode:valid, roc_auc: 0.9688; loss: 0.5588; pr_auc: 0.9659; acc: 0.8907; f1: 0.8835; 
Thu 07 Mar 2024 22:08:54 INFO  [Train Info] Epoch: 249, train loss: 0.0975. [Evaluation metric]	Mode:valid, roc_auc: 0.9684; loss: 0.5563; pr_auc: 0.9635; acc: 0.8971; f1: 0.8908; 
Thu 07 Mar 2024 22:08:54 INFO  [Train Info] Epoch: 250, train loss: 0.0996. [Evaluation metric]	Mode:valid, roc_auc: 0.9679; loss: 0.5611; pr_auc: 0.9627; acc: 0.8854; f1: 0.8755; 
Thu 07 Mar 2024 22:08:54 INFO  [Train Info] Epoch: 251, train loss: 0.1040. [Evaluation metric]	Mode:valid, roc_auc: 0.9674; loss: 0.5560; pr_auc: 0.9602; acc: 0.8967; f1: 0.8917; 
Thu 07 Mar 2024 22:08:54 INFO  [Train Info] Epoch: 252, train loss: 0.1051. [Evaluation metric]	Mode:valid, roc_auc: 0.9678; loss: 0.5586; pr_auc: 0.9606; acc: 0.8915; f1: 0.8835; 
Thu 07 Mar 2024 22:08:54 INFO  [Train Info] Epoch: 253, train loss: 0.0985. [Evaluation metric]	Mode:valid, roc_auc: 0.9664; loss: 0.5594; pr_auc: 0.9607; acc: 0.8878; f1: 0.8793; 
Thu 07 Mar 2024 22:08:54 INFO  [Train Info] Epoch: 254, train loss: 0.1025. [Evaluation metric]	Mode:valid, roc_auc: 0.9696; loss: 0.5561; pr_auc: 0.9640; acc: 0.8960; f1: 0.8891; 
Thu 07 Mar 2024 22:08:54 INFO  [Train Info] Epoch: 255, train loss: 0.0989. [Evaluation metric]	Mode:valid, roc_auc: 0.9661; loss: 0.5611; pr_auc: 0.9584; acc: 0.8837; f1: 0.8746; 
Thu 07 Mar 2024 22:08:54 INFO  [Train Info] Epoch: 256, train loss: 0.1024. [Evaluation metric]	Mode:valid, roc_auc: 0.9634; loss: 0.5581; pr_auc: 0.9539; acc: 0.8941; f1: 0.8891; 
Thu 07 Mar 2024 22:08:54 INFO  [Train Info] Epoch: 257, train loss: 0.1186. [Evaluation metric]	Mode:valid, roc_auc: 0.9647; loss: 0.5616; pr_auc: 0.9571; acc: 0.8846; f1: 0.8750; 
Thu 07 Mar 2024 22:08:54 INFO  [Train Info] Epoch: 258, train loss: 0.1143. [Evaluation metric]	Mode:valid, roc_auc: 0.9656; loss: 0.5608; pr_auc: 0.9589; acc: 0.8819; f1: 0.8726; 
Thu 07 Mar 2024 22:08:55 INFO  [Train Info] Epoch: 259, train loss: 0.1242. [Evaluation metric]	Mode:valid, roc_auc: 0.9674; loss: 0.5567; pr_auc: 0.9595; acc: 0.8980; f1: 0.8932; 
Thu 07 Mar 2024 22:08:55 INFO  [Train Info] Epoch: 260, train loss: 0.1140. [Evaluation metric]	Mode:valid, roc_auc: 0.9630; loss: 0.5633; pr_auc: 0.9557; acc: 0.8806; f1: 0.8700; 
Thu 07 Mar 2024 22:08:55 INFO  [Train Info] Epoch: 261, train loss: 0.1118. [Evaluation metric]	Mode:valid, roc_auc: 0.9674; loss: 0.5583; pr_auc: 0.9621; acc: 0.8947; f1: 0.8885; 
Thu 07 Mar 2024 22:08:55 INFO  [Train Info] Epoch: 262, train loss: 0.1077. [Evaluation metric]	Mode:valid, roc_auc: 0.9668; loss: 0.5606; pr_auc: 0.9620; acc: 0.8911; f1: 0.8841; 
Thu 07 Mar 2024 22:08:55 INFO  [Train Info] Epoch: 263, train loss: 0.1094. [Evaluation metric]	Mode:valid, roc_auc: 0.9688; loss: 0.5586; pr_auc: 0.9650; acc: 0.8957; f1: 0.8885; 
Thu 07 Mar 2024 22:08:55 INFO  [Train Info] Epoch: 264, train loss: 0.1001. [Evaluation metric]	Mode:valid, roc_auc: 0.9658; loss: 0.5603; pr_auc: 0.9606; acc: 0.8897; f1: 0.8817; 
Thu 07 Mar 2024 22:08:55 INFO  [Train Info] Epoch: 265, train loss: 0.1114. [Evaluation metric]	Mode:valid, roc_auc: 0.9680; loss: 0.5586; pr_auc: 0.9649; acc: 0.8950; f1: 0.8888; 
Thu 07 Mar 2024 22:08:55 INFO  [Train Info] Epoch: 266, train loss: 0.1012. [Evaluation metric]	Mode:valid, roc_auc: 0.9678; loss: 0.5602; pr_auc: 0.9623; acc: 0.8926; f1: 0.8854; 
Thu 07 Mar 2024 22:08:55 INFO  [Train Info] Epoch: 267, train loss: 0.1032. [Evaluation metric]	Mode:valid, roc_auc: 0.9671; loss: 0.5593; pr_auc: 0.9599; acc: 0.8917; f1: 0.8843; 
Thu 07 Mar 2024 22:08:55 INFO  [Train Info] Epoch: 268, train loss: 0.0988. [Evaluation metric]	Mode:valid, roc_auc: 0.9673; loss: 0.5586; pr_auc: 0.9626; acc: 0.8908; f1: 0.8835; 
Thu 07 Mar 2024 22:08:55 INFO  [Train Info] Epoch: 269, train loss: 0.1040. [Evaluation metric]	Mode:valid, roc_auc: 0.9676; loss: 0.5587; pr_auc: 0.9634; acc: 0.8918; f1: 0.8841; 
Thu 07 Mar 2024 22:08:55 INFO  [Train Info] Epoch: 270, train loss: 0.0986. [Evaluation metric]	Mode:valid, roc_auc: 0.9699; loss: 0.5581; pr_auc: 0.9651; acc: 0.8945; f1: 0.8869; 
Thu 07 Mar 2024 22:08:55 INFO  [Train Info] Epoch: 271, train loss: 0.0989. [Evaluation metric]	Mode:valid, roc_auc: 0.9687; loss: 0.5572; pr_auc: 0.9633; acc: 0.8971; f1: 0.8909; 
Thu 07 Mar 2024 22:08:56 INFO  [Train Info] Epoch: 272, train loss: 0.0962. [Evaluation metric]	Mode:valid, roc_auc: 0.9676; loss: 0.5575; pr_auc: 0.9613; acc: 0.8950; f1: 0.8875; 
Thu 07 Mar 2024 22:08:56 INFO  [Train Info] Epoch: 273, train loss: 0.0965. [Evaluation metric]	Mode:valid, roc_auc: 0.9688; loss: 0.5580; pr_auc: 0.9655; acc: 0.8921; f1: 0.8841; 
Thu 07 Mar 2024 22:08:56 INFO  [Train Info] Epoch: 274, train loss: 0.0964. [Evaluation metric]	Mode:valid, roc_auc: 0.9682; loss: 0.5577; pr_auc: 0.9634; acc: 0.8925; f1: 0.8854; 
Thu 07 Mar 2024 22:08:56 INFO  [Train Info] Epoch: 275, train loss: 0.0978. [Evaluation metric]	Mode:valid, roc_auc: 0.9672; loss: 0.5583; pr_auc: 0.9619; acc: 0.8916; f1: 0.8843; 
Thu 07 Mar 2024 22:08:56 INFO  [Train Info] Epoch: 276, train loss: 0.0958. [Evaluation metric]	Mode:valid, roc_auc: 0.9655; loss: 0.5593; pr_auc: 0.9590; acc: 0.8870; f1: 0.8784; 
Thu 07 Mar 2024 22:08:56 INFO  [Train Info] Epoch: 277, train loss: 0.0950. [Evaluation metric]	Mode:valid, roc_auc: 0.9695; loss: 0.5552; pr_auc: 0.9634; acc: 0.8959; f1: 0.8892; 
Thu 07 Mar 2024 22:08:56 INFO  [Train Info] Epoch: 278, train loss: 0.0949. [Evaluation metric]	Mode:valid, roc_auc: 0.9686; loss: 0.5591; pr_auc: 0.9648; acc: 0.8891; f1: 0.8805; 
Thu 07 Mar 2024 22:08:56 INFO  [Train Info] Epoch: 279, train loss: 0.0935. [Evaluation metric]	Mode:valid, roc_auc: 0.9666; loss: 0.5565; pr_auc: 0.9596; acc: 0.8932; f1: 0.8865; 
Thu 07 Mar 2024 22:08:56 INFO  [Train Info] Epoch: 280, train loss: 0.0954. [Evaluation metric]	Mode:valid, roc_auc: 0.9679; loss: 0.5584; pr_auc: 0.9641; acc: 0.8906; f1: 0.8820; 
Thu 07 Mar 2024 22:08:56 INFO  [Train Info] Epoch: 281, train loss: 0.0926. [Evaluation metric]	Mode:valid, roc_auc: 0.9682; loss: 0.5583; pr_auc: 0.9637; acc: 0.8904; f1: 0.8820; 
Thu 07 Mar 2024 22:08:56 INFO  [Train Info] Epoch: 282, train loss: 0.0973. [Evaluation metric]	Mode:valid, roc_auc: 0.9659; loss: 0.5563; pr_auc: 0.9603; acc: 0.8944; f1: 0.8889; 
Thu 07 Mar 2024 22:08:56 INFO  [Train Info] Epoch: 283, train loss: 0.1014. [Evaluation metric]	Mode:valid, roc_auc: 0.9635; loss: 0.5650; pr_auc: 0.9566; acc: 0.8743; f1: 0.8612; 
Thu 07 Mar 2024 22:08:57 INFO  [Train Info] Epoch: 284, train loss: 0.1122. [Evaluation metric]	Mode:valid, roc_auc: 0.9635; loss: 0.5589; pr_auc: 0.9573; acc: 0.8934; f1: 0.8907; 
Thu 07 Mar 2024 22:08:57 INFO  [Train Info] Epoch: 285, train loss: 0.1721. [Evaluation metric]	Mode:valid, roc_auc: 0.9615; loss: 0.5626; pr_auc: 0.9530; acc: 0.8787; f1: 0.8699; 
Thu 07 Mar 2024 22:08:57 INFO  [Train Info] Epoch: 286, train loss: 0.1314. [Evaluation metric]	Mode:valid, roc_auc: 0.9587; loss: 0.5662; pr_auc: 0.9525; acc: 0.8658; f1: 0.8517; 
Thu 07 Mar 2024 22:08:57 INFO  [Train Info] Epoch: 287, train loss: 0.1400. [Evaluation metric]	Mode:valid, roc_auc: 0.9634; loss: 0.5598; pr_auc: 0.9565; acc: 0.8913; f1: 0.8867; 
Thu 07 Mar 2024 22:08:57 INFO  [Train Info] Epoch: 288, train loss: 0.1461. [Evaluation metric]	Mode:valid, roc_auc: 0.9635; loss: 0.5614; pr_auc: 0.9558; acc: 0.8913; f1: 0.8859; 
Thu 07 Mar 2024 22:08:57 INFO  [Train Info] Epoch: 289, train loss: 0.1230. [Evaluation metric]	Mode:valid, roc_auc: 0.9589; loss: 0.5707; pr_auc: 0.9522; acc: 0.8546; f1: 0.8369; 
Thu 07 Mar 2024 22:08:57 INFO  [Train Info] Epoch: 290, train loss: 0.1562. [Evaluation metric]	Mode:valid, roc_auc: 0.9629; loss: 0.5624; pr_auc: 0.9580; acc: 0.8880; f1: 0.8838; 
Thu 07 Mar 2024 22:08:57 INFO  [Train Info] Epoch: 291, train loss: 0.1499. [Evaluation metric]	Mode:valid, roc_auc: 0.9573; loss: 0.5655; pr_auc: 0.9475; acc: 0.8818; f1: 0.8765; 
Thu 07 Mar 2024 22:08:57 INFO  [Train Info] Epoch: 292, train loss: 0.1573. [Evaluation metric]	Mode:valid, roc_auc: 0.9600; loss: 0.5687; pr_auc: 0.9534; acc: 0.8732; f1: 0.8613; 
Thu 07 Mar 2024 22:08:57 INFO  [Train Info] Epoch: 293, train loss: 0.1482. [Evaluation metric]	Mode:valid, roc_auc: 0.9621; loss: 0.5671; pr_auc: 0.9565; acc: 0.8834; f1: 0.8755; 
Thu 07 Mar 2024 22:08:57 INFO  [Train Info] Epoch: 294, train loss: 0.1422. [Evaluation metric]	Mode:valid, roc_auc: 0.9641; loss: 0.5649; pr_auc: 0.9575; acc: 0.8932; f1: 0.8891; 
Thu 07 Mar 2024 22:08:57 INFO  [Train Info] Epoch: 295, train loss: 0.1365. [Evaluation metric]	Mode:valid, roc_auc: 0.9643; loss: 0.5649; pr_auc: 0.9572; acc: 0.8913; f1: 0.8851; 
Thu 07 Mar 2024 22:08:58 INFO  [Train Info] Epoch: 296, train loss: 0.1227. [Evaluation metric]	Mode:valid, roc_auc: 0.9629; loss: 0.5678; pr_auc: 0.9571; acc: 0.8795; f1: 0.8692; 
Thu 07 Mar 2024 22:08:58 INFO  [Train Info] Epoch: 297, train loss: 0.1397. [Evaluation metric]	Mode:valid, roc_auc: 0.9645; loss: 0.5626; pr_auc: 0.9589; acc: 0.8921; f1: 0.8869; 
Thu 07 Mar 2024 22:08:58 INFO  [Train Info] Epoch: 298, train loss: 0.1263. [Evaluation metric]	Mode:valid, roc_auc: 0.9639; loss: 0.5628; pr_auc: 0.9584; acc: 0.8917; f1: 0.8867; 
Thu 07 Mar 2024 22:08:58 INFO  [Train Info] Epoch: 299, train loss: 0.1239. [Evaluation metric]	Mode:valid, roc_auc: 0.9634; loss: 0.5647; pr_auc: 0.9568; acc: 0.8834; f1: 0.8747; 
Thu 07 Mar 2024 22:08:58 INFO  [Train Info] Epoch: 300, train loss: 0.1252. [Evaluation metric]	Mode:valid, roc_auc: 0.9646; loss: 0.5626; pr_auc: 0.9596; acc: 0.8876; f1: 0.8804; 
Thu 07 Mar 2024 22:08:58 INFO  [Train Info] Epoch: 301, train loss: 0.1182. [Evaluation metric]	Mode:valid, roc_auc: 0.9671; loss: 0.5593; pr_auc: 0.9627; acc: 0.8952; f1: 0.8905; 
Thu 07 Mar 2024 22:08:58 INFO  [Train Info] Epoch: 302, train loss: 0.1166. [Evaluation metric]	Mode:valid, roc_auc: 0.9663; loss: 0.5601; pr_auc: 0.9589; acc: 0.8933; f1: 0.8871; 
Thu 07 Mar 2024 22:08:58 INFO  [Train Info] Epoch: 303, train loss: 0.1110. [Evaluation metric]	Mode:valid, roc_auc: 0.9663; loss: 0.5635; pr_auc: 0.9625; acc: 0.8813; f1: 0.8708; 
Thu 07 Mar 2024 22:08:58 INFO  [Train Info] Epoch: 304, train loss: 0.1167. [Evaluation metric]	Mode:valid, roc_auc: 0.9683; loss: 0.5574; pr_auc: 0.9647; acc: 0.8967; f1: 0.8915; 
Thu 07 Mar 2024 22:08:58 INFO  [Train Info] Epoch: 305, train loss: 0.1082. [Evaluation metric]	Mode:valid, roc_auc: 0.9675; loss: 0.5580; pr_auc: 0.9635; acc: 0.8960; f1: 0.8908; 
Thu 07 Mar 2024 22:08:58 INFO  [Train Info] Epoch: 306, train loss: 0.1101. [Evaluation metric]	Mode:valid, roc_auc: 0.9670; loss: 0.5637; pr_auc: 0.9628; acc: 0.8821; f1: 0.8714; 
Thu 07 Mar 2024 22:08:58 INFO  [Train Info] Epoch: 307, train loss: 0.1153. [Evaluation metric]	Mode:valid, roc_auc: 0.9656; loss: 0.5576; pr_auc: 0.9593; acc: 0.8923; f1: 0.8870; 
Thu 07 Mar 2024 22:08:59 INFO  [Train Info] Epoch: 308, train loss: 0.1178. [Evaluation metric]	Mode:valid, roc_auc: 0.9678; loss: 0.5563; pr_auc: 0.9608; acc: 0.8951; f1: 0.8888; 
Thu 07 Mar 2024 22:08:59 INFO  [Train Info] Epoch: 309, train loss: 0.1066. [Evaluation metric]	Mode:valid, roc_auc: 0.9679; loss: 0.5634; pr_auc: 0.9641; acc: 0.8748; f1: 0.8614; 
Thu 07 Mar 2024 22:08:59 INFO  [Train Info] Epoch: 310, train loss: 0.1194. [Evaluation metric]	Mode:valid, roc_auc: 0.9688; loss: 0.5552; pr_auc: 0.9639; acc: 0.8997; f1: 0.8947; 
Thu 07 Mar 2024 22:08:59 INFO  [Train Info] Epoch: 311, train loss: 0.1065. [Evaluation metric]	Mode:valid, roc_auc: 0.9672; loss: 0.5566; pr_auc: 0.9601; acc: 0.8966; f1: 0.8914; 
Thu 07 Mar 2024 22:08:59 INFO  [Train Info] Epoch: 312, train loss: 0.1044. [Evaluation metric]	Mode:valid, roc_auc: 0.9661; loss: 0.5627; pr_auc: 0.9608; acc: 0.8783; f1: 0.8665; 
Thu 07 Mar 2024 22:08:59 INFO  [Train Info] Epoch: 313, train loss: 0.1132. [Evaluation metric]	Mode:valid, roc_auc: 0.9680; loss: 0.5573; pr_auc: 0.9622; acc: 0.8946; f1: 0.8884; 
Thu 07 Mar 2024 22:08:59 INFO  [Train Info] Epoch: 314, train loss: 0.1057. [Evaluation metric]	Mode:valid, roc_auc: 0.9681; loss: 0.5574; pr_auc: 0.9633; acc: 0.8964; f1: 0.8909; 
Thu 07 Mar 2024 22:08:59 INFO  [Train Info] Epoch: 315, train loss: 0.1022. [Evaluation metric]	Mode:valid, roc_auc: 0.9643; loss: 0.5614; pr_auc: 0.9585; acc: 0.8859; f1: 0.8773; 
Thu 07 Mar 2024 22:08:59 INFO  [Train Info] Epoch: 316, train loss: 0.1001. [Evaluation metric]	Mode:valid, roc_auc: 0.9689; loss: 0.5578; pr_auc: 0.9662; acc: 0.8933; f1: 0.8857; 
Thu 07 Mar 2024 22:08:59 INFO  [Train Info] Epoch: 317, train loss: 0.0998. [Evaluation metric]	Mode:valid, roc_auc: 0.9714; loss: 0.5545; pr_auc: 0.9664; acc: 0.9015; f1: 0.8960; 
Thu 07 Mar 2024 22:08:59 INFO  [Train Info] Epoch: 318, train loss: 0.0992. [Evaluation metric]	Mode:valid, roc_auc: 0.9706; loss: 0.5579; pr_auc: 0.9670; acc: 0.8936; f1: 0.8859; 
Thu 07 Mar 2024 22:08:59 INFO  [Train Info] Epoch: 319, train loss: 0.1004. [Evaluation metric]	Mode:valid, roc_auc: 0.9699; loss: 0.5581; pr_auc: 0.9660; acc: 0.8932; f1: 0.8849; 
Thu 07 Mar 2024 22:08:59 INFO  [Train Info] Epoch: 320, train loss: 0.0951. [Evaluation metric]	Mode:valid, roc_auc: 0.9671; loss: 0.5568; pr_auc: 0.9615; acc: 0.8932; f1: 0.8867; 
Thu 07 Mar 2024 22:08:59 INFO  [Train Info] Epoch: 321, train loss: 0.0968. [Evaluation metric]	Mode:valid, roc_auc: 0.9691; loss: 0.5558; pr_auc: 0.9633; acc: 0.8957; f1: 0.8887; 
Thu 07 Mar 2024 22:09:00 INFO  [Train Info] Epoch: 322, train loss: 0.0956. [Evaluation metric]	Mode:valid, roc_auc: 0.9700; loss: 0.5594; pr_auc: 0.9673; acc: 0.8844; f1: 0.8736; 
Thu 07 Mar 2024 22:09:00 INFO  [Train Info] Epoch: 323, train loss: 0.1014. [Evaluation metric]	Mode:valid, roc_auc: 0.9703; loss: 0.5542; pr_auc: 0.9659; acc: 0.8987; f1: 0.8924; 
Thu 07 Mar 2024 22:09:00 INFO  [Train Info] Epoch: 324, train loss: 0.0936. [Evaluation metric]	Mode:valid, roc_auc: 0.9663; loss: 0.5575; pr_auc: 0.9625; acc: 0.8917; f1: 0.8848; 
Thu 07 Mar 2024 22:09:00 INFO  [Train Info] Epoch: 325, train loss: 0.0949. [Evaluation metric]	Mode:valid, roc_auc: 0.9669; loss: 0.5604; pr_auc: 0.9627; acc: 0.8865; f1: 0.8773; 
Thu 07 Mar 2024 22:09:00 INFO  [Train Info] Epoch: 326, train loss: 0.0961. [Evaluation metric]	Mode:valid, roc_auc: 0.9701; loss: 0.5550; pr_auc: 0.9659; acc: 0.8980; f1: 0.8916; 
Thu 07 Mar 2024 22:09:00 INFO  [Train Info] Epoch: 327, train loss: 0.0923. [Evaluation metric]	Mode:valid, roc_auc: 0.9710; loss: 0.5542; pr_auc: 0.9667; acc: 0.8989; f1: 0.8923; 
Thu 07 Mar 2024 22:09:00 INFO  [Train Info] Epoch: 328, train loss: 0.0915. [Evaluation metric]	Mode:valid, roc_auc: 0.9660; loss: 0.5622; pr_auc: 0.9613; acc: 0.8812; f1: 0.8699; 
Thu 07 Mar 2024 22:09:00 INFO  [Train Info] Epoch: 329, train loss: 0.1000. [Evaluation metric]	Mode:valid, roc_auc: 0.9713; loss: 0.5526; pr_auc: 0.9692; acc: 0.9021; f1: 0.8976; 
Thu 07 Mar 2024 22:09:00 INFO  [Train Info] Epoch: 330, train loss: 0.1079. [Evaluation metric]	Mode:valid, roc_auc: 0.9693; loss: 0.5564; pr_auc: 0.9644; acc: 0.8944; f1: 0.8870; 
Thu 07 Mar 2024 22:09:00 INFO  [Train Info] Epoch: 331, train loss: 0.0952. [Evaluation metric]	Mode:valid, roc_auc: 0.9655; loss: 0.5659; pr_auc: 0.9613; acc: 0.8715; f1: 0.8571; 
Thu 07 Mar 2024 22:09:00 INFO  [Train Info] Epoch: 332, train loss: 0.1083. [Evaluation metric]	Mode:valid, roc_auc: 0.9698; loss: 0.5552; pr_auc: 0.9684; acc: 0.8975; f1: 0.8945; 
Thu 07 Mar 2024 22:09:00 INFO  [Train Info] Epoch: 333, train loss: 0.1381. [Evaluation metric]	Mode:valid, roc_auc: 0.9670; loss: 0.5555; pr_auc: 0.9615; acc: 0.8972; f1: 0.8929; 
Thu 07 Mar 2024 22:09:01 INFO  [Train Info] Epoch: 334, train loss: 0.1142. [Evaluation metric]	Mode:valid, roc_auc: 0.9619; loss: 0.5774; pr_auc: 0.9557; acc: 0.8299; f1: 0.8002; 
Thu 07 Mar 2024 22:09:01 INFO  [Train Info] Epoch: 335, train loss: 0.1641. [Evaluation metric]	Mode:valid, roc_auc: 0.9686; loss: 0.5582; pr_auc: 0.9648; acc: 0.8959; f1: 0.8941; 
Thu 07 Mar 2024 22:09:01 INFO  [Train Info] Epoch: 336, train loss: 0.1717. [Evaluation metric]	Mode:valid, roc_auc: 0.9630; loss: 0.5661; pr_auc: 0.9588; acc: 0.8827; f1: 0.8827; 
Thu 07 Mar 2024 22:09:01 INFO  [Train Info] Epoch: 337, train loss: 0.1949. [Evaluation metric]	Mode:valid, roc_auc: 0.9664; loss: 0.5608; pr_auc: 0.9626; acc: 0.8882; f1: 0.8804; 
Thu 07 Mar 2024 22:09:01 INFO  [Train Info] Epoch: 338, train loss: 0.1165. [Evaluation metric]	Mode:valid, roc_auc: 0.9591; loss: 0.5806; pr_auc: 0.9531; acc: 0.8229; f1: 0.7897; 
Thu 07 Mar 2024 22:09:01 INFO  [Train Info] Epoch: 339, train loss: 0.2008. [Evaluation metric]	Mode:valid, roc_auc: 0.9560; loss: 0.5710; pr_auc: 0.9485; acc: 0.8806; f1: 0.8781; 
Thu 07 Mar 2024 22:09:01 INFO  [Train Info] Epoch: 340, train loss: 0.1792. [Evaluation metric]	Mode:valid, roc_auc: 0.9582; loss: 0.5733; pr_auc: 0.9537; acc: 0.8805; f1: 0.8801; 
Thu 07 Mar 2024 22:09:01 INFO  [Train Info] Epoch: 341, train loss: 0.2021. [Evaluation metric]	Mode:valid, roc_auc: 0.9614; loss: 0.5659; pr_auc: 0.9558; acc: 0.8878; f1: 0.8829; 
Thu 07 Mar 2024 22:09:01 INFO  [Train Info] Epoch: 342, train loss: 0.1395. [Evaluation metric]	Mode:valid, roc_auc: 0.9471; loss: 0.5790; pr_auc: 0.9412; acc: 0.8334; f1: 0.8105; 
Thu 07 Mar 2024 22:09:01 INFO  [Train Info] Epoch: 343, train loss: 0.2062. [Evaluation metric]	Mode:valid, roc_auc: 0.9640; loss: 0.5647; pr_auc: 0.9568; acc: 0.8914; f1: 0.8876; 
Thu 07 Mar 2024 22:09:01 INFO  [Train Info] Epoch: 344, train loss: 0.1473. [Evaluation metric]	Mode:valid, roc_auc: 0.9611; loss: 0.5681; pr_auc: 0.9556; acc: 0.8897; f1: 0.8865; 
Thu 07 Mar 2024 22:09:01 INFO  [Train Info] Epoch: 345, train loss: 0.1586. [Evaluation metric]	Mode:valid, roc_auc: 0.9591; loss: 0.5707; pr_auc: 0.9523; acc: 0.8813; f1: 0.8744; 
Thu 07 Mar 2024 22:09:02 INFO  [Train Info] Epoch: 346, train loss: 0.1581. [Evaluation metric]	Mode:valid, roc_auc: 0.9576; loss: 0.5718; pr_auc: 0.9532; acc: 0.8752; f1: 0.8661; 
Thu 07 Mar 2024 22:09:02 INFO  [Train Info] Epoch: 347, train loss: 0.1566. [Evaluation metric]	Mode:valid, roc_auc: 0.9606; loss: 0.5679; pr_auc: 0.9549; acc: 0.8813; f1: 0.8748; 
Thu 07 Mar 2024 22:09:02 INFO  [Train Info] Epoch: 348, train loss: 0.1539. [Evaluation metric]	Mode:valid, roc_auc: 0.9645; loss: 0.5654; pr_auc: 0.9612; acc: 0.8886; f1: 0.8825; 
Thu 07 Mar 2024 22:09:02 INFO  [Train Info] Epoch: 349, train loss: 0.1440. [Evaluation metric]	Mode:valid, roc_auc: 0.9635; loss: 0.5666; pr_auc: 0.9581; acc: 0.8838; f1: 0.8767; 
Thu 07 Mar 2024 22:09:02 INFO  [Train Info] [Evaluation metric]	Mode:test, roc_auc: 0.9682; loss: 0.5544; pr_auc: 0.9631; acc: 0.8982; f1: 0.8934; 
