Thu 07 Mar 2024 22:02:09 INFO  [Config Info]	Model: HPN,	Task: node_classification,	Dataset: PPI_graph
Thu 07 Mar 2024 22:02:09 INFO  [Dataset Process] Split train into train/valid with the ratio of 8:2 
Thu 07 Mar 2024 22:02:10 INFO  [NC Specific] Modify the out_dim with num_classes
Thu 07 Mar 2024 22:02:11 INFO  [Feature Transformation] Assign embedding as features, because hg.ndata is empty.
Thu 07 Mar 2024 22:02:13 INFO  [Train Info] Epoch: 0, Train loss: 0.6963, Valid loss: 0.6666. [Evaluation metric]	Mode:train, Macro_f1: 0.0362; Micro_f1: 0.0652; 	Mode:valid, Macro_f1: 0.0303; Micro_f1: 0.0602; 	Mode:test, Macro_f1: 0.0327; Micro_f1: 0.0597; 
Thu 07 Mar 2024 22:02:13 INFO  [Train Info] Epoch: 1, Train loss: 0.6668, Valid loss: 0.6388. [Evaluation metric]	Mode:train, Macro_f1: 0.0258; Micro_f1: 0.0579; 	Mode:valid, Macro_f1: 0.0226; Micro_f1: 0.0542; 	Mode:test, Macro_f1: 0.0233; Micro_f1: 0.0507; 
Thu 07 Mar 2024 22:02:13 INFO  [Train Info] Epoch: 2, Train loss: 0.6394, Valid loss: 0.6119. [Evaluation metric]	Mode:train, Macro_f1: 0.0181; Micro_f1: 0.0472; 	Mode:valid, Macro_f1: 0.0144; Micro_f1: 0.0381; 	Mode:test, Macro_f1: 0.0144; Micro_f1: 0.0465; 
Thu 07 Mar 2024 22:02:13 INFO  [Train Info] Epoch: 3, Train loss: 0.6128, Valid loss: 0.5851. [Evaluation metric]	Mode:train, Macro_f1: 0.0099; Micro_f1: 0.0385; 	Mode:valid, Macro_f1: 0.0104; Micro_f1: 0.0315; 	Mode:test, Macro_f1: 0.0098; Micro_f1: 0.0375; 
Thu 07 Mar 2024 22:02:13 INFO  [Train Info] Epoch: 4, Train loss: 0.5863, Valid loss: 0.5580. [Evaluation metric]	Mode:train, Macro_f1: 0.0056; Micro_f1: 0.0236; 	Mode:valid, Macro_f1: 0.0034; Micro_f1: 0.0201; 	Mode:test, Macro_f1: 0.0046; Micro_f1: 0.0247; 
Thu 07 Mar 2024 22:02:13 INFO  [Train Info] Epoch: 5, Train loss: 0.5595, Valid loss: 0.5306. [Evaluation metric]	Mode:train, Macro_f1: 0.0026; Micro_f1: 0.0089; 	Mode:valid, Macro_f1: 0.0032; Micro_f1: 0.0069; 	Mode:test, Macro_f1: 0.0032; Micro_f1: 0.0108; 
Thu 07 Mar 2024 22:02:13 INFO  [Train Info] Epoch: 6, Train loss: 0.5323, Valid loss: 0.5029. [Evaluation metric]	Mode:train, Macro_f1: 0.0010; Micro_f1: 0.0018; 	Mode:valid, Macro_f1: 0.0013; Micro_f1: 0.0019; 	Mode:test, Macro_f1: 0.0007; Micro_f1: 0.0015; 
Thu 07 Mar 2024 22:02:14 INFO  [Train Info] Epoch: 7, Train loss: 0.5047, Valid loss: 0.4750. [Evaluation metric]	Mode:train, Macro_f1: 0.0007; Micro_f1: 0.0009; 	Mode:valid, Macro_f1: 0.0013; Micro_f1: 0.0019; 	Mode:test, Macro_f1: 0.0000; Micro_f1: 0.0000; 
Thu 07 Mar 2024 22:02:14 INFO  [Train Info] Epoch: 8, Train loss: 0.4768, Valid loss: 0.4473. [Evaluation metric]	Mode:train, Macro_f1: 0.0000; Micro_f1: 0.0000; 	Mode:valid, Macro_f1: 0.0000; Micro_f1: 0.0000; 	Mode:test, Macro_f1: 0.0000; Micro_f1: 0.0000; 
Thu 07 Mar 2024 22:02:14 INFO  [Train Info] Epoch: 9, Train loss: 0.4491, Valid loss: 0.4199. [Evaluation metric]	Mode:train, Macro_f1: 0.0000; Micro_f1: 0.0000; 	Mode:valid, Macro_f1: 0.0000; Micro_f1: 0.0000; 	Mode:test, Macro_f1: 0.0000; Micro_f1: 0.0000; 
Thu 07 Mar 2024 22:02:14 INFO  [Train Info] Epoch: 10, Train loss: 0.4217, Valid loss: 0.3932. [Evaluation metric]	Mode:train, Macro_f1: 0.0000; Micro_f1: 0.0000; 	Mode:valid, Macro_f1: 0.0000; Micro_f1: 0.0000; 	Mode:test, Macro_f1: 0.0000; Micro_f1: 0.0000; 
Thu 07 Mar 2024 22:02:14 INFO  [Train Info] Epoch: 11, Train loss: 0.3949, Valid loss: 0.3676. [Evaluation metric]	Mode:train, Macro_f1: 0.0000; Micro_f1: 0.0000; 	Mode:valid, Macro_f1: 0.0000; Micro_f1: 0.0000; 	Mode:test, Macro_f1: 0.0000; Micro_f1: 0.0000; 
Thu 07 Mar 2024 22:02:14 INFO  [Train Info] Epoch: 12, Train loss: 0.3692, Valid loss: 0.3434. [Evaluation metric]	Mode:train, Macro_f1: 0.0000; Micro_f1: 0.0000; 	Mode:valid, Macro_f1: 0.0000; Micro_f1: 0.0000; 	Mode:test, Macro_f1: 0.0000; Micro_f1: 0.0000; 
Thu 07 Mar 2024 22:02:14 INFO  [Train Info] Epoch: 13, Train loss: 0.3449, Valid loss: 0.3208. [Evaluation metric]	Mode:train, Macro_f1: 0.0000; Micro_f1: 0.0000; 	Mode:valid, Macro_f1: 0.0000; Micro_f1: 0.0000; 	Mode:test, Macro_f1: 0.0000; Micro_f1: 0.0000; 
Thu 07 Mar 2024 22:02:14 INFO  [Train Info] Epoch: 14, Train loss: 0.3222, Valid loss: 0.3000. [Evaluation metric]	Mode:train, Macro_f1: 0.0000; Micro_f1: 0.0000; 	Mode:valid, Macro_f1: 0.0000; Micro_f1: 0.0000; 	Mode:test, Macro_f1: 0.0000; Micro_f1: 0.0000; 
Thu 07 Mar 2024 22:02:14 INFO  [Train Info] Epoch: 15, Train loss: 0.3013, Valid loss: 0.2813. [Evaluation metric]	Mode:train, Macro_f1: 0.0000; Micro_f1: 0.0000; 	Mode:valid, Macro_f1: 0.0000; Micro_f1: 0.0000; 	Mode:test, Macro_f1: 0.0000; Micro_f1: 0.0000; 
Thu 07 Mar 2024 22:02:14 INFO  [Train Info] Epoch: 16, Train loss: 0.2824, Valid loss: 0.2646. [Evaluation metric]	Mode:train, Macro_f1: 0.0000; Micro_f1: 0.0000; 	Mode:valid, Macro_f1: 0.0000; Micro_f1: 0.0000; 	Mode:test, Macro_f1: 0.0000; Micro_f1: 0.0000; 
Thu 07 Mar 2024 22:02:14 INFO  [Train Info] Epoch: 17, Train loss: 0.2656, Valid loss: 0.2499. [Evaluation metric]	Mode:train, Macro_f1: 0.0000; Micro_f1: 0.0000; 	Mode:valid, Macro_f1: 0.0000; Micro_f1: 0.0000; 	Mode:test, Macro_f1: 0.0000; Micro_f1: 0.0000; 
Thu 07 Mar 2024 22:02:14 INFO  [Train Info] Epoch: 18, Train loss: 0.2509, Valid loss: 0.2373. [Evaluation metric]	Mode:train, Macro_f1: 0.0000; Micro_f1: 0.0000; 	Mode:valid, Macro_f1: 0.0000; Micro_f1: 0.0000; 	Mode:test, Macro_f1: 0.0000; Micro_f1: 0.0000; 
Thu 07 Mar 2024 22:02:15 INFO  [Train Info] Epoch: 19, Train loss: 0.2382, Valid loss: 0.2267. [Evaluation metric]	Mode:train, Macro_f1: 0.0000; Micro_f1: 0.0000; 	Mode:valid, Macro_f1: 0.0000; Micro_f1: 0.0000; 	Mode:test, Macro_f1: 0.0000; Micro_f1: 0.0000; 
Thu 07 Mar 2024 22:02:15 INFO  [Train Info] Epoch: 20, Train loss: 0.2274, Valid loss: 0.2178. [Evaluation metric]	Mode:train, Macro_f1: 0.0000; Micro_f1: 0.0000; 	Mode:valid, Macro_f1: 0.0000; Micro_f1: 0.0000; 	Mode:test, Macro_f1: 0.0000; Micro_f1: 0.0000; 
Thu 07 Mar 2024 22:02:15 INFO  [Train Info] Epoch: 21, Train loss: 0.2185, Valid loss: 0.2105. [Evaluation metric]	Mode:train, Macro_f1: 0.0000; Micro_f1: 0.0000; 	Mode:valid, Macro_f1: 0.0000; Micro_f1: 0.0000; 	Mode:test, Macro_f1: 0.0000; Micro_f1: 0.0000; 
Thu 07 Mar 2024 22:02:15 INFO  [Train Info] Epoch: 22, Train loss: 0.2111, Valid loss: 0.2046. [Evaluation metric]	Mode:train, Macro_f1: 0.0000; Micro_f1: 0.0000; 	Mode:valid, Macro_f1: 0.0000; Micro_f1: 0.0000; 	Mode:test, Macro_f1: 0.0000; Micro_f1: 0.0000; 
Thu 07 Mar 2024 22:02:15 INFO  [Train Info] Epoch: 23, Train loss: 0.2052, Valid loss: 0.2000. [Evaluation metric]	Mode:train, Macro_f1: 0.0000; Micro_f1: 0.0000; 	Mode:valid, Macro_f1: 0.0000; Micro_f1: 0.0000; 	Mode:test, Macro_f1: 0.0000; Micro_f1: 0.0000; 
Thu 07 Mar 2024 22:02:15 INFO  [Train Info] Epoch: 24, Train loss: 0.2004, Valid loss: 0.1963. [Evaluation metric]	Mode:train, Macro_f1: 0.0000; Micro_f1: 0.0000; 	Mode:valid, Macro_f1: 0.0000; Micro_f1: 0.0000; 	Mode:test, Macro_f1: 0.0000; Micro_f1: 0.0000; 
Thu 07 Mar 2024 22:02:15 INFO  [Train Info] Epoch: 25, Train loss: 0.1967, Valid loss: 0.1935. [Evaluation metric]	Mode:train, Macro_f1: 0.0000; Micro_f1: 0.0000; 	Mode:valid, Macro_f1: 0.0000; Micro_f1: 0.0000; 	Mode:test, Macro_f1: 0.0000; Micro_f1: 0.0000; 
Thu 07 Mar 2024 22:02:15 INFO  [Train Info] Epoch: 26, Train loss: 0.1939, Valid loss: 0.1914. [Evaluation metric]	Mode:train, Macro_f1: 0.0000; Micro_f1: 0.0000; 	Mode:valid, Macro_f1: 0.0000; Micro_f1: 0.0000; 	Mode:test, Macro_f1: 0.0000; Micro_f1: 0.0000; 
Thu 07 Mar 2024 22:02:15 INFO  [Train Info] Epoch: 27, Train loss: 0.1917, Valid loss: 0.1898. [Evaluation metric]	Mode:train, Macro_f1: 0.0000; Micro_f1: 0.0000; 	Mode:valid, Macro_f1: 0.0000; Micro_f1: 0.0000; 	Mode:test, Macro_f1: 0.0000; Micro_f1: 0.0000; 
Thu 07 Mar 2024 22:02:15 INFO  [Train Info] Epoch: 28, Train loss: 0.1900, Valid loss: 0.1886. [Evaluation metric]	Mode:train, Macro_f1: 0.0000; Micro_f1: 0.0000; 	Mode:valid, Macro_f1: 0.0000; Micro_f1: 0.0000; 	Mode:test, Macro_f1: 0.0000; Micro_f1: 0.0000; 
Thu 07 Mar 2024 22:02:16 INFO  [Train Info] Epoch: 29, Train loss: 0.1888, Valid loss: 0.1877. [Evaluation metric]	Mode:train, Macro_f1: 0.0000; Micro_f1: 0.0000; 	Mode:valid, Macro_f1: 0.0000; Micro_f1: 0.0000; 	Mode:test, Macro_f1: 0.0000; Micro_f1: 0.0000; 
Thu 07 Mar 2024 22:02:16 INFO  [Train Info] Epoch: 30, Train loss: 0.1878, Valid loss: 0.1870. [Evaluation metric]	Mode:train, Macro_f1: 0.0000; Micro_f1: 0.0000; 	Mode:valid, Macro_f1: 0.0000; Micro_f1: 0.0000; 	Mode:test, Macro_f1: 0.0000; Micro_f1: 0.0000; 
Thu 07 Mar 2024 22:02:16 INFO  [Train Info] Epoch: 31, Train loss: 0.1871, Valid loss: 0.1865. [Evaluation metric]	Mode:train, Macro_f1: 0.0000; Micro_f1: 0.0000; 	Mode:valid, Macro_f1: 0.0000; Micro_f1: 0.0000; 	Mode:test, Macro_f1: 0.0000; Micro_f1: 0.0000; 
Thu 07 Mar 2024 22:02:16 INFO  [Train Info] Epoch: 32, Train loss: 0.1865, Valid loss: 0.1861. [Evaluation metric]	Mode:train, Macro_f1: 0.0000; Micro_f1: 0.0000; 	Mode:valid, Macro_f1: 0.0000; Micro_f1: 0.0000; 	Mode:test, Macro_f1: 0.0000; Micro_f1: 0.0000; 
Thu 07 Mar 2024 22:02:16 INFO  [Train Info] Epoch: 33, Train loss: 0.1861, Valid loss: 0.1858. [Evaluation metric]	Mode:train, Macro_f1: 0.0000; Micro_f1: 0.0000; 	Mode:valid, Macro_f1: 0.0000; Micro_f1: 0.0000; 	Mode:test, Macro_f1: 0.0000; Micro_f1: 0.0000; 
Thu 07 Mar 2024 22:02:16 INFO  [Train Info] Epoch: 34, Train loss: 0.1857, Valid loss: 0.1855. [Evaluation metric]	Mode:train, Macro_f1: 0.0000; Micro_f1: 0.0000; 	Mode:valid, Macro_f1: 0.0000; Micro_f1: 0.0000; 	Mode:test, Macro_f1: 0.0000; Micro_f1: 0.0000; 
Thu 07 Mar 2024 22:02:16 INFO  [Train Info] Epoch: 35, Train loss: 0.1854, Valid loss: 0.1853. [Evaluation metric]	Mode:train, Macro_f1: 0.0000; Micro_f1: 0.0000; 	Mode:valid, Macro_f1: 0.0000; Micro_f1: 0.0000; 	Mode:test, Macro_f1: 0.0000; Micro_f1: 0.0000; 
Thu 07 Mar 2024 22:02:16 INFO  [Train Info] Epoch: 36, Train loss: 0.1852, Valid loss: 0.1852. [Evaluation metric]	Mode:train, Macro_f1: 0.0000; Micro_f1: 0.0000; 	Mode:valid, Macro_f1: 0.0000; Micro_f1: 0.0000; 	Mode:test, Macro_f1: 0.0000; Micro_f1: 0.0000; 
Thu 07 Mar 2024 22:02:16 INFO  [Train Info] Epoch: 37, Train loss: 0.1850, Valid loss: 0.1851. [Evaluation metric]	Mode:train, Macro_f1: 0.0000; Micro_f1: 0.0000; 	Mode:valid, Macro_f1: 0.0000; Micro_f1: 0.0000; 	Mode:test, Macro_f1: 0.0000; Micro_f1: 0.0000; 
Thu 07 Mar 2024 22:02:17 INFO  [Train Info] Epoch: 38, Train loss: 0.1849, Valid loss: 0.1851. [Evaluation metric]	Mode:train, Macro_f1: 0.0000; Micro_f1: 0.0000; 	Mode:valid, Macro_f1: 0.0000; Micro_f1: 0.0000; 	Mode:test, Macro_f1: 0.0000; Micro_f1: 0.0000; 
Thu 07 Mar 2024 22:02:17 INFO  [Train Info] Epoch: 39, Train loss: 0.1848, Valid loss: 0.1851. [Evaluation metric]	Mode:train, Macro_f1: 0.0000; Micro_f1: 0.0000; 	Mode:valid, Macro_f1: 0.0000; Micro_f1: 0.0000; 	Mode:test, Macro_f1: 0.0000; Micro_f1: 0.0000; 
Thu 07 Mar 2024 22:02:17 INFO  [Train Info] Epoch: 40, Train loss: 0.1848, Valid loss: 0.1852. [Evaluation metric]	Mode:train, Macro_f1: 0.0000; Micro_f1: 0.0000; 	Mode:valid, Macro_f1: 0.0000; Micro_f1: 0.0000; 	Mode:test, Macro_f1: 0.0000; Micro_f1: 0.0000; 
Thu 07 Mar 2024 22:02:17 INFO  [Train Info] Epoch: 41, Train loss: 0.1848, Valid loss: 0.1853. [Evaluation metric]	Mode:train, Macro_f1: 0.0000; Micro_f1: 0.0000; 	Mode:valid, Macro_f1: 0.0000; Micro_f1: 0.0000; 	Mode:test, Macro_f1: 0.0000; Micro_f1: 0.0000; 
Thu 07 Mar 2024 22:02:17 INFO  [Train Info] Epoch: 42, Train loss: 0.1850, Valid loss: 0.1856. [Evaluation metric]	Mode:train, Macro_f1: 0.0000; Micro_f1: 0.0000; 	Mode:valid, Macro_f1: 0.0000; Micro_f1: 0.0000; 	Mode:test, Macro_f1: 0.0000; Micro_f1: 0.0000; 
Thu 07 Mar 2024 22:02:17 INFO  [Train Info] Epoch: 43, Train loss: 0.1852, Valid loss: 0.1859. [Evaluation metric]	Mode:train, Macro_f1: 0.0000; Micro_f1: 0.0000; 	Mode:valid, Macro_f1: 0.0000; Micro_f1: 0.0000; 	Mode:test, Macro_f1: 0.0000; Micro_f1: 0.0000; 
Thu 07 Mar 2024 22:02:17 INFO  [Train Info] Epoch: 44, Train loss: 0.1855, Valid loss: 0.1863. [Evaluation metric]	Mode:train, Macro_f1: 0.0000; Micro_f1: 0.0000; 	Mode:valid, Macro_f1: 0.0000; Micro_f1: 0.0000; 	Mode:test, Macro_f1: 0.0000; Micro_f1: 0.0000; 
Thu 07 Mar 2024 22:02:17 INFO  [Train Info] Epoch: 45, Train loss: 0.1858, Valid loss: 0.1867. [Evaluation metric]	Mode:train, Macro_f1: 0.0000; Micro_f1: 0.0000; 	Mode:valid, Macro_f1: 0.0000; Micro_f1: 0.0000; 	Mode:test, Macro_f1: 0.0000; Micro_f1: 0.0000; 
Thu 07 Mar 2024 22:02:17 INFO  [Train Info] Epoch: 46, Train loss: 0.1862, Valid loss: 0.1872. [Evaluation metric]	Mode:train, Macro_f1: 0.0000; Micro_f1: 0.0000; 	Mode:valid, Macro_f1: 0.0000; Micro_f1: 0.0000; 	Mode:test, Macro_f1: 0.0000; Micro_f1: 0.0000; 
Thu 07 Mar 2024 22:02:17 INFO  [Train Info] Epoch: 47, Train loss: 0.1867, Valid loss: 0.1878. [Evaluation metric]	Mode:train, Macro_f1: 0.0000; Micro_f1: 0.0000; 	Mode:valid, Macro_f1: 0.0000; Micro_f1: 0.0000; 	Mode:test, Macro_f1: 0.0000; Micro_f1: 0.0000; 
Thu 07 Mar 2024 22:02:17 INFO  [Train Info] Epoch: 48, Train loss: 0.1872, Valid loss: 0.1884. [Evaluation metric]	Mode:train, Macro_f1: 0.0000; Micro_f1: 0.0000; 	Mode:valid, Macro_f1: 0.0000; Micro_f1: 0.0000; 	Mode:test, Macro_f1: 0.0000; Micro_f1: 0.0000; 
Thu 07 Mar 2024 22:02:17 INFO  [Train Info] Epoch: 49, Train loss: 0.1878, Valid loss: 0.1890. [Evaluation metric]	Mode:train, Macro_f1: 0.0000; Micro_f1: 0.0000; 	Mode:valid, Macro_f1: 0.0000; Micro_f1: 0.0000; 	Mode:test, Macro_f1: 0.0000; Micro_f1: 0.0000; 
Thu 07 Mar 2024 22:02:18 INFO  [Train Info] Epoch: 50, Train loss: 0.1884, Valid loss: 0.1896. [Evaluation metric]	Mode:train, Macro_f1: 0.0000; Micro_f1: 0.0000; 	Mode:valid, Macro_f1: 0.0000; Micro_f1: 0.0000; 	Mode:test, Macro_f1: 0.0000; Micro_f1: 0.0000; 
Thu 07 Mar 2024 22:02:18 INFO  [Train Info] Epoch: 51, Train loss: 0.1890, Valid loss: 0.1902. [Evaluation metric]	Mode:train, Macro_f1: 0.0000; Micro_f1: 0.0000; 	Mode:valid, Macro_f1: 0.0000; Micro_f1: 0.0000; 	Mode:test, Macro_f1: 0.0000; Micro_f1: 0.0000; 
Thu 07 Mar 2024 22:02:18 INFO  [Train Info] Epoch: 52, Train loss: 0.1896, Valid loss: 0.1908. [Evaluation metric]	Mode:train, Macro_f1: 0.0000; Micro_f1: 0.0000; 	Mode:valid, Macro_f1: 0.0000; Micro_f1: 0.0000; 	Mode:test, Macro_f1: 0.0000; Micro_f1: 0.0000; 
Thu 07 Mar 2024 22:02:18 INFO  [Train Info] Epoch: 53, Train loss: 0.1901, Valid loss: 0.1913. [Evaluation metric]	Mode:train, Macro_f1: 0.0000; Micro_f1: 0.0000; 	Mode:valid, Macro_f1: 0.0000; Micro_f1: 0.0000; 	Mode:test, Macro_f1: 0.0000; Micro_f1: 0.0000; 
Thu 07 Mar 2024 22:02:18 INFO  [Train Info] Epoch: 54, Train loss: 0.1907, Valid loss: 0.1918. [Evaluation metric]	Mode:train, Macro_f1: 0.0000; Micro_f1: 0.0000; 	Mode:valid, Macro_f1: 0.0000; Micro_f1: 0.0000; 	Mode:test, Macro_f1: 0.0000; Micro_f1: 0.0000; 
Thu 07 Mar 2024 22:02:18 INFO  [Train Info] Epoch: 55, Train loss: 0.1911, Valid loss: 0.1923. [Evaluation metric]	Mode:train, Macro_f1: 0.0000; Micro_f1: 0.0000; 	Mode:valid, Macro_f1: 0.0000; Micro_f1: 0.0000; 	Mode:test, Macro_f1: 0.0000; Micro_f1: 0.0000; 
Thu 07 Mar 2024 22:02:18 INFO  [Train Info] Epoch: 56, Train loss: 0.1915, Valid loss: 0.1926. [Evaluation metric]	Mode:train, Macro_f1: 0.0000; Micro_f1: 0.0000; 	Mode:valid, Macro_f1: 0.0000; Micro_f1: 0.0000; 	Mode:test, Macro_f1: 0.0000; Micro_f1: 0.0000; 
Thu 07 Mar 2024 22:02:18 INFO  [Train Info] Epoch: 57, Train loss: 0.1919, Valid loss: 0.1929. [Evaluation metric]	Mode:train, Macro_f1: 0.0000; Micro_f1: 0.0000; 	Mode:valid, Macro_f1: 0.0000; Micro_f1: 0.0000; 	Mode:test, Macro_f1: 0.0000; Micro_f1: 0.0000; 
Thu 07 Mar 2024 22:02:18 INFO  [Train Info] Epoch: 58, Train loss: 0.1922, Valid loss: 0.1931. [Evaluation metric]	Mode:train, Macro_f1: 0.0000; Micro_f1: 0.0000; 	Mode:valid, Macro_f1: 0.0000; Micro_f1: 0.0000; 	Mode:test, Macro_f1: 0.0000; Micro_f1: 0.0000; 
Thu 07 Mar 2024 22:02:18 INFO  [Train Info] Epoch: 59, Train loss: 0.1923, Valid loss: 0.1933. [Evaluation metric]	Mode:train, Macro_f1: 0.0000; Micro_f1: 0.0000; 	Mode:valid, Macro_f1: 0.0000; Micro_f1: 0.0000; 	Mode:test, Macro_f1: 0.0000; Micro_f1: 0.0000; 
Thu 07 Mar 2024 22:02:18 INFO  [Train Info] Epoch: 60, Train loss: 0.1925, Valid loss: 0.1934. [Evaluation metric]	Mode:train, Macro_f1: 0.0000; Micro_f1: 0.0000; 	Mode:valid, Macro_f1: 0.0000; Micro_f1: 0.0000; 	Mode:test, Macro_f1: 0.0000; Micro_f1: 0.0000; 
Thu 07 Mar 2024 22:02:18 INFO  [Train Info] Epoch: 61, Train loss: 0.1925, Valid loss: 0.1933. [Evaluation metric]	Mode:train, Macro_f1: 0.0000; Micro_f1: 0.0000; 	Mode:valid, Macro_f1: 0.0000; Micro_f1: 0.0000; 	Mode:test, Macro_f1: 0.0000; Micro_f1: 0.0000; 
Thu 07 Mar 2024 22:02:18 INFO  [Train Info] Epoch: 62, Train loss: 0.1925, Valid loss: 0.1933. [Evaluation metric]	Mode:train, Macro_f1: 0.0000; Micro_f1: 0.0000; 	Mode:valid, Macro_f1: 0.0000; Micro_f1: 0.0000; 	Mode:test, Macro_f1: 0.0000; Micro_f1: 0.0000; 
Thu 07 Mar 2024 22:02:19 INFO  [Train Info] Epoch: 63, Train loss: 0.1924, Valid loss: 0.1931. [Evaluation metric]	Mode:train, Macro_f1: 0.0000; Micro_f1: 0.0000; 	Mode:valid, Macro_f1: 0.0000; Micro_f1: 0.0000; 	Mode:test, Macro_f1: 0.0000; Micro_f1: 0.0000; 
Thu 07 Mar 2024 22:02:19 INFO  [Train Info] Epoch: 64, Train loss: 0.1922, Valid loss: 0.1930. [Evaluation metric]	Mode:train, Macro_f1: 0.0000; Micro_f1: 0.0000; 	Mode:valid, Macro_f1: 0.0000; Micro_f1: 0.0000; 	Mode:test, Macro_f1: 0.0000; Micro_f1: 0.0000; 
Thu 07 Mar 2024 22:02:19 INFO  [Train Info] Epoch: 65, Train loss: 0.1920, Valid loss: 0.1927. [Evaluation metric]	Mode:train, Macro_f1: 0.0000; Micro_f1: 0.0000; 	Mode:valid, Macro_f1: 0.0000; Micro_f1: 0.0000; 	Mode:test, Macro_f1: 0.0000; Micro_f1: 0.0000; 
Thu 07 Mar 2024 22:02:19 INFO  [Train Info] Epoch: 66, Train loss: 0.1917, Valid loss: 0.1925. [Evaluation metric]	Mode:train, Macro_f1: 0.0000; Micro_f1: 0.0000; 	Mode:valid, Macro_f1: 0.0000; Micro_f1: 0.0000; 	Mode:test, Macro_f1: 0.0000; Micro_f1: 0.0000; 
Thu 07 Mar 2024 22:02:19 INFO  [Train Info] Epoch: 67, Train loss: 0.1914, Valid loss: 0.1922. [Evaluation metric]	Mode:train, Macro_f1: 0.0000; Micro_f1: 0.0000; 	Mode:valid, Macro_f1: 0.0000; Micro_f1: 0.0000; 	Mode:test, Macro_f1: 0.0000; Micro_f1: 0.0000; 
Thu 07 Mar 2024 22:02:19 INFO  [Train Info] Epoch: 68, Train loss: 0.1911, Valid loss: 0.1918. [Evaluation metric]	Mode:train, Macro_f1: 0.0000; Micro_f1: 0.0000; 	Mode:valid, Macro_f1: 0.0000; Micro_f1: 0.0000; 	Mode:test, Macro_f1: 0.0000; Micro_f1: 0.0000; 
Thu 07 Mar 2024 22:02:19 INFO  [Train Info] Epoch: 69, Train loss: 0.1907, Valid loss: 0.1915. [Evaluation metric]	Mode:train, Macro_f1: 0.0000; Micro_f1: 0.0000; 	Mode:valid, Macro_f1: 0.0000; Micro_f1: 0.0000; 	Mode:test, Macro_f1: 0.0000; Micro_f1: 0.0000; 
Thu 07 Mar 2024 22:02:19 INFO  [Train Info] Epoch: 70, Train loss: 0.1904, Valid loss: 0.1912. [Evaluation metric]	Mode:train, Macro_f1: 0.0000; Micro_f1: 0.0000; 	Mode:valid, Macro_f1: 0.0000; Micro_f1: 0.0000; 	Mode:test, Macro_f1: 0.0000; Micro_f1: 0.0000; 
Thu 07 Mar 2024 22:02:19 INFO  [Train Info] Epoch: 71, Train loss: 0.1900, Valid loss: 0.1908. [Evaluation metric]	Mode:train, Macro_f1: 0.0000; Micro_f1: 0.0000; 	Mode:valid, Macro_f1: 0.0000; Micro_f1: 0.0000; 	Mode:test, Macro_f1: 0.0000; Micro_f1: 0.0000; 
Thu 07 Mar 2024 22:02:19 INFO  [Train Info] Epoch: 72, Train loss: 0.1896, Valid loss: 0.1905. [Evaluation metric]	Mode:train, Macro_f1: 0.0000; Micro_f1: 0.0000; 	Mode:valid, Macro_f1: 0.0000; Micro_f1: 0.0000; 	Mode:test, Macro_f1: 0.0000; Micro_f1: 0.0000; 
Thu 07 Mar 2024 22:02:19 INFO  [Train Info] Epoch: 73, Train loss: 0.1893, Valid loss: 0.1902. [Evaluation metric]	Mode:train, Macro_f1: 0.0000; Micro_f1: 0.0000; 	Mode:valid, Macro_f1: 0.0000; Micro_f1: 0.0000; 	Mode:test, Macro_f1: 0.0000; Micro_f1: 0.0000; 
Thu 07 Mar 2024 22:02:20 INFO  [Train Info] Epoch: 74, Train loss: 0.1889, Valid loss: 0.1899. [Evaluation metric]	Mode:train, Macro_f1: 0.0000; Micro_f1: 0.0000; 	Mode:valid, Macro_f1: 0.0000; Micro_f1: 0.0000; 	Mode:test, Macro_f1: 0.0000; Micro_f1: 0.0000; 
Thu 07 Mar 2024 22:02:20 INFO  [Train Info] Epoch: 75, Train loss: 0.1886, Valid loss: 0.1896. [Evaluation metric]	Mode:train, Macro_f1: 0.0000; Micro_f1: 0.0000; 	Mode:valid, Macro_f1: 0.0000; Micro_f1: 0.0000; 	Mode:test, Macro_f1: 0.0000; Micro_f1: 0.0000; 
Thu 07 Mar 2024 22:02:20 INFO  [Train Info] Epoch: 76, Train loss: 0.1883, Valid loss: 0.1893. [Evaluation metric]	Mode:train, Macro_f1: 0.0000; Micro_f1: 0.0000; 	Mode:valid, Macro_f1: 0.0000; Micro_f1: 0.0000; 	Mode:test, Macro_f1: 0.0000; Micro_f1: 0.0000; 
Thu 07 Mar 2024 22:02:20 INFO  [Train Info] Epoch: 77, Train loss: 0.1880, Valid loss: 0.1890. [Evaluation metric]	Mode:train, Macro_f1: 0.0000; Micro_f1: 0.0000; 	Mode:valid, Macro_f1: 0.0000; Micro_f1: 0.0000; 	Mode:test, Macro_f1: 0.0000; Micro_f1: 0.0000; 
Thu 07 Mar 2024 22:02:20 INFO  [Train Info] Epoch: 78, Train loss: 0.1877, Valid loss: 0.1888. [Evaluation metric]	Mode:train, Macro_f1: 0.0000; Micro_f1: 0.0000; 	Mode:valid, Macro_f1: 0.0000; Micro_f1: 0.0000; 	Mode:test, Macro_f1: 0.0000; Micro_f1: 0.0000; 
Thu 07 Mar 2024 22:02:20 INFO  [Train Info] Epoch: 79, Train loss: 0.1875, Valid loss: 0.1886. [Evaluation metric]	Mode:train, Macro_f1: 0.0000; Micro_f1: 0.0000; 	Mode:valid, Macro_f1: 0.0000; Micro_f1: 0.0000; 	Mode:test, Macro_f1: 0.0000; Micro_f1: 0.0000; 
Thu 07 Mar 2024 22:02:20 INFO  [Train Info] Epoch: 80, Train loss: 0.1873, Valid loss: 0.1884. [Evaluation metric]	Mode:train, Macro_f1: 0.0000; Micro_f1: 0.0000; 	Mode:valid, Macro_f1: 0.0000; Micro_f1: 0.0000; 	Mode:test, Macro_f1: 0.0000; Micro_f1: 0.0000; 
Thu 07 Mar 2024 22:02:20 INFO  [Train Info] Epoch: 81, Train loss: 0.1871, Valid loss: 0.1882. [Evaluation metric]	Mode:train, Macro_f1: 0.0000; Micro_f1: 0.0000; 	Mode:valid, Macro_f1: 0.0000; Micro_f1: 0.0000; 	Mode:test, Macro_f1: 0.0000; Micro_f1: 0.0000; 
Thu 07 Mar 2024 22:02:20 INFO  [Train Info] Epoch: 82, Train loss: 0.1869, Valid loss: 0.1881. [Evaluation metric]	Mode:train, Macro_f1: 0.0000; Micro_f1: 0.0000; 	Mode:valid, Macro_f1: 0.0000; Micro_f1: 0.0000; 	Mode:test, Macro_f1: 0.0000; Micro_f1: 0.0000; 
Thu 07 Mar 2024 22:02:20 INFO  [Train Info] Epoch: 83, Train loss: 0.1867, Valid loss: 0.1879. [Evaluation metric]	Mode:train, Macro_f1: 0.0000; Micro_f1: 0.0000; 	Mode:valid, Macro_f1: 0.0000; Micro_f1: 0.0000; 	Mode:test, Macro_f1: 0.0000; Micro_f1: 0.0000; 
Thu 07 Mar 2024 22:02:20 INFO  [Train Info] Epoch: 84, Train loss: 0.1866, Valid loss: 0.1878. [Evaluation metric]	Mode:train, Macro_f1: 0.0000; Micro_f1: 0.0000; 	Mode:valid, Macro_f1: 0.0000; Micro_f1: 0.0000; 	Mode:test, Macro_f1: 0.0000; Micro_f1: 0.0000; 
Thu 07 Mar 2024 22:02:20 INFO  [Train Info] Epoch: 85, Train loss: 0.1864, Valid loss: 0.1877. [Evaluation metric]	Mode:train, Macro_f1: 0.0000; Micro_f1: 0.0000; 	Mode:valid, Macro_f1: 0.0000; Micro_f1: 0.0000; 	Mode:test, Macro_f1: 0.0000; Micro_f1: 0.0000; 
Thu 07 Mar 2024 22:02:21 INFO  [Train Info] Epoch: 86, Train loss: 0.1863, Valid loss: 0.1876. [Evaluation metric]	Mode:train, Macro_f1: 0.0000; Micro_f1: 0.0000; 	Mode:valid, Macro_f1: 0.0000; Micro_f1: 0.0000; 	Mode:test, Macro_f1: 0.0000; Micro_f1: 0.0000; 
Thu 07 Mar 2024 22:02:21 INFO  [Train Info] Epoch: 87, Train loss: 0.1862, Valid loss: 0.1875. [Evaluation metric]	Mode:train, Macro_f1: 0.0000; Micro_f1: 0.0000; 	Mode:valid, Macro_f1: 0.0000; Micro_f1: 0.0000; 	Mode:test, Macro_f1: 0.0000; Micro_f1: 0.0000; 
Thu 07 Mar 2024 22:02:21 INFO  [Train Info] Epoch: 88, Train loss: 0.1861, Valid loss: 0.1874. [Evaluation metric]	Mode:train, Macro_f1: 0.0000; Micro_f1: 0.0000; 	Mode:valid, Macro_f1: 0.0000; Micro_f1: 0.0000; 	Mode:test, Macro_f1: 0.0000; Micro_f1: 0.0000; 
Thu 07 Mar 2024 22:02:21 INFO  [Train Info] Epoch: 89, Train loss: 0.1861, Valid loss: 0.1874. [Evaluation metric]	Mode:train, Macro_f1: 0.0000; Micro_f1: 0.0000; 	Mode:valid, Macro_f1: 0.0000; Micro_f1: 0.0000; 	Mode:test, Macro_f1: 0.0000; Micro_f1: 0.0000; 
Thu 07 Mar 2024 22:02:21 INFO  [Train Info] Epoch: 90, Train loss: 0.1860, Valid loss: 0.1873. [Evaluation metric]	Mode:train, Macro_f1: 0.0000; Micro_f1: 0.0000; 	Mode:valid, Macro_f1: 0.0000; Micro_f1: 0.0000; 	Mode:test, Macro_f1: 0.0000; Micro_f1: 0.0000; 
Thu 07 Mar 2024 22:02:21 INFO  [Train Info] Epoch: 91, Train loss: 0.1860, Valid loss: 0.1873. [Evaluation metric]	Mode:train, Macro_f1: 0.0000; Micro_f1: 0.0000; 	Mode:valid, Macro_f1: 0.0000; Micro_f1: 0.0000; 	Mode:test, Macro_f1: 0.0000; Micro_f1: 0.0000; 
Thu 07 Mar 2024 22:02:21 INFO  [Train Info] Epoch: 92, Train loss: 0.1859, Valid loss: 0.1872. [Evaluation metric]	Mode:train, Macro_f1: 0.0000; Micro_f1: 0.0000; 	Mode:valid, Macro_f1: 0.0000; Micro_f1: 0.0000; 	Mode:test, Macro_f1: 0.0000; Micro_f1: 0.0000; 
Thu 07 Mar 2024 22:02:21 INFO  [Train Info] Epoch: 93, Train loss: 0.1859, Valid loss: 0.1872. [Evaluation metric]	Mode:train, Macro_f1: 0.0000; Micro_f1: 0.0000; 	Mode:valid, Macro_f1: 0.0000; Micro_f1: 0.0000; 	Mode:test, Macro_f1: 0.0000; Micro_f1: 0.0000; 
Thu 07 Mar 2024 22:02:21 INFO  [Train Info] Epoch: 94, Train loss: 0.1859, Valid loss: 0.1871. [Evaluation metric]	Mode:train, Macro_f1: 0.0000; Micro_f1: 0.0000; 	Mode:valid, Macro_f1: 0.0000; Micro_f1: 0.0000; 	Mode:test, Macro_f1: 0.0000; Micro_f1: 0.0000; 
Thu 07 Mar 2024 22:02:21 INFO  [Train Info] Epoch: 95, Train loss: 0.1858, Valid loss: 0.1871. [Evaluation metric]	Mode:train, Macro_f1: 0.0000; Micro_f1: 0.0000; 	Mode:valid, Macro_f1: 0.0000; Micro_f1: 0.0000; 	Mode:test, Macro_f1: 0.0000; Micro_f1: 0.0000; 
Thu 07 Mar 2024 22:02:21 INFO  [Train Info] Epoch: 96, Train loss: 0.1858, Valid loss: 0.1870. [Evaluation metric]	Mode:train, Macro_f1: 0.0000; Micro_f1: 0.0000; 	Mode:valid, Macro_f1: 0.0000; Micro_f1: 0.0000; 	Mode:test, Macro_f1: 0.0000; Micro_f1: 0.0000; 
Thu 07 Mar 2024 22:02:21 INFO  [Train Info] Epoch: 97, Train loss: 0.1858, Valid loss: 0.1870. [Evaluation metric]	Mode:train, Macro_f1: 0.0000; Micro_f1: 0.0000; 	Mode:valid, Macro_f1: 0.0000; Micro_f1: 0.0000; 	Mode:test, Macro_f1: 0.0000; Micro_f1: 0.0000; 
Thu 07 Mar 2024 22:02:22 INFO  [Train Info] Epoch: 98, Train loss: 0.1857, Valid loss: 0.1869. [Evaluation metric]	Mode:train, Macro_f1: 0.0000; Micro_f1: 0.0000; 	Mode:valid, Macro_f1: 0.0000; Micro_f1: 0.0000; 	Mode:test, Macro_f1: 0.0000; Micro_f1: 0.0000; 
Thu 07 Mar 2024 22:02:22 INFO  [Train Info] Epoch: 99, Train loss: 0.1857, Valid loss: 0.1868. [Evaluation metric]	Mode:train, Macro_f1: 0.0000; Micro_f1: 0.0000; 	Mode:valid, Macro_f1: 0.0000; Micro_f1: 0.0000; 	Mode:test, Macro_f1: 0.0000; Micro_f1: 0.0000; 
Thu 07 Mar 2024 22:02:22 INFO  [Train Info] Epoch: 100, Train loss: 0.1857, Valid loss: 0.1868. [Evaluation metric]	Mode:train, Macro_f1: 0.0000; Micro_f1: 0.0000; 	Mode:valid, Macro_f1: 0.0000; Micro_f1: 0.0000; 	Mode:test, Macro_f1: 0.0000; Micro_f1: 0.0000; 
Thu 07 Mar 2024 22:02:22 INFO  [Train Info] Epoch: 101, Train loss: 0.1856, Valid loss: 0.1867. [Evaluation metric]	Mode:train, Macro_f1: 0.0000; Micro_f1: 0.0000; 	Mode:valid, Macro_f1: 0.0000; Micro_f1: 0.0000; 	Mode:test, Macro_f1: 0.0000; Micro_f1: 0.0000; 
Thu 07 Mar 2024 22:02:22 INFO  [Train Info] Epoch: 102, Train loss: 0.1856, Valid loss: 0.1866. [Evaluation metric]	Mode:train, Macro_f1: 0.0000; Micro_f1: 0.0000; 	Mode:valid, Macro_f1: 0.0000; Micro_f1: 0.0000; 	Mode:test, Macro_f1: 0.0000; Micro_f1: 0.0000; 
Thu 07 Mar 2024 22:02:22 INFO  [Train Info] Epoch: 103, Train loss: 0.1855, Valid loss: 0.1865. [Evaluation metric]	Mode:train, Macro_f1: 0.0000; Micro_f1: 0.0000; 	Mode:valid, Macro_f1: 0.0000; Micro_f1: 0.0000; 	Mode:test, Macro_f1: 0.0000; Micro_f1: 0.0000; 
Thu 07 Mar 2024 22:02:22 INFO  [Train Info] Epoch: 104, Train loss: 0.1855, Valid loss: 0.1865. [Evaluation metric]	Mode:train, Macro_f1: 0.0000; Micro_f1: 0.0000; 	Mode:valid, Macro_f1: 0.0000; Micro_f1: 0.0000; 	Mode:test, Macro_f1: 0.0000; Micro_f1: 0.0000; 
Thu 07 Mar 2024 22:02:22 INFO  [Train Info] Epoch: 105, Train loss: 0.1854, Valid loss: 0.1864. [Evaluation metric]	Mode:train, Macro_f1: 0.0000; Micro_f1: 0.0000; 	Mode:valid, Macro_f1: 0.0000; Micro_f1: 0.0000; 	Mode:test, Macro_f1: 0.0000; Micro_f1: 0.0000; 
Thu 07 Mar 2024 22:02:22 INFO  [Train Info] Epoch: 106, Train loss: 0.1853, Valid loss: 0.1863. [Evaluation metric]	Mode:train, Macro_f1: 0.0000; Micro_f1: 0.0000; 	Mode:valid, Macro_f1: 0.0000; Micro_f1: 0.0000; 	Mode:test, Macro_f1: 0.0000; Micro_f1: 0.0000; 
Thu 07 Mar 2024 22:02:22 INFO  [Train Info] Epoch: 107, Train loss: 0.1852, Valid loss: 0.1862. [Evaluation metric]	Mode:train, Macro_f1: 0.0000; Micro_f1: 0.0000; 	Mode:valid, Macro_f1: 0.0000; Micro_f1: 0.0000; 	Mode:test, Macro_f1: 0.0000; Micro_f1: 0.0000; 
Thu 07 Mar 2024 22:02:22 INFO  [Train Info] Epoch: 108, Train loss: 0.1852, Valid loss: 0.1860. [Evaluation metric]	Mode:train, Macro_f1: 0.0000; Micro_f1: 0.0000; 	Mode:valid, Macro_f1: 0.0000; Micro_f1: 0.0000; 	Mode:test, Macro_f1: 0.0000; Micro_f1: 0.0000; 
Thu 07 Mar 2024 22:02:22 INFO  [Train Info] Epoch: 109, Train loss: 0.1851, Valid loss: 0.1859. [Evaluation metric]	Mode:train, Macro_f1: 0.0000; Micro_f1: 0.0000; 	Mode:valid, Macro_f1: 0.0000; Micro_f1: 0.0000; 	Mode:test, Macro_f1: 0.0000; Micro_f1: 0.0000; 
Thu 07 Mar 2024 22:02:23 INFO  [Train Info] Epoch: 110, Train loss: 0.1850, Valid loss: 0.1858. [Evaluation metric]	Mode:train, Macro_f1: 0.0000; Micro_f1: 0.0000; 	Mode:valid, Macro_f1: 0.0000; Micro_f1: 0.0000; 	Mode:test, Macro_f1: 0.0000; Micro_f1: 0.0000; 
Thu 07 Mar 2024 22:02:23 INFO  [Train Info] Epoch: 111, Train loss: 0.1849, Valid loss: 0.1857. [Evaluation metric]	Mode:train, Macro_f1: 0.0000; Micro_f1: 0.0000; 	Mode:valid, Macro_f1: 0.0000; Micro_f1: 0.0000; 	Mode:test, Macro_f1: 0.0000; Micro_f1: 0.0000; 
Thu 07 Mar 2024 22:02:23 INFO  [Train Info] Epoch: 112, Train loss: 0.1848, Valid loss: 0.1855. [Evaluation metric]	Mode:train, Macro_f1: 0.0000; Micro_f1: 0.0000; 	Mode:valid, Macro_f1: 0.0000; Micro_f1: 0.0000; 	Mode:test, Macro_f1: 0.0000; Micro_f1: 0.0000; 
Thu 07 Mar 2024 22:02:23 INFO  [Train Info] Epoch: 113, Train loss: 0.1847, Valid loss: 0.1854. [Evaluation metric]	Mode:train, Macro_f1: 0.0000; Micro_f1: 0.0000; 	Mode:valid, Macro_f1: 0.0000; Micro_f1: 0.0000; 	Mode:test, Macro_f1: 0.0000; Micro_f1: 0.0000; 
Thu 07 Mar 2024 22:02:23 INFO  [Train Info] Epoch: 114, Train loss: 0.1845, Valid loss: 0.1853. [Evaluation metric]	Mode:train, Macro_f1: 0.0000; Micro_f1: 0.0000; 	Mode:valid, Macro_f1: 0.0000; Micro_f1: 0.0000; 	Mode:test, Macro_f1: 0.0000; Micro_f1: 0.0000; 
Thu 07 Mar 2024 22:02:23 INFO  [Train Info] Epoch: 115, Train loss: 0.1844, Valid loss: 0.1851. [Evaluation metric]	Mode:train, Macro_f1: 0.0000; Micro_f1: 0.0000; 	Mode:valid, Macro_f1: 0.0000; Micro_f1: 0.0000; 	Mode:test, Macro_f1: 0.0000; Micro_f1: 0.0000; 
Thu 07 Mar 2024 22:02:23 INFO  [Train Info] Epoch: 116, Train loss: 0.1843, Valid loss: 0.1850. [Evaluation metric]	Mode:train, Macro_f1: 0.0000; Micro_f1: 0.0000; 	Mode:valid, Macro_f1: 0.0000; Micro_f1: 0.0000; 	Mode:test, Macro_f1: 0.0000; Micro_f1: 0.0000; 
Thu 07 Mar 2024 22:02:23 INFO  [Train Info] Epoch: 117, Train loss: 0.1842, Valid loss: 0.1848. [Evaluation metric]	Mode:train, Macro_f1: 0.0000; Micro_f1: 0.0000; 	Mode:valid, Macro_f1: 0.0000; Micro_f1: 0.0000; 	Mode:test, Macro_f1: 0.0000; Micro_f1: 0.0000; 
Thu 07 Mar 2024 22:02:23 INFO  [Train Info] Epoch: 118, Train loss: 0.1841, Valid loss: 0.1846. [Evaluation metric]	Mode:train, Macro_f1: 0.0000; Micro_f1: 0.0000; 	Mode:valid, Macro_f1: 0.0000; Micro_f1: 0.0000; 	Mode:test, Macro_f1: 0.0000; Micro_f1: 0.0000; 
Thu 07 Mar 2024 22:02:23 INFO  [Train Info] Epoch: 119, Train loss: 0.1839, Valid loss: 0.1845. [Evaluation metric]	Mode:train, Macro_f1: 0.0000; Micro_f1: 0.0000; 	Mode:valid, Macro_f1: 0.0000; Micro_f1: 0.0000; 	Mode:test, Macro_f1: 0.0000; Micro_f1: 0.0000; 
Thu 07 Mar 2024 22:02:23 INFO  [Train Info] Epoch: 120, Train loss: 0.1838, Valid loss: 0.1843. [Evaluation metric]	Mode:train, Macro_f1: 0.0000; Micro_f1: 0.0000; 	Mode:valid, Macro_f1: 0.0000; Micro_f1: 0.0000; 	Mode:test, Macro_f1: 0.0000; Micro_f1: 0.0000; 
Thu 07 Mar 2024 22:02:24 INFO  [Train Info] Epoch: 121, Train loss: 0.1837, Valid loss: 0.1842. [Evaluation metric]	Mode:train, Macro_f1: 0.0000; Micro_f1: 0.0000; 	Mode:valid, Macro_f1: 0.0000; Micro_f1: 0.0000; 	Mode:test, Macro_f1: 0.0000; Micro_f1: 0.0000; 
Thu 07 Mar 2024 22:02:24 INFO  [Train Info] Epoch: 122, Train loss: 0.1835, Valid loss: 0.1840. [Evaluation metric]	Mode:train, Macro_f1: 0.0000; Micro_f1: 0.0000; 	Mode:valid, Macro_f1: 0.0000; Micro_f1: 0.0000; 	Mode:test, Macro_f1: 0.0000; Micro_f1: 0.0000; 
Thu 07 Mar 2024 22:02:24 INFO  [Train Info] Epoch: 123, Train loss: 0.1834, Valid loss: 0.1838. [Evaluation metric]	Mode:train, Macro_f1: 0.0000; Micro_f1: 0.0000; 	Mode:valid, Macro_f1: 0.0000; Micro_f1: 0.0000; 	Mode:test, Macro_f1: 0.0000; Micro_f1: 0.0000; 
Thu 07 Mar 2024 22:02:24 INFO  [Train Info] Epoch: 124, Train loss: 0.1833, Valid loss: 0.1837. [Evaluation metric]	Mode:train, Macro_f1: 0.0000; Micro_f1: 0.0000; 	Mode:valid, Macro_f1: 0.0000; Micro_f1: 0.0000; 	Mode:test, Macro_f1: 0.0000; Micro_f1: 0.0000; 
Thu 07 Mar 2024 22:02:24 INFO  [Train Info] Epoch: 125, Train loss: 0.1831, Valid loss: 0.1835. [Evaluation metric]	Mode:train, Macro_f1: 0.0000; Micro_f1: 0.0000; 	Mode:valid, Macro_f1: 0.0000; Micro_f1: 0.0000; 	Mode:test, Macro_f1: 0.0000; Micro_f1: 0.0000; 
Thu 07 Mar 2024 22:02:24 INFO  [Train Info] Epoch: 126, Train loss: 0.1830, Valid loss: 0.1833. [Evaluation metric]	Mode:train, Macro_f1: 0.0000; Micro_f1: 0.0000; 	Mode:valid, Macro_f1: 0.0000; Micro_f1: 0.0000; 	Mode:test, Macro_f1: 0.0000; Micro_f1: 0.0000; 
Thu 07 Mar 2024 22:02:24 INFO  [Train Info] Epoch: 127, Train loss: 0.1829, Valid loss: 0.1831. [Evaluation metric]	Mode:train, Macro_f1: 0.0000; Micro_f1: 0.0000; 	Mode:valid, Macro_f1: 0.0000; Micro_f1: 0.0000; 	Mode:test, Macro_f1: 0.0000; Micro_f1: 0.0000; 
Thu 07 Mar 2024 22:02:24 INFO  [Train Info] Epoch: 128, Train loss: 0.1827, Valid loss: 0.1830. [Evaluation metric]	Mode:train, Macro_f1: 0.0000; Micro_f1: 0.0000; 	Mode:valid, Macro_f1: 0.0000; Micro_f1: 0.0000; 	Mode:test, Macro_f1: 0.0000; Micro_f1: 0.0000; 
Thu 07 Mar 2024 22:02:24 INFO  [Train Info] Epoch: 129, Train loss: 0.1826, Valid loss: 0.1828. [Evaluation metric]	Mode:train, Macro_f1: 0.0000; Micro_f1: 0.0000; 	Mode:valid, Macro_f1: 0.0000; Micro_f1: 0.0000; 	Mode:test, Macro_f1: 0.0000; Micro_f1: 0.0000; 
Thu 07 Mar 2024 22:02:24 INFO  [Train Info] Epoch: 130, Train loss: 0.1825, Valid loss: 0.1826. [Evaluation metric]	Mode:train, Macro_f1: 0.0000; Micro_f1: 0.0000; 	Mode:valid, Macro_f1: 0.0000; Micro_f1: 0.0000; 	Mode:test, Macro_f1: 0.0000; Micro_f1: 0.0000; 
Thu 07 Mar 2024 22:02:24 INFO  [Train Info] Epoch: 131, Train loss: 0.1823, Valid loss: 0.1825. [Evaluation metric]	Mode:train, Macro_f1: 0.0000; Micro_f1: 0.0000; 	Mode:valid, Macro_f1: 0.0000; Micro_f1: 0.0000; 	Mode:test, Macro_f1: 0.0000; Micro_f1: 0.0000; 
Thu 07 Mar 2024 22:02:25 INFO  [Train Info] Epoch: 132, Train loss: 0.1822, Valid loss: 0.1823. [Evaluation metric]	Mode:train, Macro_f1: 0.0000; Micro_f1: 0.0000; 	Mode:valid, Macro_f1: 0.0000; Micro_f1: 0.0000; 	Mode:test, Macro_f1: 0.0000; Micro_f1: 0.0000; 
Thu 07 Mar 2024 22:02:25 INFO  [Train Info] Epoch: 133, Train loss: 0.1821, Valid loss: 0.1821. [Evaluation metric]	Mode:train, Macro_f1: 0.0000; Micro_f1: 0.0000; 	Mode:valid, Macro_f1: 0.0000; Micro_f1: 0.0000; 	Mode:test, Macro_f1: 0.0000; Micro_f1: 0.0000; 
Thu 07 Mar 2024 22:02:25 INFO  [Train Info] Epoch: 134, Train loss: 0.1819, Valid loss: 0.1820. [Evaluation metric]	Mode:train, Macro_f1: 0.0000; Micro_f1: 0.0000; 	Mode:valid, Macro_f1: 0.0000; Micro_f1: 0.0000; 	Mode:test, Macro_f1: 0.0000; Micro_f1: 0.0000; 
Thu 07 Mar 2024 22:02:25 INFO  [Train Info] Epoch: 135, Train loss: 0.1818, Valid loss: 0.1818. [Evaluation metric]	Mode:train, Macro_f1: 0.0000; Micro_f1: 0.0000; 	Mode:valid, Macro_f1: 0.0000; Micro_f1: 0.0000; 	Mode:test, Macro_f1: 0.0000; Micro_f1: 0.0000; 
Thu 07 Mar 2024 22:02:25 INFO  [Train Info] Epoch: 136, Train loss: 0.1817, Valid loss: 0.1817. [Evaluation metric]	Mode:train, Macro_f1: 0.0000; Micro_f1: 0.0000; 	Mode:valid, Macro_f1: 0.0000; Micro_f1: 0.0000; 	Mode:test, Macro_f1: 0.0000; Micro_f1: 0.0000; 
Thu 07 Mar 2024 22:02:25 INFO  [Train Info] Epoch: 137, Train loss: 0.1815, Valid loss: 0.1815. [Evaluation metric]	Mode:train, Macro_f1: 0.0000; Micro_f1: 0.0000; 	Mode:valid, Macro_f1: 0.0000; Micro_f1: 0.0000; 	Mode:test, Macro_f1: 0.0000; Micro_f1: 0.0000; 
Thu 07 Mar 2024 22:02:25 INFO  [Train Info] Epoch: 138, Train loss: 0.1814, Valid loss: 0.1814. [Evaluation metric]	Mode:train, Macro_f1: 0.0000; Micro_f1: 0.0000; 	Mode:valid, Macro_f1: 0.0000; Micro_f1: 0.0000; 	Mode:test, Macro_f1: 0.0000; Micro_f1: 0.0000; 
Thu 07 Mar 2024 22:02:25 INFO  [Train Info] Epoch: 139, Train loss: 0.1813, Valid loss: 0.1812. [Evaluation metric]	Mode:train, Macro_f1: 0.0000; Micro_f1: 0.0000; 	Mode:valid, Macro_f1: 0.0000; Micro_f1: 0.0000; 	Mode:test, Macro_f1: 0.0000; Micro_f1: 0.0000; 
Thu 07 Mar 2024 22:02:25 INFO  [Train Info] Epoch: 140, Train loss: 0.1812, Valid loss: 0.1811. [Evaluation metric]	Mode:train, Macro_f1: 0.0000; Micro_f1: 0.0000; 	Mode:valid, Macro_f1: 0.0000; Micro_f1: 0.0000; 	Mode:test, Macro_f1: 0.0000; Micro_f1: 0.0000; 
Thu 07 Mar 2024 22:02:25 INFO  [Train Info] Epoch: 141, Train loss: 0.1811, Valid loss: 0.1809. [Evaluation metric]	Mode:train, Macro_f1: 0.0000; Micro_f1: 0.0000; 	Mode:valid, Macro_f1: 0.0000; Micro_f1: 0.0000; 	Mode:test, Macro_f1: 0.0000; Micro_f1: 0.0000; 
Thu 07 Mar 2024 22:02:26 INFO  [Train Info] Epoch: 142, Train loss: 0.1810, Valid loss: 0.1808. [Evaluation metric]	Mode:train, Macro_f1: 0.0000; Micro_f1: 0.0000; 	Mode:valid, Macro_f1: 0.0000; Micro_f1: 0.0000; 	Mode:test, Macro_f1: 0.0000; Micro_f1: 0.0000; 
Thu 07 Mar 2024 22:02:26 INFO  [Train Info] Epoch: 143, Train loss: 0.1809, Valid loss: 0.1807. [Evaluation metric]	Mode:train, Macro_f1: 0.0000; Micro_f1: 0.0000; 	Mode:valid, Macro_f1: 0.0000; Micro_f1: 0.0000; 	Mode:test, Macro_f1: 0.0000; Micro_f1: 0.0000; 
Thu 07 Mar 2024 22:02:26 INFO  [Train Info] Epoch: 144, Train loss: 0.1808, Valid loss: 0.1806. [Evaluation metric]	Mode:train, Macro_f1: 0.0000; Micro_f1: 0.0000; 	Mode:valid, Macro_f1: 0.0000; Micro_f1: 0.0000; 	Mode:test, Macro_f1: 0.0000; Micro_f1: 0.0000; 
Thu 07 Mar 2024 22:02:26 INFO  [Train Info] Epoch: 145, Train loss: 0.1807, Valid loss: 0.1804. [Evaluation metric]	Mode:train, Macro_f1: 0.0000; Micro_f1: 0.0000; 	Mode:valid, Macro_f1: 0.0000; Micro_f1: 0.0000; 	Mode:test, Macro_f1: 0.0000; Micro_f1: 0.0000; 
Thu 07 Mar 2024 22:02:26 INFO  [Train Info] Epoch: 146, Train loss: 0.1806, Valid loss: 0.1803. [Evaluation metric]	Mode:train, Macro_f1: 0.0000; Micro_f1: 0.0000; 	Mode:valid, Macro_f1: 0.0000; Micro_f1: 0.0000; 	Mode:test, Macro_f1: 0.0000; Micro_f1: 0.0000; 
Thu 07 Mar 2024 22:02:26 INFO  [Train Info] Epoch: 147, Train loss: 0.1805, Valid loss: 0.1802. [Evaluation metric]	Mode:train, Macro_f1: 0.0000; Micro_f1: 0.0000; 	Mode:valid, Macro_f1: 0.0000; Micro_f1: 0.0000; 	Mode:test, Macro_f1: 0.0000; Micro_f1: 0.0000; 
Thu 07 Mar 2024 22:02:26 INFO  [Train Info] Epoch: 148, Train loss: 0.1804, Valid loss: 0.1801. [Evaluation metric]	Mode:train, Macro_f1: 0.0000; Micro_f1: 0.0000; 	Mode:valid, Macro_f1: 0.0000; Micro_f1: 0.0000; 	Mode:test, Macro_f1: 0.0000; Micro_f1: 0.0000; 
Thu 07 Mar 2024 22:02:26 INFO  [Train Info] Epoch: 149, Train loss: 0.1803, Valid loss: 0.1800. [Evaluation metric]	Mode:train, Macro_f1: 0.0000; Micro_f1: 0.0000; 	Mode:valid, Macro_f1: 0.0000; Micro_f1: 0.0000; 	Mode:test, Macro_f1: 0.0000; Micro_f1: 0.0000; 
Thu 07 Mar 2024 22:02:26 INFO  [Train Info] Epoch: 150, Train loss: 0.1802, Valid loss: 0.1799. [Evaluation metric]	Mode:train, Macro_f1: 0.0000; Micro_f1: 0.0000; 	Mode:valid, Macro_f1: 0.0000; Micro_f1: 0.0000; 	Mode:test, Macro_f1: 0.0000; Micro_f1: 0.0000; 
Thu 07 Mar 2024 22:02:26 INFO  [Train Info] Epoch: 151, Train loss: 0.1802, Valid loss: 0.1799. [Evaluation metric]	Mode:train, Macro_f1: 0.0000; Micro_f1: 0.0000; 	Mode:valid, Macro_f1: 0.0000; Micro_f1: 0.0000; 	Mode:test, Macro_f1: 0.0000; Micro_f1: 0.0000; 
Thu 07 Mar 2024 22:02:26 INFO  [Train Info] Epoch: 152, Train loss: 0.1801, Valid loss: 0.1798. [Evaluation metric]	Mode:train, Macro_f1: 0.0000; Micro_f1: 0.0000; 	Mode:valid, Macro_f1: 0.0000; Micro_f1: 0.0000; 	Mode:test, Macro_f1: 0.0000; Micro_f1: 0.0000; 
Thu 07 Mar 2024 22:02:26 INFO  [Train Info] Epoch: 153, Train loss: 0.1800, Valid loss: 0.1797. [Evaluation metric]	Mode:train, Macro_f1: 0.0000; Micro_f1: 0.0000; 	Mode:valid, Macro_f1: 0.0000; Micro_f1: 0.0000; 	Mode:test, Macro_f1: 0.0000; Micro_f1: 0.0000; 
Thu 07 Mar 2024 22:02:27 INFO  [Train Info] Epoch: 154, Train loss: 0.1800, Valid loss: 0.1796. [Evaluation metric]	Mode:train, Macro_f1: 0.0000; Micro_f1: 0.0000; 	Mode:valid, Macro_f1: 0.0000; Micro_f1: 0.0000; 	Mode:test, Macro_f1: 0.0000; Micro_f1: 0.0000; 
Thu 07 Mar 2024 22:02:27 INFO  [Train Info] Epoch: 155, Train loss: 0.1799, Valid loss: 0.1796. [Evaluation metric]	Mode:train, Macro_f1: 0.0000; Micro_f1: 0.0000; 	Mode:valid, Macro_f1: 0.0000; Micro_f1: 0.0000; 	Mode:test, Macro_f1: 0.0000; Micro_f1: 0.0000; 
Thu 07 Mar 2024 22:02:27 INFO  [Train Info] Epoch: 156, Train loss: 0.1799, Valid loss: 0.1795. [Evaluation metric]	Mode:train, Macro_f1: 0.0000; Micro_f1: 0.0000; 	Mode:valid, Macro_f1: 0.0000; Micro_f1: 0.0000; 	Mode:test, Macro_f1: 0.0000; Micro_f1: 0.0000; 
Thu 07 Mar 2024 22:02:27 INFO  [Train Info] Epoch: 157, Train loss: 0.1798, Valid loss: 0.1794. [Evaluation metric]	Mode:train, Macro_f1: 0.0000; Micro_f1: 0.0000; 	Mode:valid, Macro_f1: 0.0000; Micro_f1: 0.0000; 	Mode:test, Macro_f1: 0.0000; Micro_f1: 0.0000; 
Thu 07 Mar 2024 22:02:27 INFO  [Train Info] Epoch: 158, Train loss: 0.1798, Valid loss: 0.1794. [Evaluation metric]	Mode:train, Macro_f1: 0.0000; Micro_f1: 0.0000; 	Mode:valid, Macro_f1: 0.0000; Micro_f1: 0.0000; 	Mode:test, Macro_f1: 0.0000; Micro_f1: 0.0000; 
Thu 07 Mar 2024 22:02:27 INFO  [Train Info] Epoch: 159, Train loss: 0.1797, Valid loss: 0.1793. [Evaluation metric]	Mode:train, Macro_f1: 0.0000; Micro_f1: 0.0000; 	Mode:valid, Macro_f1: 0.0000; Micro_f1: 0.0000; 	Mode:test, Macro_f1: 0.0000; Micro_f1: 0.0000; 
Thu 07 Mar 2024 22:02:27 INFO  [Train Info] Epoch: 160, Train loss: 0.1797, Valid loss: 0.1793. [Evaluation metric]	Mode:train, Macro_f1: 0.0000; Micro_f1: 0.0000; 	Mode:valid, Macro_f1: 0.0000; Micro_f1: 0.0000; 	Mode:test, Macro_f1: 0.0000; Micro_f1: 0.0000; 
Thu 07 Mar 2024 22:02:27 INFO  [Train Info] Epoch: 161, Train loss: 0.1797, Valid loss: 0.1792. [Evaluation metric]	Mode:train, Macro_f1: 0.0000; Micro_f1: 0.0000; 	Mode:valid, Macro_f1: 0.0000; Micro_f1: 0.0000; 	Mode:test, Macro_f1: 0.0000; Micro_f1: 0.0000; 
Thu 07 Mar 2024 22:02:27 INFO  [Train Info] Epoch: 162, Train loss: 0.1796, Valid loss: 0.1792. [Evaluation metric]	Mode:train, Macro_f1: 0.0000; Micro_f1: 0.0000; 	Mode:valid, Macro_f1: 0.0000; Micro_f1: 0.0000; 	Mode:test, Macro_f1: 0.0000; Micro_f1: 0.0000; 
Thu 07 Mar 2024 22:02:27 INFO  [Train Info] Epoch: 163, Train loss: 0.1796, Valid loss: 0.1791. [Evaluation metric]	Mode:train, Macro_f1: 0.0000; Micro_f1: 0.0000; 	Mode:valid, Macro_f1: 0.0000; Micro_f1: 0.0000; 	Mode:test, Macro_f1: 0.0000; Micro_f1: 0.0000; 
Thu 07 Mar 2024 22:02:28 INFO  [Train Info] Epoch: 164, Train loss: 0.1796, Valid loss: 0.1791. [Evaluation metric]	Mode:train, Macro_f1: 0.0000; Micro_f1: 0.0000; 	Mode:valid, Macro_f1: 0.0000; Micro_f1: 0.0000; 	Mode:test, Macro_f1: 0.0000; Micro_f1: 0.0000; 
Thu 07 Mar 2024 22:02:28 INFO  [Train Info] Epoch: 165, Train loss: 0.1795, Valid loss: 0.1790. [Evaluation metric]	Mode:train, Macro_f1: 0.0000; Micro_f1: 0.0000; 	Mode:valid, Macro_f1: 0.0000; Micro_f1: 0.0000; 	Mode:test, Macro_f1: 0.0000; Micro_f1: 0.0000; 
Thu 07 Mar 2024 22:02:28 INFO  [Train Info] Epoch: 166, Train loss: 0.1795, Valid loss: 0.1790. [Evaluation metric]	Mode:train, Macro_f1: 0.0000; Micro_f1: 0.0000; 	Mode:valid, Macro_f1: 0.0000; Micro_f1: 0.0000; 	Mode:test, Macro_f1: 0.0000; Micro_f1: 0.0000; 
Thu 07 Mar 2024 22:02:28 INFO  [Train Info] Epoch: 167, Train loss: 0.1795, Valid loss: 0.1790. [Evaluation metric]	Mode:train, Macro_f1: 0.0000; Micro_f1: 0.0000; 	Mode:valid, Macro_f1: 0.0000; Micro_f1: 0.0000; 	Mode:test, Macro_f1: 0.0000; Micro_f1: 0.0000; 
Thu 07 Mar 2024 22:02:28 INFO  [Train Info] Epoch: 168, Train loss: 0.1794, Valid loss: 0.1789. [Evaluation metric]	Mode:train, Macro_f1: 0.0000; Micro_f1: 0.0000; 	Mode:valid, Macro_f1: 0.0000; Micro_f1: 0.0000; 	Mode:test, Macro_f1: 0.0000; Micro_f1: 0.0000; 
Thu 07 Mar 2024 22:02:28 INFO  [Train Info] Epoch: 169, Train loss: 0.1794, Valid loss: 0.1789. [Evaluation metric]	Mode:train, Macro_f1: 0.0000; Micro_f1: 0.0000; 	Mode:valid, Macro_f1: 0.0000; Micro_f1: 0.0000; 	Mode:test, Macro_f1: 0.0000; Micro_f1: 0.0000; 
Thu 07 Mar 2024 22:02:28 INFO  [Train Info] Epoch: 170, Train loss: 0.1794, Valid loss: 0.1789. [Evaluation metric]	Mode:train, Macro_f1: 0.0000; Micro_f1: 0.0000; 	Mode:valid, Macro_f1: 0.0000; Micro_f1: 0.0000; 	Mode:test, Macro_f1: 0.0000; Micro_f1: 0.0000; 
Thu 07 Mar 2024 22:02:28 INFO  [Train Info] Epoch: 171, Train loss: 0.1794, Valid loss: 0.1788. [Evaluation metric]	Mode:train, Macro_f1: 0.0000; Micro_f1: 0.0000; 	Mode:valid, Macro_f1: 0.0000; Micro_f1: 0.0000; 	Mode:test, Macro_f1: 0.0000; Micro_f1: 0.0000; 
Thu 07 Mar 2024 22:02:28 INFO  [Train Info] Epoch: 172, Train loss: 0.1793, Valid loss: 0.1788. [Evaluation metric]	Mode:train, Macro_f1: 0.0000; Micro_f1: 0.0000; 	Mode:valid, Macro_f1: 0.0000; Micro_f1: 0.0000; 	Mode:test, Macro_f1: 0.0000; Micro_f1: 0.0000; 
Thu 07 Mar 2024 22:02:28 INFO  [Train Info] Epoch: 173, Train loss: 0.1793, Valid loss: 0.1788. [Evaluation metric]	Mode:train, Macro_f1: 0.0000; Micro_f1: 0.0000; 	Mode:valid, Macro_f1: 0.0000; Micro_f1: 0.0000; 	Mode:test, Macro_f1: 0.0000; Micro_f1: 0.0000; 
Thu 07 Mar 2024 22:02:28 INFO  [Train Info] Epoch: 174, Train loss: 0.1793, Valid loss: 0.1787. [Evaluation metric]	Mode:train, Macro_f1: 0.0000; Micro_f1: 0.0000; 	Mode:valid, Macro_f1: 0.0000; Micro_f1: 0.0000; 	Mode:test, Macro_f1: 0.0000; Micro_f1: 0.0000; 
Thu 07 Mar 2024 22:02:29 INFO  [Train Info] Epoch: 175, Train loss: 0.1793, Valid loss: 0.1787. [Evaluation metric]	Mode:train, Macro_f1: 0.0000; Micro_f1: 0.0000; 	Mode:valid, Macro_f1: 0.0000; Micro_f1: 0.0000; 	Mode:test, Macro_f1: 0.0000; Micro_f1: 0.0000; 
Thu 07 Mar 2024 22:02:29 INFO  [Train Info] Epoch: 176, Train loss: 0.1792, Valid loss: 0.1787. [Evaluation metric]	Mode:train, Macro_f1: 0.0000; Micro_f1: 0.0000; 	Mode:valid, Macro_f1: 0.0000; Micro_f1: 0.0000; 	Mode:test, Macro_f1: 0.0000; Micro_f1: 0.0000; 
Thu 07 Mar 2024 22:02:29 INFO  [Train Info] Epoch: 177, Train loss: 0.1792, Valid loss: 0.1786. [Evaluation metric]	Mode:train, Macro_f1: 0.0000; Micro_f1: 0.0000; 	Mode:valid, Macro_f1: 0.0000; Micro_f1: 0.0000; 	Mode:test, Macro_f1: 0.0000; Micro_f1: 0.0000; 
Thu 07 Mar 2024 22:02:29 INFO  [Train Info] Epoch: 178, Train loss: 0.1792, Valid loss: 0.1786. [Evaluation metric]	Mode:train, Macro_f1: 0.0000; Micro_f1: 0.0000; 	Mode:valid, Macro_f1: 0.0000; Micro_f1: 0.0000; 	Mode:test, Macro_f1: 0.0000; Micro_f1: 0.0000; 
Thu 07 Mar 2024 22:02:29 INFO  [Train Info] Epoch: 179, Train loss: 0.1792, Valid loss: 0.1786. [Evaluation metric]	Mode:train, Macro_f1: 0.0000; Micro_f1: 0.0000; 	Mode:valid, Macro_f1: 0.0000; Micro_f1: 0.0000; 	Mode:test, Macro_f1: 0.0000; Micro_f1: 0.0000; 
Thu 07 Mar 2024 22:02:29 INFO  [Train Info] Epoch: 180, Train loss: 0.1792, Valid loss: 0.1785. [Evaluation metric]	Mode:train, Macro_f1: 0.0000; Micro_f1: 0.0000; 	Mode:valid, Macro_f1: 0.0000; Micro_f1: 0.0000; 	Mode:test, Macro_f1: 0.0000; Micro_f1: 0.0000; 
Thu 07 Mar 2024 22:02:29 INFO  [Train Info] Epoch: 181, Train loss: 0.1791, Valid loss: 0.1785. [Evaluation metric]	Mode:train, Macro_f1: 0.0000; Micro_f1: 0.0000; 	Mode:valid, Macro_f1: 0.0000; Micro_f1: 0.0000; 	Mode:test, Macro_f1: 0.0000; Micro_f1: 0.0000; 
Thu 07 Mar 2024 22:02:29 INFO  [Train Info] Epoch: 182, Train loss: 0.1791, Valid loss: 0.1785. [Evaluation metric]	Mode:train, Macro_f1: 0.0000; Micro_f1: 0.0000; 	Mode:valid, Macro_f1: 0.0000; Micro_f1: 0.0000; 	Mode:test, Macro_f1: 0.0000; Micro_f1: 0.0000; 
Thu 07 Mar 2024 22:02:29 INFO  [Train Info] Epoch: 183, Train loss: 0.1791, Valid loss: 0.1785. [Evaluation metric]	Mode:train, Macro_f1: 0.0000; Micro_f1: 0.0000; 	Mode:valid, Macro_f1: 0.0000; Micro_f1: 0.0000; 	Mode:test, Macro_f1: 0.0000; Micro_f1: 0.0000; 
Thu 07 Mar 2024 22:02:29 INFO  [Train Info] Epoch: 184, Train loss: 0.1791, Valid loss: 0.1784. [Evaluation metric]	Mode:train, Macro_f1: 0.0000; Micro_f1: 0.0000; 	Mode:valid, Macro_f1: 0.0000; Micro_f1: 0.0000; 	Mode:test, Macro_f1: 0.0000; Micro_f1: 0.0000; 
Thu 07 Mar 2024 22:02:29 INFO  [Train Info] Epoch: 185, Train loss: 0.1790, Valid loss: 0.1784. [Evaluation metric]	Mode:train, Macro_f1: 0.0000; Micro_f1: 0.0000; 	Mode:valid, Macro_f1: 0.0000; Micro_f1: 0.0000; 	Mode:test, Macro_f1: 0.0000; Micro_f1: 0.0000; 
Thu 07 Mar 2024 22:02:30 INFO  [Train Info] Epoch: 186, Train loss: 0.1790, Valid loss: 0.1784. [Evaluation metric]	Mode:train, Macro_f1: 0.0000; Micro_f1: 0.0000; 	Mode:valid, Macro_f1: 0.0000; Micro_f1: 0.0000; 	Mode:test, Macro_f1: 0.0000; Micro_f1: 0.0000; 
Thu 07 Mar 2024 22:02:30 INFO  [Train Info] Epoch: 187, Train loss: 0.1790, Valid loss: 0.1783. [Evaluation metric]	Mode:train, Macro_f1: 0.0000; Micro_f1: 0.0000; 	Mode:valid, Macro_f1: 0.0000; Micro_f1: 0.0000; 	Mode:test, Macro_f1: 0.0000; Micro_f1: 0.0000; 
Thu 07 Mar 2024 22:02:30 INFO  [Train Info] Epoch: 188, Train loss: 0.1789, Valid loss: 0.1783. [Evaluation metric]	Mode:train, Macro_f1: 0.0000; Micro_f1: 0.0000; 	Mode:valid, Macro_f1: 0.0000; Micro_f1: 0.0000; 	Mode:test, Macro_f1: 0.0000; Micro_f1: 0.0000; 
Thu 07 Mar 2024 22:02:30 INFO  [Train Info] Epoch: 189, Train loss: 0.1789, Valid loss: 0.1783. [Evaluation metric]	Mode:train, Macro_f1: 0.0000; Micro_f1: 0.0000; 	Mode:valid, Macro_f1: 0.0000; Micro_f1: 0.0000; 	Mode:test, Macro_f1: 0.0000; Micro_f1: 0.0000; 
Thu 07 Mar 2024 22:02:30 INFO  [Train Info] Epoch: 190, Train loss: 0.1789, Valid loss: 0.1782. [Evaluation metric]	Mode:train, Macro_f1: 0.0000; Micro_f1: 0.0000; 	Mode:valid, Macro_f1: 0.0000; Micro_f1: 0.0000; 	Mode:test, Macro_f1: 0.0000; Micro_f1: 0.0000; 
Thu 07 Mar 2024 22:02:30 INFO  [Train Info] Epoch: 191, Train loss: 0.1789, Valid loss: 0.1782. [Evaluation metric]	Mode:train, Macro_f1: 0.0000; Micro_f1: 0.0000; 	Mode:valid, Macro_f1: 0.0000; Micro_f1: 0.0000; 	Mode:test, Macro_f1: 0.0000; Micro_f1: 0.0000; 
Thu 07 Mar 2024 22:02:30 INFO  [Train Info] Epoch: 192, Train loss: 0.1788, Valid loss: 0.1782. [Evaluation metric]	Mode:train, Macro_f1: 0.0000; Micro_f1: 0.0000; 	Mode:valid, Macro_f1: 0.0000; Micro_f1: 0.0000; 	Mode:test, Macro_f1: 0.0000; Micro_f1: 0.0000; 
Thu 07 Mar 2024 22:02:30 INFO  [Train Info] Epoch: 193, Train loss: 0.1788, Valid loss: 0.1782. [Evaluation metric]	Mode:train, Macro_f1: 0.0000; Micro_f1: 0.0000; 	Mode:valid, Macro_f1: 0.0000; Micro_f1: 0.0000; 	Mode:test, Macro_f1: 0.0000; Micro_f1: 0.0000; 
Thu 07 Mar 2024 22:02:30 INFO  [Train Info] Epoch: 194, Train loss: 0.1788, Valid loss: 0.1781. [Evaluation metric]	Mode:train, Macro_f1: 0.0000; Micro_f1: 0.0000; 	Mode:valid, Macro_f1: 0.0000; Micro_f1: 0.0000; 	Mode:test, Macro_f1: 0.0000; Micro_f1: 0.0000; 
Thu 07 Mar 2024 22:02:30 INFO  [Train Info] Epoch: 195, Train loss: 0.1788, Valid loss: 0.1781. [Evaluation metric]	Mode:train, Macro_f1: 0.0000; Micro_f1: 0.0000; 	Mode:valid, Macro_f1: 0.0000; Micro_f1: 0.0000; 	Mode:test, Macro_f1: 0.0000; Micro_f1: 0.0000; 
Thu 07 Mar 2024 22:02:30 INFO  [Train Info] Epoch: 196, Train loss: 0.1787, Valid loss: 0.1781. [Evaluation metric]	Mode:train, Macro_f1: 0.0000; Micro_f1: 0.0000; 	Mode:valid, Macro_f1: 0.0000; Micro_f1: 0.0000; 	Mode:test, Macro_f1: 0.0000; Micro_f1: 0.0000; 
Thu 07 Mar 2024 22:02:31 INFO  [Train Info] Epoch: 197, Train loss: 0.1787, Valid loss: 0.1780. [Evaluation metric]	Mode:train, Macro_f1: 0.0000; Micro_f1: 0.0000; 	Mode:valid, Macro_f1: 0.0000; Micro_f1: 0.0000; 	Mode:test, Macro_f1: 0.0000; Micro_f1: 0.0000; 
Thu 07 Mar 2024 22:02:31 INFO  [Train Info] Epoch: 198, Train loss: 0.1787, Valid loss: 0.1780. [Evaluation metric]	Mode:train, Macro_f1: 0.0000; Micro_f1: 0.0000; 	Mode:valid, Macro_f1: 0.0000; Micro_f1: 0.0000; 	Mode:test, Macro_f1: 0.0000; Micro_f1: 0.0000; 
Thu 07 Mar 2024 22:02:31 INFO  [Train Info] Epoch: 199, Train loss: 0.1787, Valid loss: 0.1780. [Evaluation metric]	Mode:train, Macro_f1: 0.0000; Micro_f1: 0.0000; 	Mode:valid, Macro_f1: 0.0000; Micro_f1: 0.0000; 	Mode:test, Macro_f1: 0.0000; Micro_f1: 0.0000; 
Thu 07 Mar 2024 22:02:31 INFO  [Train Info] [Test Info][Evaluation metric]	Mode:valid, Macro_f1: 0.0000; Micro_f1: 0.0000; 	Mode:test, Macro_f1: 0.0000; Micro_f1: 0.0000; 
