Thu 07 Mar 2024 22:24:17 INFO  [Config Info]	Model: HPN,	Task: link_prediction,	Dataset: NDFRT_DDA
Thu 07 Mar 2024 22:24:18 INFO  [Init Task] The task: link prediction, the dataset: NDFRT_DDA, the evaluation metric is roc_auc, the score function: distmult 
Thu 07 Mar 2024 22:24:19 INFO  [Feature Transformation] Assign embedding as features, because hg.ndata is empty.
Thu 07 Mar 2024 22:24:21 INFO  [Train Info] Epoch: 000, train loss: 0.6866. [Evaluation metric]	Mode:valid, roc_auc: 0.6711; loss: 0.7280; pr_auc: 0.6903; acc: 0.5000; f1: 0.6667; 
Thu 07 Mar 2024 22:24:21 INFO  [Train Info] Epoch: 001, train loss: 0.6819. [Evaluation metric]	Mode:valid, roc_auc: 0.6790; loss: 0.7270; pr_auc: 0.6999; acc: 0.5028; f1: 0.6669; 
Thu 07 Mar 2024 22:24:21 INFO  [Train Info] Epoch: 002, train loss: 0.6789. [Evaluation metric]	Mode:valid, roc_auc: 0.6827; loss: 0.7251; pr_auc: 0.7063; acc: 0.5076; f1: 0.6494; 
Thu 07 Mar 2024 22:24:21 INFO  [Train Info] Epoch: 003, train loss: 0.6755. [Evaluation metric]	Mode:valid, roc_auc: 0.6880; loss: 0.7234; pr_auc: 0.7095; acc: 0.5201; f1: 0.6515; 
Thu 07 Mar 2024 22:24:21 INFO  [Train Info] Epoch: 004, train loss: 0.6728. [Evaluation metric]	Mode:valid, roc_auc: 0.6846; loss: 0.7229; pr_auc: 0.7075; acc: 0.5277; f1: 0.6519; 
Thu 07 Mar 2024 22:24:22 INFO  [Train Info] Epoch: 005, train loss: 0.6688. [Evaluation metric]	Mode:valid, roc_auc: 0.6866; loss: 0.7227; pr_auc: 0.7101; acc: 0.5269; f1: 0.6520; 
Thu 07 Mar 2024 22:24:22 INFO  [Train Info] Epoch: 006, train loss: 0.6640. [Evaluation metric]	Mode:valid, roc_auc: 0.6910; loss: 0.7219; pr_auc: 0.7135; acc: 0.5367; f1: 0.6558; 
Thu 07 Mar 2024 22:24:22 INFO  [Train Info] Epoch: 007, train loss: 0.6603. [Evaluation metric]	Mode:valid, roc_auc: 0.6886; loss: 0.7203; pr_auc: 0.7050; acc: 0.5674; f1: 0.6618; 
Thu 07 Mar 2024 22:24:22 INFO  [Train Info] Epoch: 008, train loss: 0.6544. [Evaluation metric]	Mode:valid, roc_auc: 0.6943; loss: 0.7174; pr_auc: 0.7097; acc: 0.6231; f1: 0.6700; 
Thu 07 Mar 2024 22:24:22 INFO  [Train Info] Epoch: 009, train loss: 0.6500. [Evaluation metric]	Mode:valid, roc_auc: 0.6939; loss: 0.7156; pr_auc: 0.7128; acc: 0.6386; f1: 0.6652; 
Thu 07 Mar 2024 22:24:22 INFO  [Train Info] Epoch: 010, train loss: 0.6437. [Evaluation metric]	Mode:valid, roc_auc: 0.6936; loss: 0.7146; pr_auc: 0.7083; acc: 0.6271; f1: 0.6678; 
Thu 07 Mar 2024 22:24:22 INFO  [Train Info] Epoch: 011, train loss: 0.6370. [Evaluation metric]	Mode:valid, roc_auc: 0.7001; loss: 0.7115; pr_auc: 0.7138; acc: 0.6426; f1: 0.6666; 
Thu 07 Mar 2024 22:24:22 INFO  [Train Info] Epoch: 012, train loss: 0.6291. [Evaluation metric]	Mode:valid, roc_auc: 0.6960; loss: 0.7079; pr_auc: 0.7066; acc: 0.6517; f1: 0.6345; 
Thu 07 Mar 2024 22:24:22 INFO  [Train Info] Epoch: 013, train loss: 0.6229. [Evaluation metric]	Mode:valid, roc_auc: 0.7043; loss: 0.7050; pr_auc: 0.7131; acc: 0.6568; f1: 0.6517; 
Thu 07 Mar 2024 22:24:22 INFO  [Train Info] Epoch: 014, train loss: 0.6152. [Evaluation metric]	Mode:valid, roc_auc: 0.7034; loss: 0.7018; pr_auc: 0.7073; acc: 0.6572; f1: 0.6413; 
Thu 07 Mar 2024 22:24:22 INFO  [Train Info] Epoch: 015, train loss: 0.6075. [Evaluation metric]	Mode:valid, roc_auc: 0.7053; loss: 0.6967; pr_auc: 0.7100; acc: 0.6568; f1: 0.6114; 
Thu 07 Mar 2024 22:24:22 INFO  [Train Info] Epoch: 016, train loss: 0.6021. [Evaluation metric]	Mode:valid, roc_auc: 0.7077; loss: 0.6983; pr_auc: 0.7173; acc: 0.6558; f1: 0.6625; 
Thu 07 Mar 2024 22:24:23 INFO  [Train Info] Epoch: 017, train loss: 0.6029. [Evaluation metric]	Mode:valid, roc_auc: 0.6991; loss: 0.6910; pr_auc: 0.6999; acc: 0.6368; f1: 0.5291; 
Thu 07 Mar 2024 22:24:23 INFO  [Train Info] Epoch: 018, train loss: 0.6079. [Evaluation metric]	Mode:valid, roc_auc: 0.7104; loss: 0.6921; pr_auc: 0.7100; acc: 0.6652; f1: 0.6337; 
Thu 07 Mar 2024 22:24:23 INFO  [Train Info] Epoch: 019, train loss: 0.5915. [Evaluation metric]	Mode:valid, roc_auc: 0.7111; loss: 0.6954; pr_auc: 0.7235; acc: 0.6586; f1: 0.6633; 
Thu 07 Mar 2024 22:24:23 INFO  [Train Info] Epoch: 020, train loss: 0.6011. [Evaluation metric]	Mode:valid, roc_auc: 0.7060; loss: 0.6912; pr_auc: 0.7092; acc: 0.6570; f1: 0.6185; 
Thu 07 Mar 2024 22:24:23 INFO  [Train Info] Epoch: 021, train loss: 0.5892. [Evaluation metric]	Mode:valid, roc_auc: 0.7107; loss: 0.6873; pr_auc: 0.7147; acc: 0.6486; f1: 0.5557; 
Thu 07 Mar 2024 22:24:23 INFO  [Train Info] Epoch: 022, train loss: 0.5971. [Evaluation metric]	Mode:valid, roc_auc: 0.7152; loss: 0.6893; pr_auc: 0.7216; acc: 0.6659; f1: 0.6292; 
Thu 07 Mar 2024 22:24:23 INFO  [Train Info] Epoch: 023, train loss: 0.5871. [Evaluation metric]	Mode:valid, roc_auc: 0.7163; loss: 0.6923; pr_auc: 0.7265; acc: 0.6691; f1: 0.6648; 
Thu 07 Mar 2024 22:24:23 INFO  [Train Info] Epoch: 024, train loss: 0.5909. [Evaluation metric]	Mode:valid, roc_auc: 0.7177; loss: 0.6895; pr_auc: 0.7203; acc: 0.6718; f1: 0.6454; 
Thu 07 Mar 2024 22:24:23 INFO  [Train Info] Epoch: 025, train loss: 0.5821. [Evaluation metric]	Mode:valid, roc_auc: 0.7203; loss: 0.6859; pr_auc: 0.7303; acc: 0.6630; f1: 0.5906; 
Thu 07 Mar 2024 22:24:23 INFO  [Train Info] Epoch: 026, train loss: 0.5864. [Evaluation metric]	Mode:valid, roc_auc: 0.7243; loss: 0.6858; pr_auc: 0.7360; acc: 0.6717; f1: 0.6136; 
Thu 07 Mar 2024 22:24:23 INFO  [Train Info] Epoch: 027, train loss: 0.5818. [Evaluation metric]	Mode:valid, roc_auc: 0.7187; loss: 0.6902; pr_auc: 0.7223; acc: 0.6752; f1: 0.6576; 
Thu 07 Mar 2024 22:24:23 INFO  [Train Info] Epoch: 028, train loss: 0.5820. [Evaluation metric]	Mode:valid, roc_auc: 0.7220; loss: 0.6893; pr_auc: 0.7253; acc: 0.6763; f1: 0.6599; 
Thu 07 Mar 2024 22:24:23 INFO  [Train Info] Epoch: 029, train loss: 0.5807. [Evaluation metric]	Mode:valid, roc_auc: 0.7253; loss: 0.6861; pr_auc: 0.7296; acc: 0.6733; f1: 0.6233; 
Thu 07 Mar 2024 22:24:24 INFO  [Train Info] Epoch: 030, train loss: 0.5768. [Evaluation metric]	Mode:valid, roc_auc: 0.7235; loss: 0.6853; pr_auc: 0.7336; acc: 0.6678; f1: 0.6028; 
Thu 07 Mar 2024 22:24:24 INFO  [Train Info] Epoch: 031, train loss: 0.5790. [Evaluation metric]	Mode:valid, roc_auc: 0.7322; loss: 0.6853; pr_auc: 0.7366; acc: 0.6837; f1: 0.6470; 
Thu 07 Mar 2024 22:24:24 INFO  [Train Info] Epoch: 032, train loss: 0.5749. [Evaluation metric]	Mode:valid, roc_auc: 0.7281; loss: 0.6875; pr_auc: 0.7392; acc: 0.6845; f1: 0.6649; 
Thu 07 Mar 2024 22:24:24 INFO  [Train Info] Epoch: 033, train loss: 0.5762. [Evaluation metric]	Mode:valid, roc_auc: 0.7348; loss: 0.6843; pr_auc: 0.7446; acc: 0.6839; f1: 0.6486; 
Thu 07 Mar 2024 22:24:24 INFO  [Train Info] Epoch: 034, train loss: 0.5717. [Evaluation metric]	Mode:valid, roc_auc: 0.7273; loss: 0.6842; pr_auc: 0.7316; acc: 0.6717; f1: 0.6123; 
Thu 07 Mar 2024 22:24:24 INFO  [Train Info] Epoch: 035, train loss: 0.5730. [Evaluation metric]	Mode:valid, roc_auc: 0.7358; loss: 0.6829; pr_auc: 0.7395; acc: 0.6830; f1: 0.6378; 
Thu 07 Mar 2024 22:24:24 INFO  [Train Info] Epoch: 036, train loss: 0.5684. [Evaluation metric]	Mode:valid, roc_auc: 0.7350; loss: 0.6844; pr_auc: 0.7426; acc: 0.6877; f1: 0.6638; 
Thu 07 Mar 2024 22:24:24 INFO  [Train Info] Epoch: 037, train loss: 0.5702. [Evaluation metric]	Mode:valid, roc_auc: 0.7320; loss: 0.6842; pr_auc: 0.7394; acc: 0.6849; f1: 0.6555; 
Thu 07 Mar 2024 22:24:24 INFO  [Train Info] Epoch: 038, train loss: 0.5686. [Evaluation metric]	Mode:valid, roc_auc: 0.7335; loss: 0.6819; pr_auc: 0.7396; acc: 0.6804; f1: 0.6243; 
Thu 07 Mar 2024 22:24:24 INFO  [Train Info] Epoch: 039, train loss: 0.5676. [Evaluation metric]	Mode:valid, roc_auc: 0.7354; loss: 0.6815; pr_auc: 0.7350; acc: 0.6824; f1: 0.6346; 
Thu 07 Mar 2024 22:24:24 INFO  [Train Info] Epoch: 040, train loss: 0.5658. [Evaluation metric]	Mode:valid, roc_auc: 0.7341; loss: 0.6832; pr_auc: 0.7378; acc: 0.6864; f1: 0.6604; 
Thu 07 Mar 2024 22:24:24 INFO  [Train Info] Epoch: 041, train loss: 0.5648. [Evaluation metric]	Mode:valid, roc_auc: 0.7416; loss: 0.6806; pr_auc: 0.7479; acc: 0.6909; f1: 0.6583; 
Thu 07 Mar 2024 22:24:24 INFO  [Train Info] Epoch: 042, train loss: 0.5625. [Evaluation metric]	Mode:valid, roc_auc: 0.7387; loss: 0.6794; pr_auc: 0.7409; acc: 0.6796; f1: 0.6267; 
Thu 07 Mar 2024 22:24:25 INFO  [Train Info] Epoch: 043, train loss: 0.5640. [Evaluation metric]	Mode:valid, roc_auc: 0.7407; loss: 0.6791; pr_auc: 0.7439; acc: 0.6866; f1: 0.6406; 
Thu 07 Mar 2024 22:24:25 INFO  [Train Info] Epoch: 044, train loss: 0.5634. [Evaluation metric]	Mode:valid, roc_auc: 0.7390; loss: 0.6804; pr_auc: 0.7446; acc: 0.6887; f1: 0.6595; 
Thu 07 Mar 2024 22:24:25 INFO  [Train Info] Epoch: 045, train loss: 0.5607. [Evaluation metric]	Mode:valid, roc_auc: 0.7378; loss: 0.6799; pr_auc: 0.7417; acc: 0.6866; f1: 0.6516; 
Thu 07 Mar 2024 22:24:25 INFO  [Train Info] Epoch: 046, train loss: 0.5601. [Evaluation metric]	Mode:valid, roc_auc: 0.7466; loss: 0.6764; pr_auc: 0.7474; acc: 0.6856; f1: 0.6333; 
Thu 07 Mar 2024 22:24:25 INFO  [Train Info] Epoch: 047, train loss: 0.5607. [Evaluation metric]	Mode:valid, roc_auc: 0.7437; loss: 0.6776; pr_auc: 0.7408; acc: 0.6917; f1: 0.6522; 
Thu 07 Mar 2024 22:24:25 INFO  [Train Info] Epoch: 048, train loss: 0.5594. [Evaluation metric]	Mode:valid, roc_auc: 0.7462; loss: 0.6775; pr_auc: 0.7554; acc: 0.6932; f1: 0.6614; 
Thu 07 Mar 2024 22:24:25 INFO  [Train Info] Epoch: 049, train loss: 0.5574. [Evaluation metric]	Mode:valid, roc_auc: 0.7454; loss: 0.6765; pr_auc: 0.7468; acc: 0.6888; f1: 0.6457; 
Thu 07 Mar 2024 22:24:25 INFO  [Train Info] Epoch: 050, train loss: 0.5569. [Evaluation metric]	Mode:valid, roc_auc: 0.7474; loss: 0.6758; pr_auc: 0.7466; acc: 0.6916; f1: 0.6449; 
Thu 07 Mar 2024 22:24:25 INFO  [Train Info] Epoch: 051, train loss: 0.5562. [Evaluation metric]	Mode:valid, roc_auc: 0.7434; loss: 0.6774; pr_auc: 0.7428; acc: 0.6914; f1: 0.6596; 
Thu 07 Mar 2024 22:24:25 INFO  [Train Info] Epoch: 052, train loss: 0.5540. [Evaluation metric]	Mode:valid, roc_auc: 0.7450; loss: 0.6767; pr_auc: 0.7464; acc: 0.6922; f1: 0.6565; 
Thu 07 Mar 2024 22:24:25 INFO  [Train Info] Epoch: 053, train loss: 0.5544. [Evaluation metric]	Mode:valid, roc_auc: 0.7461; loss: 0.6753; pr_auc: 0.7443; acc: 0.6867; f1: 0.6391; 
Thu 07 Mar 2024 22:24:25 INFO  [Train Info] Epoch: 054, train loss: 0.5548. [Evaluation metric]	Mode:valid, roc_auc: 0.7487; loss: 0.6755; pr_auc: 0.7487; acc: 0.6934; f1: 0.6577; 
Thu 07 Mar 2024 22:24:25 INFO  [Train Info] Epoch: 055, train loss: 0.5542. [Evaluation metric]	Mode:valid, roc_auc: 0.7509; loss: 0.6748; pr_auc: 0.7474; acc: 0.6953; f1: 0.6606; 
Thu 07 Mar 2024 22:24:26 INFO  [Train Info] Epoch: 056, train loss: 0.5524. [Evaluation metric]	Mode:valid, roc_auc: 0.7534; loss: 0.6734; pr_auc: 0.7561; acc: 0.6947; f1: 0.6483; 
Thu 07 Mar 2024 22:24:26 INFO  [Train Info] Epoch: 057, train loss: 0.5507. [Evaluation metric]	Mode:valid, roc_auc: 0.7527; loss: 0.6742; pr_auc: 0.7590; acc: 0.6949; f1: 0.6602; 
Thu 07 Mar 2024 22:24:26 INFO  [Train Info] Epoch: 058, train loss: 0.5491. [Evaluation metric]	Mode:valid, roc_auc: 0.7475; loss: 0.6756; pr_auc: 0.7468; acc: 0.6947; f1: 0.6614; 
Thu 07 Mar 2024 22:24:26 INFO  [Train Info] Epoch: 059, train loss: 0.5511. [Evaluation metric]	Mode:valid, roc_auc: 0.7567; loss: 0.6722; pr_auc: 0.7583; acc: 0.6940; f1: 0.6476; 
Thu 07 Mar 2024 22:24:26 INFO  [Train Info] Epoch: 060, train loss: 0.5504. [Evaluation metric]	Mode:valid, roc_auc: 0.7526; loss: 0.6740; pr_auc: 0.7502; acc: 0.6959; f1: 0.6608; 
Thu 07 Mar 2024 22:24:26 INFO  [Train Info] Epoch: 061, train loss: 0.5520. [Evaluation metric]	Mode:valid, roc_auc: 0.7458; loss: 0.6756; pr_auc: 0.7422; acc: 0.6906; f1: 0.6547; 
Thu 07 Mar 2024 22:24:26 INFO  [Train Info] Epoch: 062, train loss: 0.5476. [Evaluation metric]	Mode:valid, roc_auc: 0.7514; loss: 0.6739; pr_auc: 0.7462; acc: 0.6931; f1: 0.6525; 
Thu 07 Mar 2024 22:24:26 INFO  [Train Info] Epoch: 063, train loss: 0.5479. [Evaluation metric]	Mode:valid, roc_auc: 0.7590; loss: 0.6721; pr_auc: 0.7593; acc: 0.6988; f1: 0.6624; 
Thu 07 Mar 2024 22:24:26 INFO  [Train Info] Epoch: 064, train loss: 0.5478. [Evaluation metric]	Mode:valid, roc_auc: 0.7543; loss: 0.6731; pr_auc: 0.7474; acc: 0.6927; f1: 0.6555; 
Thu 07 Mar 2024 22:24:26 INFO  [Train Info] Epoch: 065, train loss: 0.5472. [Evaluation metric]	Mode:valid, roc_auc: 0.7511; loss: 0.6739; pr_auc: 0.7519; acc: 0.6926; f1: 0.6549; 
Thu 07 Mar 2024 22:24:26 INFO  [Train Info] Epoch: 066, train loss: 0.5488. [Evaluation metric]	Mode:valid, roc_auc: 0.7549; loss: 0.6728; pr_auc: 0.7524; acc: 0.6941; f1: 0.6574; 
Thu 07 Mar 2024 22:24:26 INFO  [Train Info] Epoch: 067, train loss: 0.5487. [Evaluation metric]	Mode:valid, roc_auc: 0.7539; loss: 0.6731; pr_auc: 0.7509; acc: 0.6938; f1: 0.6565; 
Thu 07 Mar 2024 22:24:27 INFO  [Train Info] Epoch: 068, train loss: 0.5475. [Evaluation metric]	Mode:valid, roc_auc: 0.7547; loss: 0.6729; pr_auc: 0.7570; acc: 0.6939; f1: 0.6580; 
Thu 07 Mar 2024 22:24:27 INFO  [Train Info] Epoch: 069, train loss: 0.5460. [Evaluation metric]	Mode:valid, roc_auc: 0.7537; loss: 0.6732; pr_auc: 0.7520; acc: 0.6950; f1: 0.6599; 
Thu 07 Mar 2024 22:24:27 INFO  [Train Info] Epoch: 070, train loss: 0.5465. [Evaluation metric]	Mode:valid, roc_auc: 0.7559; loss: 0.6725; pr_auc: 0.7493; acc: 0.6947; f1: 0.6565; 
Thu 07 Mar 2024 22:24:27 INFO  [Train Info] Epoch: 071, train loss: 0.5457. [Evaluation metric]	Mode:valid, roc_auc: 0.7571; loss: 0.6725; pr_auc: 0.7518; acc: 0.6944; f1: 0.6624; 
Thu 07 Mar 2024 22:24:27 INFO  [Train Info] Epoch: 072, train loss: 0.5443. [Evaluation metric]	Mode:valid, roc_auc: 0.7566; loss: 0.6722; pr_auc: 0.7518; acc: 0.6935; f1: 0.6556; 
Thu 07 Mar 2024 22:24:27 INFO  [Train Info] Epoch: 073, train loss: 0.5442. [Evaluation metric]	Mode:valid, roc_auc: 0.7562; loss: 0.6727; pr_auc: 0.7495; acc: 0.6966; f1: 0.6634; 
Thu 07 Mar 2024 22:24:27 INFO  [Train Info] Epoch: 074, train loss: 0.5414. [Evaluation metric]	Mode:valid, roc_auc: 0.7591; loss: 0.6721; pr_auc: 0.7576; acc: 0.6992; f1: 0.6672; 
Thu 07 Mar 2024 22:24:27 INFO  [Train Info] Epoch: 075, train loss: 0.5442. [Evaluation metric]	Mode:valid, roc_auc: 0.7626; loss: 0.6704; pr_auc: 0.7539; acc: 0.6970; f1: 0.6549; 
Thu 07 Mar 2024 22:24:27 INFO  [Train Info] Epoch: 076, train loss: 0.5433. [Evaluation metric]	Mode:valid, roc_auc: 0.7576; loss: 0.6728; pr_auc: 0.7482; acc: 0.6991; f1: 0.6737; 
Thu 07 Mar 2024 22:24:27 INFO  [Train Info] Epoch: 077, train loss: 0.5430. [Evaluation metric]	Mode:valid, roc_auc: 0.7603; loss: 0.6709; pr_auc: 0.7487; acc: 0.6947; f1: 0.6512; 
Thu 07 Mar 2024 22:24:27 INFO  [Train Info] Epoch: 078, train loss: 0.5422. [Evaluation metric]	Mode:valid, roc_auc: 0.7625; loss: 0.6715; pr_auc: 0.7576; acc: 0.7042; f1: 0.6787; 
Thu 07 Mar 2024 22:24:27 INFO  [Train Info] Epoch: 079, train loss: 0.5392. [Evaluation metric]	Mode:valid, roc_auc: 0.7619; loss: 0.6708; pr_auc: 0.7535; acc: 0.6985; f1: 0.6616; 
Thu 07 Mar 2024 22:24:27 INFO  [Train Info] Epoch: 080, train loss: 0.5404. [Evaluation metric]	Mode:valid, roc_auc: 0.7600; loss: 0.6714; pr_auc: 0.7525; acc: 0.6984; f1: 0.6634; 
Thu 07 Mar 2024 22:24:27 INFO  [Train Info] Epoch: 081, train loss: 0.5395. [Evaluation metric]	Mode:valid, roc_auc: 0.7669; loss: 0.6702; pr_auc: 0.7641; acc: 0.7061; f1: 0.6793; 
Thu 07 Mar 2024 22:24:28 INFO  [Train Info] Epoch: 082, train loss: 0.5419. [Evaluation metric]	Mode:valid, roc_auc: 0.7625; loss: 0.6701; pr_auc: 0.7513; acc: 0.6922; f1: 0.6453; 
Thu 07 Mar 2024 22:24:28 INFO  [Train Info] Epoch: 083, train loss: 0.5423. [Evaluation metric]	Mode:valid, roc_auc: 0.7647; loss: 0.6716; pr_auc: 0.7594; acc: 0.7065; f1: 0.6902; 
Thu 07 Mar 2024 22:24:28 INFO  [Train Info] Epoch: 084, train loss: 0.5420. [Evaluation metric]	Mode:valid, roc_auc: 0.7606; loss: 0.6705; pr_auc: 0.7458; acc: 0.6912; f1: 0.6413; 
Thu 07 Mar 2024 22:24:28 INFO  [Train Info] Epoch: 085, train loss: 0.5433. [Evaluation metric]	Mode:valid, roc_auc: 0.7599; loss: 0.6723; pr_auc: 0.7531; acc: 0.7008; f1: 0.6791; 
Thu 07 Mar 2024 22:24:28 INFO  [Train Info] Epoch: 086, train loss: 0.5409. [Evaluation metric]	Mode:valid, roc_auc: 0.7623; loss: 0.6708; pr_auc: 0.7510; acc: 0.6985; f1: 0.6656; 
Thu 07 Mar 2024 22:24:28 INFO  [Train Info] Epoch: 087, train loss: 0.5389. [Evaluation metric]	Mode:valid, roc_auc: 0.7697; loss: 0.6688; pr_auc: 0.7588; acc: 0.7015; f1: 0.6615; 
Thu 07 Mar 2024 22:24:28 INFO  [Train Info] Epoch: 088, train loss: 0.5372. [Evaluation metric]	Mode:valid, roc_auc: 0.7625; loss: 0.6721; pr_auc: 0.7546; acc: 0.7060; f1: 0.6868; 
Thu 07 Mar 2024 22:24:28 INFO  [Train Info] Epoch: 089, train loss: 0.5390. [Evaluation metric]	Mode:valid, roc_auc: 0.7669; loss: 0.6692; pr_auc: 0.7578; acc: 0.6963; f1: 0.6492; 
Thu 07 Mar 2024 22:24:28 INFO  [Train Info] Epoch: 090, train loss: 0.5397. [Evaluation metric]	Mode:valid, roc_auc: 0.7622; loss: 0.6721; pr_auc: 0.7543; acc: 0.7033; f1: 0.6837; 
Thu 07 Mar 2024 22:24:28 INFO  [Train Info] Epoch: 091, train loss: 0.5386. [Evaluation metric]	Mode:valid, roc_auc: 0.7696; loss: 0.6690; pr_auc: 0.7633; acc: 0.7041; f1: 0.6695; 
Thu 07 Mar 2024 22:24:28 INFO  [Train Info] Epoch: 092, train loss: 0.5357. [Evaluation metric]	Mode:valid, roc_auc: 0.7675; loss: 0.6696; pr_auc: 0.7555; acc: 0.7016; f1: 0.6678; 
Thu 07 Mar 2024 22:24:28 INFO  [Train Info] Epoch: 093, train loss: 0.5376. [Evaluation metric]	Mode:valid, roc_auc: 0.7628; loss: 0.6716; pr_auc: 0.7555; acc: 0.7034; f1: 0.6809; 
Thu 07 Mar 2024 22:24:28 INFO  [Train Info] Epoch: 094, train loss: 0.5371. [Evaluation metric]	Mode:valid, roc_auc: 0.7729; loss: 0.6680; pr_auc: 0.7604; acc: 0.7030; f1: 0.6626; 
Thu 07 Mar 2024 22:24:28 INFO  [Train Info] Epoch: 095, train loss: 0.5385. [Evaluation metric]	Mode:valid, roc_auc: 0.7658; loss: 0.6706; pr_auc: 0.7539; acc: 0.7058; f1: 0.6791; 
Thu 07 Mar 2024 22:24:29 INFO  [Train Info] Epoch: 096, train loss: 0.5359. [Evaluation metric]	Mode:valid, roc_auc: 0.7674; loss: 0.6699; pr_auc: 0.7563; acc: 0.7020; f1: 0.6731; 
Thu 07 Mar 2024 22:24:29 INFO  [Train Info] Epoch: 097, train loss: 0.5356. [Evaluation metric]	Mode:valid, roc_auc: 0.7692; loss: 0.6691; pr_auc: 0.7613; acc: 0.7022; f1: 0.6666; 
Thu 07 Mar 2024 22:24:29 INFO  [Train Info] Epoch: 098, train loss: 0.5360. [Evaluation metric]	Mode:valid, roc_auc: 0.7662; loss: 0.6707; pr_auc: 0.7592; acc: 0.7045; f1: 0.6827; 
Thu 07 Mar 2024 22:24:29 INFO  [Train Info] Epoch: 099, train loss: 0.5350. [Evaluation metric]	Mode:valid, roc_auc: 0.7669; loss: 0.6696; pr_auc: 0.7559; acc: 0.6993; f1: 0.6627; 
Thu 07 Mar 2024 22:24:29 INFO  [Train Info] Epoch: 100, train loss: 0.5333. [Evaluation metric]	Mode:valid, roc_auc: 0.7661; loss: 0.6707; pr_auc: 0.7564; acc: 0.7062; f1: 0.6844; 
Thu 07 Mar 2024 22:24:29 INFO  [Train Info] Epoch: 101, train loss: 0.5359. [Evaluation metric]	Mode:valid, roc_auc: 0.7729; loss: 0.6678; pr_auc: 0.7644; acc: 0.7033; f1: 0.6653; 
Thu 07 Mar 2024 22:24:29 INFO  [Train Info] Epoch: 102, train loss: 0.5340. [Evaluation metric]	Mode:valid, roc_auc: 0.7692; loss: 0.6699; pr_auc: 0.7633; acc: 0.7094; f1: 0.6869; 
Thu 07 Mar 2024 22:24:29 INFO  [Train Info] Epoch: 103, train loss: 0.5322. [Evaluation metric]	Mode:valid, roc_auc: 0.7711; loss: 0.6686; pr_auc: 0.7619; acc: 0.7042; f1: 0.6717; 
Thu 07 Mar 2024 22:24:29 INFO  [Train Info] Epoch: 104, train loss: 0.5339. [Evaluation metric]	Mode:valid, roc_auc: 0.7731; loss: 0.6682; pr_auc: 0.7622; acc: 0.7083; f1: 0.6779; 
Thu 07 Mar 2024 22:24:29 INFO  [Train Info] Epoch: 105, train loss: 0.5359. [Evaluation metric]	Mode:valid, roc_auc: 0.7707; loss: 0.6691; pr_auc: 0.7598; acc: 0.7062; f1: 0.6808; 
Thu 07 Mar 2024 22:24:29 INFO  [Train Info] Epoch: 106, train loss: 0.5342. [Evaluation metric]	Mode:valid, roc_auc: 0.7761; loss: 0.6668; pr_auc: 0.7640; acc: 0.7043; f1: 0.6678; 
Thu 07 Mar 2024 22:24:29 INFO  [Train Info] Epoch: 107, train loss: 0.5346. [Evaluation metric]	Mode:valid, roc_auc: 0.7683; loss: 0.6699; pr_auc: 0.7492; acc: 0.7115; f1: 0.6895; 
Thu 07 Mar 2024 22:24:29 INFO  [Train Info] Epoch: 108, train loss: 0.5342. [Evaluation metric]	Mode:valid, roc_auc: 0.7711; loss: 0.6681; pr_auc: 0.7590; acc: 0.7018; f1: 0.6633; 
Thu 07 Mar 2024 22:24:29 INFO  [Train Info] Epoch: 109, train loss: 0.5318. [Evaluation metric]	Mode:valid, roc_auc: 0.7682; loss: 0.6704; pr_auc: 0.7562; acc: 0.7090; f1: 0.6918; 
Thu 07 Mar 2024 22:24:29 INFO  [Train Info] Epoch: 110, train loss: 0.5358. [Evaluation metric]	Mode:valid, roc_auc: 0.7704; loss: 0.6680; pr_auc: 0.7505; acc: 0.6958; f1: 0.6503; 
Thu 07 Mar 2024 22:24:30 INFO  [Train Info] Epoch: 111, train loss: 0.5345. [Evaluation metric]	Mode:valid, roc_auc: 0.7718; loss: 0.6699; pr_auc: 0.7599; acc: 0.7157; f1: 0.7027; 
Thu 07 Mar 2024 22:24:30 INFO  [Train Info] Epoch: 112, train loss: 0.5342. [Evaluation metric]	Mode:valid, roc_auc: 0.7785; loss: 0.6662; pr_auc: 0.7664; acc: 0.7016; f1: 0.6555; 
Thu 07 Mar 2024 22:24:30 INFO  [Train Info] Epoch: 113, train loss: 0.5346. [Evaluation metric]	Mode:valid, roc_auc: 0.7742; loss: 0.6687; pr_auc: 0.7680; acc: 0.7152; f1: 0.6952; 
Thu 07 Mar 2024 22:24:30 INFO  [Train Info] Epoch: 114, train loss: 0.5316. [Evaluation metric]	Mode:valid, roc_auc: 0.7735; loss: 0.6680; pr_auc: 0.7581; acc: 0.7088; f1: 0.6790; 
Thu 07 Mar 2024 22:24:30 INFO  [Train Info] Epoch: 115, train loss: 0.5321. [Evaluation metric]	Mode:valid, roc_auc: 0.7707; loss: 0.6684; pr_auc: 0.7538; acc: 0.7011; f1: 0.6653; 
Thu 07 Mar 2024 22:24:30 INFO  [Train Info] Epoch: 116, train loss: 0.5330. [Evaluation metric]	Mode:valid, roc_auc: 0.7732; loss: 0.6692; pr_auc: 0.7607; acc: 0.7126; f1: 0.6955; 
Thu 07 Mar 2024 22:24:30 INFO  [Train Info] Epoch: 117, train loss: 0.5319. [Evaluation metric]	Mode:valid, roc_auc: 0.7758; loss: 0.6669; pr_auc: 0.7603; acc: 0.7026; f1: 0.6614; 
Thu 07 Mar 2024 22:24:30 INFO  [Train Info] Epoch: 118, train loss: 0.5308. [Evaluation metric]	Mode:valid, roc_auc: 0.7762; loss: 0.6682; pr_auc: 0.7679; acc: 0.7160; f1: 0.6969; 
Thu 07 Mar 2024 22:24:30 INFO  [Train Info] Epoch: 119, train loss: 0.5314. [Evaluation metric]	Mode:valid, roc_auc: 0.7769; loss: 0.6670; pr_auc: 0.7635; acc: 0.7084; f1: 0.6744; 
Thu 07 Mar 2024 22:24:30 INFO  [Train Info] Epoch: 120, train loss: 0.5293. [Evaluation metric]	Mode:valid, roc_auc: 0.7749; loss: 0.6679; pr_auc: 0.7615; acc: 0.7099; f1: 0.6824; 
Thu 07 Mar 2024 22:24:30 INFO  [Train Info] Epoch: 121, train loss: 0.5296. [Evaluation metric]	Mode:valid, roc_auc: 0.7763; loss: 0.6677; pr_auc: 0.7634; acc: 0.7149; f1: 0.6911; 
Thu 07 Mar 2024 22:24:30 INFO  [Train Info] Epoch: 122, train loss: 0.5282. [Evaluation metric]	Mode:valid, roc_auc: 0.7730; loss: 0.6679; pr_auc: 0.7564; acc: 0.7037; f1: 0.6710; 
Thu 07 Mar 2024 22:24:30 INFO  [Train Info] Epoch: 123, train loss: 0.5324. [Evaluation metric]	Mode:valid, roc_auc: 0.7722; loss: 0.6689; pr_auc: 0.7578; acc: 0.7115; f1: 0.6874; 
Thu 07 Mar 2024 22:24:30 INFO  [Train Info] Epoch: 124, train loss: 0.5293. [Evaluation metric]	Mode:valid, roc_auc: 0.7766; loss: 0.6671; pr_auc: 0.7632; acc: 0.7096; f1: 0.6801; 
Thu 07 Mar 2024 22:24:31 INFO  [Train Info] Epoch: 125, train loss: 0.5316. [Evaluation metric]	Mode:valid, roc_auc: 0.7721; loss: 0.6682; pr_auc: 0.7553; acc: 0.7029; f1: 0.6741; 
Thu 07 Mar 2024 22:24:31 INFO  [Train Info] Epoch: 126, train loss: 0.5290. [Evaluation metric]	Mode:valid, roc_auc: 0.7798; loss: 0.6669; pr_auc: 0.7698; acc: 0.7162; f1: 0.6942; 
Thu 07 Mar 2024 22:24:31 INFO  [Train Info] Epoch: 127, train loss: 0.5298. [Evaluation metric]	Mode:valid, roc_auc: 0.7781; loss: 0.6663; pr_auc: 0.7579; acc: 0.7046; f1: 0.6684; 
Thu 07 Mar 2024 22:24:31 INFO  [Train Info] Epoch: 128, train loss: 0.5278. [Evaluation metric]	Mode:valid, roc_auc: 0.7695; loss: 0.6700; pr_auc: 0.7530; acc: 0.7124; f1: 0.6973; 
Thu 07 Mar 2024 22:24:31 INFO  [Train Info] Epoch: 129, train loss: 0.5297. [Evaluation metric]	Mode:valid, roc_auc: 0.7732; loss: 0.6674; pr_auc: 0.7569; acc: 0.6998; f1: 0.6601; 
Thu 07 Mar 2024 22:24:31 INFO  [Train Info] Epoch: 130, train loss: 0.5313. [Evaluation metric]	Mode:valid, roc_auc: 0.7718; loss: 0.6694; pr_auc: 0.7584; acc: 0.7164; f1: 0.6975; 
Thu 07 Mar 2024 22:24:31 INFO  [Train Info] Epoch: 131, train loss: 0.5308. [Evaluation metric]	Mode:valid, roc_auc: 0.7817; loss: 0.6655; pr_auc: 0.7667; acc: 0.7107; f1: 0.6740; 
Thu 07 Mar 2024 22:24:31 INFO  [Train Info] Epoch: 132, train loss: 0.5286. [Evaluation metric]	Mode:valid, roc_auc: 0.7735; loss: 0.6684; pr_auc: 0.7609; acc: 0.7085; f1: 0.6866; 
Thu 07 Mar 2024 22:24:31 INFO  [Train Info] Epoch: 133, train loss: 0.5276. [Evaluation metric]	Mode:valid, roc_auc: 0.7765; loss: 0.6672; pr_auc: 0.7623; acc: 0.7091; f1: 0.6808; 
Thu 07 Mar 2024 22:24:31 INFO  [Train Info] Epoch: 134, train loss: 0.5286. [Evaluation metric]	Mode:valid, roc_auc: 0.7782; loss: 0.6665; pr_auc: 0.7602; acc: 0.7108; f1: 0.6820; 
Thu 07 Mar 2024 22:24:31 INFO  [Train Info] Epoch: 135, train loss: 0.5274. [Evaluation metric]	Mode:valid, roc_auc: 0.7784; loss: 0.6672; pr_auc: 0.7679; acc: 0.7139; f1: 0.6921; 
Thu 07 Mar 2024 22:24:31 INFO  [Train Info] Epoch: 136, train loss: 0.5289. [Evaluation metric]	Mode:valid, roc_auc: 0.7758; loss: 0.6668; pr_auc: 0.7504; acc: 0.7066; f1: 0.6710; 
Thu 07 Mar 2024 22:24:31 INFO  [Train Info] Epoch: 137, train loss: 0.5283. [Evaluation metric]	Mode:valid, roc_auc: 0.7757; loss: 0.6685; pr_auc: 0.7614; acc: 0.7171; f1: 0.7014; 
Thu 07 Mar 2024 22:24:31 INFO  [Train Info] Epoch: 138, train loss: 0.5292. [Evaluation metric]	Mode:valid, roc_auc: 0.7786; loss: 0.6659; pr_auc: 0.7617; acc: 0.7006; f1: 0.6585; 
Thu 07 Mar 2024 22:24:31 INFO  [Train Info] Epoch: 139, train loss: 0.5304. [Evaluation metric]	Mode:valid, roc_auc: 0.7770; loss: 0.6685; pr_auc: 0.7647; acc: 0.7185; f1: 0.7062; 
Thu 07 Mar 2024 22:24:32 INFO  [Train Info] Epoch: 140, train loss: 0.5289. [Evaluation metric]	Mode:valid, roc_auc: 0.7763; loss: 0.6666; pr_auc: 0.7573; acc: 0.7017; f1: 0.6625; 
Thu 07 Mar 2024 22:24:32 INFO  [Train Info] Epoch: 141, train loss: 0.5296. [Evaluation metric]	Mode:valid, roc_auc: 0.7779; loss: 0.6674; pr_auc: 0.7615; acc: 0.7147; f1: 0.6955; 
Thu 07 Mar 2024 22:24:32 INFO  [Train Info] Epoch: 142, train loss: 0.5259. [Evaluation metric]	Mode:valid, roc_auc: 0.7812; loss: 0.6660; pr_auc: 0.7712; acc: 0.7139; f1: 0.6879; 
Thu 07 Mar 2024 22:24:32 INFO  [Train Info] Epoch: 143, train loss: 0.5268. [Evaluation metric]	Mode:valid, roc_auc: 0.7774; loss: 0.6667; pr_auc: 0.7603; acc: 0.7056; f1: 0.6721; 
Thu 07 Mar 2024 22:24:32 INFO  [Train Info] Epoch: 144, train loss: 0.5278. [Evaluation metric]	Mode:valid, roc_auc: 0.7722; loss: 0.6695; pr_auc: 0.7555; acc: 0.7128; f1: 0.6995; 
Thu 07 Mar 2024 22:24:32 INFO  [Train Info] Epoch: 145, train loss: 0.5284. [Evaluation metric]	Mode:valid, roc_auc: 0.7827; loss: 0.6651; pr_auc: 0.7625; acc: 0.7042; f1: 0.6613; 
Thu 07 Mar 2024 22:24:32 INFO  [Train Info] Epoch: 146, train loss: 0.5295. [Evaluation metric]	Mode:valid, roc_auc: 0.7745; loss: 0.6691; pr_auc: 0.7588; acc: 0.7142; f1: 0.7015; 
Thu 07 Mar 2024 22:24:32 INFO  [Train Info] Epoch: 147, train loss: 0.5289. [Evaluation metric]	Mode:valid, roc_auc: 0.7790; loss: 0.6662; pr_auc: 0.7638; acc: 0.7057; f1: 0.6704; 
Thu 07 Mar 2024 22:24:32 INFO  [Train Info] Epoch: 148, train loss: 0.5271. [Evaluation metric]	Mode:valid, roc_auc: 0.7840; loss: 0.6657; pr_auc: 0.7720; acc: 0.7173; f1: 0.6928; 
Thu 07 Mar 2024 22:24:32 INFO  [Train Info] Epoch: 149, train loss: 0.5264. [Evaluation metric]	Mode:valid, roc_auc: 0.7784; loss: 0.6672; pr_auc: 0.7671; acc: 0.7115; f1: 0.6892; 
Thu 07 Mar 2024 22:24:32 INFO  [Train Info] Epoch: 150, train loss: 0.5268. [Evaluation metric]	Mode:valid, roc_auc: 0.7759; loss: 0.6670; pr_auc: 0.7551; acc: 0.7062; f1: 0.6711; 
Thu 07 Mar 2024 22:24:32 INFO  [Train Info] Epoch: 151, train loss: 0.5275. [Evaluation metric]	Mode:valid, roc_auc: 0.7790; loss: 0.6679; pr_auc: 0.7658; acc: 0.7199; f1: 0.7049; 
Thu 07 Mar 2024 22:24:32 INFO  [Train Info] Epoch: 152, train loss: 0.5269. [Evaluation metric]	Mode:valid, roc_auc: 0.7865; loss: 0.6642; pr_auc: 0.7743; acc: 0.7100; f1: 0.6716; 
Thu 07 Mar 2024 22:24:32 INFO  [Train Info] Epoch: 153, train loss: 0.5276. [Evaluation metric]	Mode:valid, roc_auc: 0.7822; loss: 0.6667; pr_auc: 0.7704; acc: 0.7216; f1: 0.7015; 
Thu 07 Mar 2024 22:24:32 INFO  [Train Info] Epoch: 154, train loss: 0.5274. [Evaluation metric]	Mode:valid, roc_auc: 0.7800; loss: 0.6663; pr_auc: 0.7593; acc: 0.7124; f1: 0.6829; 
Thu 07 Mar 2024 22:24:33 INFO  [Train Info] Epoch: 155, train loss: 0.5271. [Evaluation metric]	Mode:valid, roc_auc: 0.7793; loss: 0.6664; pr_auc: 0.7579; acc: 0.7097; f1: 0.6811; 
Thu 07 Mar 2024 22:24:33 INFO  [Train Info] Epoch: 156, train loss: 0.5245. [Evaluation metric]	Mode:valid, roc_auc: 0.7785; loss: 0.6678; pr_auc: 0.7640; acc: 0.7179; f1: 0.7015; 
Thu 07 Mar 2024 22:24:33 INFO  [Train Info] Epoch: 157, train loss: 0.5254. [Evaluation metric]	Mode:valid, roc_auc: 0.7812; loss: 0.6654; pr_auc: 0.7653; acc: 0.7047; f1: 0.6661; 
Thu 07 Mar 2024 22:24:33 INFO  [Train Info] Epoch: 158, train loss: 0.5281. [Evaluation metric]	Mode:valid, roc_auc: 0.7800; loss: 0.6673; pr_auc: 0.7666; acc: 0.7183; f1: 0.7021; 
Thu 07 Mar 2024 22:24:33 INFO  [Train Info] Epoch: 159, train loss: 0.5288. [Evaluation metric]	Mode:valid, roc_auc: 0.7768; loss: 0.6668; pr_auc: 0.7599; acc: 0.7057; f1: 0.6724; 
Thu 07 Mar 2024 22:24:33 INFO  [Train Info] Epoch: 160, train loss: 0.5255. [Evaluation metric]	Mode:valid, roc_auc: 0.7747; loss: 0.6683; pr_auc: 0.7582; acc: 0.7125; f1: 0.6921; 
Thu 07 Mar 2024 22:24:33 INFO  [Train Info] Epoch: 161, train loss: 0.5263. [Evaluation metric]	Mode:valid, roc_auc: 0.7812; loss: 0.6660; pr_auc: 0.7637; acc: 0.7135; f1: 0.6860; 
Thu 07 Mar 2024 22:24:33 INFO  [Train Info] Epoch: 162, train loss: 0.5254. [Evaluation metric]	Mode:valid, roc_auc: 0.7797; loss: 0.6663; pr_auc: 0.7631; acc: 0.7111; f1: 0.6846; 
Thu 07 Mar 2024 22:24:33 INFO  [Train Info] Epoch: 163, train loss: 0.5264. [Evaluation metric]	Mode:valid, roc_auc: 0.7880; loss: 0.6645; pr_auc: 0.7763; acc: 0.7182; f1: 0.6944; 
Thu 07 Mar 2024 22:24:33 INFO  [Train Info] Epoch: 164, train loss: 0.5237. [Evaluation metric]	Mode:valid, roc_auc: 0.7792; loss: 0.6665; pr_auc: 0.7611; acc: 0.7125; f1: 0.6853; 
Thu 07 Mar 2024 22:24:33 INFO  [Train Info] Epoch: 165, train loss: 0.5249. [Evaluation metric]	Mode:valid, roc_auc: 0.7821; loss: 0.6660; pr_auc: 0.7679; acc: 0.7139; f1: 0.6892; 
Thu 07 Mar 2024 22:24:33 INFO  [Train Info] Epoch: 166, train loss: 0.5233. [Evaluation metric]	Mode:valid, roc_auc: 0.7828; loss: 0.6657; pr_auc: 0.7639; acc: 0.7164; f1: 0.6929; 
Thu 07 Mar 2024 22:24:33 INFO  [Train Info] Epoch: 167, train loss: 0.5236. [Evaluation metric]	Mode:valid, roc_auc: 0.7809; loss: 0.6660; pr_auc: 0.7630; acc: 0.7118; f1: 0.6823; 
Thu 07 Mar 2024 22:24:33 INFO  [Train Info] Epoch: 168, train loss: 0.5227. [Evaluation metric]	Mode:valid, roc_auc: 0.7794; loss: 0.6673; pr_auc: 0.7594; acc: 0.7195; f1: 0.7006; 
Thu 07 Mar 2024 22:24:34 INFO  [Train Info] Epoch: 169, train loss: 0.5239. [Evaluation metric]	Mode:valid, roc_auc: 0.7865; loss: 0.6643; pr_auc: 0.7633; acc: 0.7127; f1: 0.6768; 
Thu 07 Mar 2024 22:24:34 INFO  [Train Info] Epoch: 170, train loss: 0.5250. [Evaluation metric]	Mode:valid, roc_auc: 0.7833; loss: 0.6664; pr_auc: 0.7714; acc: 0.7211; f1: 0.7061; 
Thu 07 Mar 2024 22:24:34 INFO  [Train Info] Epoch: 171, train loss: 0.5258. [Evaluation metric]	Mode:valid, roc_auc: 0.7835; loss: 0.6647; pr_auc: 0.7684; acc: 0.7049; f1: 0.6641; 
Thu 07 Mar 2024 22:24:34 INFO  [Train Info] Epoch: 172, train loss: 0.5272. [Evaluation metric]	Mode:valid, roc_auc: 0.7755; loss: 0.6688; pr_auc: 0.7546; acc: 0.7171; f1: 0.7067; 
Thu 07 Mar 2024 22:24:34 INFO  [Train Info] Epoch: 173, train loss: 0.5271. [Evaluation metric]	Mode:valid, roc_auc: 0.7842; loss: 0.6644; pr_auc: 0.7656; acc: 0.7043; f1: 0.6628; 
Thu 07 Mar 2024 22:24:34 INFO  [Train Info] Epoch: 174, train loss: 0.5282. [Evaluation metric]	Mode:valid, roc_auc: 0.7836; loss: 0.6661; pr_auc: 0.7660; acc: 0.7193; f1: 0.7043; 
Thu 07 Mar 2024 22:24:34 INFO  [Train Info] Epoch: 175, train loss: 0.5252. [Evaluation metric]	Mode:valid, roc_auc: 0.7865; loss: 0.6644; pr_auc: 0.7717; acc: 0.7154; f1: 0.6846; 
Thu 07 Mar 2024 22:24:34 INFO  [Train Info] Epoch: 176, train loss: 0.5230. [Evaluation metric]	Mode:valid, roc_auc: 0.7840; loss: 0.6653; pr_auc: 0.7662; acc: 0.7159; f1: 0.6910; 
Thu 07 Mar 2024 22:24:34 INFO  [Train Info] Epoch: 177, train loss: 0.5244. [Evaluation metric]	Mode:valid, roc_auc: 0.7790; loss: 0.6670; pr_auc: 0.7611; acc: 0.7120; f1: 0.6925; 
Thu 07 Mar 2024 22:24:34 INFO  [Train Info] Epoch: 178, train loss: 0.5235. [Evaluation metric]	Mode:valid, roc_auc: 0.7892; loss: 0.6637; pr_auc: 0.7713; acc: 0.7140; f1: 0.6813; 
Thu 07 Mar 2024 22:24:34 INFO  [Train Info] Epoch: 179, train loss: 0.5224. [Evaluation metric]	Mode:valid, roc_auc: 0.7856; loss: 0.6659; pr_auc: 0.7726; acc: 0.7230; f1: 0.7064; 
Thu 07 Mar 2024 22:24:34 INFO  [Train Info] Epoch: 180, train loss: 0.5255. [Evaluation metric]	Mode:valid, roc_auc: 0.7871; loss: 0.6640; pr_auc: 0.7661; acc: 0.7098; f1: 0.6702; 
Thu 07 Mar 2024 22:24:34 INFO  [Train Info] Epoch: 181, train loss: 0.5255. [Evaluation metric]	Mode:valid, roc_auc: 0.7806; loss: 0.6676; pr_auc: 0.7616; acc: 0.7207; f1: 0.7073; 
Thu 07 Mar 2024 22:24:34 INFO  [Train Info] Epoch: 182, train loss: 0.5250. [Evaluation metric]	Mode:valid, roc_auc: 0.7844; loss: 0.6648; pr_auc: 0.7644; acc: 0.7070; f1: 0.6702; 
Thu 07 Mar 2024 22:24:34 INFO  [Train Info] Epoch: 183, train loss: 0.5256. [Evaluation metric]	Mode:valid, roc_auc: 0.7847; loss: 0.6657; pr_auc: 0.7634; acc: 0.7185; f1: 0.6996; 
Thu 07 Mar 2024 22:24:35 INFO  [Train Info] Epoch: 184, train loss: 0.5242. [Evaluation metric]	Mode:valid, roc_auc: 0.7794; loss: 0.6666; pr_auc: 0.7632; acc: 0.7095; f1: 0.6834; 
Thu 07 Mar 2024 22:24:35 INFO  [Train Info] Epoch: 185, train loss: 0.5230. [Evaluation metric]	Mode:valid, roc_auc: 0.7852; loss: 0.6649; pr_auc: 0.7631; acc: 0.7146; f1: 0.6873; 
Thu 07 Mar 2024 22:24:35 INFO  [Train Info] Epoch: 186, train loss: 0.5236. [Evaluation metric]	Mode:valid, roc_auc: 0.7788; loss: 0.6674; pr_auc: 0.7645; acc: 0.7126; f1: 0.6938; 
Thu 07 Mar 2024 22:24:35 INFO  [Train Info] Epoch: 187, train loss: 0.5231. [Evaluation metric]	Mode:valid, roc_auc: 0.7870; loss: 0.6644; pr_auc: 0.7668; acc: 0.7148; f1: 0.6816; 
Thu 07 Mar 2024 22:24:35 INFO  [Train Info] Epoch: 188, train loss: 0.5228. [Evaluation metric]	Mode:valid, roc_auc: 0.7906; loss: 0.6643; pr_auc: 0.7725; acc: 0.7262; f1: 0.7087; 
Thu 07 Mar 2024 22:24:35 INFO  [Train Info] Epoch: 189, train loss: 0.5217. [Evaluation metric]	Mode:valid, roc_auc: 0.7854; loss: 0.6646; pr_auc: 0.7621; acc: 0.7103; f1: 0.6769; 
Thu 07 Mar 2024 22:24:35 INFO  [Train Info] Epoch: 190, train loss: 0.5215. [Evaluation metric]	Mode:valid, roc_auc: 0.7839; loss: 0.6660; pr_auc: 0.7658; acc: 0.7202; f1: 0.7036; 
Thu 07 Mar 2024 22:24:35 INFO  [Train Info] Epoch: 191, train loss: 0.5237. [Evaluation metric]	Mode:valid, roc_auc: 0.7864; loss: 0.6644; pr_auc: 0.7678; acc: 0.7099; f1: 0.6760; 
Thu 07 Mar 2024 22:24:35 INFO  [Train Info] Epoch: 192, train loss: 0.5252. [Evaluation metric]	Mode:valid, roc_auc: 0.7849; loss: 0.6657; pr_auc: 0.7663; acc: 0.7185; f1: 0.7003; 
Thu 07 Mar 2024 22:24:35 INFO  [Train Info] Epoch: 193, train loss: 0.5229. [Evaluation metric]	Mode:valid, roc_auc: 0.7906; loss: 0.6636; pr_auc: 0.7697; acc: 0.7194; f1: 0.6898; 
Thu 07 Mar 2024 22:24:35 INFO  [Train Info] Epoch: 194, train loss: 0.5224. [Evaluation metric]	Mode:valid, roc_auc: 0.7837; loss: 0.6657; pr_auc: 0.7620; acc: 0.7169; f1: 0.6941; 
Thu 07 Mar 2024 22:24:35 INFO  [Train Info] Epoch: 195, train loss: 0.5220. [Evaluation metric]	Mode:valid, roc_auc: 0.7828; loss: 0.6658; pr_auc: 0.7585; acc: 0.7158; f1: 0.6917; 
Thu 07 Mar 2024 22:24:35 INFO  [Train Info] Epoch: 196, train loss: 0.5219. [Evaluation metric]	Mode:valid, roc_auc: 0.7863; loss: 0.6647; pr_auc: 0.7669; acc: 0.7173; f1: 0.6904; 
Thu 07 Mar 2024 22:24:35 INFO  [Train Info] Epoch: 197, train loss: 0.5215. [Evaluation metric]	Mode:valid, roc_auc: 0.7833; loss: 0.6660; pr_auc: 0.7644; acc: 0.7177; f1: 0.6987; 
Thu 07 Mar 2024 22:24:35 INFO  [Train Info] Epoch: 198, train loss: 0.5213. [Evaluation metric]	Mode:valid, roc_auc: 0.7908; loss: 0.6634; pr_auc: 0.7695; acc: 0.7187; f1: 0.6853; 
Thu 07 Mar 2024 22:24:36 INFO  [Train Info] Epoch: 199, train loss: 0.5232. [Evaluation metric]	Mode:valid, roc_auc: 0.7842; loss: 0.6662; pr_auc: 0.7676; acc: 0.7219; f1: 0.7054; 
Thu 07 Mar 2024 22:24:36 INFO  [Train Info] [Evaluation metric]	Mode:test, roc_auc: 0.7836; loss: 0.6649; pr_auc: 0.7645; acc: 0.7108; f1: 0.6779; 
