Thu 07 Mar 2024 16:25:15 INFO  [Config Info]	Model: RGCN,	Task: link_prediction,	Dataset: CTD_DDA
Thu 07 Mar 2024 16:25:16 INFO  [Init Task] The task: link prediction, the dataset: CTD_DDA, the evaluation metric is roc_auc, the score function: distmult 
Thu 07 Mar 2024 16:25:18 INFO  [Feature Transformation] Assign embedding as features, because hg.ndata is empty.
Thu 07 Mar 2024 16:25:22 INFO  [Train Info] Epoch: 000, train loss: 0.6931. [Evaluation metric]	Mode:valid, roc_auc: 0.6631; loss: 0.7241; pr_auc: 0.5718; acc: 0.4742; f1: 0.0524; 
Thu 07 Mar 2024 16:25:22 INFO  [Train Info] Epoch: 001, train loss: 0.6931. [Evaluation metric]	Mode:valid, roc_auc: 0.7598; loss: 0.7241; pr_auc: 0.7246; acc: 0.5000; f1: 0.6667; 
Thu 07 Mar 2024 16:25:22 INFO  [Train Info] Epoch: 002, train loss: 0.6931. [Evaluation metric]	Mode:valid, roc_auc: 0.7699; loss: 0.7241; pr_auc: 0.7257; acc: 0.5000; f1: 0.6667; 
Thu 07 Mar 2024 16:25:22 INFO  [Train Info] Epoch: 003, train loss: 0.6931. [Evaluation metric]	Mode:valid, roc_auc: 0.7712; loss: 0.7241; pr_auc: 0.7256; acc: 0.5314; f1: 0.6786; 
Thu 07 Mar 2024 16:25:23 INFO  [Train Info] Epoch: 004, train loss: 0.6931. [Evaluation metric]	Mode:valid, roc_auc: 0.7863; loss: 0.7241; pr_auc: 0.7590; acc: 0.5313; f1: 0.6786; 
Thu 07 Mar 2024 16:25:23 INFO  [Train Info] Epoch: 005, train loss: 0.6931. [Evaluation metric]	Mode:valid, roc_auc: 0.7917; loss: 0.7242; pr_auc: 0.7746; acc: 0.5316; f1: 0.6787; 
Thu 07 Mar 2024 16:25:23 INFO  [Train Info] Epoch: 006, train loss: 0.6931. [Evaluation metric]	Mode:valid, roc_auc: 0.7993; loss: 0.7243; pr_auc: 0.7858; acc: 0.5310; f1: 0.6784; 
Thu 07 Mar 2024 16:25:23 INFO  [Train Info] Epoch: 007, train loss: 0.6930. [Evaluation metric]	Mode:valid, roc_auc: 0.7917; loss: 0.7245; pr_auc: 0.7760; acc: 0.5307; f1: 0.6783; 
Thu 07 Mar 2024 16:25:23 INFO  [Train Info] Epoch: 008, train loss: 0.6928. [Evaluation metric]	Mode:valid, roc_auc: 0.7832; loss: 0.7248; pr_auc: 0.7624; acc: 0.5328; f1: 0.6793; 
Thu 07 Mar 2024 16:25:23 INFO  [Train Info] Epoch: 009, train loss: 0.6924. [Evaluation metric]	Mode:valid, roc_auc: 0.7590; loss: 0.7252; pr_auc: 0.7278; acc: 0.5349; f1: 0.6802; 
Thu 07 Mar 2024 16:25:23 INFO  [Train Info] Epoch: 010, train loss: 0.6917. [Evaluation metric]	Mode:valid, roc_auc: 0.7459; loss: 0.7254; pr_auc: 0.7056; acc: 0.5345; f1: 0.6800; 
Thu 07 Mar 2024 16:25:23 INFO  [Train Info] Epoch: 011, train loss: 0.6900. [Evaluation metric]	Mode:valid, roc_auc: 0.7314; loss: 0.7249; pr_auc: 0.6854; acc: 0.5526; f1: 0.6881; 
Thu 07 Mar 2024 16:25:23 INFO  [Train Info] Epoch: 012, train loss: 0.6866. [Evaluation metric]	Mode:valid, roc_auc: 0.7377; loss: 0.7233; pr_auc: 0.6892; acc: 0.6018; f1: 0.7098; 
Thu 07 Mar 2024 16:25:23 INFO  [Train Info] Epoch: 013, train loss: 0.6807. [Evaluation metric]	Mode:valid, roc_auc: 0.7344; loss: 0.7220; pr_auc: 0.6899; acc: 0.6178; f1: 0.7150; 
Thu 07 Mar 2024 16:25:23 INFO  [Train Info] Epoch: 014, train loss: 0.6699. [Evaluation metric]	Mode:valid, roc_auc: 0.7516; loss: 0.7180; pr_auc: 0.7075; acc: 0.6516; f1: 0.7285; 
Thu 07 Mar 2024 16:25:23 INFO  [Train Info] Epoch: 015, train loss: 0.6516. [Evaluation metric]	Mode:valid, roc_auc: 0.7644; loss: 0.7069; pr_auc: 0.7277; acc: 0.7012; f1: 0.7277; 
Thu 07 Mar 2024 16:25:23 INFO  [Train Info] Epoch: 016, train loss: 0.6240. [Evaluation metric]	Mode:valid, roc_auc: 0.7703; loss: 0.6934; pr_auc: 0.7343; acc: 0.7047; f1: 0.7313; 
Thu 07 Mar 2024 16:25:24 INFO  [Train Info] Epoch: 017, train loss: 0.5941. [Evaluation metric]	Mode:valid, roc_auc: 0.7892; loss: 0.6701; pr_auc: 0.7587; acc: 0.6117; f1: 0.4323; 
Thu 07 Mar 2024 16:25:24 INFO  [Train Info] Epoch: 018, train loss: 0.6448. [Evaluation metric]	Mode:valid, roc_auc: 0.7757; loss: 0.6814; pr_auc: 0.7450; acc: 0.7030; f1: 0.7391; 
Thu 07 Mar 2024 16:25:24 INFO  [Train Info] Epoch: 019, train loss: 0.6188. [Evaluation metric]	Mode:valid, roc_auc: 0.7895; loss: 0.6757; pr_auc: 0.7652; acc: 0.7202; f1: 0.7299; 
Thu 07 Mar 2024 16:25:24 INFO  [Train Info] Epoch: 020, train loss: 0.5644. [Evaluation metric]	Mode:valid, roc_auc: 0.7995; loss: 0.6751; pr_auc: 0.7764; acc: 0.6848; f1: 0.6222; 
Thu 07 Mar 2024 16:25:24 INFO  [Train Info] Epoch: 021, train loss: 0.5755. [Evaluation metric]	Mode:valid, roc_auc: 0.8035; loss: 0.6772; pr_auc: 0.7806; acc: 0.6777; f1: 0.6009; 
Thu 07 Mar 2024 16:25:24 INFO  [Train Info] Epoch: 022, train loss: 0.5836. [Evaluation metric]	Mode:valid, roc_auc: 0.8033; loss: 0.6782; pr_auc: 0.7786; acc: 0.7205; f1: 0.6999; 
Thu 07 Mar 2024 16:25:24 INFO  [Train Info] Epoch: 023, train loss: 0.5607. [Evaluation metric]	Mode:valid, roc_auc: 0.8002; loss: 0.6804; pr_auc: 0.7774; acc: 0.7260; f1: 0.7451; 
Thu 07 Mar 2024 16:25:24 INFO  [Train Info] Epoch: 024, train loss: 0.5556. [Evaluation metric]	Mode:valid, roc_auc: 0.8007; loss: 0.6792; pr_auc: 0.7799; acc: 0.7198; f1: 0.7490; 
Thu 07 Mar 2024 16:25:24 INFO  [Train Info] Epoch: 025, train loss: 0.5618. [Evaluation metric]	Mode:valid, roc_auc: 0.8113; loss: 0.6680; pr_auc: 0.7890; acc: 0.7366; f1: 0.7405; 
Thu 07 Mar 2024 16:25:24 INFO  [Train Info] Epoch: 026, train loss: 0.5356. [Evaluation metric]	Mode:valid, roc_auc: 0.8146; loss: 0.6592; pr_auc: 0.7945; acc: 0.7111; f1: 0.6691; 
Thu 07 Mar 2024 16:25:24 INFO  [Train Info] Epoch: 027, train loss: 0.5418. [Evaluation metric]	Mode:valid, roc_auc: 0.8205; loss: 0.6538; pr_auc: 0.7998; acc: 0.7237; f1: 0.6901; 
Thu 07 Mar 2024 16:25:25 INFO  [Train Info] Epoch: 028, train loss: 0.5355. [Evaluation metric]	Mode:valid, roc_auc: 0.8164; loss: 0.6561; pr_auc: 0.7994; acc: 0.7411; f1: 0.7462; 
Thu 07 Mar 2024 16:25:25 INFO  [Train Info] Epoch: 029, train loss: 0.5224. [Evaluation metric]	Mode:valid, roc_auc: 0.8167; loss: 0.6574; pr_auc: 0.7982; acc: 0.7412; f1: 0.7564; 
Thu 07 Mar 2024 16:25:25 INFO  [Train Info] Epoch: 030, train loss: 0.5315. [Evaluation metric]	Mode:valid, roc_auc: 0.8293; loss: 0.6497; pr_auc: 0.8123; acc: 0.7515; f1: 0.7396; 
Thu 07 Mar 2024 16:25:25 INFO  [Train Info] Epoch: 031, train loss: 0.5148. [Evaluation metric]	Mode:valid, roc_auc: 0.8326; loss: 0.6499; pr_auc: 0.8162; acc: 0.7363; f1: 0.7030; 
Thu 07 Mar 2024 16:25:25 INFO  [Train Info] Epoch: 032, train loss: 0.5212. [Evaluation metric]	Mode:valid, roc_auc: 0.8311; loss: 0.6528; pr_auc: 0.8170; acc: 0.7515; f1: 0.7399; 
Thu 07 Mar 2024 16:25:25 INFO  [Train Info] Epoch: 033, train loss: 0.5051. [Evaluation metric]	Mode:valid, roc_auc: 0.8294; loss: 0.6566; pr_auc: 0.8135; acc: 0.7554; f1: 0.7628; 
Thu 07 Mar 2024 16:25:25 INFO  [Train Info] Epoch: 034, train loss: 0.5019. [Evaluation metric]	Mode:valid, roc_auc: 0.8332; loss: 0.6560; pr_auc: 0.8200; acc: 0.7574; f1: 0.7683; 
Thu 07 Mar 2024 16:25:25 INFO  [Train Info] Epoch: 035, train loss: 0.5085. [Evaluation metric]	Mode:valid, roc_auc: 0.8354; loss: 0.6514; pr_auc: 0.8229; acc: 0.7539; f1: 0.7450; 
Thu 07 Mar 2024 16:25:25 INFO  [Train Info] Epoch: 036, train loss: 0.4981. [Evaluation metric]	Mode:valid, roc_auc: 0.8428; loss: 0.6470; pr_auc: 0.8293; acc: 0.7485; f1: 0.7216; 
Thu 07 Mar 2024 16:25:25 INFO  [Train Info] Epoch: 037, train loss: 0.5036. [Evaluation metric]	Mode:valid, roc_auc: 0.8409; loss: 0.6459; pr_auc: 0.8298; acc: 0.7601; f1: 0.7489; 
Thu 07 Mar 2024 16:25:25 INFO  [Train Info] Epoch: 038, train loss: 0.4902. [Evaluation metric]	Mode:valid, roc_auc: 0.8353; loss: 0.6491; pr_auc: 0.8242; acc: 0.7588; f1: 0.7673; 
Thu 07 Mar 2024 16:25:25 INFO  [Train Info] Epoch: 039, train loss: 0.4946. [Evaluation metric]	Mode:valid, roc_auc: 0.8413; loss: 0.6441; pr_auc: 0.8287; acc: 0.7648; f1: 0.7641; 
Thu 07 Mar 2024 16:25:25 INFO  [Train Info] Epoch: 040, train loss: 0.4868. [Evaluation metric]	Mode:valid, roc_auc: 0.8473; loss: 0.6402; pr_auc: 0.8347; acc: 0.7576; f1: 0.7347; 
Thu 07 Mar 2024 16:25:26 INFO  [Train Info] Epoch: 041, train loss: 0.4900. [Evaluation metric]	Mode:valid, roc_auc: 0.8515; loss: 0.6393; pr_auc: 0.8416; acc: 0.7647; f1: 0.7462; 
Thu 07 Mar 2024 16:25:26 INFO  [Train Info] Epoch: 042, train loss: 0.4862. [Evaluation metric]	Mode:valid, roc_auc: 0.8451; loss: 0.6452; pr_auc: 0.8370; acc: 0.7660; f1: 0.7715; 
Thu 07 Mar 2024 16:25:26 INFO  [Train Info] Epoch: 043, train loss: 0.4874. [Evaluation metric]	Mode:valid, roc_auc: 0.8459; loss: 0.6459; pr_auc: 0.8366; acc: 0.7694; f1: 0.7713; 
Thu 07 Mar 2024 16:25:26 INFO  [Train Info] Epoch: 044, train loss: 0.4814. [Evaluation metric]	Mode:valid, roc_auc: 0.8490; loss: 0.6434; pr_auc: 0.8367; acc: 0.7652; f1: 0.7495; 
Thu 07 Mar 2024 16:25:26 INFO  [Train Info] Epoch: 045, train loss: 0.4790. [Evaluation metric]	Mode:valid, roc_auc: 0.8561; loss: 0.6411; pr_auc: 0.8476; acc: 0.7707; f1: 0.7535; 
Thu 07 Mar 2024 16:25:26 INFO  [Train Info] Epoch: 046, train loss: 0.4779. [Evaluation metric]	Mode:valid, roc_auc: 0.8486; loss: 0.6436; pr_auc: 0.8403; acc: 0.7702; f1: 0.7680; 
Thu 07 Mar 2024 16:25:26 INFO  [Train Info] Epoch: 047, train loss: 0.4768. [Evaluation metric]	Mode:valid, roc_auc: 0.8493; loss: 0.6423; pr_auc: 0.8422; acc: 0.7732; f1: 0.7722; 
Thu 07 Mar 2024 16:25:26 INFO  [Train Info] Epoch: 048, train loss: 0.4739. [Evaluation metric]	Mode:valid, roc_auc: 0.8523; loss: 0.6383; pr_auc: 0.8425; acc: 0.7741; f1: 0.7630; 
Thu 07 Mar 2024 16:25:26 INFO  [Train Info] Epoch: 049, train loss: 0.4720. [Evaluation metric]	Mode:valid, roc_auc: 0.8563; loss: 0.6358; pr_auc: 0.8503; acc: 0.7748; f1: 0.7614; 
Thu 07 Mar 2024 16:25:26 INFO  [Train Info] Epoch: 050, train loss: 0.4722. [Evaluation metric]	Mode:valid, roc_auc: 0.8548; loss: 0.6370; pr_auc: 0.8499; acc: 0.7756; f1: 0.7703; 
Thu 07 Mar 2024 16:25:26 INFO  [Train Info] Epoch: 051, train loss: 0.4730. [Evaluation metric]	Mode:valid, roc_auc: 0.8546; loss: 0.6378; pr_auc: 0.8464; acc: 0.7787; f1: 0.7759; 
Thu 07 Mar 2024 16:25:27 INFO  [Train Info] Epoch: 052, train loss: 0.4720. [Evaluation metric]	Mode:valid, roc_auc: 0.8534; loss: 0.6385; pr_auc: 0.8459; acc: 0.7773; f1: 0.7693; 
Thu 07 Mar 2024 16:25:27 INFO  [Train Info] Epoch: 053, train loss: 0.4693. [Evaluation metric]	Mode:valid, roc_auc: 0.8538; loss: 0.6397; pr_auc: 0.8479; acc: 0.7784; f1: 0.7724; 
Thu 07 Mar 2024 16:25:27 INFO  [Train Info] Epoch: 054, train loss: 0.4660. [Evaluation metric]	Mode:valid, roc_auc: 0.8539; loss: 0.6394; pr_auc: 0.8465; acc: 0.7795; f1: 0.7719; 
Thu 07 Mar 2024 16:25:27 INFO  [Train Info] Epoch: 055, train loss: 0.4673. [Evaluation metric]	Mode:valid, roc_auc: 0.8549; loss: 0.6390; pr_auc: 0.8496; acc: 0.7795; f1: 0.7734; 
Thu 07 Mar 2024 16:25:27 INFO  [Train Info] Epoch: 056, train loss: 0.4655. [Evaluation metric]	Mode:valid, roc_auc: 0.8572; loss: 0.6370; pr_auc: 0.8501; acc: 0.7827; f1: 0.7770; 
Thu 07 Mar 2024 16:25:27 INFO  [Train Info] Epoch: 057, train loss: 0.4663. [Evaluation metric]	Mode:valid, roc_auc: 0.8545; loss: 0.6371; pr_auc: 0.8489; acc: 0.7777; f1: 0.7715; 
Thu 07 Mar 2024 16:25:27 INFO  [Train Info] Epoch: 058, train loss: 0.4656. [Evaluation metric]	Mode:valid, roc_auc: 0.8585; loss: 0.6349; pr_auc: 0.8548; acc: 0.7812; f1: 0.7725; 
Thu 07 Mar 2024 16:25:27 INFO  [Train Info] Epoch: 059, train loss: 0.4627. [Evaluation metric]	Mode:valid, roc_auc: 0.8550; loss: 0.6365; pr_auc: 0.8498; acc: 0.7797; f1: 0.7733; 
Thu 07 Mar 2024 16:25:27 INFO  [Train Info] Epoch: 060, train loss: 0.4634. [Evaluation metric]	Mode:valid, roc_auc: 0.8569; loss: 0.6362; pr_auc: 0.8511; acc: 0.7805; f1: 0.7746; 
Thu 07 Mar 2024 16:25:27 INFO  [Train Info] Epoch: 061, train loss: 0.4639. [Evaluation metric]	Mode:valid, roc_auc: 0.8566; loss: 0.6363; pr_auc: 0.8496; acc: 0.7835; f1: 0.7765; 
Thu 07 Mar 2024 16:25:27 INFO  [Train Info] Epoch: 062, train loss: 0.4609. [Evaluation metric]	Mode:valid, roc_auc: 0.8560; loss: 0.6369; pr_auc: 0.8489; acc: 0.7830; f1: 0.7767; 
Thu 07 Mar 2024 16:25:27 INFO  [Train Info] Epoch: 063, train loss: 0.4606. [Evaluation metric]	Mode:valid, roc_auc: 0.8590; loss: 0.6370; pr_auc: 0.8535; acc: 0.7876; f1: 0.7878; 
Thu 07 Mar 2024 16:25:27 INFO  [Train Info] Epoch: 064, train loss: 0.4647. [Evaluation metric]	Mode:valid, roc_auc: 0.8566; loss: 0.6351; pr_auc: 0.8501; acc: 0.7777; f1: 0.7618; 
Thu 07 Mar 2024 16:25:28 INFO  [Train Info] Epoch: 065, train loss: 0.4647. [Evaluation metric]	Mode:valid, roc_auc: 0.8577; loss: 0.6360; pr_auc: 0.8488; acc: 0.7851; f1: 0.7805; 
Thu 07 Mar 2024 16:25:28 INFO  [Train Info] Epoch: 066, train loss: 0.4625. [Evaluation metric]	Mode:valid, roc_auc: 0.8584; loss: 0.6370; pr_auc: 0.8530; acc: 0.7843; f1: 0.7846; 
Thu 07 Mar 2024 16:25:28 INFO  [Train Info] Epoch: 067, train loss: 0.4641. [Evaluation metric]	Mode:valid, roc_auc: 0.8573; loss: 0.6353; pr_auc: 0.8521; acc: 0.7772; f1: 0.7627; 
Thu 07 Mar 2024 16:25:28 INFO  [Train Info] Epoch: 068, train loss: 0.4629. [Evaluation metric]	Mode:valid, roc_auc: 0.8532; loss: 0.6376; pr_auc: 0.8465; acc: 0.7799; f1: 0.7732; 
Thu 07 Mar 2024 16:25:28 INFO  [Train Info] Epoch: 069, train loss: 0.4601. [Evaluation metric]	Mode:valid, roc_auc: 0.8582; loss: 0.6381; pr_auc: 0.8536; acc: 0.7864; f1: 0.7898; 
Thu 07 Mar 2024 16:25:28 INFO  [Train Info] Epoch: 070, train loss: 0.4652. [Evaluation metric]	Mode:valid, roc_auc: 0.8561; loss: 0.6359; pr_auc: 0.8486; acc: 0.7780; f1: 0.7640; 
Thu 07 Mar 2024 16:25:28 INFO  [Train Info] Epoch: 071, train loss: 0.4624. [Evaluation metric]	Mode:valid, roc_auc: 0.8588; loss: 0.6355; pr_auc: 0.8529; acc: 0.7804; f1: 0.7683; 
Thu 07 Mar 2024 16:25:28 INFO  [Train Info] Epoch: 072, train loss: 0.4608. [Evaluation metric]	Mode:valid, roc_auc: 0.8537; loss: 0.6418; pr_auc: 0.8488; acc: 0.7771; f1: 0.7863; 
Thu 07 Mar 2024 16:25:28 INFO  [Train Info] Epoch: 073, train loss: 0.4682. [Evaluation metric]	Mode:valid, roc_auc: 0.8582; loss: 0.6359; pr_auc: 0.8519; acc: 0.7838; f1: 0.7746; 
Thu 07 Mar 2024 16:25:28 INFO  [Train Info] Epoch: 074, train loss: 0.4575. [Evaluation metric]	Mode:valid, roc_auc: 0.8601; loss: 0.6341; pr_auc: 0.8510; acc: 0.7761; f1: 0.7579; 
Thu 07 Mar 2024 16:25:28 INFO  [Train Info] Epoch: 075, train loss: 0.4656. [Evaluation metric]	Mode:valid, roc_auc: 0.8569; loss: 0.6395; pr_auc: 0.8504; acc: 0.7819; f1: 0.7898; 
Thu 07 Mar 2024 16:25:28 INFO  [Train Info] Epoch: 076, train loss: 0.4675. [Evaluation metric]	Mode:valid, roc_auc: 0.8564; loss: 0.6377; pr_auc: 0.8484; acc: 0.7842; f1: 0.7825; 
Thu 07 Mar 2024 16:25:29 INFO  [Train Info] Epoch: 077, train loss: 0.4592. [Evaluation metric]	Mode:valid, roc_auc: 0.8626; loss: 0.6339; pr_auc: 0.8561; acc: 0.7773; f1: 0.7584; 
Thu 07 Mar 2024 16:25:29 INFO  [Train Info] Epoch: 078, train loss: 0.4650. [Evaluation metric]	Mode:valid, roc_auc: 0.8567; loss: 0.6374; pr_auc: 0.8517; acc: 0.7832; f1: 0.7775; 
Thu 07 Mar 2024 16:25:29 INFO  [Train Info] Epoch: 079, train loss: 0.4573. [Evaluation metric]	Mode:valid, roc_auc: 0.8556; loss: 0.6399; pr_auc: 0.8495; acc: 0.7829; f1: 0.7905; 
Thu 07 Mar 2024 16:25:29 INFO  [Train Info] Epoch: 080, train loss: 0.4650. [Evaluation metric]	Mode:valid, roc_auc: 0.8597; loss: 0.6348; pr_auc: 0.8544; acc: 0.7807; f1: 0.7684; 
Thu 07 Mar 2024 16:25:29 INFO  [Train Info] Epoch: 081, train loss: 0.4584. [Evaluation metric]	Mode:valid, roc_auc: 0.8654; loss: 0.6320; pr_auc: 0.8591; acc: 0.7863; f1: 0.7726; 
Thu 07 Mar 2024 16:25:29 INFO  [Train Info] Epoch: 082, train loss: 0.4600. [Evaluation metric]	Mode:valid, roc_auc: 0.8537; loss: 0.6395; pr_auc: 0.8462; acc: 0.7826; f1: 0.7895; 
Thu 07 Mar 2024 16:25:29 INFO  [Train Info] Epoch: 083, train loss: 0.4645. [Evaluation metric]	Mode:valid, roc_auc: 0.8598; loss: 0.6348; pr_auc: 0.8563; acc: 0.7839; f1: 0.7758; 
Thu 07 Mar 2024 16:25:29 INFO  [Train Info] Epoch: 084, train loss: 0.4575. [Evaluation metric]	Mode:valid, roc_auc: 0.8624; loss: 0.6332; pr_auc: 0.8576; acc: 0.7810; f1: 0.7669; 
Thu 07 Mar 2024 16:25:29 INFO  [Train Info] Epoch: 085, train loss: 0.4596. [Evaluation metric]	Mode:valid, roc_auc: 0.8619; loss: 0.6348; pr_auc: 0.8565; acc: 0.7901; f1: 0.7884; 
Thu 07 Mar 2024 16:25:29 INFO  [Train Info] Epoch: 086, train loss: 0.4556. [Evaluation metric]	Mode:valid, roc_auc: 0.8589; loss: 0.6362; pr_auc: 0.8548; acc: 0.7850; f1: 0.7867; 
Thu 07 Mar 2024 16:25:29 INFO  [Train Info] Epoch: 087, train loss: 0.4572. [Evaluation metric]	Mode:valid, roc_auc: 0.8608; loss: 0.6335; pr_auc: 0.8554; acc: 0.7859; f1: 0.7763; 
Thu 07 Mar 2024 16:25:29 INFO  [Train Info] Epoch: 088, train loss: 0.4552. [Evaluation metric]	Mode:valid, roc_auc: 0.8597; loss: 0.6328; pr_auc: 0.8507; acc: 0.7802; f1: 0.7669; 
Thu 07 Mar 2024 16:25:29 INFO  [Train Info] Epoch: 089, train loss: 0.4588. [Evaluation metric]	Mode:valid, roc_auc: 0.8542; loss: 0.6381; pr_auc: 0.8478; acc: 0.7834; f1: 0.7881; 
Thu 07 Mar 2024 16:25:30 INFO  [Train Info] Epoch: 090, train loss: 0.4610. [Evaluation metric]	Mode:valid, roc_auc: 0.8587; loss: 0.6352; pr_auc: 0.8511; acc: 0.7853; f1: 0.7789; 
Thu 07 Mar 2024 16:25:30 INFO  [Train Info] Epoch: 091, train loss: 0.4555. [Evaluation metric]	Mode:valid, roc_auc: 0.8608; loss: 0.6343; pr_auc: 0.8541; acc: 0.7759; f1: 0.7588; 
Thu 07 Mar 2024 16:25:30 INFO  [Train Info] Epoch: 092, train loss: 0.4608. [Evaluation metric]	Mode:valid, roc_auc: 0.8602; loss: 0.6350; pr_auc: 0.8527; acc: 0.7878; f1: 0.7847; 
Thu 07 Mar 2024 16:25:30 INFO  [Train Info] Epoch: 093, train loss: 0.4539. [Evaluation metric]	Mode:valid, roc_auc: 0.8624; loss: 0.6355; pr_auc: 0.8576; acc: 0.7914; f1: 0.7964; 
Thu 07 Mar 2024 16:25:30 INFO  [Train Info] Epoch: 094, train loss: 0.4609. [Evaluation metric]	Mode:valid, roc_auc: 0.8609; loss: 0.6329; pr_auc: 0.8545; acc: 0.7833; f1: 0.7710; 
Thu 07 Mar 2024 16:25:30 INFO  [Train Info] Epoch: 095, train loss: 0.4563. [Evaluation metric]	Mode:valid, roc_auc: 0.8622; loss: 0.6330; pr_auc: 0.8564; acc: 0.7876; f1: 0.7784; 
Thu 07 Mar 2024 16:25:30 INFO  [Train Info] Epoch: 096, train loss: 0.4538. [Evaluation metric]	Mode:valid, roc_auc: 0.8599; loss: 0.6355; pr_auc: 0.8550; acc: 0.7881; f1: 0.7880; 
Thu 07 Mar 2024 16:25:30 INFO  [Train Info] Epoch: 097, train loss: 0.4574. [Evaluation metric]	Mode:valid, roc_auc: 0.8615; loss: 0.6338; pr_auc: 0.8568; acc: 0.7844; f1: 0.7752; 
Thu 07 Mar 2024 16:25:30 INFO  [Train Info] Epoch: 098, train loss: 0.4552. [Evaluation metric]	Mode:valid, roc_auc: 0.8618; loss: 0.6345; pr_auc: 0.8563; acc: 0.7901; f1: 0.7887; 
Thu 07 Mar 2024 16:25:30 INFO  [Train Info] Epoch: 099, train loss: 0.4557. [Evaluation metric]	Mode:valid, roc_auc: 0.8594; loss: 0.6336; pr_auc: 0.8519; acc: 0.7861; f1: 0.7804; 
Thu 07 Mar 2024 16:25:30 INFO  [Train Info] Epoch: 100, train loss: 0.4547. [Evaluation metric]	Mode:valid, roc_auc: 0.8643; loss: 0.6318; pr_auc: 0.8588; acc: 0.7906; f1: 0.7822; 
Thu 07 Mar 2024 16:25:30 INFO  [Train Info] Epoch: 101, train loss: 0.4531. [Evaluation metric]	Mode:valid, roc_auc: 0.8639; loss: 0.6324; pr_auc: 0.8576; acc: 0.7901; f1: 0.7863; 
Thu 07 Mar 2024 16:25:31 INFO  [Train Info] Epoch: 102, train loss: 0.4535. [Evaluation metric]	Mode:valid, roc_auc: 0.8603; loss: 0.6330; pr_auc: 0.8520; acc: 0.7852; f1: 0.7770; 
Thu 07 Mar 2024 16:25:31 INFO  [Train Info] Epoch: 103, train loss: 0.4521. [Evaluation metric]	Mode:valid, roc_auc: 0.8614; loss: 0.6334; pr_auc: 0.8574; acc: 0.7853; f1: 0.7810; 
Thu 07 Mar 2024 16:25:31 INFO  [Train Info] Epoch: 104, train loss: 0.4526. [Evaluation metric]	Mode:valid, roc_auc: 0.8608; loss: 0.6340; pr_auc: 0.8542; acc: 0.7900; f1: 0.7897; 
Thu 07 Mar 2024 16:25:31 INFO  [Train Info] Epoch: 105, train loss: 0.4534. [Evaluation metric]	Mode:valid, roc_auc: 0.8624; loss: 0.6319; pr_auc: 0.8551; acc: 0.7816; f1: 0.7671; 
Thu 07 Mar 2024 16:25:31 INFO  [Train Info] Epoch: 106, train loss: 0.4538. [Evaluation metric]	Mode:valid, roc_auc: 0.8613; loss: 0.6344; pr_auc: 0.8557; acc: 0.7881; f1: 0.7901; 
Thu 07 Mar 2024 16:25:31 INFO  [Train Info] Epoch: 107, train loss: 0.4536. [Evaluation metric]	Mode:valid, roc_auc: 0.8600; loss: 0.6351; pr_auc: 0.8541; acc: 0.7862; f1: 0.7846; 
Thu 07 Mar 2024 16:25:31 INFO  [Train Info] Epoch: 108, train loss: 0.4527. [Evaluation metric]	Mode:valid, roc_auc: 0.8650; loss: 0.6323; pr_auc: 0.8591; acc: 0.7798; f1: 0.7630; 
Thu 07 Mar 2024 16:25:31 INFO  [Train Info] Epoch: 109, train loss: 0.4594. [Evaluation metric]	Mode:valid, roc_auc: 0.8577; loss: 0.6388; pr_auc: 0.8519; acc: 0.7833; f1: 0.7920; 
Thu 07 Mar 2024 16:25:31 INFO  [Train Info] Epoch: 110, train loss: 0.4578. [Evaluation metric]	Mode:valid, roc_auc: 0.8623; loss: 0.6343; pr_auc: 0.8547; acc: 0.7897; f1: 0.7856; 
Thu 07 Mar 2024 16:25:31 INFO  [Train Info] Epoch: 111, train loss: 0.4519. [Evaluation metric]	Mode:valid, roc_auc: 0.8622; loss: 0.6329; pr_auc: 0.8550; acc: 0.7827; f1: 0.7677; 
Thu 07 Mar 2024 16:25:31 INFO  [Train Info] Epoch: 112, train loss: 0.4581. [Evaluation metric]	Mode:valid, roc_auc: 0.8596; loss: 0.6374; pr_auc: 0.8538; acc: 0.7884; f1: 0.7965; 
Thu 07 Mar 2024 16:25:31 INFO  [Train Info] Epoch: 113, train loss: 0.4593. [Evaluation metric]	Mode:valid, roc_auc: 0.8633; loss: 0.6325; pr_auc: 0.8560; acc: 0.7871; f1: 0.7758; 
Thu 07 Mar 2024 16:25:31 INFO  [Train Info] Epoch: 114, train loss: 0.4528. [Evaluation metric]	Mode:valid, roc_auc: 0.8653; loss: 0.6319; pr_auc: 0.8608; acc: 0.7859; f1: 0.7746; 
Thu 07 Mar 2024 16:25:32 INFO  [Train Info] Epoch: 115, train loss: 0.4534. [Evaluation metric]	Mode:valid, roc_auc: 0.8590; loss: 0.6373; pr_auc: 0.8545; acc: 0.7850; f1: 0.7927; 
Thu 07 Mar 2024 16:25:32 INFO  [Train Info] Epoch: 116, train loss: 0.4579. [Evaluation metric]	Mode:valid, roc_auc: 0.8625; loss: 0.6335; pr_auc: 0.8579; acc: 0.7887; f1: 0.7828; 
Thu 07 Mar 2024 16:25:32 INFO  [Train Info] Epoch: 117, train loss: 0.4500. [Evaluation metric]	Mode:valid, roc_auc: 0.8644; loss: 0.6317; pr_auc: 0.8576; acc: 0.7816; f1: 0.7666; 
Thu 07 Mar 2024 16:25:32 INFO  [Train Info] Epoch: 118, train loss: 0.4549. [Evaluation metric]	Mode:valid, roc_auc: 0.8648; loss: 0.6345; pr_auc: 0.8589; acc: 0.7915; f1: 0.7980; 
Thu 07 Mar 2024 16:25:32 INFO  [Train Info] Epoch: 119, train loss: 0.4628. [Evaluation metric]	Mode:valid, roc_auc: 0.8652; loss: 0.6326; pr_auc: 0.8581; acc: 0.7839; f1: 0.7679; 
Thu 07 Mar 2024 16:25:32 INFO  [Train Info] Epoch: 120, train loss: 0.4567. [Evaluation metric]	Mode:valid, roc_auc: 0.8662; loss: 0.6336; pr_auc: 0.8616; acc: 0.7906; f1: 0.7854; 
Thu 07 Mar 2024 16:25:32 INFO  [Train Info] Epoch: 121, train loss: 0.4532. [Evaluation metric]	Mode:valid, roc_auc: 0.8607; loss: 0.6386; pr_auc: 0.8543; acc: 0.7863; f1: 0.7957; 
Thu 07 Mar 2024 16:25:32 INFO  [Train Info] Epoch: 122, train loss: 0.4592. [Evaluation metric]	Mode:valid, roc_auc: 0.8667; loss: 0.6318; pr_auc: 0.8608; acc: 0.7862; f1: 0.7717; 
Thu 07 Mar 2024 16:25:32 INFO  [Train Info] Epoch: 123, train loss: 0.4530. [Evaluation metric]	Mode:valid, roc_auc: 0.8626; loss: 0.6323; pr_auc: 0.8549; acc: 0.7821; f1: 0.7691; 
Thu 07 Mar 2024 16:25:32 INFO  [Train Info] Epoch: 124, train loss: 0.4514. [Evaluation metric]	Mode:valid, roc_auc: 0.8622; loss: 0.6356; pr_auc: 0.8570; acc: 0.7878; f1: 0.7957; 
Thu 07 Mar 2024 16:25:32 INFO  [Train Info] Epoch: 125, train loss: 0.4553. [Evaluation metric]	Mode:valid, roc_auc: 0.8655; loss: 0.6311; pr_auc: 0.8587; acc: 0.7879; f1: 0.7819; 
Thu 07 Mar 2024 16:25:32 INFO  [Train Info] Epoch: 126, train loss: 0.4488. [Evaluation metric]	Mode:valid, roc_auc: 0.8662; loss: 0.6308; pr_auc: 0.8604; acc: 0.7873; f1: 0.7741; 
Thu 07 Mar 2024 16:25:32 INFO  [Train Info] Epoch: 127, train loss: 0.4530. [Evaluation metric]	Mode:valid, roc_auc: 0.8604; loss: 0.6355; pr_auc: 0.8534; acc: 0.7919; f1: 0.7955; 
Thu 07 Mar 2024 16:25:33 INFO  [Train Info] Epoch: 128, train loss: 0.4507. [Evaluation metric]	Mode:valid, roc_auc: 0.8626; loss: 0.6339; pr_auc: 0.8538; acc: 0.7904; f1: 0.7878; 
Thu 07 Mar 2024 16:25:33 INFO  [Train Info] Epoch: 129, train loss: 0.4473. [Evaluation metric]	Mode:valid, roc_auc: 0.8658; loss: 0.6319; pr_auc: 0.8607; acc: 0.7901; f1: 0.7807; 
Thu 07 Mar 2024 16:25:33 INFO  [Train Info] Epoch: 130, train loss: 0.4498. [Evaluation metric]	Mode:valid, roc_auc: 0.8625; loss: 0.6331; pr_auc: 0.8564; acc: 0.7904; f1: 0.7902; 
Thu 07 Mar 2024 16:25:33 INFO  [Train Info] Epoch: 131, train loss: 0.4491. [Evaluation metric]	Mode:valid, roc_auc: 0.8603; loss: 0.6324; pr_auc: 0.8517; acc: 0.7900; f1: 0.7881; 
Thu 07 Mar 2024 16:25:33 INFO  [Train Info] Epoch: 132, train loss: 0.4494. [Evaluation metric]	Mode:valid, roc_auc: 0.8637; loss: 0.6299; pr_auc: 0.8561; acc: 0.7863; f1: 0.7761; 
Thu 07 Mar 2024 16:25:33 INFO  [Train Info] Epoch: 133, train loss: 0.4511. [Evaluation metric]	Mode:valid, roc_auc: 0.8615; loss: 0.6339; pr_auc: 0.8546; acc: 0.7906; f1: 0.7942; 
Thu 07 Mar 2024 16:25:33 INFO  [Train Info] Epoch: 134, train loss: 0.4515. [Evaluation metric]	Mode:valid, roc_auc: 0.8661; loss: 0.6316; pr_auc: 0.8607; acc: 0.7891; f1: 0.7790; 
Thu 07 Mar 2024 16:25:33 INFO  [Train Info] Epoch: 135, train loss: 0.4503. [Evaluation metric]	Mode:valid, roc_auc: 0.8655; loss: 0.6331; pr_auc: 0.8581; acc: 0.7917; f1: 0.7883; 
Thu 07 Mar 2024 16:25:33 INFO  [Train Info] Epoch: 136, train loss: 0.4500. [Evaluation metric]	Mode:valid, roc_auc: 0.8639; loss: 0.6332; pr_auc: 0.8572; acc: 0.7947; f1: 0.7946; 
Thu 07 Mar 2024 16:25:33 INFO  [Train Info] Epoch: 137, train loss: 0.4497. [Evaluation metric]	Mode:valid, roc_auc: 0.8615; loss: 0.6317; pr_auc: 0.8535; acc: 0.7867; f1: 0.7797; 
Thu 07 Mar 2024 16:25:33 INFO  [Train Info] Epoch: 138, train loss: 0.4488. [Evaluation metric]	Mode:valid, roc_auc: 0.8644; loss: 0.6301; pr_auc: 0.8581; acc: 0.7917; f1: 0.7875; 
Thu 07 Mar 2024 16:25:33 INFO  [Train Info] Epoch: 139, train loss: 0.4450. [Evaluation metric]	Mode:valid, roc_auc: 0.8646; loss: 0.6321; pr_auc: 0.8595; acc: 0.7926; f1: 0.7958; 
Thu 07 Mar 2024 16:25:33 INFO  [Train Info] Epoch: 140, train loss: 0.4504. [Evaluation metric]	Mode:valid, roc_auc: 0.8686; loss: 0.6304; pr_auc: 0.8612; acc: 0.7825; f1: 0.7632; 
Thu 07 Mar 2024 16:25:34 INFO  [Train Info] Epoch: 141, train loss: 0.4566. [Evaluation metric]	Mode:valid, roc_auc: 0.8628; loss: 0.6368; pr_auc: 0.8554; acc: 0.7944; f1: 0.7999; 
Thu 07 Mar 2024 16:25:34 INFO  [Train Info] Epoch: 142, train loss: 0.4529. [Evaluation metric]	Mode:valid, roc_auc: 0.8633; loss: 0.6359; pr_auc: 0.8572; acc: 0.7892; f1: 0.7858; 
Thu 07 Mar 2024 16:25:34 INFO  [Train Info] Epoch: 143, train loss: 0.4492. [Evaluation metric]	Mode:valid, roc_auc: 0.8661; loss: 0.6325; pr_auc: 0.8598; acc: 0.7875; f1: 0.7742; 
Thu 07 Mar 2024 16:25:34 INFO  [Train Info] Epoch: 144, train loss: 0.4513. [Evaluation metric]	Mode:valid, roc_auc: 0.8607; loss: 0.6336; pr_auc: 0.8535; acc: 0.7923; f1: 0.7956; 
Thu 07 Mar 2024 16:25:34 INFO  [Train Info] Epoch: 145, train loss: 0.4492. [Evaluation metric]	Mode:valid, roc_auc: 0.8656; loss: 0.6296; pr_auc: 0.8607; acc: 0.7901; f1: 0.7874; 
Thu 07 Mar 2024 16:25:34 INFO  [Train Info] Epoch: 146, train loss: 0.4487. [Evaluation metric]	Mode:valid, roc_auc: 0.8647; loss: 0.6295; pr_auc: 0.8564; acc: 0.7810; f1: 0.7654; 
Thu 07 Mar 2024 16:25:34 INFO  [Train Info] Epoch: 147, train loss: 0.4530. [Evaluation metric]	Mode:valid, roc_auc: 0.8624; loss: 0.6369; pr_auc: 0.8565; acc: 0.7842; f1: 0.7944; 
Thu 07 Mar 2024 16:25:34 INFO  [Train Info] Epoch: 148, train loss: 0.4588. [Evaluation metric]	Mode:valid, roc_auc: 0.8664; loss: 0.6345; pr_auc: 0.8603; acc: 0.7825; f1: 0.7658; 
Thu 07 Mar 2024 16:25:34 INFO  [Train Info] Epoch: 149, train loss: 0.4574. [Evaluation metric]	Mode:valid, roc_auc: 0.8656; loss: 0.6363; pr_auc: 0.8609; acc: 0.7911; f1: 0.7890; 
Thu 07 Mar 2024 16:25:34 INFO  [Train Info] Epoch: 150, train loss: 0.4487. [Evaluation metric]	Mode:valid, roc_auc: 0.8613; loss: 0.6385; pr_auc: 0.8547; acc: 0.7878; f1: 0.7967; 
Thu 07 Mar 2024 16:25:34 INFO  [Train Info] Epoch: 151, train loss: 0.4572. [Evaluation metric]	Mode:valid, roc_auc: 0.8673; loss: 0.6299; pr_auc: 0.8597; acc: 0.7816; f1: 0.7622; 
Thu 07 Mar 2024 16:25:34 INFO  [Train Info] Epoch: 152, train loss: 0.4569. [Evaluation metric]	Mode:valid, roc_auc: 0.8696; loss: 0.6294; pr_auc: 0.8645; acc: 0.7965; f1: 0.7956; 
Thu 07 Mar 2024 16:25:34 INFO  [Train Info] Epoch: 153, train loss: 0.4488. [Evaluation metric]	Mode:valid, roc_auc: 0.8631; loss: 0.6327; pr_auc: 0.8553; acc: 0.7934; f1: 0.7963; 
Thu 07 Mar 2024 16:25:35 INFO  [Train Info] Epoch: 154, train loss: 0.4469. [Evaluation metric]	Mode:valid, roc_auc: 0.8631; loss: 0.6322; pr_auc: 0.8557; acc: 0.7850; f1: 0.7732; 
Thu 07 Mar 2024 16:25:35 INFO  [Train Info] Epoch: 155, train loss: 0.4487. [Evaluation metric]	Mode:valid, roc_auc: 0.8659; loss: 0.6319; pr_auc: 0.8583; acc: 0.7915; f1: 0.7825; 
Thu 07 Mar 2024 16:25:35 INFO  [Train Info] Epoch: 156, train loss: 0.4491. [Evaluation metric]	Mode:valid, roc_auc: 0.8628; loss: 0.6356; pr_auc: 0.8552; acc: 0.7906; f1: 0.7972; 
Thu 07 Mar 2024 16:25:35 INFO  [Train Info] Epoch: 157, train loss: 0.4516. [Evaluation metric]	Mode:valid, roc_auc: 0.8633; loss: 0.6324; pr_auc: 0.8552; acc: 0.7893; f1: 0.7817; 
Thu 07 Mar 2024 16:25:35 INFO  [Train Info] Epoch: 158, train loss: 0.4470. [Evaluation metric]	Mode:valid, roc_auc: 0.8683; loss: 0.6295; pr_auc: 0.8625; acc: 0.7911; f1: 0.7810; 
Thu 07 Mar 2024 16:25:35 INFO  [Train Info] Epoch: 159, train loss: 0.4482. [Evaluation metric]	Mode:valid, roc_auc: 0.8652; loss: 0.6334; pr_auc: 0.8601; acc: 0.7919; f1: 0.7991; 
Thu 07 Mar 2024 16:25:35 INFO  [Train Info] Epoch: 160, train loss: 0.4512. [Evaluation metric]	Mode:valid, roc_auc: 0.8628; loss: 0.6318; pr_auc: 0.8566; acc: 0.7857; f1: 0.7744; 
Thu 07 Mar 2024 16:25:35 INFO  [Train Info] Epoch: 161, train loss: 0.4489. [Evaluation metric]	Mode:valid, roc_auc: 0.8681; loss: 0.6316; pr_auc: 0.8636; acc: 0.7934; f1: 0.7887; 
Thu 07 Mar 2024 16:25:35 INFO  [Train Info] Epoch: 162, train loss: 0.4469. [Evaluation metric]	Mode:valid, roc_auc: 0.8650; loss: 0.6353; pr_auc: 0.8600; acc: 0.7918; f1: 0.7973; 
Thu 07 Mar 2024 16:25:35 INFO  [Train Info] Epoch: 163, train loss: 0.4520. [Evaluation metric]	Mode:valid, roc_auc: 0.8681; loss: 0.6312; pr_auc: 0.8604; acc: 0.7809; f1: 0.7614; 
Thu 07 Mar 2024 16:25:35 INFO  [Train Info] Epoch: 164, train loss: 0.4592. [Evaluation metric]	Mode:valid, roc_auc: 0.8643; loss: 0.6367; pr_auc: 0.8594; acc: 0.7912; f1: 0.7997; 
Thu 07 Mar 2024 16:25:35 INFO  [Train Info] Epoch: 165, train loss: 0.4530. [Evaluation metric]	Mode:valid, roc_auc: 0.8664; loss: 0.6329; pr_auc: 0.8596; acc: 0.7927; f1: 0.7887; 
Thu 07 Mar 2024 16:25:35 INFO  [Train Info] Epoch: 166, train loss: 0.4434. [Evaluation metric]	Mode:valid, roc_auc: 0.8667; loss: 0.6305; pr_auc: 0.8590; acc: 0.7759; f1: 0.7543; 
Thu 07 Mar 2024 16:25:35 INFO  [Train Info] Epoch: 167, train loss: 0.4621. [Evaluation metric]	Mode:valid, roc_auc: 0.8624; loss: 0.6398; pr_auc: 0.8563; acc: 0.7847; f1: 0.7987; 
Thu 07 Mar 2024 16:25:36 INFO  [Train Info] Epoch: 168, train loss: 0.4746. [Evaluation metric]	Mode:valid, roc_auc: 0.8689; loss: 0.6359; pr_auc: 0.8630; acc: 0.7884; f1: 0.7751; 
Thu 07 Mar 2024 16:25:36 INFO  [Train Info] Epoch: 169, train loss: 0.4543. [Evaluation metric]	Mode:valid, roc_auc: 0.8684; loss: 0.6371; pr_auc: 0.8643; acc: 0.7816; f1: 0.7628; 
Thu 07 Mar 2024 16:25:36 INFO  [Train Info] Epoch: 170, train loss: 0.4569. [Evaluation metric]	Mode:valid, roc_auc: 0.8610; loss: 0.6391; pr_auc: 0.8544; acc: 0.7881; f1: 0.7953; 
Thu 07 Mar 2024 16:25:36 INFO  [Train Info] Epoch: 171, train loss: 0.4536. [Evaluation metric]	Mode:valid, roc_auc: 0.8619; loss: 0.6331; pr_auc: 0.8544; acc: 0.7919; f1: 0.7954; 
Thu 07 Mar 2024 16:25:36 INFO  [Train Info] Epoch: 172, train loss: 0.4505. [Evaluation metric]	Mode:valid, roc_auc: 0.8673; loss: 0.6267; pr_auc: 0.8596; acc: 0.7748; f1: 0.7505; 
Thu 07 Mar 2024 16:25:36 INFO  [Train Info] Epoch: 173, train loss: 0.4662. [Evaluation metric]	Mode:valid, roc_auc: 0.8629; loss: 0.6344; pr_auc: 0.8563; acc: 0.7924; f1: 0.7965; 
Thu 07 Mar 2024 16:25:36 INFO  [Train Info] Epoch: 174, train loss: 0.4493. [Evaluation metric]	Mode:valid, roc_auc: 0.8628; loss: 0.6378; pr_auc: 0.8528; acc: 0.7921; f1: 0.7960; 
Thu 07 Mar 2024 16:25:36 INFO  [Train Info] Epoch: 175, train loss: 0.4486. [Evaluation metric]	Mode:valid, roc_auc: 0.8657; loss: 0.6361; pr_auc: 0.8605; acc: 0.7852; f1: 0.7734; 
Thu 07 Mar 2024 16:25:36 INFO  [Train Info] Epoch: 176, train loss: 0.4534. [Evaluation metric]	Mode:valid, roc_auc: 0.8691; loss: 0.6319; pr_auc: 0.8628; acc: 0.7949; f1: 0.7895; 
Thu 07 Mar 2024 16:25:36 INFO  [Train Info] Epoch: 177, train loss: 0.4449. [Evaluation metric]	Mode:valid, roc_auc: 0.8644; loss: 0.6320; pr_auc: 0.8580; acc: 0.7919; f1: 0.7979; 
Thu 07 Mar 2024 16:25:36 INFO  [Train Info] Epoch: 178, train loss: 0.4550. [Evaluation metric]	Mode:valid, roc_auc: 0.8689; loss: 0.6264; pr_auc: 0.8631; acc: 0.7841; f1: 0.7689; 
Thu 07 Mar 2024 16:25:36 INFO  [Train Info] Epoch: 179, train loss: 0.4522. [Evaluation metric]	Mode:valid, roc_auc: 0.8714; loss: 0.6285; pr_auc: 0.8662; acc: 0.7968; f1: 0.7917; 
Thu 07 Mar 2024 16:25:36 INFO  [Train Info] Epoch: 180, train loss: 0.4434. [Evaluation metric]	Mode:valid, roc_auc: 0.8638; loss: 0.6364; pr_auc: 0.8556; acc: 0.7910; f1: 0.7979; 
Thu 07 Mar 2024 16:25:36 INFO  [Train Info] Epoch: 181, train loss: 0.4507. [Evaluation metric]	Mode:valid, roc_auc: 0.8699; loss: 0.6338; pr_auc: 0.8647; acc: 0.7968; f1: 0.7911; 
Thu 07 Mar 2024 16:25:37 INFO  [Train Info] Epoch: 182, train loss: 0.4458. [Evaluation metric]	Mode:valid, roc_auc: 0.8672; loss: 0.6326; pr_auc: 0.8605; acc: 0.7889; f1: 0.7793; 
Thu 07 Mar 2024 16:25:37 INFO  [Train Info] Epoch: 183, train loss: 0.4484. [Evaluation metric]	Mode:valid, roc_auc: 0.8636; loss: 0.6325; pr_auc: 0.8570; acc: 0.7920; f1: 0.7961; 
Thu 07 Mar 2024 16:25:37 INFO  [Train Info] Epoch: 184, train loss: 0.4470. [Evaluation metric]	Mode:valid, roc_auc: 0.8642; loss: 0.6285; pr_auc: 0.8569; acc: 0.7900; f1: 0.7877; 
Thu 07 Mar 2024 16:25:37 INFO  [Train Info] Epoch: 185, train loss: 0.4454. [Evaluation metric]	Mode:valid, roc_auc: 0.8666; loss: 0.6271; pr_auc: 0.8577; acc: 0.7833; f1: 0.7674; 
Thu 07 Mar 2024 16:25:37 INFO  [Train Info] Epoch: 186, train loss: 0.4532. [Evaluation metric]	Mode:valid, roc_auc: 0.8646; loss: 0.6346; pr_auc: 0.8587; acc: 0.7916; f1: 0.7971; 
Thu 07 Mar 2024 16:25:37 INFO  [Train Info] Epoch: 187, train loss: 0.4512. [Evaluation metric]	Mode:valid, roc_auc: 0.8669; loss: 0.6354; pr_auc: 0.8592; acc: 0.7933; f1: 0.7939; 
Thu 07 Mar 2024 16:25:37 INFO  [Train Info] Epoch: 188, train loss: 0.4469. [Evaluation metric]	Mode:valid, roc_auc: 0.8690; loss: 0.6342; pr_auc: 0.8597; acc: 0.7903; f1: 0.7774; 
Thu 07 Mar 2024 16:25:37 INFO  [Train Info] Epoch: 189, train loss: 0.4511. [Evaluation metric]	Mode:valid, roc_auc: 0.8682; loss: 0.6325; pr_auc: 0.8607; acc: 0.7941; f1: 0.7897; 
Thu 07 Mar 2024 16:25:37 INFO  [Train Info] Epoch: 190, train loss: 0.4437. [Evaluation metric]	Mode:valid, roc_auc: 0.8662; loss: 0.6316; pr_auc: 0.8610; acc: 0.7906; f1: 0.7954; 
Thu 07 Mar 2024 16:25:37 INFO  [Train Info] Epoch: 191, train loss: 0.4439. [Evaluation metric]	Mode:valid, roc_auc: 0.8680; loss: 0.6265; pr_auc: 0.8615; acc: 0.7944; f1: 0.7903; 
Thu 07 Mar 2024 16:25:37 INFO  [Train Info] Epoch: 192, train loss: 0.4453. [Evaluation metric]	Mode:valid, roc_auc: 0.8685; loss: 0.6264; pr_auc: 0.8601; acc: 0.7836; f1: 0.7646; 
Thu 07 Mar 2024 16:25:37 INFO  [Train Info] Epoch: 193, train loss: 0.4545. [Evaluation metric]	Mode:valid, roc_auc: 0.8612; loss: 0.6398; pr_auc: 0.8565; acc: 0.7800; f1: 0.7942; 
Thu 07 Mar 2024 16:25:37 INFO  [Train Info] Epoch: 194, train loss: 0.4582. [Evaluation metric]	Mode:valid, roc_auc: 0.8672; loss: 0.6368; pr_auc: 0.8601; acc: 0.7939; f1: 0.7901; 
Thu 07 Mar 2024 16:25:37 INFO  [Train Info] Epoch: 195, train loss: 0.4472. [Evaluation metric]	Mode:valid, roc_auc: 0.8712; loss: 0.6352; pr_auc: 0.8664; acc: 0.7885; f1: 0.7748; 
Thu 07 Mar 2024 16:25:38 INFO  [Train Info] Epoch: 196, train loss: 0.4549. [Evaluation metric]	Mode:valid, roc_auc: 0.8691; loss: 0.6352; pr_auc: 0.8634; acc: 0.7968; f1: 0.8022; 
Thu 07 Mar 2024 16:25:38 INFO  [Train Info] Epoch: 197, train loss: 0.4526. [Evaluation metric]	Mode:valid, roc_auc: 0.8688; loss: 0.6289; pr_auc: 0.8622; acc: 0.7927; f1: 0.7869; 
Thu 07 Mar 2024 16:25:38 INFO  [Train Info] Epoch: 198, train loss: 0.4427. [Evaluation metric]	Mode:valid, roc_auc: 0.8669; loss: 0.6267; pr_auc: 0.8619; acc: 0.7869; f1: 0.7755; 
Thu 07 Mar 2024 16:25:38 INFO  [Train Info] Epoch: 199, train loss: 0.4464. [Evaluation metric]	Mode:valid, roc_auc: 0.8656; loss: 0.6293; pr_auc: 0.8584; acc: 0.7931; f1: 0.7945; 
Thu 07 Mar 2024 16:25:38 INFO  [Train Info] [Evaluation metric]	Mode:test, roc_auc: 0.8695; loss: 0.6257; pr_auc: 0.8619; acc: 0.7863; f1: 0.7687; 
