Thu 07 Mar 2024 22:12:08 INFO  [Config Info]	Model: RGCN,	Task: link_prediction,	Dataset: NDFRT_DDA
Thu 07 Mar 2024 22:12:09 INFO  [Init Task] The task: link prediction, the dataset: NDFRT_DDA, the evaluation metric is roc_auc, the score function: distmult 
Thu 07 Mar 2024 22:12:10 INFO  [Feature Transformation] Assign embedding as features, because hg.ndata is empty.
Thu 07 Mar 2024 22:12:12 INFO  [Train Info] Epoch: 000, train loss: 0.6931. [Evaluation metric]	Mode:valid, roc_auc: 0.6602; loss: 0.7241; pr_auc: 0.5864; acc: 0.4972; f1: 0.0240; 
Thu 07 Mar 2024 22:12:12 INFO  [Train Info] Epoch: 001, train loss: 0.6931. [Evaluation metric]	Mode:valid, roc_auc: 0.7540; loss: 0.7241; pr_auc: 0.6819; acc: 0.5377; f1: 0.6831; 
Thu 07 Mar 2024 22:12:12 INFO  [Train Info] Epoch: 002, train loss: 0.6931. [Evaluation metric]	Mode:valid, roc_auc: 0.7721; loss: 0.7241; pr_auc: 0.7065; acc: 0.5037; f1: 0.6682; 
Thu 07 Mar 2024 22:12:12 INFO  [Train Info] Epoch: 003, train loss: 0.6931. [Evaluation metric]	Mode:valid, roc_auc: 0.7670; loss: 0.7241; pr_auc: 0.7161; acc: 0.5088; f1: 0.6704; 
Thu 07 Mar 2024 22:12:12 INFO  [Train Info] Epoch: 004, train loss: 0.6931. [Evaluation metric]	Mode:valid, roc_auc: 0.7540; loss: 0.7241; pr_auc: 0.6947; acc: 0.5542; f1: 0.6901; 
Thu 07 Mar 2024 22:12:12 INFO  [Train Info] Epoch: 005, train loss: 0.6930. [Evaluation metric]	Mode:valid, roc_auc: 0.7434; loss: 0.7240; pr_auc: 0.6799; acc: 0.6361; f1: 0.7229; 
Thu 07 Mar 2024 22:12:12 INFO  [Train Info] Epoch: 006, train loss: 0.6925. [Evaluation metric]	Mode:valid, roc_auc: 0.7304; loss: 0.7235; pr_auc: 0.6703; acc: 0.6720; f1: 0.6961; 
Thu 07 Mar 2024 22:12:12 INFO  [Train Info] Epoch: 007, train loss: 0.6910. [Evaluation metric]	Mode:valid, roc_auc: 0.7205; loss: 0.7221; pr_auc: 0.6526; acc: 0.6085; f1: 0.5024; 
Thu 07 Mar 2024 22:12:12 INFO  [Train Info] Epoch: 008, train loss: 0.6875. [Evaluation metric]	Mode:valid, roc_auc: 0.7227; loss: 0.7183; pr_auc: 0.6474; acc: 0.5155; f1: 0.1596; 
Thu 07 Mar 2024 22:12:12 INFO  [Train Info] Epoch: 009, train loss: 0.6782. [Evaluation metric]	Mode:valid, roc_auc: 0.7110; loss: 0.7092; pr_auc: 0.6274; acc: 0.4961; f1: 0.0339; 
Thu 07 Mar 2024 22:12:12 INFO  [Train Info] Epoch: 010, train loss: 0.6588. [Evaluation metric]	Mode:valid, roc_auc: 0.7227; loss: 0.6932; pr_auc: 0.6420; acc: 0.5062; f1: 0.0885; 
Thu 07 Mar 2024 22:12:12 INFO  [Train Info] Epoch: 011, train loss: 0.6392. [Evaluation metric]	Mode:valid, roc_auc: 0.7445; loss: 0.6830; pr_auc: 0.6894; acc: 0.6345; f1: 0.5588; 
Thu 07 Mar 2024 22:12:13 INFO  [Train Info] Epoch: 012, train loss: 0.6175. [Evaluation metric]	Mode:valid, roc_auc: 0.7547; loss: 0.6828; pr_auc: 0.7143; acc: 0.6929; f1: 0.7247; 
Thu 07 Mar 2024 22:12:13 INFO  [Train Info] Epoch: 013, train loss: 0.5870. [Evaluation metric]	Mode:valid, roc_auc: 0.7463; loss: 0.6867; pr_auc: 0.7042; acc: 0.6812; f1: 0.7381; 
Thu 07 Mar 2024 22:12:13 INFO  [Train Info] Epoch: 014, train loss: 0.5922. [Evaluation metric]	Mode:valid, roc_auc: 0.7581; loss: 0.6787; pr_auc: 0.7147; acc: 0.6893; f1: 0.7350; 
Thu 07 Mar 2024 22:12:13 INFO  [Train Info] Epoch: 015, train loss: 0.5729. [Evaluation metric]	Mode:valid, roc_auc: 0.7795; loss: 0.6683; pr_auc: 0.7451; acc: 0.7102; f1: 0.7300; 
Thu 07 Mar 2024 22:12:13 INFO  [Train Info] Epoch: 016, train loss: 0.5542. [Evaluation metric]	Mode:valid, roc_auc: 0.7815; loss: 0.6667; pr_auc: 0.7416; acc: 0.7000; f1: 0.6997; 
Thu 07 Mar 2024 22:12:13 INFO  [Train Info] Epoch: 017, train loss: 0.5571. [Evaluation metric]	Mode:valid, roc_auc: 0.7884; loss: 0.6678; pr_auc: 0.7475; acc: 0.7062; f1: 0.7045; 
Thu 07 Mar 2024 22:12:13 INFO  [Train Info] Epoch: 018, train loss: 0.5506. [Evaluation metric]	Mode:valid, roc_auc: 0.7966; loss: 0.6675; pr_auc: 0.7537; acc: 0.7137; f1: 0.7199; 
Thu 07 Mar 2024 22:12:13 INFO  [Train Info] Epoch: 019, train loss: 0.5400. [Evaluation metric]	Mode:valid, roc_auc: 0.7950; loss: 0.6685; pr_auc: 0.7586; acc: 0.7154; f1: 0.7342; 
Thu 07 Mar 2024 22:12:13 INFO  [Train Info] Epoch: 020, train loss: 0.5294. [Evaluation metric]	Mode:valid, roc_auc: 0.7975; loss: 0.6635; pr_auc: 0.7634; acc: 0.7172; f1: 0.7374; 
Thu 07 Mar 2024 22:12:13 INFO  [Train Info] Epoch: 021, train loss: 0.5223. [Evaluation metric]	Mode:valid, roc_auc: 0.7949; loss: 0.6590; pr_auc: 0.7601; acc: 0.7152; f1: 0.7315; 
Thu 07 Mar 2024 22:12:13 INFO  [Train Info] Epoch: 022, train loss: 0.5219. [Evaluation metric]	Mode:valid, roc_auc: 0.8068; loss: 0.6516; pr_auc: 0.7736; acc: 0.7143; f1: 0.7136; 
Thu 07 Mar 2024 22:12:13 INFO  [Train Info] Epoch: 023, train loss: 0.5122. [Evaluation metric]	Mode:valid, roc_auc: 0.8089; loss: 0.6523; pr_auc: 0.7767; acc: 0.7101; f1: 0.6980; 
Thu 07 Mar 2024 22:12:13 INFO  [Train Info] Epoch: 024, train loss: 0.5086. [Evaluation metric]	Mode:valid, roc_auc: 0.8085; loss: 0.6565; pr_auc: 0.7723; acc: 0.7169; f1: 0.7145; 
Thu 07 Mar 2024 22:12:13 INFO  [Train Info] Epoch: 025, train loss: 0.5011. [Evaluation metric]	Mode:valid, roc_auc: 0.8040; loss: 0.6620; pr_auc: 0.7691; acc: 0.7191; f1: 0.7287; 
Thu 07 Mar 2024 22:12:13 INFO  [Train Info] Epoch: 026, train loss: 0.5022. [Evaluation metric]	Mode:valid, roc_auc: 0.8111; loss: 0.6599; pr_auc: 0.7801; acc: 0.7221; f1: 0.7325; 
Thu 07 Mar 2024 22:12:13 INFO  [Train Info] Epoch: 027, train loss: 0.5009. [Evaluation metric]	Mode:valid, roc_auc: 0.8106; loss: 0.6556; pr_auc: 0.7769; acc: 0.7217; f1: 0.7258; 
Thu 07 Mar 2024 22:12:13 INFO  [Train Info] Epoch: 028, train loss: 0.4918. [Evaluation metric]	Mode:valid, roc_auc: 0.8111; loss: 0.6505; pr_auc: 0.7777; acc: 0.7129; f1: 0.7027; 
Thu 07 Mar 2024 22:12:13 INFO  [Train Info] Epoch: 029, train loss: 0.4909. [Evaluation metric]	Mode:valid, roc_auc: 0.8165; loss: 0.6474; pr_auc: 0.7836; acc: 0.7210; f1: 0.7139; 
Thu 07 Mar 2024 22:12:13 INFO  [Train Info] Epoch: 030, train loss: 0.4898. [Evaluation metric]	Mode:valid, roc_auc: 0.8090; loss: 0.6508; pr_auc: 0.7787; acc: 0.7172; f1: 0.7196; 
Thu 07 Mar 2024 22:12:14 INFO  [Train Info] Epoch: 031, train loss: 0.4879. [Evaluation metric]	Mode:valid, roc_auc: 0.8075; loss: 0.6544; pr_auc: 0.7730; acc: 0.7171; f1: 0.7205; 
Thu 07 Mar 2024 22:12:14 INFO  [Train Info] Epoch: 032, train loss: 0.4819. [Evaluation metric]	Mode:valid, roc_auc: 0.8118; loss: 0.6557; pr_auc: 0.7757; acc: 0.7204; f1: 0.7189; 
Thu 07 Mar 2024 22:12:14 INFO  [Train Info] Epoch: 033, train loss: 0.4802. [Evaluation metric]	Mode:valid, roc_auc: 0.8238; loss: 0.6523; pr_auc: 0.7946; acc: 0.7285; f1: 0.7257; 
Thu 07 Mar 2024 22:12:14 INFO  [Train Info] Epoch: 034, train loss: 0.4797. [Evaluation metric]	Mode:valid, roc_auc: 0.8204; loss: 0.6507; pr_auc: 0.7907; acc: 0.7265; f1: 0.7264; 
Thu 07 Mar 2024 22:12:14 INFO  [Train Info] Epoch: 035, train loss: 0.4735. [Evaluation metric]	Mode:valid, roc_auc: 0.8196; loss: 0.6477; pr_auc: 0.7954; acc: 0.7180; f1: 0.7146; 
Thu 07 Mar 2024 22:12:14 INFO  [Train Info] Epoch: 036, train loss: 0.4722. [Evaluation metric]	Mode:valid, roc_auc: 0.8129; loss: 0.6481; pr_auc: 0.7862; acc: 0.7154; f1: 0.7102; 
Thu 07 Mar 2024 22:12:14 INFO  [Train Info] Epoch: 037, train loss: 0.4720. [Evaluation metric]	Mode:valid, roc_auc: 0.8203; loss: 0.6460; pr_auc: 0.7959; acc: 0.7180; f1: 0.7141; 
Thu 07 Mar 2024 22:12:14 INFO  [Train Info] Epoch: 038, train loss: 0.4718. [Evaluation metric]	Mode:valid, roc_auc: 0.8205; loss: 0.6486; pr_auc: 0.7951; acc: 0.7202; f1: 0.7195; 
Thu 07 Mar 2024 22:12:14 INFO  [Train Info] Epoch: 039, train loss: 0.4701. [Evaluation metric]	Mode:valid, roc_auc: 0.8205; loss: 0.6502; pr_auc: 0.7933; acc: 0.7224; f1: 0.7217; 
Thu 07 Mar 2024 22:12:14 INFO  [Train Info] Epoch: 040, train loss: 0.4679. [Evaluation metric]	Mode:valid, roc_auc: 0.8174; loss: 0.6513; pr_auc: 0.7894; acc: 0.7210; f1: 0.7217; 
Thu 07 Mar 2024 22:12:14 INFO  [Train Info] Epoch: 041, train loss: 0.4672. [Evaluation metric]	Mode:valid, roc_auc: 0.8163; loss: 0.6493; pr_auc: 0.7844; acc: 0.7214; f1: 0.7259; 
Thu 07 Mar 2024 22:12:14 INFO  [Train Info] Epoch: 042, train loss: 0.4646. [Evaluation metric]	Mode:valid, roc_auc: 0.8220; loss: 0.6462; pr_auc: 0.7963; acc: 0.7285; f1: 0.7337; 
Thu 07 Mar 2024 22:12:14 INFO  [Train Info] Epoch: 043, train loss: 0.4639. [Evaluation metric]	Mode:valid, roc_auc: 0.8196; loss: 0.6464; pr_auc: 0.7913; acc: 0.7278; f1: 0.7383; 
Thu 07 Mar 2024 22:12:14 INFO  [Train Info] Epoch: 044, train loss: 0.4627. [Evaluation metric]	Mode:valid, roc_auc: 0.8208; loss: 0.6473; pr_auc: 0.7940; acc: 0.7234; f1: 0.7351; 
Thu 07 Mar 2024 22:12:14 INFO  [Train Info] Epoch: 045, train loss: 0.4618. [Evaluation metric]	Mode:valid, roc_auc: 0.8243; loss: 0.6475; pr_auc: 0.7969; acc: 0.7266; f1: 0.7475; 
Thu 07 Mar 2024 22:12:14 INFO  [Train Info] Epoch: 046, train loss: 0.4651. [Evaluation metric]	Mode:valid, roc_auc: 0.8251; loss: 0.6488; pr_auc: 0.8000; acc: 0.7208; f1: 0.7383; 
Thu 07 Mar 2024 22:12:14 INFO  [Train Info] Epoch: 047, train loss: 0.4628. [Evaluation metric]	Mode:valid, roc_auc: 0.8236; loss: 0.6490; pr_auc: 0.7964; acc: 0.7213; f1: 0.7474; 
Thu 07 Mar 2024 22:12:14 INFO  [Train Info] Epoch: 048, train loss: 0.4627. [Evaluation metric]	Mode:valid, roc_auc: 0.8248; loss: 0.6474; pr_auc: 0.7978; acc: 0.7211; f1: 0.7423; 
Thu 07 Mar 2024 22:12:14 INFO  [Train Info] Epoch: 049, train loss: 0.4595. [Evaluation metric]	Mode:valid, roc_auc: 0.8226; loss: 0.6471; pr_auc: 0.7985; acc: 0.7202; f1: 0.7423; 
Thu 07 Mar 2024 22:12:14 INFO  [Train Info] Epoch: 050, train loss: 0.4578. [Evaluation metric]	Mode:valid, roc_auc: 0.8239; loss: 0.6455; pr_auc: 0.7957; acc: 0.7220; f1: 0.7432; 
Thu 07 Mar 2024 22:12:15 INFO  [Train Info] Epoch: 051, train loss: 0.4593. [Evaluation metric]	Mode:valid, roc_auc: 0.8213; loss: 0.6468; pr_auc: 0.7919; acc: 0.7211; f1: 0.7384; 
Thu 07 Mar 2024 22:12:15 INFO  [Train Info] Epoch: 052, train loss: 0.4577. [Evaluation metric]	Mode:valid, roc_auc: 0.8240; loss: 0.6470; pr_auc: 0.7963; acc: 0.7277; f1: 0.7568; 
Thu 07 Mar 2024 22:12:15 INFO  [Train Info] Epoch: 053, train loss: 0.4621. [Evaluation metric]	Mode:valid, roc_auc: 0.8213; loss: 0.6490; pr_auc: 0.7979; acc: 0.7235; f1: 0.7500; 
Thu 07 Mar 2024 22:12:15 INFO  [Train Info] Epoch: 054, train loss: 0.4600. [Evaluation metric]	Mode:valid, roc_auc: 0.8253; loss: 0.6479; pr_auc: 0.8036; acc: 0.7220; f1: 0.7391; 
Thu 07 Mar 2024 22:12:15 INFO  [Train Info] Epoch: 055, train loss: 0.4659. [Evaluation metric]	Mode:valid, roc_auc: 0.8236; loss: 0.6474; pr_auc: 0.8002; acc: 0.7265; f1: 0.7570; 
Thu 07 Mar 2024 22:12:15 INFO  [Train Info] Epoch: 056, train loss: 0.4615. [Evaluation metric]	Mode:valid, roc_auc: 0.8261; loss: 0.6449; pr_auc: 0.8013; acc: 0.7288; f1: 0.7552; 
Thu 07 Mar 2024 22:12:15 INFO  [Train Info] Epoch: 057, train loss: 0.4577. [Evaluation metric]	Mode:valid, roc_auc: 0.8166; loss: 0.6486; pr_auc: 0.7888; acc: 0.7136; f1: 0.7268; 
Thu 07 Mar 2024 22:12:15 INFO  [Train Info] Epoch: 058, train loss: 0.4695. [Evaluation metric]	Mode:valid, roc_auc: 0.8246; loss: 0.6468; pr_auc: 0.7991; acc: 0.7279; f1: 0.7522; 
Thu 07 Mar 2024 22:12:15 INFO  [Train Info] Epoch: 059, train loss: 0.4558. [Evaluation metric]	Mode:valid, roc_auc: 0.8174; loss: 0.6491; pr_auc: 0.7857; acc: 0.7227; f1: 0.7558; 
Thu 07 Mar 2024 22:12:15 INFO  [Train Info] Epoch: 060, train loss: 0.4617. [Evaluation metric]	Mode:valid, roc_auc: 0.8196; loss: 0.6486; pr_auc: 0.7945; acc: 0.7233; f1: 0.7511; 
Thu 07 Mar 2024 22:12:15 INFO  [Train Info] Epoch: 061, train loss: 0.4570. [Evaluation metric]	Mode:valid, roc_auc: 0.8230; loss: 0.6475; pr_auc: 0.8002; acc: 0.7185; f1: 0.7345; 
Thu 07 Mar 2024 22:12:15 INFO  [Train Info] Epoch: 062, train loss: 0.4632. [Evaluation metric]	Mode:valid, roc_auc: 0.8250; loss: 0.6459; pr_auc: 0.8019; acc: 0.7229; f1: 0.7428; 
Thu 07 Mar 2024 22:12:15 INFO  [Train Info] Epoch: 063, train loss: 0.4585. [Evaluation metric]	Mode:valid, roc_auc: 0.8188; loss: 0.6471; pr_auc: 0.7951; acc: 0.7200; f1: 0.7505; 
Thu 07 Mar 2024 22:12:15 INFO  [Train Info] Epoch: 064, train loss: 0.4586. [Evaluation metric]	Mode:valid, roc_auc: 0.8170; loss: 0.6476; pr_auc: 0.7854; acc: 0.7209; f1: 0.7511; 
Thu 07 Mar 2024 22:12:15 INFO  [Train Info] Epoch: 065, train loss: 0.4590. [Evaluation metric]	Mode:valid, roc_auc: 0.8236; loss: 0.6463; pr_auc: 0.7989; acc: 0.7236; f1: 0.7447; 
Thu 07 Mar 2024 22:12:15 INFO  [Train Info] Epoch: 066, train loss: 0.4549. [Evaluation metric]	Mode:valid, roc_auc: 0.8242; loss: 0.6469; pr_auc: 0.7991; acc: 0.7264; f1: 0.7482; 
Thu 07 Mar 2024 22:12:15 INFO  [Train Info] Epoch: 067, train loss: 0.4552. [Evaluation metric]	Mode:valid, roc_auc: 0.8208; loss: 0.6478; pr_auc: 0.7976; acc: 0.7238; f1: 0.7534; 
Thu 07 Mar 2024 22:12:15 INFO  [Train Info] Epoch: 068, train loss: 0.4529. [Evaluation metric]	Mode:valid, roc_auc: 0.8227; loss: 0.6464; pr_auc: 0.7963; acc: 0.7247; f1: 0.7542; 
Thu 07 Mar 2024 22:12:15 INFO  [Train Info] Epoch: 069, train loss: 0.4535. [Evaluation metric]	Mode:valid, roc_auc: 0.8231; loss: 0.6461; pr_auc: 0.7988; acc: 0.7223; f1: 0.7472; 
Thu 07 Mar 2024 22:12:15 INFO  [Train Info] Epoch: 070, train loss: 0.4536. [Evaluation metric]	Mode:valid, roc_auc: 0.8222; loss: 0.6461; pr_auc: 0.7965; acc: 0.7236; f1: 0.7449; 
Thu 07 Mar 2024 22:12:16 INFO  [Train Info] Epoch: 071, train loss: 0.4535. [Evaluation metric]	Mode:valid, roc_auc: 0.8216; loss: 0.6463; pr_auc: 0.7982; acc: 0.7202; f1: 0.7459; 
Thu 07 Mar 2024 22:12:16 INFO  [Train Info] Epoch: 072, train loss: 0.4506. [Evaluation metric]	Mode:valid, roc_auc: 0.8218; loss: 0.6461; pr_auc: 0.7923; acc: 0.7226; f1: 0.7530; 
Thu 07 Mar 2024 22:12:16 INFO  [Train Info] Epoch: 073, train loss: 0.4521. [Evaluation metric]	Mode:valid, roc_auc: 0.8324; loss: 0.6439; pr_auc: 0.8058; acc: 0.7316; f1: 0.7576; 
Thu 07 Mar 2024 22:12:16 INFO  [Train Info] Epoch: 074, train loss: 0.4524. [Evaluation metric]	Mode:valid, roc_auc: 0.8236; loss: 0.6477; pr_auc: 0.7937; acc: 0.7249; f1: 0.7475; 
Thu 07 Mar 2024 22:12:16 INFO  [Train Info] Epoch: 075, train loss: 0.4543. [Evaluation metric]	Mode:valid, roc_auc: 0.8162; loss: 0.6482; pr_auc: 0.7857; acc: 0.7178; f1: 0.7452; 
Thu 07 Mar 2024 22:12:16 INFO  [Train Info] Epoch: 076, train loss: 0.4514. [Evaluation metric]	Mode:valid, roc_auc: 0.8223; loss: 0.6465; pr_auc: 0.8001; acc: 0.7233; f1: 0.7515; 
Thu 07 Mar 2024 22:12:16 INFO  [Train Info] Epoch: 077, train loss: 0.4541. [Evaluation metric]	Mode:valid, roc_auc: 0.8308; loss: 0.6434; pr_auc: 0.8063; acc: 0.7277; f1: 0.7504; 
Thu 07 Mar 2024 22:12:16 INFO  [Train Info] Epoch: 078, train loss: 0.4489. [Evaluation metric]	Mode:valid, roc_auc: 0.8253; loss: 0.6457; pr_auc: 0.7966; acc: 0.7242; f1: 0.7472; 
Thu 07 Mar 2024 22:12:16 INFO  [Train Info] Epoch: 079, train loss: 0.4485. [Evaluation metric]	Mode:valid, roc_auc: 0.8235; loss: 0.6477; pr_auc: 0.7982; acc: 0.7260; f1: 0.7547; 
Thu 07 Mar 2024 22:12:16 INFO  [Train Info] Epoch: 080, train loss: 0.4502. [Evaluation metric]	Mode:valid, roc_auc: 0.8257; loss: 0.6470; pr_auc: 0.8005; acc: 0.7270; f1: 0.7528; 
Thu 07 Mar 2024 22:12:16 INFO  [Train Info] Epoch: 081, train loss: 0.4477. [Evaluation metric]	Mode:valid, roc_auc: 0.8258; loss: 0.6466; pr_auc: 0.7980; acc: 0.7240; f1: 0.7484; 
Thu 07 Mar 2024 22:12:16 INFO  [Train Info] Epoch: 082, train loss: 0.4516. [Evaluation metric]	Mode:valid, roc_auc: 0.8287; loss: 0.6452; pr_auc: 0.8038; acc: 0.7294; f1: 0.7553; 
Thu 07 Mar 2024 22:12:16 INFO  [Train Info] Epoch: 083, train loss: 0.4462. [Evaluation metric]	Mode:valid, roc_auc: 0.8276; loss: 0.6447; pr_auc: 0.7985; acc: 0.7272; f1: 0.7542; 
Thu 07 Mar 2024 22:12:16 INFO  [Train Info] Epoch: 084, train loss: 0.4477. [Evaluation metric]	Mode:valid, roc_auc: 0.8274; loss: 0.6450; pr_auc: 0.7994; acc: 0.7254; f1: 0.7508; 
Thu 07 Mar 2024 22:12:16 INFO  [Train Info] Epoch: 085, train loss: 0.4457. [Evaluation metric]	Mode:valid, roc_auc: 0.8271; loss: 0.6458; pr_auc: 0.8025; acc: 0.7264; f1: 0.7521; 
Thu 07 Mar 2024 22:12:16 INFO  [Train Info] Epoch: 086, train loss: 0.4460. [Evaluation metric]	Mode:valid, roc_auc: 0.8273; loss: 0.6447; pr_auc: 0.8011; acc: 0.7308; f1: 0.7588; 
Thu 07 Mar 2024 22:12:16 INFO  [Train Info] Epoch: 087, train loss: 0.4464. [Evaluation metric]	Mode:valid, roc_auc: 0.8295; loss: 0.6445; pr_auc: 0.8002; acc: 0.7327; f1: 0.7586; 
Thu 07 Mar 2024 22:12:16 INFO  [Train Info] Epoch: 088, train loss: 0.4475. [Evaluation metric]	Mode:valid, roc_auc: 0.8282; loss: 0.6448; pr_auc: 0.8015; acc: 0.7294; f1: 0.7543; 
Thu 07 Mar 2024 22:12:16 INFO  [Train Info] Epoch: 089, train loss: 0.4453. [Evaluation metric]	Mode:valid, roc_auc: 0.8320; loss: 0.6440; pr_auc: 0.8053; acc: 0.7360; f1: 0.7638; 
Thu 07 Mar 2024 22:12:16 INFO  [Train Info] Epoch: 090, train loss: 0.4477. [Evaluation metric]	Mode:valid, roc_auc: 0.8275; loss: 0.6443; pr_auc: 0.8023; acc: 0.7285; f1: 0.7551; 
Thu 07 Mar 2024 22:12:17 INFO  [Train Info] Epoch: 091, train loss: 0.4442. [Evaluation metric]	Mode:valid, roc_auc: 0.8346; loss: 0.6423; pr_auc: 0.8051; acc: 0.7377; f1: 0.7595; 
Thu 07 Mar 2024 22:12:17 INFO  [Train Info] Epoch: 092, train loss: 0.4441. [Evaluation metric]	Mode:valid, roc_auc: 0.8285; loss: 0.6450; pr_auc: 0.8032; acc: 0.7334; f1: 0.7636; 
Thu 07 Mar 2024 22:12:17 INFO  [Train Info] Epoch: 093, train loss: 0.4453. [Evaluation metric]	Mode:valid, roc_auc: 0.8202; loss: 0.6473; pr_auc: 0.7916; acc: 0.7237; f1: 0.7493; 
Thu 07 Mar 2024 22:12:17 INFO  [Train Info] Epoch: 094, train loss: 0.4457. [Evaluation metric]	Mode:valid, roc_auc: 0.8336; loss: 0.6441; pr_auc: 0.8035; acc: 0.7399; f1: 0.7685; 
Thu 07 Mar 2024 22:12:17 INFO  [Train Info] Epoch: 095, train loss: 0.4440. [Evaluation metric]	Mode:valid, roc_auc: 0.8357; loss: 0.6431; pr_auc: 0.8101; acc: 0.7427; f1: 0.7697; 
Thu 07 Mar 2024 22:12:17 INFO  [Train Info] Epoch: 096, train loss: 0.4448. [Evaluation metric]	Mode:valid, roc_auc: 0.8320; loss: 0.6434; pr_auc: 0.8055; acc: 0.7407; f1: 0.7625; 
Thu 07 Mar 2024 22:12:17 INFO  [Train Info] Epoch: 097, train loss: 0.4444. [Evaluation metric]	Mode:valid, roc_auc: 0.8314; loss: 0.6452; pr_auc: 0.8094; acc: 0.7410; f1: 0.7723; 
Thu 07 Mar 2024 22:12:17 INFO  [Train Info] Epoch: 098, train loss: 0.4466. [Evaluation metric]	Mode:valid, roc_auc: 0.8306; loss: 0.6446; pr_auc: 0.8090; acc: 0.7375; f1: 0.7637; 
Thu 07 Mar 2024 22:12:17 INFO  [Train Info] Epoch: 099, train loss: 0.4426. [Evaluation metric]	Mode:valid, roc_auc: 0.8302; loss: 0.6444; pr_auc: 0.8062; acc: 0.7374; f1: 0.7594; 
Thu 07 Mar 2024 22:12:17 INFO  [Train Info] Epoch: 100, train loss: 0.4432. [Evaluation metric]	Mode:valid, roc_auc: 0.8323; loss: 0.6446; pr_auc: 0.8037; acc: 0.7439; f1: 0.7754; 
Thu 07 Mar 2024 22:12:17 INFO  [Train Info] Epoch: 101, train loss: 0.4416. [Evaluation metric]	Mode:valid, roc_auc: 0.8273; loss: 0.6463; pr_auc: 0.8015; acc: 0.7389; f1: 0.7680; 
Thu 07 Mar 2024 22:12:17 INFO  [Train Info] Epoch: 102, train loss: 0.4435. [Evaluation metric]	Mode:valid, roc_auc: 0.8285; loss: 0.6455; pr_auc: 0.8048; acc: 0.7377; f1: 0.7618; 
Thu 07 Mar 2024 22:12:17 INFO  [Train Info] Epoch: 103, train loss: 0.4424. [Evaluation metric]	Mode:valid, roc_auc: 0.8297; loss: 0.6467; pr_auc: 0.7960; acc: 0.7456; f1: 0.7808; 
Thu 07 Mar 2024 22:12:17 INFO  [Train Info] Epoch: 104, train loss: 0.4480. [Evaluation metric]	Mode:valid, roc_auc: 0.8322; loss: 0.6433; pr_auc: 0.7987; acc: 0.7523; f1: 0.7788; 
Thu 07 Mar 2024 22:12:17 INFO  [Train Info] Epoch: 105, train loss: 0.4398. [Evaluation metric]	Mode:valid, roc_auc: 0.8222; loss: 0.6449; pr_auc: 0.7955; acc: 0.7376; f1: 0.7587; 
Thu 07 Mar 2024 22:12:17 INFO  [Train Info] Epoch: 106, train loss: 0.4472. [Evaluation metric]	Mode:valid, roc_auc: 0.8312; loss: 0.6464; pr_auc: 0.8034; acc: 0.7452; f1: 0.7815; 
Thu 07 Mar 2024 22:12:17 INFO  [Train Info] Epoch: 107, train loss: 0.4507. [Evaluation metric]	Mode:valid, roc_auc: 0.8285; loss: 0.6472; pr_auc: 0.8054; acc: 0.7435; f1: 0.7753; 
Thu 07 Mar 2024 22:12:17 INFO  [Train Info] Epoch: 108, train loss: 0.4413. [Evaluation metric]	Mode:valid, roc_auc: 0.8226; loss: 0.6456; pr_auc: 0.7984; acc: 0.7382; f1: 0.7578; 
Thu 07 Mar 2024 22:12:17 INFO  [Train Info] Epoch: 109, train loss: 0.4485. [Evaluation metric]	Mode:valid, roc_auc: 0.8328; loss: 0.6460; pr_auc: 0.8116; acc: 0.7469; f1: 0.7780; 
Thu 07 Mar 2024 22:12:17 INFO  [Train Info] Epoch: 110, train loss: 0.4409. [Evaluation metric]	Mode:valid, roc_auc: 0.8287; loss: 0.6465; pr_auc: 0.8000; acc: 0.7462; f1: 0.7810; 
Thu 07 Mar 2024 22:12:18 INFO  [Train Info] Epoch: 111, train loss: 0.4451. [Evaluation metric]	Mode:valid, roc_auc: 0.8333; loss: 0.6424; pr_auc: 0.8086; acc: 0.7433; f1: 0.7668; 
Thu 07 Mar 2024 22:12:18 INFO  [Train Info] Epoch: 112, train loss: 0.4396. [Evaluation metric]	Mode:valid, roc_auc: 0.8262; loss: 0.6442; pr_auc: 0.7979; acc: 0.7408; f1: 0.7636; 
Thu 07 Mar 2024 22:12:18 INFO  [Train Info] Epoch: 113, train loss: 0.4430. [Evaluation metric]	Mode:valid, roc_auc: 0.8336; loss: 0.6454; pr_auc: 0.8081; acc: 0.7518; f1: 0.7842; 
Thu 07 Mar 2024 22:12:18 INFO  [Train Info] Epoch: 114, train loss: 0.4370. [Evaluation metric]	Mode:valid, roc_auc: 0.8325; loss: 0.6452; pr_auc: 0.8069; acc: 0.7502; f1: 0.7841; 
Thu 07 Mar 2024 22:12:18 INFO  [Train Info] Epoch: 115, train loss: 0.4419. [Evaluation metric]	Mode:valid, roc_auc: 0.8323; loss: 0.6430; pr_auc: 0.8080; acc: 0.7488; f1: 0.7750; 
Thu 07 Mar 2024 22:12:18 INFO  [Train Info] Epoch: 116, train loss: 0.4371. [Evaluation metric]	Mode:valid, roc_auc: 0.8283; loss: 0.6435; pr_auc: 0.8024; acc: 0.7430; f1: 0.7663; 
Thu 07 Mar 2024 22:12:18 INFO  [Train Info] Epoch: 117, train loss: 0.4431. [Evaluation metric]	Mode:valid, roc_auc: 0.8295; loss: 0.6471; pr_auc: 0.8056; acc: 0.7454; f1: 0.7783; 
Thu 07 Mar 2024 22:12:18 INFO  [Train Info] Epoch: 118, train loss: 0.4375. [Evaluation metric]	Mode:valid, roc_auc: 0.8395; loss: 0.6443; pr_auc: 0.8155; acc: 0.7505; f1: 0.7838; 
Thu 07 Mar 2024 22:12:18 INFO  [Train Info] Epoch: 119, train loss: 0.4376. [Evaluation metric]	Mode:valid, roc_auc: 0.8329; loss: 0.6424; pr_auc: 0.8058; acc: 0.7494; f1: 0.7745; 
Thu 07 Mar 2024 22:12:18 INFO  [Train Info] Epoch: 120, train loss: 0.4371. [Evaluation metric]	Mode:valid, roc_auc: 0.8305; loss: 0.6430; pr_auc: 0.8049; acc: 0.7410; f1: 0.7657; 
Thu 07 Mar 2024 22:12:18 INFO  [Train Info] Epoch: 121, train loss: 0.4371. [Evaluation metric]	Mode:valid, roc_auc: 0.8375; loss: 0.6428; pr_auc: 0.8060; acc: 0.7541; f1: 0.7844; 
Thu 07 Mar 2024 22:12:18 INFO  [Train Info] Epoch: 122, train loss: 0.4387. [Evaluation metric]	Mode:valid, roc_auc: 0.8329; loss: 0.6449; pr_auc: 0.8026; acc: 0.7508; f1: 0.7809; 
Thu 07 Mar 2024 22:12:18 INFO  [Train Info] Epoch: 123, train loss: 0.4340. [Evaluation metric]	Mode:valid, roc_auc: 0.8286; loss: 0.6446; pr_auc: 0.8032; acc: 0.7457; f1: 0.7697; 
Thu 07 Mar 2024 22:12:18 INFO  [Train Info] Epoch: 124, train loss: 0.4394. [Evaluation metric]	Mode:valid, roc_auc: 0.8351; loss: 0.6436; pr_auc: 0.8081; acc: 0.7519; f1: 0.7831; 
Thu 07 Mar 2024 22:12:18 INFO  [Train Info] Epoch: 125, train loss: 0.4355. [Evaluation metric]	Mode:valid, roc_auc: 0.8404; loss: 0.6414; pr_auc: 0.8152; acc: 0.7584; f1: 0.7869; 
Thu 07 Mar 2024 22:12:18 INFO  [Train Info] Epoch: 126, train loss: 0.4346. [Evaluation metric]	Mode:valid, roc_auc: 0.8362; loss: 0.6407; pr_auc: 0.8098; acc: 0.7499; f1: 0.7702; 
Thu 07 Mar 2024 22:12:18 INFO  [Train Info] Epoch: 127, train loss: 0.4373. [Evaluation metric]	Mode:valid, roc_auc: 0.8336; loss: 0.6433; pr_auc: 0.8083; acc: 0.7508; f1: 0.7792; 
Thu 07 Mar 2024 22:12:18 INFO  [Train Info] Epoch: 128, train loss: 0.4346. [Evaluation metric]	Mode:valid, roc_auc: 0.8388; loss: 0.6436; pr_auc: 0.8119; acc: 0.7531; f1: 0.7842; 
Thu 07 Mar 2024 22:12:18 INFO  [Train Info] Epoch: 129, train loss: 0.4329. [Evaluation metric]	Mode:valid, roc_auc: 0.8430; loss: 0.6407; pr_auc: 0.8175; acc: 0.7595; f1: 0.7846; 
Thu 07 Mar 2024 22:12:19 INFO  [Train Info] Epoch: 130, train loss: 0.4304. [Evaluation metric]	Mode:valid, roc_auc: 0.8340; loss: 0.6424; pr_auc: 0.8037; acc: 0.7523; f1: 0.7775; 
Thu 07 Mar 2024 22:12:19 INFO  [Train Info] Epoch: 131, train loss: 0.4366. [Evaluation metric]	Mode:valid, roc_auc: 0.8389; loss: 0.6424; pr_auc: 0.8113; acc: 0.7524; f1: 0.7840; 
Thu 07 Mar 2024 22:12:19 INFO  [Train Info] Epoch: 132, train loss: 0.4329. [Evaluation metric]	Mode:valid, roc_auc: 0.8421; loss: 0.6417; pr_auc: 0.8180; acc: 0.7570; f1: 0.7856; 
Thu 07 Mar 2024 22:12:19 INFO  [Train Info] Epoch: 133, train loss: 0.4305. [Evaluation metric]	Mode:valid, roc_auc: 0.8366; loss: 0.6422; pr_auc: 0.8105; acc: 0.7555; f1: 0.7808; 
Thu 07 Mar 2024 22:12:19 INFO  [Train Info] Epoch: 134, train loss: 0.4303. [Evaluation metric]	Mode:valid, roc_auc: 0.8408; loss: 0.6407; pr_auc: 0.8117; acc: 0.7600; f1: 0.7875; 
Thu 07 Mar 2024 22:12:19 INFO  [Train Info] Epoch: 135, train loss: 0.4295. [Evaluation metric]	Mode:valid, roc_auc: 0.8477; loss: 0.6393; pr_auc: 0.8165; acc: 0.7650; f1: 0.7920; 
Thu 07 Mar 2024 22:12:19 INFO  [Train Info] Epoch: 136, train loss: 0.4282. [Evaluation metric]	Mode:valid, roc_auc: 0.8471; loss: 0.6376; pr_auc: 0.8173; acc: 0.7658; f1: 0.7894; 
Thu 07 Mar 2024 22:12:19 INFO  [Train Info] Epoch: 137, train loss: 0.4257. [Evaluation metric]	Mode:valid, roc_auc: 0.8473; loss: 0.6395; pr_auc: 0.8165; acc: 0.7608; f1: 0.7870; 
Thu 07 Mar 2024 22:12:19 INFO  [Train Info] Epoch: 138, train loss: 0.4273. [Evaluation metric]	Mode:valid, roc_auc: 0.8490; loss: 0.6403; pr_auc: 0.8167; acc: 0.7641; f1: 0.7923; 
Thu 07 Mar 2024 22:12:19 INFO  [Train Info] Epoch: 139, train loss: 0.4290. [Evaluation metric]	Mode:valid, roc_auc: 0.8454; loss: 0.6410; pr_auc: 0.8167; acc: 0.7631; f1: 0.7910; 
Thu 07 Mar 2024 22:12:19 INFO  [Train Info] Epoch: 140, train loss: 0.4270. [Evaluation metric]	Mode:valid, roc_auc: 0.8403; loss: 0.6400; pr_auc: 0.8126; acc: 0.7580; f1: 0.7810; 
Thu 07 Mar 2024 22:12:19 INFO  [Train Info] Epoch: 141, train loss: 0.4291. [Evaluation metric]	Mode:valid, roc_auc: 0.8433; loss: 0.6410; pr_auc: 0.8154; acc: 0.7609; f1: 0.7894; 
Thu 07 Mar 2024 22:12:19 INFO  [Train Info] Epoch: 142, train loss: 0.4256. [Evaluation metric]	Mode:valid, roc_auc: 0.8499; loss: 0.6387; pr_auc: 0.8203; acc: 0.7664; f1: 0.7936; 
Thu 07 Mar 2024 22:12:19 INFO  [Train Info] Epoch: 143, train loss: 0.4259. [Evaluation metric]	Mode:valid, roc_auc: 0.8431; loss: 0.6389; pr_auc: 0.8161; acc: 0.7597; f1: 0.7797; 
Thu 07 Mar 2024 22:12:19 INFO  [Train Info] Epoch: 144, train loss: 0.4278. [Evaluation metric]	Mode:valid, roc_auc: 0.8493; loss: 0.6402; pr_auc: 0.8239; acc: 0.7615; f1: 0.7875; 
Thu 07 Mar 2024 22:12:19 INFO  [Train Info] Epoch: 145, train loss: 0.4223. [Evaluation metric]	Mode:valid, roc_auc: 0.8530; loss: 0.6387; pr_auc: 0.8260; acc: 0.7647; f1: 0.7935; 
Thu 07 Mar 2024 22:12:19 INFO  [Train Info] Epoch: 146, train loss: 0.4248. [Evaluation metric]	Mode:valid, roc_auc: 0.8491; loss: 0.6375; pr_auc: 0.8213; acc: 0.7644; f1: 0.7872; 
Thu 07 Mar 2024 22:12:19 INFO  [Train Info] Epoch: 147, train loss: 0.4195. [Evaluation metric]	Mode:valid, roc_auc: 0.8512; loss: 0.6361; pr_auc: 0.8232; acc: 0.7659; f1: 0.7870; 
Thu 07 Mar 2024 22:12:20 INFO  [Train Info] Epoch: 148, train loss: 0.4180. [Evaluation metric]	Mode:valid, roc_auc: 0.8581; loss: 0.6365; pr_auc: 0.8331; acc: 0.7708; f1: 0.7949; 
Thu 07 Mar 2024 22:12:20 INFO  [Train Info] Epoch: 149, train loss: 0.4157. [Evaluation metric]	Mode:valid, roc_auc: 0.8594; loss: 0.6351; pr_auc: 0.8339; acc: 0.7735; f1: 0.7976; 
Thu 07 Mar 2024 22:12:20 INFO  [Train Info] Epoch: 150, train loss: 0.4107. [Evaluation metric]	Mode:valid, roc_auc: 0.8588; loss: 0.6324; pr_auc: 0.8315; acc: 0.7728; f1: 0.7902; 
Thu 07 Mar 2024 22:12:20 INFO  [Train Info] Epoch: 151, train loss: 0.4102. [Evaluation metric]	Mode:valid, roc_auc: 0.8628; loss: 0.6328; pr_auc: 0.8407; acc: 0.7753; f1: 0.7987; 
Thu 07 Mar 2024 22:12:20 INFO  [Train Info] Epoch: 152, train loss: 0.4081. [Evaluation metric]	Mode:valid, roc_auc: 0.8601; loss: 0.6336; pr_auc: 0.8330; acc: 0.7761; f1: 0.7925; 
Thu 07 Mar 2024 22:12:20 INFO  [Train Info] Epoch: 153, train loss: 0.4080. [Evaluation metric]	Mode:valid, roc_auc: 0.8627; loss: 0.6302; pr_auc: 0.8350; acc: 0.7781; f1: 0.7959; 
Thu 07 Mar 2024 22:12:20 INFO  [Train Info] Epoch: 154, train loss: 0.3996. [Evaluation metric]	Mode:valid, roc_auc: 0.8693; loss: 0.6293; pr_auc: 0.8465; acc: 0.7815; f1: 0.7977; 
Thu 07 Mar 2024 22:12:20 INFO  [Train Info] Epoch: 155, train loss: 0.3928. [Evaluation metric]	Mode:valid, roc_auc: 0.8690; loss: 0.6297; pr_auc: 0.8458; acc: 0.7830; f1: 0.7972; 
Thu 07 Mar 2024 22:12:20 INFO  [Train Info] Epoch: 156, train loss: 0.3893. [Evaluation metric]	Mode:valid, roc_auc: 0.8786; loss: 0.6241; pr_auc: 0.8572; acc: 0.7899; f1: 0.8036; 
Thu 07 Mar 2024 22:12:20 INFO  [Train Info] Epoch: 157, train loss: 0.3843. [Evaluation metric]	Mode:valid, roc_auc: 0.8724; loss: 0.6227; pr_auc: 0.8494; acc: 0.7766; f1: 0.7791; 
Thu 07 Mar 2024 22:12:20 INFO  [Train Info] Epoch: 158, train loss: 0.3879. [Evaluation metric]	Mode:valid, roc_auc: 0.8490; loss: 0.6448; pr_auc: 0.8196; acc: 0.7447; f1: 0.7808; 
Thu 07 Mar 2024 22:12:20 INFO  [Train Info] Epoch: 159, train loss: 0.5149. [Evaluation metric]	Mode:valid, roc_auc: 0.8701; loss: 0.6264; pr_auc: 0.8526; acc: 0.7692; f1: 0.7698; 
Thu 07 Mar 2024 22:12:20 INFO  [Train Info] Epoch: 160, train loss: 0.3939. [Evaluation metric]	Mode:valid, roc_auc: 0.8533; loss: 0.6291; pr_auc: 0.8317; acc: 0.7094; f1: 0.6555; 
Thu 07 Mar 2024 22:12:20 INFO  [Train Info] Epoch: 161, train loss: 0.4586. [Evaluation metric]	Mode:valid, roc_auc: 0.8515; loss: 0.6374; pr_auc: 0.8273; acc: 0.7568; f1: 0.7724; 
Thu 07 Mar 2024 22:12:20 INFO  [Train Info] Epoch: 162, train loss: 0.4448. [Evaluation metric]	Mode:valid, roc_auc: 0.8701; loss: 0.6396; pr_auc: 0.8504; acc: 0.7739; f1: 0.7909; 
Thu 07 Mar 2024 22:12:20 INFO  [Train Info] Epoch: 163, train loss: 0.4019. [Evaluation metric]	Mode:valid, roc_auc: 0.8641; loss: 0.6444; pr_auc: 0.8406; acc: 0.7698; f1: 0.7803; 
Thu 07 Mar 2024 22:12:20 INFO  [Train Info] Epoch: 164, train loss: 0.4227. [Evaluation metric]	Mode:valid, roc_auc: 0.8570; loss: 0.6419; pr_auc: 0.8287; acc: 0.7661; f1: 0.7708; 
Thu 07 Mar 2024 22:12:20 INFO  [Train Info] Epoch: 165, train loss: 0.4303. [Evaluation metric]	Mode:valid, roc_auc: 0.8748; loss: 0.6323; pr_auc: 0.8558; acc: 0.7771; f1: 0.7853; 
Thu 07 Mar 2024 22:12:21 INFO  [Train Info] Epoch: 166, train loss: 0.3908. [Evaluation metric]	Mode:valid, roc_auc: 0.8730; loss: 0.6254; pr_auc: 0.8521; acc: 0.7771; f1: 0.7896; 
Thu 07 Mar 2024 22:12:21 INFO  [Train Info] Epoch: 167, train loss: 0.3870. [Evaluation metric]	Mode:valid, roc_auc: 0.8695; loss: 0.6236; pr_auc: 0.8424; acc: 0.7770; f1: 0.7883; 
Thu 07 Mar 2024 22:12:21 INFO  [Train Info] Epoch: 168, train loss: 0.4026. [Evaluation metric]	Mode:valid, roc_auc: 0.8762; loss: 0.6210; pr_auc: 0.8529; acc: 0.7846; f1: 0.7926; 
Thu 07 Mar 2024 22:12:21 INFO  [Train Info] Epoch: 169, train loss: 0.3710. [Evaluation metric]	Mode:valid, roc_auc: 0.8779; loss: 0.6221; pr_auc: 0.8499; acc: 0.7832; f1: 0.7892; 
Thu 07 Mar 2024 22:12:21 INFO  [Train Info] Epoch: 170, train loss: 0.3617. [Evaluation metric]	Mode:valid, roc_auc: 0.8713; loss: 0.6254; pr_auc: 0.8419; acc: 0.7807; f1: 0.7846; 
Thu 07 Mar 2024 22:12:21 INFO  [Train Info] Epoch: 171, train loss: 0.3769. [Evaluation metric]	Mode:valid, roc_auc: 0.8723; loss: 0.6249; pr_auc: 0.8405; acc: 0.7825; f1: 0.7888; 
Thu 07 Mar 2024 22:12:21 INFO  [Train Info] Epoch: 172, train loss: 0.3804. [Evaluation metric]	Mode:valid, roc_auc: 0.8769; loss: 0.6222; pr_auc: 0.8509; acc: 0.7840; f1: 0.7924; 
Thu 07 Mar 2024 22:12:21 INFO  [Train Info] Epoch: 173, train loss: 0.3679. [Evaluation metric]	Mode:valid, roc_auc: 0.8815; loss: 0.6171; pr_auc: 0.8538; acc: 0.7912; f1: 0.7962; 
Thu 07 Mar 2024 22:12:21 INFO  [Train Info] Epoch: 174, train loss: 0.3588. [Evaluation metric]	Mode:valid, roc_auc: 0.8769; loss: 0.6168; pr_auc: 0.8499; acc: 0.7863; f1: 0.7906; 
Thu 07 Mar 2024 22:12:21 INFO  [Train Info] Epoch: 175, train loss: 0.3642. [Evaluation metric]	Mode:valid, roc_auc: 0.8848; loss: 0.6152; pr_auc: 0.8665; acc: 0.7931; f1: 0.8010; 
Thu 07 Mar 2024 22:12:21 INFO  [Train Info] Epoch: 176, train loss: 0.3626. [Evaluation metric]	Mode:valid, roc_auc: 0.8850; loss: 0.6173; pr_auc: 0.8635; acc: 0.7899; f1: 0.8002; 
Thu 07 Mar 2024 22:12:21 INFO  [Train Info] Epoch: 177, train loss: 0.3582. [Evaluation metric]	Mode:valid, roc_auc: 0.8844; loss: 0.6196; pr_auc: 0.8649; acc: 0.7871; f1: 0.7958; 
Thu 07 Mar 2024 22:12:21 INFO  [Train Info] Epoch: 178, train loss: 0.3541. [Evaluation metric]	Mode:valid, roc_auc: 0.8868; loss: 0.6203; pr_auc: 0.8721; acc: 0.7875; f1: 0.7929; 
Thu 07 Mar 2024 22:12:21 INFO  [Train Info] Epoch: 179, train loss: 0.3533. [Evaluation metric]	Mode:valid, roc_auc: 0.8835; loss: 0.6217; pr_auc: 0.8643; acc: 0.7883; f1: 0.7939; 
Thu 07 Mar 2024 22:12:21 INFO  [Train Info] Epoch: 180, train loss: 0.3488. [Evaluation metric]	Mode:valid, roc_auc: 0.8864; loss: 0.6197; pr_auc: 0.8686; acc: 0.7900; f1: 0.7968; 
Thu 07 Mar 2024 22:12:21 INFO  [Train Info] Epoch: 181, train loss: 0.3514. [Evaluation metric]	Mode:valid, roc_auc: 0.8891; loss: 0.6168; pr_auc: 0.8725; acc: 0.7915; f1: 0.7988; 
Thu 07 Mar 2024 22:12:21 INFO  [Train Info] Epoch: 182, train loss: 0.3481. [Evaluation metric]	Mode:valid, roc_auc: 0.8913; loss: 0.6149; pr_auc: 0.8747; acc: 0.7968; f1: 0.8041; 
Thu 07 Mar 2024 22:12:21 INFO  [Train Info] Epoch: 183, train loss: 0.3501. [Evaluation metric]	Mode:valid, roc_auc: 0.8897; loss: 0.6152; pr_auc: 0.8748; acc: 0.7963; f1: 0.8028; 
Thu 07 Mar 2024 22:12:21 INFO  [Train Info] Epoch: 184, train loss: 0.3417. [Evaluation metric]	Mode:valid, roc_auc: 0.8893; loss: 0.6148; pr_auc: 0.8719; acc: 0.7932; f1: 0.7987; 
Thu 07 Mar 2024 22:12:22 INFO  [Train Info] Epoch: 185, train loss: 0.3414. [Evaluation metric]	Mode:valid, roc_auc: 0.8899; loss: 0.6151; pr_auc: 0.8740; acc: 0.7934; f1: 0.7999; 
Thu 07 Mar 2024 22:12:22 INFO  [Train Info] Epoch: 186, train loss: 0.3428. [Evaluation metric]	Mode:valid, roc_auc: 0.8906; loss: 0.6156; pr_auc: 0.8776; acc: 0.7945; f1: 0.8022; 
Thu 07 Mar 2024 22:12:22 INFO  [Train Info] Epoch: 187, train loss: 0.3428. [Evaluation metric]	Mode:valid, roc_auc: 0.8933; loss: 0.6138; pr_auc: 0.8777; acc: 0.7972; f1: 0.8043; 
Thu 07 Mar 2024 22:12:22 INFO  [Train Info] Epoch: 188, train loss: 0.3405. [Evaluation metric]	Mode:valid, roc_auc: 0.8894; loss: 0.6144; pr_auc: 0.8709; acc: 0.7950; f1: 0.8012; 
Thu 07 Mar 2024 22:12:22 INFO  [Train Info] Epoch: 189, train loss: 0.3384. [Evaluation metric]	Mode:valid, roc_auc: 0.8918; loss: 0.6131; pr_auc: 0.8736; acc: 0.7941; f1: 0.7987; 
Thu 07 Mar 2024 22:12:22 INFO  [Train Info] Epoch: 190, train loss: 0.3402. [Evaluation metric]	Mode:valid, roc_auc: 0.8952; loss: 0.6123; pr_auc: 0.8797; acc: 0.7968; f1: 0.8035; 
Thu 07 Mar 2024 22:12:22 INFO  [Train Info] Epoch: 191, train loss: 0.3367. [Evaluation metric]	Mode:valid, roc_auc: 0.8946; loss: 0.6128; pr_auc: 0.8796; acc: 0.7947; f1: 0.8019; 
Thu 07 Mar 2024 22:12:22 INFO  [Train Info] Epoch: 192, train loss: 0.3365. [Evaluation metric]	Mode:valid, roc_auc: 0.8954; loss: 0.6129; pr_auc: 0.8830; acc: 0.7923; f1: 0.7988; 
Thu 07 Mar 2024 22:12:22 INFO  [Train Info] Epoch: 193, train loss: 0.3349. [Evaluation metric]	Mode:valid, roc_auc: 0.8986; loss: 0.6113; pr_auc: 0.8867; acc: 0.7936; f1: 0.7972; 
Thu 07 Mar 2024 22:12:22 INFO  [Train Info] Epoch: 194, train loss: 0.3354. [Evaluation metric]	Mode:valid, roc_auc: 0.8992; loss: 0.6115; pr_auc: 0.8875; acc: 0.7950; f1: 0.8016; 
Thu 07 Mar 2024 22:12:22 INFO  [Train Info] Epoch: 195, train loss: 0.3333. [Evaluation metric]	Mode:valid, roc_auc: 0.8956; loss: 0.6128; pr_auc: 0.8826; acc: 0.7944; f1: 0.8011; 
Thu 07 Mar 2024 22:12:22 INFO  [Train Info] Epoch: 196, train loss: 0.3341. [Evaluation metric]	Mode:valid, roc_auc: 0.8961; loss: 0.6117; pr_auc: 0.8827; acc: 0.7927; f1: 0.7953; 
Thu 07 Mar 2024 22:12:22 INFO  [Train Info] Epoch: 197, train loss: 0.3331. [Evaluation metric]	Mode:valid, roc_auc: 0.8943; loss: 0.6128; pr_auc: 0.8818; acc: 0.7923; f1: 0.7948; 
Thu 07 Mar 2024 22:12:22 INFO  [Train Info] Epoch: 198, train loss: 0.3309. [Evaluation metric]	Mode:valid, roc_auc: 0.8949; loss: 0.6133; pr_auc: 0.8800; acc: 0.7954; f1: 0.8018; 
Thu 07 Mar 2024 22:12:22 INFO  [Train Info] Epoch: 199, train loss: 0.3336. [Evaluation metric]	Mode:valid, roc_auc: 0.8947; loss: 0.6137; pr_auc: 0.8795; acc: 0.7940; f1: 0.8003; 
Thu 07 Mar 2024 22:12:22 INFO  [Train Info] [Evaluation metric]	Mode:test, roc_auc: 0.8933; loss: 0.6133; pr_auc: 0.8766; acc: 0.7913; f1: 0.7957; 
